Feb13-05:51:24
----------------------------------------------------------------------------------------------------
[pubmed]   seed=42
----------------------------------------------------------------------------------------------------
lr=0.001 unweighted_MSE=True diffusion_steps=80 schedule=True weight_decay=0.0005 cat=False skip=False
nhid=256 layers=2 linears=2
----------------------------------------------------------------------------------------------------
001 | 2.33s | train acc: 3.221e-01 | val acc: 1.835e-01 | val graph: 1.200e-01 | test node: 1.639e-01 | test graph: 8.900e-02
201 | 0.70s | train acc: 8.151e-01 | val acc: 7.847e-01 | val graph: 5.460e-01 | test node: 7.702e-01 | test graph: 5.190e-01
401 | 0.73s | train acc: 8.151e-01 | val acc: 7.869e-01 | val graph: 5.600e-01 | test node: 7.697e-01 | test graph: 5.170e-01
601 | 0.70s | train acc: 8.403e-01 | val acc: 8.158e-01 | val graph: 5.800e-01 | test node: 7.981e-01 | test graph: 5.400e-01
801 | 0.70s | train acc: 8.179e-01 | val acc: 7.836e-01 | val graph: 5.520e-01 | test node: 7.585e-01 | test graph: 5.070e-01
1001 | 0.70s | train acc: 8.431e-01 | val acc: 8.080e-01 | val graph: 5.820e-01 | test node: 7.859e-01 | test graph: 5.290e-01
1201 | 0.70s | train acc: 8.459e-01 | val acc: 8.098e-01 | val graph: 5.800e-01 | test node: 7.899e-01 | test graph: 5.330e-01
1401 | 0.70s | train acc: 9.076e-01 | val acc: 8.039e-01 | val graph: 5.840e-01 | test node: 7.699e-01 | test graph: 5.240e-01
1601 | 0.70s | train acc: 8.992e-01 | val acc: 8.091e-01 | val graph: 5.780e-01 | test node: 7.910e-01 | test graph: 5.360e-01
1801 | 0.70s | train acc: 9.104e-01 | val acc: 8.184e-01 | val graph: 5.880e-01 | test node: 7.983e-01 | test graph: 5.440e-01
2001 | 0.70s | train acc: 9.160e-01 | val acc: 8.165e-01 | val graph: 5.860e-01 | test node: 7.979e-01 | test graph: 5.420e-01
2201 | 0.70s | train acc: 3.221e-01 | val acc: 1.835e-01 | val graph: 1.200e-01 | test node: 1.639e-01 | test graph: 8.900e-02
2401 | 0.70s | train acc: 3.389e-01 | val acc: 4.351e-01 | val graph: 2.900e-01 | test node: 4.379e-01 | test graph: 2.590e-01
2601 | 0.72s | train acc: 3.894e-01 | val acc: 4.421e-01 | val graph: 2.940e-01 | test node: 4.411e-01 | test graph: 2.620e-01
2801 | 0.71s | train acc: 3.221e-01 | val acc: 1.835e-01 | val graph: 1.200e-01 | test node: 1.639e-01 | test graph: 8.900e-02
3001 | 0.70s | train acc: 7.143e-01 | val acc: 6.049e-01 | val graph: 4.100e-01 | test node: 6.120e-01 | test graph: 4.040e-01
3201 | 0.70s | train acc: 5.742e-01 | val acc: 5.438e-01 | val graph: 3.860e-01 | test node: 5.163e-01 | test graph: 3.330e-01
3401 | 0.70s | train acc: 4.622e-01 | val acc: 4.510e-01 | val graph: 3.020e-01 | test node: 4.478e-01 | test graph: 2.670e-01
3601 | 0.71s | train acc: 7.535e-01 | val acc: 6.715e-01 | val graph: 4.580e-01 | test node: 6.664e-01 | test graph: 4.480e-01
3801 | 0.70s | train acc: 6.471e-01 | val acc: 4.998e-01 | val graph: 3.620e-01 | test node: 5.076e-01 | test graph: 3.590e-01
4001 | 0.70s | train acc: 6.106e-01 | val acc: 5.694e-01 | val graph: 4.100e-01 | test node: 5.371e-01 | test graph: 3.370e-01
4201 | 0.70s | train acc: 8.123e-01 | val acc: 7.728e-01 | val graph: 5.580e-01 | test node: 7.764e-01 | test graph: 5.240e-01
4401 | 0.74s | train acc: 7.031e-01 | val acc: 6.019e-01 | val graph: 4.040e-01 | test node: 5.953e-01 | test graph: 4.060e-01
4601 | 0.70s | train acc: 7.451e-01 | val acc: 6.471e-01 | val graph: 4.440e-01 | test node: 6.437e-01 | test graph: 4.220e-01
4801 | 0.70s | train acc: 6.723e-01 | val acc: 6.038e-01 | val graph: 3.960e-01 | test node: 5.893e-01 | test graph: 3.990e-01
5001 | 0.70s | train acc: 7.451e-01 | val acc: 6.570e-01 | val graph: 4.500e-01 | test node: 6.403e-01 | test graph: 4.310e-01
5201 | 0.70s | train acc: 7.731e-01 | val acc: 6.959e-01 | val graph: 4.800e-01 | test node: 6.796e-01 | test graph: 4.560e-01
5401 | 0.70s | train acc: 8.095e-01 | val acc: 7.862e-01 | val graph: 5.620e-01 | test node: 7.699e-01 | test graph: 5.190e-01
5601 | 0.70s | train acc: 8.151e-01 | val acc: 7.873e-01 | val graph: 5.820e-01 | test node: 7.587e-01 | test graph: 5.360e-01
5801 | 0.70s | train acc: 7.563e-01 | val acc: 6.826e-01 | val graph: 4.760e-01 | test node: 6.501e-01 | test graph: 4.340e-01
6001 | 0.70s | train acc: 8.151e-01 | val acc: 7.888e-01 | val graph: 5.720e-01 | test node: 7.736e-01 | test graph: 5.230e-01
6201 | 0.70s | train acc: 8.403e-01 | val acc: 7.925e-01 | val graph: 5.780e-01 | test node: 7.725e-01 | test graph: 5.180e-01
6401 | 0.70s | train acc: 8.431e-01 | val acc: 7.917e-01 | val graph: 5.680e-01 | test node: 7.732e-01 | test graph: 5.230e-01
6601 | 0.70s | train acc: 8.263e-01 | val acc: 7.666e-01 | val graph: 5.360e-01 | test node: 7.491e-01 | test graph: 5.050e-01
6801 | 0.73s | train acc: 8.487e-01 | val acc: 7.954e-01 | val graph: 5.780e-01 | test node: 7.812e-01 | test graph: 5.320e-01
7001 | 0.71s | train acc: 8.599e-01 | val acc: 8.172e-01 | val graph: 5.940e-01 | test node: 7.997e-01 | test graph: 5.480e-01
7201 | 0.70s | train acc: 8.655e-01 | val acc: 8.261e-01 | val graph: 6.140e-01 | test node: 8.033e-01 | test graph: 5.490e-01
7401 | 0.69s | train acc: 8.347e-01 | val acc: 7.458e-01 | val graph: 5.140e-01 | test node: 7.288e-01 | test graph: 4.820e-01
7601 | 0.70s | train acc: 8.711e-01 | val acc: 8.110e-01 | val graph: 5.920e-01 | test node: 7.926e-01 | test graph: 5.380e-01
7801 | 0.70s | train acc: 9.048e-01 | val acc: 8.228e-01 | val graph: 6.020e-01 | test node: 8.040e-01 | test graph: 5.480e-01
8001 | 0.70s | train acc: 8.263e-01 | val acc: 7.477e-01 | val graph: 5.160e-01 | test node: 7.366e-01 | test graph: 4.880e-01
8201 | 0.70s | train acc: 8.936e-01 | val acc: 8.147e-01 | val graph: 5.880e-01 | test node: 8.001e-01 | test graph: 5.450e-01
8401 | 0.69s | train acc: 9.076e-01 | val acc: 8.217e-01 | val graph: 6.060e-01 | test node: 7.990e-01 | test graph: 5.440e-01
8601 | 0.70s | train acc: 8.711e-01 | val acc: 7.987e-01 | val graph: 5.800e-01 | test node: 7.905e-01 | test graph: 5.390e-01
8801 | 0.71s | train acc: 8.852e-01 | val acc: 8.024e-01 | val graph: 5.760e-01 | test node: 7.892e-01 | test graph: 5.340e-01
9001 | 0.70s | train acc: 8.796e-01 | val acc: 7.921e-01 | val graph: 5.660e-01 | test node: 7.903e-01 | test graph: 5.340e-01
9201 | 0.70s | train acc: 9.076e-01 | val acc: 7.969e-01 | val graph: 5.660e-01 | test node: 7.894e-01 | test graph: 5.310e-01
9401 | 0.70s | train acc: 8.235e-01 | val acc: 7.414e-01 | val graph: 5.100e-01 | test node: 7.364e-01 | test graph: 4.810e-01
9601 | 0.70s | train acc: 8.627e-01 | val acc: 8.169e-01 | val graph: 5.880e-01 | test node: 8.015e-01 | test graph: 5.490e-01
9801 | 0.70s | train acc: 8.992e-01 | val acc: 8.147e-01 | val graph: 5.880e-01 | test node: 8.006e-01 | test graph: 5.500e-01
