Feb13-04:31:21
----------------------------------------------------------------------------------------------------
[citeseer]   seed=42
----------------------------------------------------------------------------------------------------
lr=0.001 unweighted_MSE=False diffusion_steps=80 schedule=True weight_decay=0.003 cat=False skip=False
nhid=16 layers=2 linears=2
----------------------------------------------------------------------------------------------------
001 | 1.05s | train acc: 2.066e-01 | val acc: 2.097e-01 | val graph: 1.320e-01 | test node: 1.863e-01 | test graph: 1.020e-01
201 | 0.40s | train acc: 1.694e-01 | val acc: 1.939e-01 | val graph: 6.600e-02 | test node: 1.665e-01 | test graph: 4.600e-02
401 | 0.40s | train acc: 1.777e-01 | val acc: 1.981e-01 | val graph: 1.260e-01 | test node: 2.127e-01 | test graph: 1.180e-01
601 | 0.42s | train acc: 2.128e-01 | val acc: 2.092e-01 | val graph: 1.280e-01 | test node: 2.256e-01 | test graph: 1.330e-01
801 | 0.41s | train acc: 1.880e-01 | val acc: 1.706e-01 | val graph: 1.080e-01 | test node: 1.639e-01 | test graph: 1.070e-01
1001 | 0.42s | train acc: 4.401e-01 | val acc: 3.919e-01 | val graph: 1.940e-01 | test node: 3.599e-01 | test graph: 1.440e-01
1201 | 0.41s | train acc: 4.112e-01 | val acc: 3.411e-01 | val graph: 1.460e-01 | test node: 3.248e-01 | test graph: 1.320e-01
1401 | 0.41s | train acc: 4.070e-01 | val acc: 3.300e-01 | val graph: 1.520e-01 | test node: 3.208e-01 | test graph: 1.490e-01
1601 | 0.42s | train acc: 1.157e-01 | val acc: 6.409e-02 | val graph: 2.200e-02 | test node: 6.464e-02 | test graph: 2.500e-02
1801 | 0.41s | train acc: 4.298e-01 | val acc: 3.697e-01 | val graph: 1.820e-01 | test node: 3.491e-01 | test graph: 1.690e-01
2001 | 0.41s | train acc: 4.339e-01 | val acc: 3.962e-01 | val graph: 1.920e-01 | test node: 3.784e-01 | test graph: 1.790e-01
2201 | 0.41s | train acc: 4.174e-01 | val acc: 3.586e-01 | val graph: 1.740e-01 | test node: 3.451e-01 | test graph: 1.650e-01
2401 | 0.41s | train acc: 3.554e-01 | val acc: 2.940e-01 | val graph: 1.220e-01 | test node: 2.739e-01 | test graph: 1.030e-01
2601 | 0.42s | train acc: 3.884e-01 | val acc: 3.475e-01 | val graph: 1.560e-01 | test node: 3.172e-01 | test graph: 1.300e-01
2801 | 0.41s | train acc: 4.545e-01 | val acc: 3.739e-01 | val graph: 1.840e-01 | test node: 3.546e-01 | test graph: 1.670e-01
3001 | 0.41s | train acc: 3.884e-01 | val acc: 3.644e-01 | val graph: 1.880e-01 | test node: 3.544e-01 | test graph: 1.790e-01
3201 | 0.41s | train acc: 3.285e-01 | val acc: 2.299e-01 | val graph: 8.600e-02 | test node: 2.266e-01 | test graph: 8.600e-02
3401 | 0.41s | train acc: 3.884e-01 | val acc: 3.660e-01 | val graph: 1.860e-01 | test node: 3.536e-01 | test graph: 1.810e-01
3601 | 0.42s | train acc: 4.008e-01 | val acc: 3.713e-01 | val graph: 1.920e-01 | test node: 3.580e-01 | test graph: 1.800e-01
3801 | 0.40s | train acc: 3.967e-01 | val acc: 3.528e-01 | val graph: 1.940e-01 | test node: 3.356e-01 | test graph: 1.800e-01
4001 | 0.41s | train acc: 5.455e-01 | val acc: 4.576e-01 | val graph: 2.320e-01 | test node: 4.285e-01 | test graph: 2.000e-01
4201 | 0.41s | train acc: 2.376e-01 | val acc: 2.622e-01 | val graph: 1.100e-01 | test node: 2.441e-01 | test graph: 8.900e-02
4401 | 0.41s | train acc: 2.562e-01 | val acc: 2.701e-01 | val graph: 1.160e-01 | test node: 2.478e-01 | test graph: 9.100e-02
4601 | 0.41s | train acc: 4.008e-01 | val acc: 3.660e-01 | val graph: 1.860e-01 | test node: 3.528e-01 | test graph: 1.720e-01
4801 | 0.41s | train acc: 5.124e-01 | val acc: 4.375e-01 | val graph: 2.360e-01 | test node: 4.142e-01 | test graph: 2.110e-01
5001 | 0.42s | train acc: 5.434e-01 | val acc: 4.910e-01 | val graph: 2.780e-01 | test node: 4.580e-01 | test graph: 2.340e-01
5201 | 0.41s | train acc: 5.475e-01 | val acc: 4.899e-01 | val graph: 2.840e-01 | test node: 4.562e-01 | test graph: 2.380e-01
5401 | 0.41s | train acc: 4.463e-01 | val acc: 4.195e-01 | val graph: 2.220e-01 | test node: 3.818e-01 | test graph: 1.770e-01
5601 | 0.41s | train acc: 5.269e-01 | val acc: 4.497e-01 | val graph: 2.420e-01 | test node: 4.082e-01 | test graph: 1.920e-01
5801 | 0.41s | train acc: 5.620e-01 | val acc: 4.714e-01 | val graph: 2.560e-01 | test node: 4.338e-01 | test graph: 2.100e-01
6001 | 0.41s | train acc: 6.054e-01 | val acc: 5.117e-01 | val graph: 2.760e-01 | test node: 4.744e-01 | test graph: 2.390e-01
6201 | 0.41s | train acc: 5.579e-01 | val acc: 4.555e-01 | val graph: 2.480e-01 | test node: 4.201e-01 | test graph: 1.960e-01
6401 | 0.41s | train acc: 6.095e-01 | val acc: 4.979e-01 | val graph: 2.700e-01 | test node: 4.599e-01 | test graph: 2.250e-01
6601 | 0.41s | train acc: 4.876e-01 | val acc: 4.354e-01 | val graph: 2.280e-01 | test node: 4.032e-01 | test graph: 1.890e-01
6801 | 0.41s | train acc: 5.517e-01 | val acc: 4.439e-01 | val graph: 2.360e-01 | test node: 4.298e-01 | test graph: 2.050e-01
7001 | 0.42s | train acc: 6.694e-01 | val acc: 5.228e-01 | val graph: 2.960e-01 | test node: 5.005e-01 | test graph: 2.560e-01
7201 | 0.41s | train acc: 6.860e-01 | val acc: 5.784e-01 | val graph: 3.320e-01 | test node: 5.475e-01 | test graph: 2.890e-01
7401 | 0.41s | train acc: 6.880e-01 | val acc: 5.932e-01 | val graph: 3.480e-01 | test node: 5.683e-01 | test graph: 3.100e-01
7601 | 0.41s | train acc: 6.921e-01 | val acc: 5.837e-01 | val graph: 3.340e-01 | test node: 5.609e-01 | test graph: 3.030e-01
7801 | 0.41s | train acc: 6.921e-01 | val acc: 5.879e-01 | val graph: 3.560e-01 | test node: 5.573e-01 | test graph: 3.060e-01
8001 | 0.40s | train acc: 6.942e-01 | val acc: 5.938e-01 | val graph: 3.580e-01 | test node: 5.628e-01 | test graph: 3.050e-01
8201 | 0.41s | train acc: 7.025e-01 | val acc: 6.091e-01 | val graph: 3.760e-01 | test node: 5.776e-01 | test graph: 3.240e-01
8401 | 0.41s | train acc: 7.500e-01 | val acc: 6.615e-01 | val graph: 4.120e-01 | test node: 6.557e-01 | test graph: 3.940e-01
8601 | 0.41s | train acc: 6.963e-01 | val acc: 6.282e-01 | val graph: 3.980e-01 | test node: 6.008e-01 | test graph: 3.510e-01
8801 | 0.41s | train acc: 7.066e-01 | val acc: 6.314e-01 | val graph: 4.020e-01 | test node: 6.058e-01 | test graph: 3.580e-01
9001 | 0.41s | train acc: 7.149e-01 | val acc: 6.287e-01 | val graph: 3.960e-01 | test node: 6.119e-01 | test graph: 3.700e-01
9201 | 0.40s | train acc: 7.149e-01 | val acc: 6.356e-01 | val graph: 4.080e-01 | test node: 6.127e-01 | test graph: 3.680e-01
9401 | 0.42s | train acc: 7.335e-01 | val acc: 6.414e-01 | val graph: 4.080e-01 | test node: 6.203e-01 | test graph: 3.690e-01
9601 | 0.41s | train acc: 7.913e-01 | val acc: 6.653e-01 | val graph: 4.240e-01 | test node: 6.483e-01 | test graph: 3.870e-01
9801 | 0.41s | train acc: 8.079e-01 | val acc: 7.002e-01 | val graph: 4.560e-01 | test node: 6.834e-01 | test graph: 4.100e-01
10001 | 0.41s | train acc: 8.140e-01 | val acc: 7.373e-01 | val graph: 5.080e-01 | test node: 7.367e-01 | test graph: 4.700e-01
10201 | 0.41s | train acc: 8.223e-01 | val acc: 7.500e-01 | val graph: 5.120e-01 | test node: 7.451e-01 | test graph: 4.800e-01
10401 | 0.40s | train acc: 8.223e-01 | val acc: 7.500e-01 | val graph: 5.140e-01 | test node: 7.562e-01 | test graph: 5.000e-01
10601 | 0.41s | train acc: 8.306e-01 | val acc: 7.585e-01 | val graph: 5.340e-01 | test node: 7.612e-01 | test graph: 5.030e-01
10801 | 0.41s | train acc: 8.306e-01 | val acc: 7.590e-01 | val graph: 5.260e-01 | test node: 7.623e-01 | test graph: 5.040e-01
11001 | 0.41s | train acc: 8.347e-01 | val acc: 7.553e-01 | val graph: 5.280e-01 | test node: 7.596e-01 | test graph: 5.050e-01
11201 | 0.41s | train acc: 8.368e-01 | val acc: 7.548e-01 | val graph: 5.240e-01 | test node: 7.562e-01 | test graph: 5.040e-01
11401 | 0.40s | train acc: 8.409e-01 | val acc: 7.532e-01 | val graph: 5.300e-01 | test node: 7.602e-01 | test graph: 5.030e-01
11601 | 0.41s | train acc: 8.285e-01 | val acc: 7.579e-01 | val graph: 5.340e-01 | test node: 7.607e-01 | test graph: 5.000e-01
11801 | 0.41s | train acc: 8.326e-01 | val acc: 7.532e-01 | val graph: 5.260e-01 | test node: 7.631e-01 | test graph: 5.090e-01
12001 | 0.41s | train acc: 8.388e-01 | val acc: 7.622e-01 | val graph: 5.320e-01 | test node: 7.596e-01 | test graph: 5.000e-01
12201 | 0.40s | train acc: 8.409e-01 | val acc: 7.532e-01 | val graph: 5.240e-01 | test node: 7.662e-01 | test graph: 5.110e-01
12401 | 0.42s | train acc: 8.450e-01 | val acc: 7.574e-01 | val graph: 5.340e-01 | test node: 7.609e-01 | test graph: 5.060e-01
12601 | 0.40s | train acc: 8.430e-01 | val acc: 7.548e-01 | val graph: 5.300e-01 | test node: 7.596e-01 | test graph: 5.030e-01
12801 | 0.41s | train acc: 8.409e-01 | val acc: 7.521e-01 | val graph: 5.200e-01 | test node: 7.554e-01 | test graph: 4.890e-01
13001 | 0.41s | train acc: 8.430e-01 | val acc: 7.579e-01 | val graph: 5.320e-01 | test node: 7.646e-01 | test graph: 5.110e-01
13201 | 0.41s | train acc: 8.347e-01 | val acc: 7.579e-01 | val graph: 5.340e-01 | test node: 7.602e-01 | test graph: 5.020e-01
13401 | 0.40s | train acc: 8.471e-01 | val acc: 7.585e-01 | val graph: 5.300e-01 | test node: 7.617e-01 | test graph: 5.030e-01
13601 | 0.41s | train acc: 8.368e-01 | val acc: 7.601e-01 | val graph: 5.380e-01 | test node: 7.573e-01 | test graph: 5.010e-01
13801 | 0.41s | train acc: 8.450e-01 | val acc: 7.526e-01 | val graph: 5.160e-01 | test node: 7.536e-01 | test graph: 4.950e-01
14001 | 0.41s | train acc: 8.388e-01 | val acc: 7.558e-01 | val graph: 5.220e-01 | test node: 7.570e-01 | test graph: 5.000e-01
14201 | 0.41s | train acc: 8.409e-01 | val acc: 7.585e-01 | val graph: 5.260e-01 | test node: 7.580e-01 | test graph: 5.020e-01
14401 | 0.41s | train acc: 8.388e-01 | val acc: 7.526e-01 | val graph: 5.140e-01 | test node: 7.533e-01 | test graph: 4.950e-01
14601 | 0.41s | train acc: 8.409e-01 | val acc: 7.537e-01 | val graph: 5.260e-01 | test node: 7.583e-01 | test graph: 5.000e-01
14801 | 0.40s | train acc: 8.430e-01 | val acc: 7.595e-01 | val graph: 5.320e-01 | test node: 7.565e-01 | test graph: 5.010e-01
15001 | 0.41s | train acc: 8.471e-01 | val acc: 7.537e-01 | val graph: 5.280e-01 | test node: 7.586e-01 | test graph: 5.050e-01
15201 | 0.41s | train acc: 8.409e-01 | val acc: 7.595e-01 | val graph: 5.280e-01 | test node: 7.652e-01 | test graph: 5.120e-01
15401 | 0.41s | train acc: 8.409e-01 | val acc: 7.526e-01 | val graph: 5.260e-01 | test node: 7.565e-01 | test graph: 5.010e-01
15601 | 0.40s | train acc: 8.347e-01 | val acc: 7.468e-01 | val graph: 5.060e-01 | test node: 7.456e-01 | test graph: 4.850e-01
15801 | 0.41s | train acc: 8.388e-01 | val acc: 7.548e-01 | val graph: 5.220e-01 | test node: 7.602e-01 | test graph: 5.080e-01
16001 | 0.42s | train acc: 8.430e-01 | val acc: 7.548e-01 | val graph: 5.260e-01 | test node: 7.570e-01 | test graph: 5.020e-01
16201 | 0.41s | train acc: 8.512e-01 | val acc: 7.542e-01 | val graph: 5.180e-01 | test node: 7.578e-01 | test graph: 4.990e-01
16401 | 0.41s | train acc: 8.471e-01 | val acc: 7.569e-01 | val graph: 5.340e-01 | test node: 7.609e-01 | test graph: 5.070e-01
16601 | 0.41s | train acc: 8.347e-01 | val acc: 7.548e-01 | val graph: 5.240e-01 | test node: 7.580e-01 | test graph: 5.000e-01
16801 | 0.41s | train acc: 8.409e-01 | val acc: 7.601e-01 | val graph: 5.320e-01 | test node: 7.591e-01 | test graph: 5.000e-01
17001 | 0.41s | train acc: 8.409e-01 | val acc: 7.479e-01 | val graph: 5.140e-01 | test node: 7.517e-01 | test graph: 4.870e-01
17201 | 0.41s | train acc: 8.368e-01 | val acc: 7.532e-01 | val graph: 5.200e-01 | test node: 7.604e-01 | test graph: 5.060e-01
17401 | 0.41s | train acc: 8.409e-01 | val acc: 7.542e-01 | val graph: 5.220e-01 | test node: 7.538e-01 | test graph: 4.980e-01
17601 | 0.41s | train acc: 8.409e-01 | val acc: 7.532e-01 | val graph: 5.220e-01 | test node: 7.578e-01 | test graph: 4.970e-01
17801 | 0.40s | train acc: 8.430e-01 | val acc: 7.585e-01 | val graph: 5.300e-01 | test node: 7.602e-01 | test graph: 5.050e-01
18001 | 0.41s | train acc: 8.409e-01 | val acc: 7.505e-01 | val graph: 5.160e-01 | test node: 7.520e-01 | test graph: 4.940e-01
18201 | 0.40s | train acc: 8.471e-01 | val acc: 7.548e-01 | val graph: 5.180e-01 | test node: 7.565e-01 | test graph: 5.010e-01
18401 | 0.41s | train acc: 8.450e-01 | val acc: 7.537e-01 | val graph: 5.200e-01 | test node: 7.578e-01 | test graph: 4.960e-01
18601 | 0.41s | train acc: 8.430e-01 | val acc: 7.542e-01 | val graph: 5.240e-01 | test node: 7.559e-01 | test graph: 5.020e-01
18801 | 0.40s | train acc: 8.450e-01 | val acc: 7.516e-01 | val graph: 5.180e-01 | test node: 7.557e-01 | test graph: 4.950e-01
19001 | 0.40s | train acc: 8.409e-01 | val acc: 7.537e-01 | val graph: 5.180e-01 | test node: 7.536e-01 | test graph: 4.910e-01
19201 | 0.41s | train acc: 8.409e-01 | val acc: 7.553e-01 | val graph: 5.220e-01 | test node: 7.580e-01 | test graph: 4.980e-01
19401 | 0.41s | train acc: 8.388e-01 | val acc: 7.537e-01 | val graph: 5.160e-01 | test node: 7.596e-01 | test graph: 5.000e-01
19601 | 0.42s | train acc: 8.430e-01 | val acc: 7.542e-01 | val graph: 5.220e-01 | test node: 7.562e-01 | test graph: 4.920e-01
19801 | 0.41s | train acc: 8.430e-01 | val acc: 7.548e-01 | val graph: 5.200e-01 | test node: 7.580e-01 | test graph: 4.980e-01
20001 | 0.41s | train acc: 8.450e-01 | val acc: 7.542e-01 | val graph: 5.160e-01 | test node: 7.570e-01 | test graph: 4.960e-01
20201 | 0.40s | train acc: 8.430e-01 | val acc: 7.526e-01 | val graph: 5.140e-01 | test node: 7.520e-01 | test graph: 4.860e-01
20401 | 0.41s | train acc: 8.409e-01 | val acc: 7.505e-01 | val graph: 5.140e-01 | test node: 7.509e-01 | test graph: 4.920e-01
20601 | 0.41s | train acc: 8.430e-01 | val acc: 7.542e-01 | val graph: 5.140e-01 | test node: 7.570e-01 | test graph: 4.990e-01
20801 | 0.41s | train acc: 8.409e-01 | val acc: 7.558e-01 | val graph: 5.240e-01 | test node: 7.546e-01 | test graph: 4.960e-01
21001 | 0.41s | train acc: 8.430e-01 | val acc: 7.548e-01 | val graph: 5.160e-01 | test node: 7.567e-01 | test graph: 4.980e-01
21201 | 0.41s | train acc: 8.388e-01 | val acc: 7.495e-01 | val graph: 4.980e-01 | test node: 7.459e-01 | test graph: 4.840e-01
21401 | 0.41s | train acc: 8.450e-01 | val acc: 7.579e-01 | val graph: 5.220e-01 | test node: 7.565e-01 | test graph: 4.900e-01
21601 | 0.40s | train acc: 8.450e-01 | val acc: 7.495e-01 | val graph: 5.120e-01 | test node: 7.533e-01 | test graph: 4.890e-01
21801 | 0.41s | train acc: 8.430e-01 | val acc: 7.511e-01 | val graph: 5.120e-01 | test node: 7.509e-01 | test graph: 4.870e-01
22001 | 0.41s | train acc: 8.430e-01 | val acc: 7.521e-01 | val graph: 5.180e-01 | test node: 7.530e-01 | test graph: 4.910e-01
22201 | 0.41s | train acc: 8.450e-01 | val acc: 7.542e-01 | val graph: 5.260e-01 | test node: 7.541e-01 | test graph: 4.930e-01
22401 | 0.40s | train acc: 8.430e-01 | val acc: 7.468e-01 | val graph: 5.120e-01 | test node: 7.525e-01 | test graph: 4.890e-01
22601 | 0.41s | train acc: 8.450e-01 | val acc: 7.537e-01 | val graph: 5.140e-01 | test node: 7.546e-01 | test graph: 4.900e-01
22801 | 0.41s | train acc: 8.450e-01 | val acc: 7.495e-01 | val graph: 5.120e-01 | test node: 7.515e-01 | test graph: 4.890e-01
23001 | 0.41s | train acc: 8.471e-01 | val acc: 7.532e-01 | val graph: 5.180e-01 | test node: 7.570e-01 | test graph: 4.970e-01
23201 | 0.42s | train acc: 8.450e-01 | val acc: 7.511e-01 | val graph: 5.080e-01 | test node: 7.504e-01 | test graph: 4.810e-01
23401 | 0.41s | train acc: 8.388e-01 | val acc: 7.521e-01 | val graph: 5.120e-01 | test node: 7.525e-01 | test graph: 4.880e-01
