Feb08-04:06:23
----------------------------------------------------------------------------------------------------
[citeseer]   seed=122
----------------------------------------------------------------------------------------------------
lr=0.001 schedule=True ema=0.999 weight_decay=0.003cat=False skip=Falseepochs=30000 reduce=False eps=1e-05
nhid=16 layers=2 linears=2
----------------------------------------------------------------------------------------------------
001 | 1.26s | train acc: 1.116e-01 | val acc: 5.932e-02 | val graph: 2.200e-02 | test node: 6.016e-02 | test graph: 2.600e-02
201 | 0.54s | train acc: 1.240e-01 | val acc: 8.792e-02 | val graph: 1.600e-02 | test node: 8.470e-02 | test graph: 2.000e-02
401 | 0.67s | train acc: 2.004e-01 | val acc: 1.721e-01 | val graph: 7.600e-02 | test node: 1.678e-01 | test graph: 8.300e-02
601 | 0.66s | train acc: 2.335e-01 | val acc: 2.442e-01 | val graph: 1.000e-01 | test node: 2.206e-01 | test graph: 7.700e-02
801 | 0.67s | train acc: 2.397e-01 | val acc: 2.590e-01 | val graph: 9.800e-02 | test node: 2.406e-01 | test graph: 7.700e-02
1001 | 0.67s | train acc: 2.459e-01 | val acc: 2.632e-01 | val graph: 1.060e-01 | test node: 2.330e-01 | test graph: 7.900e-02
1201 | 0.66s | train acc: 2.335e-01 | val acc: 2.622e-01 | val graph: 1.000e-01 | test node: 2.356e-01 | test graph: 7.900e-02
1401 | 0.67s | train acc: 2.996e-01 | val acc: 2.526e-01 | val graph: 7.800e-02 | test node: 2.367e-01 | test graph: 9.100e-02
1601 | 0.65s | train acc: 2.376e-01 | val acc: 2.632e-01 | val graph: 1.060e-01 | test node: 2.483e-01 | test graph: 9.000e-02
1801 | 0.68s | train acc: 3.326e-01 | val acc: 2.574e-01 | val graph: 8.400e-02 | test node: 2.504e-01 | test graph: 9.800e-02
2001 | 0.68s | train acc: 3.698e-01 | val acc: 2.887e-01 | val graph: 1.040e-01 | test node: 2.815e-01 | test graph: 1.150e-01
2201 | 0.66s | train acc: 3.223e-01 | val acc: 2.283e-01 | val graph: 1.080e-01 | test node: 2.259e-01 | test graph: 1.140e-01
2401 | 0.67s | train acc: 2.438e-01 | val acc: 2.638e-01 | val graph: 1.100e-01 | test node: 2.475e-01 | test graph: 8.900e-02
2601 | 0.68s | train acc: 3.926e-01 | val acc: 2.871e-01 | val graph: 1.260e-01 | test node: 2.739e-01 | test graph: 1.260e-01
2801 | 0.66s | train acc: 2.397e-01 | val acc: 2.225e-01 | val graph: 1.320e-01 | test node: 1.953e-01 | test graph: 1.100e-01
3001 | 0.65s | train acc: 4.690e-01 | val acc: 4.041e-01 | val graph: 2.040e-01 | test node: 3.852e-01 | test graph: 1.770e-01
3201 | 0.67s | train acc: 2.376e-01 | val acc: 2.622e-01 | val graph: 1.100e-01 | test node: 2.441e-01 | test graph: 8.900e-02
3401 | 0.66s | train acc: 2.417e-01 | val acc: 2.643e-01 | val graph: 1.100e-01 | test node: 2.467e-01 | test graph: 8.900e-02
3601 | 0.67s | train acc: 2.417e-01 | val acc: 2.632e-01 | val graph: 1.100e-01 | test node: 2.451e-01 | test graph: 8.900e-02
3801 | 0.67s | train acc: 2.438e-01 | val acc: 2.648e-01 | val graph: 1.100e-01 | test node: 2.470e-01 | test graph: 8.900e-02
4001 | 0.65s | train acc: 2.459e-01 | val acc: 2.675e-01 | val graph: 1.100e-01 | test node: 2.504e-01 | test graph: 8.900e-02
4201 | 0.67s | train acc: 2.665e-01 | val acc: 2.860e-01 | val graph: 1.140e-01 | test node: 2.665e-01 | test graph: 9.200e-02
4401 | 0.66s | train acc: 4.442e-01 | val acc: 4.269e-01 | val graph: 2.220e-01 | test node: 3.960e-01 | test graph: 1.790e-01
4601 | 0.68s | train acc: 4.380e-01 | val acc: 4.248e-01 | val graph: 2.220e-01 | test node: 3.894e-01 | test graph: 1.810e-01
4801 | 0.66s | train acc: 3.988e-01 | val acc: 3.602e-01 | val graph: 1.960e-01 | test node: 3.509e-01 | test graph: 1.780e-01
5001 | 0.55s | train acc: 4.442e-01 | val acc: 4.237e-01 | val graph: 2.220e-01 | test node: 3.897e-01 | test graph: 1.830e-01
5201 | 0.55s | train acc: 4.463e-01 | val acc: 4.439e-01 | val graph: 2.360e-01 | test node: 4.026e-01 | test graph: 1.870e-01
5401 | 0.65s | train acc: 4.442e-01 | val acc: 4.322e-01 | val graph: 2.260e-01 | test node: 3.968e-01 | test graph: 1.850e-01
5601 | 0.67s | train acc: 4.442e-01 | val acc: 4.349e-01 | val graph: 2.280e-01 | test node: 3.976e-01 | test graph: 1.860e-01
5801 | 0.66s | train acc: 4.442e-01 | val acc: 4.311e-01 | val graph: 2.280e-01 | test node: 3.953e-01 | test graph: 1.860e-01
6001 | 0.67s | train acc: 4.504e-01 | val acc: 4.153e-01 | val graph: 2.200e-01 | test node: 3.813e-01 | test graph: 1.790e-01
6201 | 0.66s | train acc: 4.711e-01 | val acc: 4.370e-01 | val graph: 2.280e-01 | test node: 4.018e-01 | test graph: 1.900e-01
