Feb08-03:54:18
----------------------------------------------------------------------------------------------------
[citeseer]   seed=122
----------------------------------------------------------------------------------------------------
lr=0.001 schedule=True ema=0.999 weight_decay=0.003cat=False skip=Falseepochs=30000 reduce=False eps=1e-05
nhid=16 layers=2 linears=2
----------------------------------------------------------------------------------------------------
001 | 1.44s | train acc: 1.116e-01 | val acc: 5.932e-02 | val graph: 2.200e-02 | test node: 6.016e-02 | test graph: 2.600e-02
201 | 0.65s | train acc: 1.260e-01 | val acc: 9.534e-02 | val graph: 1.600e-02 | test node: 8.892e-02 | test graph: 1.900e-02
401 | 0.67s | train acc: 2.004e-01 | val acc: 1.690e-01 | val graph: 7.600e-02 | test node: 1.675e-01 | test graph: 8.300e-02
601 | 0.66s | train acc: 2.335e-01 | val acc: 2.442e-01 | val graph: 1.000e-01 | test node: 2.195e-01 | test graph: 7.700e-02
801 | 0.67s | train acc: 2.397e-01 | val acc: 2.611e-01 | val graph: 1.000e-01 | test node: 2.406e-01 | test graph: 7.800e-02
1001 | 0.67s | train acc: 2.459e-01 | val acc: 2.611e-01 | val graph: 1.040e-01 | test node: 2.319e-01 | test graph: 7.900e-02
1201 | 0.65s | train acc: 2.397e-01 | val acc: 2.632e-01 | val graph: 1.000e-01 | test node: 2.367e-01 | test graph: 8.000e-02
1401 | 0.67s | train acc: 2.913e-01 | val acc: 2.585e-01 | val graph: 9.200e-02 | test node: 2.396e-01 | test graph: 9.000e-02
1601 | 0.66s | train acc: 2.479e-01 | val acc: 2.659e-01 | val graph: 1.040e-01 | test node: 2.478e-01 | test graph: 9.200e-02
1801 | 0.69s | train acc: 2.748e-01 | val acc: 2.659e-01 | val graph: 1.060e-01 | test node: 2.496e-01 | test graph: 9.600e-02
2001 | 0.54s | train acc: 3.657e-01 | val acc: 2.733e-01 | val graph: 9.000e-02 | test node: 2.707e-01 | test graph: 1.050e-01
2201 | 0.55s | train acc: 3.781e-01 | val acc: 2.775e-01 | val graph: 1.140e-01 | test node: 2.768e-01 | test graph: 1.220e-01
2401 | 0.66s | train acc: 2.769e-01 | val acc: 2.812e-01 | val graph: 1.160e-01 | test node: 2.636e-01 | test graph: 9.700e-02
2601 | 0.68s | train acc: 3.285e-01 | val acc: 2.903e-01 | val graph: 1.320e-01 | test node: 2.609e-01 | test graph: 1.160e-01
2801 | 0.67s | train acc: 1.343e-01 | val acc: 1.801e-01 | val graph: 1.540e-01 | test node: 2.055e-01 | test graph: 1.580e-01
3001 | 0.66s | train acc: 4.401e-01 | val acc: 4.439e-01 | val graph: 2.260e-01 | test node: 4.058e-01 | test graph: 1.910e-01
3201 | 0.66s | train acc: 2.521e-01 | val acc: 2.961e-01 | val graph: 1.600e-01 | test node: 3.013e-01 | test graph: 1.370e-01
3401 | 0.67s | train acc: 2.376e-01 | val acc: 2.622e-01 | val graph: 1.100e-01 | test node: 2.443e-01 | test graph: 8.900e-02
3601 | 0.66s | train acc: 2.376e-01 | val acc: 2.627e-01 | val graph: 1.100e-01 | test node: 2.441e-01 | test graph: 8.900e-02
3801 | 0.67s | train acc: 4.401e-01 | val acc: 4.433e-01 | val graph: 2.300e-01 | test node: 4.008e-01 | test graph: 1.810e-01
4001 | 0.67s | train acc: 4.401e-01 | val acc: 4.296e-01 | val graph: 2.100e-01 | test node: 3.902e-01 | test graph: 1.710e-01
4201 | 0.66s | train acc: 4.401e-01 | val acc: 4.359e-01 | val graph: 2.220e-01 | test node: 3.942e-01 | test graph: 1.750e-01
4401 | 0.69s | train acc: 3.946e-01 | val acc: 3.581e-01 | val graph: 1.920e-01 | test node: 3.657e-01 | test graph: 1.930e-01
4601 | 0.66s | train acc: 4.421e-01 | val acc: 4.492e-01 | val graph: 2.360e-01 | test node: 4.050e-01 | test graph: 1.850e-01
4801 | 0.66s | train acc: 4.380e-01 | val acc: 4.306e-01 | val graph: 2.280e-01 | test node: 4.055e-01 | test graph: 1.860e-01
5001 | 0.67s | train acc: 4.442e-01 | val acc: 4.412e-01 | val graph: 2.300e-01 | test node: 3.989e-01 | test graph: 1.850e-01
5201 | 0.66s | train acc: 4.442e-01 | val acc: 4.364e-01 | val graph: 2.280e-01 | test node: 3.960e-01 | test graph: 1.850e-01
5401 | 0.67s | train acc: 4.463e-01 | val acc: 4.391e-01 | val graph: 2.300e-01 | test node: 3.984e-01 | test graph: 1.860e-01
5601 | 0.66s | train acc: 4.442e-01 | val acc: 4.407e-01 | val graph: 2.320e-01 | test node: 4.003e-01 | test graph: 1.880e-01
5801 | 0.66s | train acc: 4.463e-01 | val acc: 4.433e-01 | val graph: 2.340e-01 | test node: 4.024e-01 | test graph: 1.870e-01
6001 | 0.67s | train acc: 3.781e-01 | val acc: 3.093e-01 | val graph: 1.580e-01 | test node: 2.892e-01 | test graph: 1.340e-01
6201 | 0.66s | train acc: 4.463e-01 | val acc: 4.375e-01 | val graph: 2.280e-01 | test node: 3.995e-01 | test graph: 1.890e-01
6401 | 0.67s | train acc: 4.483e-01 | val acc: 4.481e-01 | val graph: 2.360e-01 | test node: 4.095e-01 | test graph: 1.930e-01
6601 | 0.66s | train acc: 4.711e-01 | val acc: 4.566e-01 | val graph: 2.420e-01 | test node: 4.208e-01 | test graph: 1.970e-01
6801 | 0.68s | train acc: 4.442e-01 | val acc: 4.396e-01 | val graph: 2.300e-01 | test node: 4.011e-01 | test graph: 1.900e-01
7001 | 0.55s | train acc: 5.558e-01 | val acc: 4.772e-01 | val graph: 2.520e-01 | test node: 4.435e-01 | test graph: 2.050e-01
7201 | 0.55s | train acc: 5.496e-01 | val acc: 4.672e-01 | val graph: 2.460e-01 | test node: 4.317e-01 | test graph: 2.060e-01
7401 | 0.67s | train acc: 5.682e-01 | val acc: 4.719e-01 | val graph: 2.520e-01 | test node: 4.340e-01 | test graph: 2.080e-01
7601 | 0.66s | train acc: 5.269e-01 | val acc: 4.566e-01 | val graph: 2.420e-01 | test node: 4.219e-01 | test graph: 2.010e-01
7801 | 0.66s | train acc: 5.930e-01 | val acc: 5.154e-01 | val graph: 2.800e-01 | test node: 4.718e-01 | test graph: 2.340e-01
8001 | 0.67s | train acc: 5.868e-01 | val acc: 5.143e-01 | val graph: 2.780e-01 | test node: 4.689e-01 | test graph: 2.290e-01
8201 | 0.67s | train acc: 5.847e-01 | val acc: 5.191e-01 | val graph: 2.740e-01 | test node: 4.842e-01 | test graph: 2.380e-01
8401 | 0.66s | train acc: 6.322e-01 | val acc: 5.408e-01 | val graph: 3.040e-01 | test node: 5.069e-01 | test graph: 2.600e-01
8601 | 0.67s | train acc: 5.847e-01 | val acc: 5.360e-01 | val graph: 2.980e-01 | test node: 5.008e-01 | test graph: 2.650e-01
8801 | 0.67s | train acc: 6.384e-01 | val acc: 5.466e-01 | val graph: 3.100e-01 | test node: 5.174e-01 | test graph: 2.680e-01
9001 | 0.66s | train acc: 6.508e-01 | val acc: 5.588e-01 | val graph: 3.120e-01 | test node: 5.179e-01 | test graph: 2.690e-01
9201 | 0.66s | train acc: 6.570e-01 | val acc: 5.540e-01 | val graph: 3.160e-01 | test node: 5.106e-01 | test graph: 2.720e-01
9401 | 0.66s | train acc: 6.798e-01 | val acc: 5.768e-01 | val graph: 3.380e-01 | test node: 5.335e-01 | test graph: 2.880e-01
9601 | 0.67s | train acc: 6.467e-01 | val acc: 5.328e-01 | val graph: 3.000e-01 | test node: 4.955e-01 | test graph: 2.650e-01
9801 | 0.66s | train acc: 7.045e-01 | val acc: 6.345e-01 | val graph: 3.940e-01 | test node: 5.887e-01 | test graph: 3.400e-01
10001 | 0.68s | train acc: 7.107e-01 | val acc: 6.515e-01 | val graph: 4.200e-01 | test node: 6.140e-01 | test graph: 3.590e-01
10201 | 0.66s | train acc: 7.128e-01 | val acc: 6.637e-01 | val graph: 4.260e-01 | test node: 6.356e-01 | test graph: 3.810e-01
10401 | 0.68s | train acc: 7.169e-01 | val acc: 6.700e-01 | val graph: 4.380e-01 | test node: 6.522e-01 | test graph: 4.010e-01
10601 | 0.67s | train acc: 7.190e-01 | val acc: 6.547e-01 | val graph: 4.280e-01 | test node: 6.396e-01 | test graph: 3.910e-01
10801 | 0.66s | train acc: 7.211e-01 | val acc: 6.695e-01 | val graph: 4.360e-01 | test node: 6.462e-01 | test graph: 3.990e-01
11001 | 0.66s | train acc: 7.231e-01 | val acc: 6.674e-01 | val graph: 4.340e-01 | test node: 6.475e-01 | test graph: 3.960e-01
11201 | 0.66s | train acc: 7.376e-01 | val acc: 6.748e-01 | val graph: 4.440e-01 | test node: 6.530e-01 | test graph: 4.020e-01
11401 | 0.65s | train acc: 7.335e-01 | val acc: 6.690e-01 | val graph: 4.400e-01 | test node: 6.575e-01 | test graph: 4.030e-01
11601 | 0.68s | train acc: 8.140e-01 | val acc: 7.092e-01 | val graph: 4.620e-01 | test node: 6.968e-01 | test graph: 4.360e-01
11801 | 0.66s | train acc: 8.264e-01 | val acc: 7.410e-01 | val graph: 5.080e-01 | test node: 7.338e-01 | test graph: 4.740e-01
12001 | 0.55s | train acc: 8.285e-01 | val acc: 7.511e-01 | val graph: 5.160e-01 | test node: 7.478e-01 | test graph: 4.900e-01
12201 | 0.55s | train acc: 8.285e-01 | val acc: 7.526e-01 | val graph: 5.200e-01 | test node: 7.475e-01 | test graph: 4.950e-01
12401 | 0.66s | train acc: 8.326e-01 | val acc: 7.574e-01 | val graph: 5.300e-01 | test node: 7.562e-01 | test graph: 5.020e-01
12601 | 0.67s | train acc: 8.347e-01 | val acc: 7.585e-01 | val graph: 5.320e-01 | test node: 7.570e-01 | test graph: 5.050e-01
12801 | 0.68s | train acc: 8.368e-01 | val acc: 7.606e-01 | val graph: 5.340e-01 | test node: 7.641e-01 | test graph: 5.070e-01
13001 | 0.67s | train acc: 8.388e-01 | val acc: 7.574e-01 | val graph: 5.280e-01 | test node: 7.588e-01 | test graph: 5.050e-01
13201 | 0.66s | train acc: 8.388e-01 | val acc: 7.585e-01 | val graph: 5.340e-01 | test node: 7.562e-01 | test graph: 5.000e-01
13401 | 0.67s | train acc: 8.388e-01 | val acc: 7.574e-01 | val graph: 5.260e-01 | test node: 7.554e-01 | test graph: 5.040e-01
13601 | 0.68s | train acc: 8.430e-01 | val acc: 7.553e-01 | val graph: 5.220e-01 | test node: 7.609e-01 | test graph: 5.090e-01
13801 | 0.67s | train acc: 8.388e-01 | val acc: 7.553e-01 | val graph: 5.260e-01 | test node: 7.612e-01 | test graph: 5.050e-01
14001 | 0.66s | train acc: 8.430e-01 | val acc: 7.558e-01 | val graph: 5.260e-01 | test node: 7.567e-01 | test graph: 5.020e-01
14201 | 0.67s | train acc: 8.368e-01 | val acc: 7.579e-01 | val graph: 5.300e-01 | test node: 7.578e-01 | test graph: 5.080e-01
14401 | 0.67s | train acc: 8.409e-01 | val acc: 7.579e-01 | val graph: 5.300e-01 | test node: 7.602e-01 | test graph: 5.060e-01
14601 | 0.66s | train acc: 8.430e-01 | val acc: 7.548e-01 | val graph: 5.240e-01 | test node: 7.586e-01 | test graph: 5.090e-01
14801 | 0.68s | train acc: 8.368e-01 | val acc: 7.526e-01 | val graph: 5.220e-01 | test node: 7.586e-01 | test graph: 5.000e-01
15001 | 0.66s | train acc: 8.409e-01 | val acc: 7.553e-01 | val graph: 5.240e-01 | test node: 7.633e-01 | test graph: 5.090e-01
15201 | 0.67s | train acc: 8.368e-01 | val acc: 7.579e-01 | val graph: 5.220e-01 | test node: 7.575e-01 | test graph: 4.980e-01
15401 | 0.66s | train acc: 8.450e-01 | val acc: 7.542e-01 | val graph: 5.240e-01 | test node: 7.570e-01 | test graph: 5.030e-01
15601 | 0.67s | train acc: 8.388e-01 | val acc: 7.548e-01 | val graph: 5.160e-01 | test node: 7.541e-01 | test graph: 4.940e-01
15801 | 0.67s | train acc: 8.388e-01 | val acc: 7.521e-01 | val graph: 5.180e-01 | test node: 7.609e-01 | test graph: 5.080e-01
16001 | 0.67s | train acc: 8.430e-01 | val acc: 7.569e-01 | val graph: 5.280e-01 | test node: 7.586e-01 | test graph: 4.980e-01
16201 | 0.65s | train acc: 8.409e-01 | val acc: 7.574e-01 | val graph: 5.280e-01 | test node: 7.578e-01 | test graph: 5.040e-01
16401 | 0.67s | train acc: 8.430e-01 | val acc: 7.585e-01 | val graph: 5.360e-01 | test node: 7.609e-01 | test graph: 5.020e-01
16601 | 0.68s | train acc: 8.347e-01 | val acc: 7.537e-01 | val graph: 5.140e-01 | test node: 7.491e-01 | test graph: 4.860e-01
16801 | 0.66s | train acc: 8.409e-01 | val acc: 7.542e-01 | val graph: 5.280e-01 | test node: 7.596e-01 | test graph: 5.020e-01
17001 | 0.55s | train acc: 8.430e-01 | val acc: 7.564e-01 | val graph: 5.200e-01 | test node: 7.588e-01 | test graph: 5.020e-01
17201 | 0.57s | train acc: 6.219e-01 | val acc: 5.058e-01 | val graph: 2.680e-01 | test node: 4.813e-01 | test graph: 2.390e-01
17401 | 0.66s | train acc: 8.368e-01 | val acc: 7.521e-01 | val graph: 5.220e-01 | test node: 7.557e-01 | test graph: 5.000e-01
17601 | 0.66s | train acc: 8.409e-01 | val acc: 7.558e-01 | val graph: 5.280e-01 | test node: 7.578e-01 | test graph: 5.030e-01
17801 | 0.66s | train acc: 8.409e-01 | val acc: 7.548e-01 | val graph: 5.200e-01 | test node: 7.609e-01 | test graph: 5.100e-01
18001 | 0.67s | train acc: 8.368e-01 | val acc: 7.569e-01 | val graph: 5.280e-01 | test node: 7.602e-01 | test graph: 5.050e-01
18201 | 0.69s | train acc: 8.409e-01 | val acc: 7.532e-01 | val graph: 5.240e-01 | test node: 7.570e-01 | test graph: 5.010e-01
18401 | 0.66s | train acc: 8.430e-01 | val acc: 7.553e-01 | val graph: 5.240e-01 | test node: 7.573e-01 | test graph: 4.990e-01
18601 | 0.68s | train acc: 8.430e-01 | val acc: 7.558e-01 | val graph: 5.260e-01 | test node: 7.580e-01 | test graph: 5.020e-01
