Feb14-04:00:26
----------------------------------------------------------------------------------------------------
[citeseer]   seed=42
----------------------------------------------------------------------------------------------------
lr=0.0005 unweighted_MSE=False diffusion_steps=80 schedule=True weight_decay=0.001 cat=False skip=False
nhid=64 layers=4 linears=2
----------------------------------------------------------------------------------------------------
001 | 1.17s | train acc: 1.260e-01 | val acc: 1.017e-01 | val graph: 2.800e-02 | test node: 1.042e-01 | test graph: 2.600e-02
101 | 0.45s | train acc: 1.198e-01 | val acc: 1.213e-01 | val graph: 9.800e-02 | test node: 1.446e-01 | test graph: 1.180e-01
201 | 0.46s | train acc: 1.198e-01 | val acc: 1.213e-01 | val graph: 9.800e-02 | test node: 1.446e-01 | test graph: 1.180e-01
301 | 0.46s | train acc: 1.116e-01 | val acc: 5.932e-02 | val graph: 2.200e-02 | test node: 5.963e-02 | test graph: 2.400e-02
401 | 0.47s | train acc: 2.376e-01 | val acc: 2.627e-01 | val graph: 1.120e-01 | test node: 2.441e-01 | test graph: 8.900e-02
501 | 0.47s | train acc: 2.376e-01 | val acc: 2.627e-01 | val graph: 1.120e-01 | test node: 2.441e-01 | test graph: 8.900e-02
601 | 0.47s | train acc: 2.087e-01 | val acc: 2.082e-01 | val graph: 1.320e-01 | test node: 1.826e-01 | test graph: 1.050e-01
701 | 0.48s | train acc: 2.376e-01 | val acc: 2.627e-01 | val graph: 1.120e-01 | test node: 2.441e-01 | test graph: 8.900e-02
801 | 0.47s | train acc: 2.376e-01 | val acc: 2.622e-01 | val graph: 1.100e-01 | test node: 2.441e-01 | test graph: 8.900e-02
901 | 0.47s | train acc: 2.376e-01 | val acc: 2.627e-01 | val graph: 1.120e-01 | test node: 2.441e-01 | test graph: 8.900e-02
1001 | 0.47s | train acc: 5.723e-01 | val acc: 5.312e-01 | val graph: 3.020e-01 | test node: 5.042e-01 | test graph: 2.720e-01
1101 | 0.48s | train acc: 5.744e-01 | val acc: 5.376e-01 | val graph: 3.060e-01 | test node: 5.016e-01 | test graph: 2.690e-01
1201 | 0.47s | train acc: 6.178e-01 | val acc: 5.456e-01 | val graph: 3.220e-01 | test node: 5.113e-01 | test graph: 2.860e-01
1301 | 0.46s | train acc: 7.562e-01 | val acc: 6.202e-01 | val graph: 3.920e-01 | test node: 5.881e-01 | test graph: 3.500e-01
1401 | 0.48s | train acc: 7.872e-01 | val acc: 6.679e-01 | val graph: 4.340e-01 | test node: 6.512e-01 | test graph: 3.940e-01
1501 | 0.47s | train acc: 7.851e-01 | val acc: 7.044e-01 | val graph: 4.660e-01 | test node: 6.939e-01 | test graph: 4.420e-01
1601 | 0.48s | train acc: 8.120e-01 | val acc: 7.341e-01 | val graph: 4.920e-01 | test node: 7.372e-01 | test graph: 4.860e-01
1701 | 0.47s | train acc: 8.492e-01 | val acc: 7.357e-01 | val graph: 4.920e-01 | test node: 7.522e-01 | test graph: 4.990e-01
1801 | 0.47s | train acc: 8.574e-01 | val acc: 7.394e-01 | val graph: 5.000e-01 | test node: 7.541e-01 | test graph: 4.970e-01
1901 | 0.48s | train acc: 8.409e-01 | val acc: 7.436e-01 | val graph: 4.960e-01 | test node: 7.525e-01 | test graph: 4.960e-01
2001 | 0.47s | train acc: 8.802e-01 | val acc: 7.579e-01 | val graph: 5.160e-01 | test node: 7.609e-01 | test graph: 5.090e-01
2101 | 0.47s | train acc: 8.554e-01 | val acc: 7.230e-01 | val graph: 4.680e-01 | test node: 7.216e-01 | test graph: 4.470e-01
2201 | 0.47s | train acc: 9.463e-01 | val acc: 7.479e-01 | val graph: 4.980e-01 | test node: 7.580e-01 | test graph: 4.860e-01
2301 | 0.47s | train acc: 9.628e-01 | val acc: 7.495e-01 | val graph: 5.040e-01 | test node: 7.644e-01 | test graph: 5.020e-01
2401 | 0.47s | train acc: 9.752e-01 | val acc: 7.495e-01 | val graph: 5.020e-01 | test node: 7.657e-01 | test graph: 4.990e-01
2501 | 0.47s | train acc: 9.855e-01 | val acc: 7.542e-01 | val graph: 5.000e-01 | test node: 7.644e-01 | test graph: 4.950e-01
2601 | 0.47s | train acc: 9.876e-01 | val acc: 7.452e-01 | val graph: 4.820e-01 | test node: 7.662e-01 | test graph: 5.020e-01
2701 | 0.51s | train acc: 9.897e-01 | val acc: 7.579e-01 | val graph: 5.000e-01 | test node: 7.728e-01 | test graph: 5.020e-01
2801 | 0.47s | train acc: 9.897e-01 | val acc: 7.542e-01 | val graph: 4.940e-01 | test node: 7.683e-01 | test graph: 4.970e-01
2901 | 0.47s | train acc: 9.917e-01 | val acc: 7.521e-01 | val graph: 4.880e-01 | test node: 7.670e-01 | test graph: 4.950e-01
3001 | 0.47s | train acc: 9.917e-01 | val acc: 7.532e-01 | val graph: 4.900e-01 | test node: 7.707e-01 | test graph: 4.980e-01
3101 | 0.48s | train acc: 9.917e-01 | val acc: 7.383e-01 | val graph: 4.700e-01 | test node: 7.525e-01 | test graph: 4.750e-01
3201 | 0.47s | train acc: 9.917e-01 | val acc: 7.532e-01 | val graph: 4.880e-01 | test node: 7.636e-01 | test graph: 4.940e-01
3301 | 0.47s | train acc: 9.938e-01 | val acc: 7.463e-01 | val graph: 4.700e-01 | test node: 7.554e-01 | test graph: 4.760e-01
3401 | 0.48s | train acc: 9.938e-01 | val acc: 7.548e-01 | val graph: 4.880e-01 | test node: 7.689e-01 | test graph: 5.000e-01
3501 | 0.47s | train acc: 9.938e-01 | val acc: 7.516e-01 | val graph: 4.780e-01 | test node: 7.599e-01 | test graph: 4.790e-01
3601 | 0.46s | train acc: 9.938e-01 | val acc: 7.389e-01 | val graph: 4.520e-01 | test node: 7.449e-01 | test graph: 4.560e-01
3701 | 0.47s | train acc: 9.938e-01 | val acc: 7.309e-01 | val graph: 4.500e-01 | test node: 7.372e-01 | test graph: 4.470e-01
3801 | 0.47s | train acc: 9.938e-01 | val acc: 7.235e-01 | val graph: 4.360e-01 | test node: 7.412e-01 | test graph: 4.630e-01
3901 | 0.47s | train acc: 9.938e-01 | val acc: 7.426e-01 | val graph: 4.680e-01 | test node: 7.557e-01 | test graph: 4.760e-01
4001 | 0.46s | train acc: 9.959e-01 | val acc: 7.452e-01 | val graph: 4.640e-01 | test node: 7.623e-01 | test graph: 4.850e-01
4101 | 0.46s | train acc: 9.959e-01 | val acc: 7.436e-01 | val graph: 4.660e-01 | test node: 7.596e-01 | test graph: 4.790e-01
4201 | 0.48s | train acc: 9.959e-01 | val acc: 7.410e-01 | val graph: 4.540e-01 | test node: 7.499e-01 | test graph: 4.670e-01
4301 | 0.47s | train acc: 9.959e-01 | val acc: 7.421e-01 | val graph: 4.580e-01 | test node: 7.562e-01 | test graph: 4.720e-01
4401 | 0.48s | train acc: 9.959e-01 | val acc: 7.410e-01 | val graph: 4.540e-01 | test node: 7.512e-01 | test graph: 4.650e-01
4501 | 0.47s | train acc: 9.959e-01 | val acc: 7.378e-01 | val graph: 4.600e-01 | test node: 7.501e-01 | test graph: 4.620e-01
4601 | 0.47s | train acc: 9.959e-01 | val acc: 7.299e-01 | val graph: 4.300e-01 | test node: 7.433e-01 | test graph: 4.450e-01
4701 | 0.47s | train acc: 9.959e-01 | val acc: 7.399e-01 | val graph: 4.500e-01 | test node: 7.443e-01 | test graph: 4.550e-01
4801 | 0.47s | train acc: 9.959e-01 | val acc: 7.415e-01 | val graph: 4.600e-01 | test node: 7.549e-01 | test graph: 4.730e-01
4901 | 0.47s | train acc: 9.959e-01 | val acc: 7.368e-01 | val graph: 4.500e-01 | test node: 7.472e-01 | test graph: 4.670e-01
5001 | 0.47s | train acc: 9.959e-01 | val acc: 7.389e-01 | val graph: 4.520e-01 | test node: 7.472e-01 | test graph: 4.610e-01
5101 | 0.48s | train acc: 9.959e-01 | val acc: 7.357e-01 | val graph: 4.460e-01 | test node: 7.470e-01 | test graph: 4.580e-01
5201 | 0.48s | train acc: 9.959e-01 | val acc: 7.383e-01 | val graph: 4.580e-01 | test node: 7.525e-01 | test graph: 4.690e-01
5301 | 0.47s | train acc: 9.959e-01 | val acc: 7.442e-01 | val graph: 4.660e-01 | test node: 7.567e-01 | test graph: 4.750e-01
5401 | 0.46s | train acc: 9.959e-01 | val acc: 7.357e-01 | val graph: 4.520e-01 | test node: 7.409e-01 | test graph: 4.540e-01
5501 | 0.47s | train acc: 9.959e-01 | val acc: 7.436e-01 | val graph: 4.600e-01 | test node: 7.525e-01 | test graph: 4.650e-01
5601 | 0.47s | train acc: 9.959e-01 | val acc: 7.399e-01 | val graph: 4.480e-01 | test node: 7.554e-01 | test graph: 4.740e-01
5701 | 0.47s | train acc: 9.959e-01 | val acc: 7.373e-01 | val graph: 4.480e-01 | test node: 7.499e-01 | test graph: 4.600e-01
5801 | 0.48s | train acc: 9.959e-01 | val acc: 7.399e-01 | val graph: 4.520e-01 | test node: 7.509e-01 | test graph: 4.670e-01
5901 | 0.48s | train acc: 9.959e-01 | val acc: 7.352e-01 | val graph: 4.500e-01 | test node: 7.393e-01 | test graph: 4.590e-01
6001 | 0.46s | train acc: 9.959e-01 | val acc: 7.421e-01 | val graph: 4.600e-01 | test node: 7.538e-01 | test graph: 4.700e-01
6101 | 0.48s | train acc: 9.959e-01 | val acc: 7.394e-01 | val graph: 4.580e-01 | test node: 7.533e-01 | test graph: 4.720e-01
6201 | 0.47s | train acc: 9.959e-01 | val acc: 7.431e-01 | val graph: 4.660e-01 | test node: 7.567e-01 | test graph: 4.820e-01
6301 | 0.47s | train acc: 9.959e-01 | val acc: 7.463e-01 | val graph: 4.700e-01 | test node: 7.599e-01 | test graph: 4.830e-01
6401 | 0.47s | train acc: 9.959e-01 | val acc: 7.399e-01 | val graph: 4.620e-01 | test node: 7.501e-01 | test graph: 4.690e-01
6501 | 0.47s | train acc: 9.959e-01 | val acc: 7.320e-01 | val graph: 4.460e-01 | test node: 7.433e-01 | test graph: 4.560e-01
6601 | 0.47s | train acc: 9.959e-01 | val acc: 7.389e-01 | val graph: 4.520e-01 | test node: 7.570e-01 | test graph: 4.780e-01
6701 | 0.47s | train acc: 9.959e-01 | val acc: 7.378e-01 | val graph: 4.600e-01 | test node: 7.562e-01 | test graph: 4.730e-01
6801 | 0.47s | train acc: 9.959e-01 | val acc: 7.447e-01 | val graph: 4.680e-01 | test node: 7.565e-01 | test graph: 4.780e-01
6901 | 0.47s | train acc: 9.959e-01 | val acc: 7.357e-01 | val graph: 4.520e-01 | test node: 7.480e-01 | test graph: 4.620e-01
7001 | 0.49s | train acc: 9.959e-01 | val acc: 7.378e-01 | val graph: 4.580e-01 | test node: 7.478e-01 | test graph: 4.710e-01
7101 | 0.47s | train acc: 9.959e-01 | val acc: 7.436e-01 | val graph: 4.600e-01 | test node: 7.504e-01 | test graph: 4.690e-01
7201 | 0.47s | train acc: 9.959e-01 | val acc: 7.394e-01 | val graph: 4.560e-01 | test node: 7.467e-01 | test graph: 4.610e-01
7301 | 0.47s | train acc: 9.959e-01 | val acc: 7.336e-01 | val graph: 4.520e-01 | test node: 7.414e-01 | test graph: 4.560e-01
7401 | 0.47s | train acc: 9.959e-01 | val acc: 7.426e-01 | val graph: 4.620e-01 | test node: 7.559e-01 | test graph: 4.820e-01
7501 | 0.47s | train acc: 9.959e-01 | val acc: 7.405e-01 | val graph: 4.680e-01 | test node: 7.499e-01 | test graph: 4.730e-01
7601 | 0.46s | train acc: 9.959e-01 | val acc: 7.389e-01 | val graph: 4.740e-01 | test node: 7.507e-01 | test graph: 4.770e-01
7701 | 0.47s | train acc: 9.959e-01 | val acc: 7.436e-01 | val graph: 4.700e-01 | test node: 7.507e-01 | test graph: 4.810e-01
7801 | 0.47s | train acc: 9.959e-01 | val acc: 7.479e-01 | val graph: 4.800e-01 | test node: 7.591e-01 | test graph: 4.880e-01
7901 | 0.47s | train acc: 9.959e-01 | val acc: 7.447e-01 | val graph: 4.720e-01 | test node: 7.528e-01 | test graph: 4.740e-01
8001 | 0.46s | train acc: 9.959e-01 | val acc: 7.458e-01 | val graph: 4.760e-01 | test node: 7.504e-01 | test graph: 4.720e-01
8101 | 0.48s | train acc: 9.959e-01 | val acc: 7.463e-01 | val graph: 4.860e-01 | test node: 7.573e-01 | test graph: 4.890e-01
8201 | 0.47s | train acc: 9.959e-01 | val acc: 7.426e-01 | val graph: 4.720e-01 | test node: 7.549e-01 | test graph: 4.780e-01
8301 | 0.46s | train acc: 9.959e-01 | val acc: 7.421e-01 | val graph: 4.660e-01 | test node: 7.565e-01 | test graph: 4.810e-01
8401 | 0.47s | train acc: 9.959e-01 | val acc: 7.410e-01 | val graph: 4.720e-01 | test node: 7.554e-01 | test graph: 4.800e-01
8501 | 0.48s | train acc: 9.959e-01 | val acc: 7.431e-01 | val graph: 4.680e-01 | test node: 7.504e-01 | test graph: 4.690e-01
8601 | 0.47s | train acc: 9.959e-01 | val acc: 7.442e-01 | val graph: 4.700e-01 | test node: 7.528e-01 | test graph: 4.720e-01
8701 | 0.47s | train acc: 9.959e-01 | val acc: 7.447e-01 | val graph: 4.760e-01 | test node: 7.538e-01 | test graph: 4.740e-01
8801 | 0.47s | train acc: 9.959e-01 | val acc: 7.489e-01 | val graph: 4.760e-01 | test node: 7.588e-01 | test graph: 4.860e-01
8901 | 0.47s | train acc: 9.959e-01 | val acc: 7.452e-01 | val graph: 4.780e-01 | test node: 7.538e-01 | test graph: 4.750e-01
9001 | 0.46s | train acc: 9.959e-01 | val acc: 7.383e-01 | val graph: 4.660e-01 | test node: 7.549e-01 | test graph: 4.810e-01
9101 | 0.47s | train acc: 9.959e-01 | val acc: 7.468e-01 | val graph: 4.760e-01 | test node: 7.541e-01 | test graph: 4.770e-01
9201 | 0.47s | train acc: 9.959e-01 | val acc: 7.447e-01 | val graph: 4.800e-01 | test node: 7.520e-01 | test graph: 4.750e-01
9301 | 0.48s | train acc: 9.959e-01 | val acc: 7.436e-01 | val graph: 4.840e-01 | test node: 7.549e-01 | test graph: 4.820e-01
9401 | 0.49s | train acc: 9.959e-01 | val acc: 7.299e-01 | val graph: 4.840e-01 | test node: 7.538e-01 | test graph: 4.940e-01
9501 | 0.47s | train acc: 9.959e-01 | val acc: 7.458e-01 | val graph: 4.840e-01 | test node: 7.594e-01 | test graph: 4.870e-01
9601 | 0.48s | train acc: 9.959e-01 | val acc: 7.452e-01 | val graph: 4.760e-01 | test node: 7.557e-01 | test graph: 4.790e-01
9701 | 0.47s | train acc: 9.959e-01 | val acc: 7.436e-01 | val graph: 4.880e-01 | test node: 7.504e-01 | test graph: 4.730e-01
9801 | 0.47s | train acc: 9.959e-01 | val acc: 7.378e-01 | val graph: 4.680e-01 | test node: 7.464e-01 | test graph: 4.650e-01
9901 | 0.49s | train acc: 9.959e-01 | val acc: 7.394e-01 | val graph: 4.740e-01 | test node: 7.485e-01 | test graph: 4.650e-01
10001 | 0.47s | train acc: 9.959e-01 | val acc: 7.463e-01 | val graph: 4.840e-01 | test node: 7.588e-01 | test graph: 4.830e-01
10101 | 0.47s | train acc: 9.959e-01 | val acc: 7.474e-01 | val graph: 4.780e-01 | test node: 7.567e-01 | test graph: 4.780e-01
