Feb14-04:16:04
----------------------------------------------------------------------------------------------------
[cora]   seed=42
----------------------------------------------------------------------------------------------------
lr=0.001 unweighted_MSE=False diffusion_steps=40 schedule=True weight_decay=0.001 cat=False skip=False
nhid=64 layers=4 linears=2
----------------------------------------------------------------------------------------------------
001 | 0.92s | train acc: 1.003e-01 | val acc: 5.065e-02 | val graph: 3.400e-02 | test node: 6.515e-02 | test graph: 3.400e-02
101 | 0.24s | train acc: 1.260e-01 | val acc: 1.495e-01 | val graph: 1.180e-01 | test node: 1.592e-01 | test graph: 1.110e-01
201 | 0.24s | train acc: 2.172e-01 | val acc: 1.475e-01 | val graph: 7.400e-02 | test node: 1.509e-01 | test graph: 7.500e-02
301 | 0.24s | train acc: 5.373e-01 | val acc: 4.796e-01 | val graph: 2.920e-01 | test node: 4.892e-01 | test graph: 3.230e-01
401 | 0.25s | train acc: 8.406e-01 | val acc: 6.650e-01 | val graph: 4.740e-01 | test node: 6.914e-01 | test graph: 5.030e-01
501 | 0.25s | train acc: 8.689e-01 | val acc: 7.377e-01 | val graph: 5.260e-01 | test node: 7.415e-01 | test graph: 5.340e-01
601 | 0.25s | train acc: 8.920e-01 | val acc: 7.504e-01 | val graph: 5.300e-01 | test node: 7.604e-01 | test graph: 5.520e-01
701 | 0.25s | train acc: 9.126e-01 | val acc: 7.819e-01 | val graph: 5.500e-01 | test node: 8.009e-01 | test graph: 5.750e-01
801 | 0.25s | train acc: 9.216e-01 | val acc: 7.819e-01 | val graph: 5.480e-01 | test node: 7.937e-01 | test graph: 5.650e-01
901 | 0.25s | train acc: 9.473e-01 | val acc: 7.843e-01 | val graph: 5.580e-01 | test node: 7.941e-01 | test graph: 5.720e-01
1001 | 0.25s | train acc: 9.679e-01 | val acc: 8.002e-01 | val graph: 5.560e-01 | test node: 8.105e-01 | test graph: 5.720e-01
1101 | 0.26s | train acc: 9.769e-01 | val acc: 7.921e-01 | val graph: 5.520e-01 | test node: 7.967e-01 | test graph: 5.590e-01
1201 | 0.26s | train acc: 9.949e-01 | val acc: 8.284e-01 | val graph: 5.880e-01 | test node: 8.270e-01 | test graph: 5.920e-01
1301 | 0.25s | train acc: 9.987e-01 | val acc: 8.231e-01 | val graph: 5.760e-01 | test node: 8.230e-01 | test graph: 5.900e-01
1401 | 0.25s | train acc: 9.987e-01 | val acc: 8.186e-01 | val graph: 5.640e-01 | test node: 8.171e-01 | test graph: 5.790e-01
1501 | 0.25s | train acc: 1.000e+00 | val acc: 8.137e-01 | val graph: 5.480e-01 | test node: 8.162e-01 | test graph: 5.810e-01
1601 | 0.25s | train acc: 1.000e+00 | val acc: 8.297e-01 | val graph: 5.740e-01 | test node: 8.287e-01 | test graph: 5.900e-01
1701 | 0.25s | train acc: 1.000e+00 | val acc: 8.207e-01 | val graph: 5.620e-01 | test node: 8.202e-01 | test graph: 5.830e-01
1801 | 0.24s | train acc: 1.000e+00 | val acc: 8.280e-01 | val graph: 5.640e-01 | test node: 8.279e-01 | test graph: 5.840e-01
1901 | 0.25s | train acc: 1.000e+00 | val acc: 8.248e-01 | val graph: 5.620e-01 | test node: 8.304e-01 | test graph: 5.850e-01
2001 | 0.24s | train acc: 1.000e+00 | val acc: 8.207e-01 | val graph: 5.620e-01 | test node: 8.137e-01 | test graph: 5.660e-01
2101 | 0.25s | train acc: 1.000e+00 | val acc: 8.211e-01 | val graph: 5.600e-01 | test node: 8.194e-01 | test graph: 5.750e-01
2201 | 0.24s | train acc: 1.000e+00 | val acc: 7.904e-01 | val graph: 5.220e-01 | test node: 7.946e-01 | test graph: 5.360e-01
2301 | 0.24s | train acc: 1.000e+00 | val acc: 8.252e-01 | val graph: 5.640e-01 | test node: 8.207e-01 | test graph: 5.750e-01
2401 | 0.26s | train acc: 1.000e+00 | val acc: 8.252e-01 | val graph: 5.620e-01 | test node: 8.258e-01 | test graph: 5.820e-01
2501 | 0.25s | train acc: 1.000e+00 | val acc: 8.256e-01 | val graph: 5.660e-01 | test node: 8.306e-01 | test graph: 5.800e-01
2601 | 0.25s | train acc: 1.000e+00 | val acc: 8.317e-01 | val graph: 5.800e-01 | test node: 8.315e-01 | test graph: 5.840e-01
2701 | 0.24s | train acc: 1.000e+00 | val acc: 8.141e-01 | val graph: 5.620e-01 | test node: 8.196e-01 | test graph: 5.730e-01
2801 | 0.24s | train acc: 1.000e+00 | val acc: 8.288e-01 | val graph: 5.740e-01 | test node: 8.268e-01 | test graph: 5.800e-01
2901 | 0.25s | train acc: 1.000e+00 | val acc: 8.313e-01 | val graph: 5.700e-01 | test node: 8.326e-01 | test graph: 5.870e-01
3001 | 0.24s | train acc: 1.000e+00 | val acc: 8.215e-01 | val graph: 5.560e-01 | test node: 8.175e-01 | test graph: 5.660e-01
3101 | 0.24s | train acc: 1.000e+00 | val acc: 8.207e-01 | val graph: 5.560e-01 | test node: 8.181e-01 | test graph: 5.660e-01
3201 | 0.25s | train acc: 1.000e+00 | val acc: 8.235e-01 | val graph: 5.620e-01 | test node: 8.211e-01 | test graph: 5.760e-01
3301 | 0.25s | train acc: 1.000e+00 | val acc: 8.292e-01 | val graph: 5.680e-01 | test node: 8.268e-01 | test graph: 5.820e-01
3401 | 0.25s | train acc: 1.000e+00 | val acc: 8.297e-01 | val graph: 5.680e-01 | test node: 8.287e-01 | test graph: 5.830e-01
3501 | 0.25s | train acc: 1.000e+00 | val acc: 8.162e-01 | val graph: 5.540e-01 | test node: 8.156e-01 | test graph: 5.630e-01
3601 | 0.26s | train acc: 1.000e+00 | val acc: 8.243e-01 | val graph: 5.600e-01 | test node: 8.251e-01 | test graph: 5.780e-01
3701 | 0.25s | train acc: 1.000e+00 | val acc: 8.280e-01 | val graph: 5.680e-01 | test node: 8.253e-01 | test graph: 5.750e-01
3801 | 0.25s | train acc: 1.000e+00 | val acc: 8.211e-01 | val graph: 5.520e-01 | test node: 8.198e-01 | test graph: 5.660e-01
3901 | 0.26s | train acc: 1.000e+00 | val acc: 8.239e-01 | val graph: 5.580e-01 | test node: 8.211e-01 | test graph: 5.740e-01
4001 | 0.25s | train acc: 1.000e+00 | val acc: 8.227e-01 | val graph: 5.580e-01 | test node: 8.253e-01 | test graph: 5.700e-01
4101 | 0.25s | train acc: 1.000e+00 | val acc: 8.243e-01 | val graph: 5.640e-01 | test node: 8.247e-01 | test graph: 5.710e-01
4201 | 0.25s | train acc: 1.000e+00 | val acc: 8.252e-01 | val graph: 5.600e-01 | test node: 8.213e-01 | test graph: 5.670e-01
4301 | 0.24s | train acc: 1.000e+00 | val acc: 8.199e-01 | val graph: 5.520e-01 | test node: 8.158e-01 | test graph: 5.640e-01
4401 | 0.25s | train acc: 1.000e+00 | val acc: 8.211e-01 | val graph: 5.480e-01 | test node: 8.230e-01 | test graph: 5.690e-01
4501 | 0.25s | train acc: 1.000e+00 | val acc: 8.137e-01 | val graph: 5.340e-01 | test node: 8.171e-01 | test graph: 5.560e-01
4601 | 0.25s | train acc: 1.000e+00 | val acc: 8.166e-01 | val graph: 5.560e-01 | test node: 8.239e-01 | test graph: 5.620e-01
4701 | 0.26s | train acc: 1.000e+00 | val acc: 8.292e-01 | val graph: 5.740e-01 | test node: 8.239e-01 | test graph: 5.720e-01
4801 | 0.25s | train acc: 1.000e+00 | val acc: 8.276e-01 | val graph: 5.680e-01 | test node: 8.219e-01 | test graph: 5.720e-01
4901 | 0.25s | train acc: 1.000e+00 | val acc: 8.072e-01 | val graph: 5.440e-01 | test node: 8.033e-01 | test graph: 5.430e-01
5001 | 0.25s | train acc: 1.000e+00 | val acc: 8.182e-01 | val graph: 5.540e-01 | test node: 8.169e-01 | test graph: 5.590e-01
5101 | 0.25s | train acc: 1.000e+00 | val acc: 8.105e-01 | val graph: 5.560e-01 | test node: 8.156e-01 | test graph: 5.490e-01
5201 | 0.25s | train acc: 1.000e+00 | val acc: 8.141e-01 | val graph: 5.440e-01 | test node: 8.139e-01 | test graph: 5.480e-01
5301 | 0.25s | train acc: 1.000e+00 | val acc: 8.137e-01 | val graph: 5.460e-01 | test node: 8.158e-01 | test graph: 5.550e-01
5401 | 0.25s | train acc: 1.000e+00 | val acc: 8.125e-01 | val graph: 5.500e-01 | test node: 8.098e-01 | test graph: 5.520e-01
5501 | 0.26s | train acc: 1.000e+00 | val acc: 8.215e-01 | val graph: 5.580e-01 | test node: 8.149e-01 | test graph: 5.520e-01
5601 | 0.26s | train acc: 1.000e+00 | val acc: 8.182e-01 | val graph: 5.500e-01 | test node: 8.166e-01 | test graph: 5.600e-01
5701 | 0.25s | train acc: 1.000e+00 | val acc: 8.186e-01 | val graph: 5.580e-01 | test node: 8.166e-01 | test graph: 5.590e-01
5801 | 0.25s | train acc: 1.000e+00 | val acc: 8.239e-01 | val graph: 5.560e-01 | test node: 8.222e-01 | test graph: 5.730e-01
5901 | 0.25s | train acc: 1.000e+00 | val acc: 8.203e-01 | val graph: 5.560e-01 | test node: 8.194e-01 | test graph: 5.640e-01
6001 | 0.24s | train acc: 1.000e+00 | val acc: 8.072e-01 | val graph: 5.260e-01 | test node: 8.139e-01 | test graph: 5.480e-01
6101 | 0.26s | train acc: 1.000e+00 | val acc: 7.998e-01 | val graph: 5.320e-01 | test node: 7.963e-01 | test graph: 5.460e-01
6201 | 0.26s | train acc: 1.000e+00 | val acc: 8.170e-01 | val graph: 5.540e-01 | test node: 8.113e-01 | test graph: 5.520e-01
6301 | 0.25s | train acc: 1.000e+00 | val acc: 8.194e-01 | val graph: 5.520e-01 | test node: 8.219e-01 | test graph: 5.630e-01
6401 | 0.26s | train acc: 1.000e+00 | val acc: 8.105e-01 | val graph: 5.420e-01 | test node: 8.094e-01 | test graph: 5.470e-01
6501 | 0.25s | train acc: 1.000e+00 | val acc: 8.121e-01 | val graph: 5.420e-01 | test node: 8.128e-01 | test graph: 5.540e-01
6601 | 0.25s | train acc: 1.000e+00 | val acc: 8.076e-01 | val graph: 5.360e-01 | test node: 8.075e-01 | test graph: 5.440e-01
6701 | 0.24s | train acc: 1.000e+00 | val acc: 8.199e-01 | val graph: 5.440e-01 | test node: 8.166e-01 | test graph: 5.590e-01
6801 | 0.26s | train acc: 1.000e+00 | val acc: 8.284e-01 | val graph: 5.720e-01 | test node: 8.207e-01 | test graph: 5.630e-01
6901 | 0.24s | train acc: 1.000e+00 | val acc: 8.133e-01 | val graph: 5.420e-01 | test node: 8.113e-01 | test graph: 5.470e-01
7001 | 0.24s | train acc: 1.000e+00 | val acc: 8.239e-01 | val graph: 5.600e-01 | test node: 8.185e-01 | test graph: 5.590e-01
7101 | 0.25s | train acc: 1.000e+00 | val acc: 8.199e-01 | val graph: 5.500e-01 | test node: 8.164e-01 | test graph: 5.590e-01
7201 | 0.26s | train acc: 1.000e+00 | val acc: 8.109e-01 | val graph: 5.380e-01 | test node: 8.113e-01 | test graph: 5.550e-01
7301 | 0.25s | train acc: 1.000e+00 | val acc: 8.088e-01 | val graph: 5.340e-01 | test node: 8.139e-01 | test graph: 5.520e-01
7401 | 0.25s | train acc: 1.000e+00 | val acc: 8.109e-01 | val graph: 5.360e-01 | test node: 8.190e-01 | test graph: 5.620e-01
7501 | 0.26s | train acc: 1.000e+00 | val acc: 8.182e-01 | val graph: 5.460e-01 | test node: 8.226e-01 | test graph: 5.620e-01
7601 | 0.25s | train acc: 1.000e+00 | val acc: 8.088e-01 | val graph: 5.440e-01 | test node: 8.120e-01 | test graph: 5.650e-01
7701 | 0.25s | train acc: 1.000e+00 | val acc: 8.199e-01 | val graph: 5.520e-01 | test node: 8.169e-01 | test graph: 5.600e-01
7801 | 0.25s | train acc: 1.000e+00 | val acc: 8.186e-01 | val graph: 5.700e-01 | test node: 8.183e-01 | test graph: 5.670e-01
7901 | 0.25s | train acc: 1.000e+00 | val acc: 8.215e-01 | val graph: 5.580e-01 | test node: 8.175e-01 | test graph: 5.550e-01
8001 | 0.25s | train acc: 1.000e+00 | val acc: 8.084e-01 | val graph: 5.360e-01 | test node: 8.084e-01 | test graph: 5.430e-01
8101 | 0.26s | train acc: 1.000e+00 | val acc: 8.117e-01 | val graph: 5.380e-01 | test node: 8.149e-01 | test graph: 5.500e-01
8201 | 0.25s | train acc: 1.000e+00 | val acc: 8.154e-01 | val graph: 5.440e-01 | test node: 8.081e-01 | test graph: 5.430e-01
8301 | 0.25s | train acc: 1.000e+00 | val acc: 8.100e-01 | val graph: 5.600e-01 | test node: 8.200e-01 | test graph: 5.790e-01
8401 | 0.25s | train acc: 1.000e+00 | val acc: 8.170e-01 | val graph: 5.460e-01 | test node: 8.183e-01 | test graph: 5.620e-01
8501 | 0.25s | train acc: 1.000e+00 | val acc: 8.276e-01 | val graph: 5.680e-01 | test node: 8.234e-01 | test graph: 5.720e-01
8601 | 0.24s | train acc: 1.000e+00 | val acc: 8.158e-01 | val graph: 5.380e-01 | test node: 8.200e-01 | test graph: 5.600e-01
8701 | 0.25s | train acc: 1.000e+00 | val acc: 7.516e-01 | val graph: 4.940e-01 | test node: 7.515e-01 | test graph: 4.910e-01
8801 | 0.25s | train acc: 1.000e+00 | val acc: 8.186e-01 | val graph: 5.620e-01 | test node: 8.207e-01 | test graph: 5.730e-01
8901 | 0.25s | train acc: 1.000e+00 | val acc: 8.260e-01 | val graph: 5.740e-01 | test node: 8.217e-01 | test graph: 5.680e-01
9001 | 0.26s | train acc: 1.000e+00 | val acc: 8.186e-01 | val graph: 5.620e-01 | test node: 8.147e-01 | test graph: 5.560e-01
9101 | 0.24s | train acc: 1.000e+00 | val acc: 8.056e-01 | val graph: 5.400e-01 | test node: 8.060e-01 | test graph: 5.440e-01
9201 | 0.24s | train acc: 1.000e+00 | val acc: 7.998e-01 | val graph: 5.360e-01 | test node: 8.009e-01 | test graph: 5.260e-01
9301 | 0.25s | train acc: 1.000e+00 | val acc: 8.068e-01 | val graph: 5.620e-01 | test node: 8.060e-01 | test graph: 5.570e-01
9401 | 0.25s | train acc: 1.000e+00 | val acc: 8.117e-01 | val graph: 5.500e-01 | test node: 8.105e-01 | test graph: 5.510e-01
9501 | 0.26s | train acc: 1.000e+00 | val acc: 8.272e-01 | val graph: 5.680e-01 | test node: 8.245e-01 | test graph: 5.730e-01
9601 | 0.26s | train acc: 1.000e+00 | val acc: 8.248e-01 | val graph: 5.620e-01 | test node: 8.200e-01 | test graph: 5.640e-01
9701 | 0.25s | train acc: 1.000e+00 | val acc: 8.227e-01 | val graph: 5.640e-01 | test node: 8.190e-01 | test graph: 5.650e-01
9801 | 0.25s | train acc: 1.000e+00 | val acc: 8.133e-01 | val graph: 5.480e-01 | test node: 8.113e-01 | test graph: 5.520e-01
9901 | 0.24s | train acc: 1.000e+00 | val acc: 8.158e-01 | val graph: 5.460e-01 | test node: 8.192e-01 | test graph: 5.570e-01
10001 | 0.25s | train acc: 1.000e+00 | val acc: 8.166e-01 | val graph: 5.460e-01 | test node: 8.152e-01 | test graph: 5.560e-01
10101 | 0.25s | train acc: 1.000e+00 | val acc: 8.047e-01 | val graph: 5.440e-01 | test node: 8.024e-01 | test graph: 5.510e-01
10201 | 0.25s | train acc: 1.000e+00 | val acc: 8.162e-01 | val graph: 5.540e-01 | test node: 8.088e-01 | test graph: 5.600e-01
10301 | 0.26s | train acc: 1.000e+00 | val acc: 8.215e-01 | val graph: 5.540e-01 | test node: 8.156e-01 | test graph: 5.550e-01
10401 | 0.25s | train acc: 1.000e+00 | val acc: 8.194e-01 | val graph: 5.460e-01 | test node: 8.109e-01 | test graph: 5.420e-01
10501 | 0.25s | train acc: 1.000e+00 | val acc: 8.211e-01 | val graph: 5.560e-01 | test node: 8.185e-01 | test graph: 5.620e-01
10601 | 0.25s | train acc: 1.000e+00 | val acc: 8.141e-01 | val graph: 5.360e-01 | test node: 8.160e-01 | test graph: 5.530e-01
10701 | 0.26s | train acc: 1.000e+00 | val acc: 7.565e-01 | val graph: 4.960e-01 | test node: 7.689e-01 | test graph: 4.990e-01
10801 | 0.24s | train acc: 1.000e+00 | val acc: 7.937e-01 | val graph: 5.320e-01 | test node: 7.893e-01 | test graph: 5.210e-01
10901 | 0.26s | train acc: 1.000e+00 | val acc: 8.039e-01 | val graph: 5.380e-01 | test node: 8.020e-01 | test graph: 5.340e-01
11001 | 0.24s | train acc: 1.000e+00 | val acc: 8.150e-01 | val graph: 5.460e-01 | test node: 8.103e-01 | test graph: 5.510e-01
11101 | 0.25s | train acc: 1.000e+00 | val acc: 8.154e-01 | val graph: 5.520e-01 | test node: 8.098e-01 | test graph: 5.430e-01
11201 | 0.24s | train acc: 1.000e+00 | val acc: 8.174e-01 | val graph: 5.460e-01 | test node: 8.128e-01 | test graph: 5.490e-01
11301 | 0.25s | train acc: 1.000e+00 | val acc: 8.056e-01 | val graph: 5.540e-01 | test node: 8.094e-01 | test graph: 5.440e-01
11401 | 0.25s | train acc: 1.000e+00 | val acc: 8.100e-01 | val graph: 5.580e-01 | test node: 8.113e-01 | test graph: 5.460e-01
11501 | 0.27s | train acc: 1.000e+00 | val acc: 8.133e-01 | val graph: 5.560e-01 | test node: 8.115e-01 | test graph: 5.520e-01
11601 | 0.25s | train acc: 1.000e+00 | val acc: 8.166e-01 | val graph: 5.580e-01 | test node: 8.188e-01 | test graph: 5.600e-01
11701 | 0.25s | train acc: 1.000e+00 | val acc: 8.121e-01 | val graph: 5.460e-01 | test node: 8.115e-01 | test graph: 5.460e-01
11801 | 0.25s | train acc: 1.000e+00 | val acc: 8.113e-01 | val graph: 5.380e-01 | test node: 8.147e-01 | test graph: 5.470e-01
11901 | 0.25s | train acc: 1.000e+00 | val acc: 8.203e-01 | val graph: 5.600e-01 | test node: 8.200e-01 | test graph: 5.770e-01
12001 | 0.25s | train acc: 1.000e+00 | val acc: 8.227e-01 | val graph: 5.660e-01 | test node: 8.224e-01 | test graph: 5.680e-01
12101 | 0.24s | train acc: 1.000e+00 | val acc: 8.223e-01 | val graph: 5.620e-01 | test node: 8.145e-01 | test graph: 5.480e-01
12201 | 0.26s | train acc: 1.000e+00 | val acc: 7.990e-01 | val graph: 5.400e-01 | test node: 7.967e-01 | test graph: 5.440e-01
12301 | 0.25s | train acc: 1.000e+00 | val acc: 8.084e-01 | val graph: 5.500e-01 | test node: 8.090e-01 | test graph: 5.550e-01
12401 | 0.25s | train acc: 1.000e+00 | val acc: 8.064e-01 | val graph: 5.380e-01 | test node: 8.035e-01 | test graph: 5.400e-01
12501 | 0.24s | train acc: 1.000e+00 | val acc: 8.092e-01 | val graph: 5.340e-01 | test node: 8.037e-01 | test graph: 5.350e-01
12601 | 0.25s | train acc: 1.000e+00 | val acc: 8.035e-01 | val graph: 5.360e-01 | test node: 7.978e-01 | test graph: 5.320e-01
12701 | 0.25s | train acc: 1.000e+00 | val acc: 7.827e-01 | val graph: 5.100e-01 | test node: 7.765e-01 | test graph: 4.990e-01
12801 | 0.25s | train acc: 1.000e+00 | val acc: 7.953e-01 | val graph: 5.360e-01 | test node: 8.028e-01 | test graph: 5.460e-01
12901 | 0.25s | train acc: 1.000e+00 | val acc: 8.015e-01 | val graph: 5.240e-01 | test node: 8.086e-01 | test graph: 5.470e-01
13001 | 0.25s | train acc: 1.000e+00 | val acc: 8.039e-01 | val graph: 5.300e-01 | test node: 8.052e-01 | test graph: 5.340e-01
13101 | 0.25s | train acc: 1.000e+00 | val acc: 8.166e-01 | val graph: 5.440e-01 | test node: 8.175e-01 | test graph: 5.560e-01
13201 | 0.25s | train acc: 1.000e+00 | val acc: 8.133e-01 | val graph: 5.420e-01 | test node: 8.160e-01 | test graph: 5.500e-01
13301 | 0.24s | train acc: 1.000e+00 | val acc: 8.190e-01 | val graph: 5.560e-01 | test node: 8.164e-01 | test graph: 5.550e-01
13401 | 0.25s | train acc: 1.000e+00 | val acc: 8.231e-01 | val graph: 5.660e-01 | test node: 8.190e-01 | test graph: 5.660e-01
13501 | 0.24s | train acc: 1.000e+00 | val acc: 8.154e-01 | val graph: 5.540e-01 | test node: 8.181e-01 | test graph: 5.540e-01
13601 | 0.25s | train acc: 1.000e+00 | val acc: 8.137e-01 | val graph: 5.460e-01 | test node: 8.103e-01 | test graph: 5.420e-01
