Feb08-03:23:06
----------------------------------------------------------------------------------------------------
[citeseer]   seed=0
----------------------------------------------------------------------------------------------------
lr=0.001 schedule=True ema=0.999 weight_decay=0.003cat=False skip=Falseepochs=30000 reduce=False eps=1e-05
nhid=16 layers=2 linears=2
----------------------------------------------------------------------------------------------------
001 | 1.40s | train acc: 1.198e-01 | val acc: 1.213e-01 | val graph: 9.800e-02 | test node: 1.446e-01 | test graph: 1.180e-01
201 | 0.66s | train acc: 1.508e-01 | val acc: 1.600e-01 | val graph: 4.200e-02 | test node: 1.507e-01 | test graph: 4.100e-02
401 | 0.65s | train acc: 2.231e-01 | val acc: 1.997e-01 | val graph: 1.000e-01 | test node: 1.908e-01 | test graph: 6.300e-02
601 | 0.55s | train acc: 2.107e-01 | val acc: 2.060e-01 | val graph: 1.220e-01 | test node: 1.905e-01 | test graph: 8.600e-02
801 | 0.62s | train acc: 1.446e-01 | val acc: 1.785e-01 | val graph: 1.120e-01 | test node: 1.828e-01 | test graph: 8.400e-02
1001 | 0.68s | train acc: 2.252e-01 | val acc: 2.092e-01 | val graph: 1.300e-01 | test node: 1.923e-01 | test graph: 8.500e-02
1201 | 0.65s | train acc: 2.603e-01 | val acc: 2.500e-01 | val graph: 1.100e-01 | test node: 2.211e-01 | test graph: 8.100e-02
1401 | 0.68s | train acc: 2.624e-01 | val acc: 2.442e-01 | val graph: 1.180e-01 | test node: 2.169e-01 | test graph: 8.100e-02
1601 | 0.67s | train acc: 2.107e-01 | val acc: 2.331e-01 | val graph: 1.280e-01 | test node: 2.040e-01 | test graph: 9.700e-02
1801 | 0.68s | train acc: 2.996e-01 | val acc: 2.908e-01 | val graph: 1.220e-01 | test node: 2.744e-01 | test graph: 9.900e-02
2001 | 0.67s | train acc: 2.355e-01 | val acc: 2.606e-01 | val graph: 1.060e-01 | test node: 2.391e-01 | test graph: 8.100e-02
2201 | 0.66s | train acc: 2.335e-01 | val acc: 2.521e-01 | val graph: 1.000e-01 | test node: 2.348e-01 | test graph: 7.100e-02
2401 | 0.66s | train acc: 2.314e-01 | val acc: 2.526e-01 | val graph: 1.000e-01 | test node: 2.361e-01 | test graph: 7.300e-02
2601 | 0.66s | train acc: 2.355e-01 | val acc: 2.548e-01 | val graph: 1.020e-01 | test node: 2.383e-01 | test graph: 7.500e-02
2801 | 0.67s | train acc: 2.397e-01 | val acc: 2.638e-01 | val graph: 1.100e-01 | test node: 2.438e-01 | test graph: 8.500e-02
3001 | 0.64s | train acc: 2.355e-01 | val acc: 2.622e-01 | val graph: 1.080e-01 | test node: 2.414e-01 | test graph: 8.500e-02
3201 | 0.66s | train acc: 2.087e-01 | val acc: 2.082e-01 | val graph: 1.320e-01 | test node: 1.826e-01 | test graph: 1.050e-01
3401 | 0.67s | train acc: 3.223e-01 | val acc: 2.664e-01 | val graph: 1.380e-01 | test node: 2.430e-01 | test graph: 1.080e-01
3601 | 0.65s | train acc: 3.326e-01 | val acc: 3.077e-01 | val graph: 1.280e-01 | test node: 2.894e-01 | test graph: 9.200e-02
3801 | 0.66s | train acc: 2.996e-01 | val acc: 3.067e-01 | val graph: 1.260e-01 | test node: 2.739e-01 | test graph: 7.700e-02
4001 | 0.66s | train acc: 3.223e-01 | val acc: 2.950e-01 | val graph: 1.400e-01 | test node: 2.707e-01 | test graph: 1.020e-01
4201 | 0.64s | train acc: 3.140e-01 | val acc: 3.157e-01 | val graph: 1.480e-01 | test node: 2.797e-01 | test graph: 9.100e-02
4401 | 0.67s | train acc: 2.087e-01 | val acc: 2.082e-01 | val graph: 1.320e-01 | test node: 1.826e-01 | test graph: 1.050e-01
4601 | 0.65s | train acc: 2.087e-01 | val acc: 2.082e-01 | val graph: 1.320e-01 | test node: 1.826e-01 | test graph: 1.050e-01
4801 | 0.64s | train acc: 4.153e-01 | val acc: 3.867e-01 | val graph: 1.880e-01 | test node: 3.615e-01 | test graph: 1.460e-01
5001 | 0.65s | train acc: 4.277e-01 | val acc: 4.179e-01 | val graph: 2.120e-01 | test node: 3.757e-01 | test graph: 1.600e-01
5201 | 0.67s | train acc: 1.880e-01 | val acc: 1.716e-01 | val graph: 1.120e-01 | test node: 1.628e-01 | test graph: 1.070e-01
5401 | 0.65s | train acc: 3.988e-01 | val acc: 3.363e-01 | val graph: 1.480e-01 | test node: 3.079e-01 | test graph: 1.180e-01
5601 | 0.54s | train acc: 3.120e-01 | val acc: 3.374e-01 | val graph: 1.920e-01 | test node: 3.583e-01 | test graph: 1.830e-01
5801 | 0.54s | train acc: 4.298e-01 | val acc: 4.121e-01 | val graph: 2.020e-01 | test node: 3.839e-01 | test graph: 1.730e-01
6001 | 0.65s | train acc: 4.731e-01 | val acc: 4.507e-01 | val graph: 2.300e-01 | test node: 4.090e-01 | test graph: 1.850e-01
6201 | 0.67s | train acc: 2.087e-01 | val acc: 2.082e-01 | val graph: 1.320e-01 | test node: 1.826e-01 | test graph: 1.050e-01
6401 | 0.65s | train acc: 3.946e-01 | val acc: 3.284e-01 | val graph: 1.680e-01 | test node: 3.005e-01 | test graph: 1.330e-01
6601 | 0.65s | train acc: 4.401e-01 | val acc: 4.492e-01 | val graph: 2.300e-01 | test node: 4.095e-01 | test graph: 1.850e-01
6801 | 0.66s | train acc: 4.360e-01 | val acc: 4.105e-01 | val graph: 2.140e-01 | test node: 3.744e-01 | test graph: 1.690e-01
7001 | 0.65s | train acc: 4.153e-01 | val acc: 3.978e-01 | val graph: 2.000e-01 | test node: 3.615e-01 | test graph: 1.540e-01
7201 | 0.66s | train acc: 4.442e-01 | val acc: 4.407e-01 | val graph: 2.260e-01 | test node: 4.058e-01 | test graph: 1.860e-01
7401 | 0.66s | train acc: 4.401e-01 | val acc: 4.115e-01 | val graph: 2.120e-01 | test node: 3.789e-01 | test graph: 1.710e-01
7601 | 0.66s | train acc: 4.442e-01 | val acc: 4.460e-01 | val graph: 2.280e-01 | test node: 4.077e-01 | test graph: 1.880e-01
7801 | 0.65s | train acc: 4.442e-01 | val acc: 4.571e-01 | val graph: 2.400e-01 | test node: 4.124e-01 | test graph: 1.920e-01
8001 | 0.65s | train acc: 4.442e-01 | val acc: 4.417e-01 | val graph: 2.260e-01 | test node: 4.055e-01 | test graph: 1.840e-01
8201 | 0.65s | train acc: 4.339e-01 | val acc: 4.476e-01 | val graph: 2.300e-01 | test node: 4.018e-01 | test graph: 1.840e-01
8401 | 0.67s | train acc: 4.442e-01 | val acc: 4.439e-01 | val graph: 2.280e-01 | test node: 4.079e-01 | test graph: 1.860e-01
8601 | 0.65s | train acc: 4.463e-01 | val acc: 4.417e-01 | val graph: 2.300e-01 | test node: 4.063e-01 | test graph: 1.860e-01
8801 | 0.65s | train acc: 4.628e-01 | val acc: 4.513e-01 | val graph: 2.360e-01 | test node: 4.206e-01 | test graph: 1.940e-01
9001 | 0.66s | train acc: 5.041e-01 | val acc: 4.815e-01 | val graph: 2.480e-01 | test node: 4.536e-01 | test graph: 2.140e-01
9201 | 0.68s | train acc: 5.475e-01 | val acc: 5.095e-01 | val graph: 2.720e-01 | test node: 4.691e-01 | test graph: 2.320e-01
9401 | 0.66s | train acc: 5.888e-01 | val acc: 5.291e-01 | val graph: 2.940e-01 | test node: 4.963e-01 | test graph: 2.560e-01
9601 | 0.66s | train acc: 5.868e-01 | val acc: 5.403e-01 | val graph: 3.040e-01 | test node: 5.074e-01 | test graph: 2.680e-01
9801 | 0.66s | train acc: 5.909e-01 | val acc: 5.249e-01 | val graph: 2.840e-01 | test node: 4.844e-01 | test graph: 2.400e-01
10001 | 0.66s | train acc: 5.909e-01 | val acc: 5.567e-01 | val graph: 3.280e-01 | test node: 5.142e-01 | test graph: 2.790e-01
10201 | 0.65s | train acc: 6.033e-01 | val acc: 5.593e-01 | val graph: 3.300e-01 | test node: 5.169e-01 | test graph: 2.770e-01
10401 | 0.65s | train acc: 5.971e-01 | val acc: 5.556e-01 | val graph: 3.260e-01 | test node: 5.137e-01 | test graph: 2.780e-01
10601 | 0.66s | train acc: 6.405e-01 | val acc: 5.667e-01 | val graph: 3.320e-01 | test node: 5.282e-01 | test graph: 2.850e-01
10801 | 0.54s | train acc: 6.529e-01 | val acc: 5.673e-01 | val graph: 3.340e-01 | test node: 5.317e-01 | test graph: 2.850e-01
11001 | 0.61s | train acc: 7.293e-01 | val acc: 5.969e-01 | val graph: 3.580e-01 | test node: 5.744e-01 | test graph: 3.120e-01
11201 | 0.66s | train acc: 7.851e-01 | val acc: 6.647e-01 | val graph: 4.100e-01 | test node: 6.427e-01 | test graph: 3.650e-01
11401 | 0.66s | train acc: 7.872e-01 | val acc: 6.642e-01 | val graph: 4.100e-01 | test node: 6.475e-01 | test graph: 3.860e-01
11601 | 0.65s | train acc: 7.996e-01 | val acc: 6.970e-01 | val graph: 4.460e-01 | test node: 6.802e-01 | test graph: 4.090e-01
11801 | 0.65s | train acc: 7.996e-01 | val acc: 6.822e-01 | val graph: 4.420e-01 | test node: 6.623e-01 | test graph: 3.950e-01
12001 | 0.65s | train acc: 8.037e-01 | val acc: 6.917e-01 | val graph: 4.420e-01 | test node: 6.807e-01 | test graph: 4.080e-01
12201 | 0.66s | train acc: 8.079e-01 | val acc: 7.029e-01 | val graph: 4.480e-01 | test node: 6.868e-01 | test graph: 4.150e-01
12401 | 0.65s | train acc: 7.748e-01 | val acc: 6.711e-01 | val graph: 4.260e-01 | test node: 6.594e-01 | test graph: 4.010e-01
12601 | 0.66s | train acc: 8.120e-01 | val acc: 7.087e-01 | val graph: 4.460e-01 | test node: 7.018e-01 | test graph: 4.280e-01
12801 | 0.66s | train acc: 8.058e-01 | val acc: 7.113e-01 | val graph: 4.640e-01 | test node: 6.910e-01 | test graph: 4.240e-01
13001 | 0.66s | train acc: 7.955e-01 | val acc: 6.706e-01 | val graph: 4.400e-01 | test node: 6.528e-01 | test graph: 3.920e-01
13201 | 0.66s | train acc: 8.161e-01 | val acc: 7.341e-01 | val graph: 5.080e-01 | test node: 7.296e-01 | test graph: 4.720e-01
13401 | 0.66s | train acc: 8.202e-01 | val acc: 7.500e-01 | val graph: 5.160e-01 | test node: 7.512e-01 | test graph: 4.850e-01
13601 | 0.66s | train acc: 8.285e-01 | val acc: 7.505e-01 | val graph: 5.260e-01 | test node: 7.591e-01 | test graph: 5.020e-01
13801 | 0.66s | train acc: 8.326e-01 | val acc: 7.532e-01 | val graph: 5.220e-01 | test node: 7.625e-01 | test graph: 5.080e-01
14001 | 0.67s | train acc: 8.409e-01 | val acc: 7.526e-01 | val graph: 5.140e-01 | test node: 7.604e-01 | test graph: 5.050e-01
14201 | 0.67s | train acc: 8.388e-01 | val acc: 7.511e-01 | val graph: 5.180e-01 | test node: 7.544e-01 | test graph: 4.970e-01
14401 | 0.66s | train acc: 8.450e-01 | val acc: 7.585e-01 | val graph: 5.380e-01 | test node: 7.623e-01 | test graph: 5.110e-01
14601 | 0.66s | train acc: 8.492e-01 | val acc: 7.537e-01 | val graph: 5.240e-01 | test node: 7.660e-01 | test graph: 5.110e-01
14801 | 0.67s | train acc: 8.430e-01 | val acc: 7.542e-01 | val graph: 5.260e-01 | test node: 7.633e-01 | test graph: 5.110e-01
15001 | 0.66s | train acc: 8.388e-01 | val acc: 7.537e-01 | val graph: 5.300e-01 | test node: 7.662e-01 | test graph: 5.080e-01
15201 | 0.67s | train acc: 8.409e-01 | val acc: 7.564e-01 | val graph: 5.400e-01 | test node: 7.591e-01 | test graph: 5.020e-01
15401 | 0.67s | train acc: 8.450e-01 | val acc: 7.526e-01 | val graph: 5.200e-01 | test node: 7.599e-01 | test graph: 5.030e-01
15601 | 0.66s | train acc: 8.388e-01 | val acc: 7.516e-01 | val graph: 5.180e-01 | test node: 7.538e-01 | test graph: 4.950e-01
15801 | 0.54s | train acc: 8.388e-01 | val acc: 7.516e-01 | val graph: 5.180e-01 | test node: 7.586e-01 | test graph: 4.940e-01
16001 | 0.56s | train acc: 8.409e-01 | val acc: 7.542e-01 | val graph: 5.220e-01 | test node: 7.594e-01 | test graph: 4.970e-01
16201 | 0.67s | train acc: 8.450e-01 | val acc: 7.564e-01 | val graph: 5.300e-01 | test node: 7.623e-01 | test graph: 5.050e-01
16401 | 0.65s | train acc: 8.430e-01 | val acc: 7.553e-01 | val graph: 5.260e-01 | test node: 7.652e-01 | test graph: 5.080e-01
16601 | 0.67s | train acc: 8.368e-01 | val acc: 7.537e-01 | val graph: 5.200e-01 | test node: 7.628e-01 | test graph: 5.080e-01
16801 | 0.65s | train acc: 8.450e-01 | val acc: 7.532e-01 | val graph: 5.200e-01 | test node: 7.612e-01 | test graph: 5.020e-01
