Feb08-03:29:56
----------------------------------------------------------------------------------------------------
[citeseer]   seed=1
----------------------------------------------------------------------------------------------------
lr=0.001 schedule=True ema=0.999 weight_decay=0.003cat=False skip=Falseepochs=30000 reduce=False eps=1e-05
nhid=16 layers=2 linears=2
----------------------------------------------------------------------------------------------------
001 | 1.42s | train acc: 1.880e-01 | val acc: 1.690e-01 | val graph: 1.080e-01 | test node: 1.631e-01 | test graph: 1.070e-01
201 | 0.67s | train acc: 2.190e-01 | val acc: 2.421e-01 | val graph: 8.200e-02 | test node: 2.280e-01 | test graph: 6.200e-02
401 | 0.70s | train acc: 1.508e-01 | val acc: 1.430e-01 | val graph: 4.000e-02 | test node: 1.496e-01 | test graph: 3.800e-02
601 | 0.68s | train acc: 1.136e-01 | val acc: 8.210e-02 | val graph: 2.200e-02 | test node: 6.042e-02 | test graph: 2.600e-02
801 | 0.68s | train acc: 1.136e-01 | val acc: 6.038e-02 | val graph: 2.200e-02 | test node: 6.227e-02 | test graph: 2.500e-02
1001 | 0.67s | train acc: 1.095e-01 | val acc: 5.879e-02 | val graph: 2.200e-02 | test node: 5.963e-02 | test graph: 2.300e-02
1201 | 0.69s | train acc: 1.116e-01 | val acc: 6.091e-02 | val graph: 2.000e-02 | test node: 6.201e-02 | test graph: 2.300e-02
1401 | 0.68s | train acc: 2.376e-01 | val acc: 2.315e-01 | val graph: 1.240e-01 | test node: 2.132e-01 | test graph: 9.300e-02
1601 | 0.69s | train acc: 2.045e-01 | val acc: 1.568e-01 | val graph: 5.800e-02 | test node: 1.673e-01 | test graph: 7.000e-02
1801 | 0.69s | train acc: 1.116e-01 | val acc: 6.674e-02 | val graph: 2.000e-02 | test node: 6.675e-02 | test graph: 2.900e-02
2001 | 0.70s | train acc: 1.095e-01 | val acc: 5.879e-02 | val graph: 2.000e-02 | test node: 5.805e-02 | test graph: 2.300e-02
2201 | 0.68s | train acc: 2.004e-01 | val acc: 1.700e-01 | val graph: 1.060e-01 | test node: 1.660e-01 | test graph: 1.080e-01
2401 | 0.70s | train acc: 1.095e-01 | val acc: 6.356e-02 | val graph: 2.000e-02 | test node: 6.201e-02 | test graph: 2.800e-02
2601 | 0.68s | train acc: 1.095e-01 | val acc: 5.667e-02 | val graph: 1.800e-02 | test node: 5.778e-02 | test graph: 2.300e-02
2801 | 0.67s | train acc: 2.541e-01 | val acc: 2.029e-01 | val graph: 1.120e-01 | test node: 1.894e-01 | test graph: 1.050e-01
3001 | 0.69s | train acc: 2.087e-01 | val acc: 2.082e-01 | val graph: 1.320e-01 | test node: 1.826e-01 | test graph: 1.050e-01
3201 | 0.67s | train acc: 3.574e-01 | val acc: 2.474e-01 | val graph: 7.200e-02 | test node: 2.412e-01 | test graph: 8.200e-02
3401 | 0.56s | train acc: 2.748e-01 | val acc: 2.034e-01 | val graph: 1.000e-01 | test node: 1.960e-01 | test graph: 9.800e-02
3601 | 0.58s | train acc: 5.475e-01 | val acc: 3.771e-01 | val graph: 1.600e-01 | test node: 3.607e-01 | test graph: 1.340e-01
3801 | 0.68s | train acc: 2.004e-01 | val acc: 1.743e-01 | val graph: 1.080e-01 | test node: 1.694e-01 | test graph: 1.070e-01
4001 | 0.68s | train acc: 2.521e-01 | val acc: 2.940e-01 | val graph: 1.360e-01 | test node: 2.894e-01 | test graph: 1.230e-01
4201 | 0.68s | train acc: 1.963e-01 | val acc: 2.060e-01 | val graph: 1.540e-01 | test node: 2.354e-01 | test graph: 1.590e-01
4401 | 0.69s | train acc: 2.293e-01 | val acc: 2.288e-01 | val graph: 1.560e-01 | test node: 2.501e-01 | test graph: 1.600e-01
4601 | 0.67s | train acc: 4.277e-01 | val acc: 3.326e-01 | val graph: 1.800e-01 | test node: 3.098e-01 | test graph: 1.630e-01
4801 | 0.68s | train acc: 3.946e-01 | val acc: 2.982e-01 | val graph: 1.580e-01 | test node: 2.646e-01 | test graph: 1.190e-01
5001 | 0.67s | train acc: 2.252e-01 | val acc: 1.568e-01 | val graph: 7.200e-02 | test node: 1.602e-01 | test graph: 8.800e-02
5201 | 0.68s | train acc: 2.376e-01 | val acc: 2.622e-01 | val graph: 1.100e-01 | test node: 2.441e-01 | test graph: 8.900e-02
5401 | 0.68s | train acc: 2.376e-01 | val acc: 2.622e-01 | val graph: 1.100e-01 | test node: 2.441e-01 | test graph: 8.900e-02
5601 | 0.67s | train acc: 2.376e-01 | val acc: 2.622e-01 | val graph: 1.100e-01 | test node: 2.441e-01 | test graph: 8.900e-02
5801 | 0.68s | train acc: 2.872e-01 | val acc: 2.775e-01 | val graph: 1.160e-01 | test node: 2.515e-01 | test graph: 9.300e-02
6001 | 0.67s | train acc: 3.802e-01 | val acc: 3.358e-01 | val graph: 1.520e-01 | test node: 3.201e-01 | test graph: 1.360e-01
6201 | 0.68s | train acc: 5.744e-01 | val acc: 5.138e-01 | val graph: 2.860e-01 | test node: 4.913e-01 | test graph: 2.480e-01
6401 | 0.68s | train acc: 2.376e-01 | val acc: 2.622e-01 | val graph: 1.100e-01 | test node: 2.441e-01 | test graph: 8.900e-02
6601 | 0.70s | train acc: 2.376e-01 | val acc: 2.622e-01 | val graph: 1.100e-01 | test node: 2.441e-01 | test graph: 8.900e-02
6801 | 0.67s | train acc: 2.376e-01 | val acc: 2.632e-01 | val graph: 1.100e-01 | test node: 2.441e-01 | test graph: 8.900e-02
7001 | 0.69s | train acc: 2.831e-01 | val acc: 2.791e-01 | val graph: 1.160e-01 | test node: 2.591e-01 | test graph: 9.000e-02
7201 | 0.68s | train acc: 5.640e-01 | val acc: 5.169e-01 | val graph: 2.700e-01 | test node: 4.749e-01 | test graph: 2.290e-01
7401 | 0.67s | train acc: 2.397e-01 | val acc: 2.638e-01 | val graph: 1.100e-01 | test node: 2.456e-01 | test graph: 8.900e-02
7601 | 0.67s | train acc: 3.120e-01 | val acc: 2.966e-01 | val graph: 1.320e-01 | test node: 2.770e-01 | test graph: 9.900e-02
7801 | 0.68s | train acc: 4.070e-01 | val acc: 3.406e-01 | val graph: 1.660e-01 | test node: 3.061e-01 | test graph: 1.150e-01
8001 | 0.69s | train acc: 5.599e-01 | val acc: 4.931e-01 | val graph: 2.640e-01 | test node: 4.504e-01 | test graph: 2.160e-01
8201 | 0.68s | train acc: 5.599e-01 | val acc: 5.090e-01 | val graph: 2.680e-01 | test node: 4.644e-01 | test graph: 2.260e-01
8401 | 0.56s | train acc: 5.806e-01 | val acc: 5.111e-01 | val graph: 2.740e-01 | test node: 4.773e-01 | test graph: 2.430e-01
8601 | 0.56s | train acc: 5.888e-01 | val acc: 5.212e-01 | val graph: 2.920e-01 | test node: 4.821e-01 | test graph: 2.470e-01
8801 | 0.68s | train acc: 5.455e-01 | val acc: 4.645e-01 | val graph: 2.440e-01 | test node: 4.364e-01 | test graph: 2.150e-01
9001 | 0.67s | train acc: 5.847e-01 | val acc: 5.249e-01 | val graph: 2.880e-01 | test node: 4.929e-01 | test graph: 2.590e-01
9201 | 0.69s | train acc: 4.835e-01 | val acc: 3.872e-01 | val graph: 2.180e-01 | test node: 3.570e-01 | test graph: 1.840e-01
9401 | 0.67s | train acc: 5.847e-01 | val acc: 5.355e-01 | val graph: 3.040e-01 | test node: 5.003e-01 | test graph: 2.680e-01
9601 | 0.68s | train acc: 5.847e-01 | val acc: 5.334e-01 | val graph: 2.980e-01 | test node: 4.844e-01 | test graph: 2.510e-01
9801 | 0.69s | train acc: 5.847e-01 | val acc: 5.291e-01 | val graph: 2.980e-01 | test node: 4.908e-01 | test graph: 2.560e-01
10001 | 0.67s | train acc: 4.174e-01 | val acc: 3.427e-01 | val graph: 2.320e-01 | test node: 3.544e-01 | test graph: 2.330e-01
10201 | 0.68s | train acc: 5.888e-01 | val acc: 5.461e-01 | val graph: 3.160e-01 | test node: 5.071e-01 | test graph: 2.710e-01
10401 | 0.67s | train acc: 5.909e-01 | val acc: 5.413e-01 | val graph: 3.200e-01 | test node: 5.024e-01 | test graph: 2.740e-01
10601 | 0.67s | train acc: 5.661e-01 | val acc: 4.963e-01 | val graph: 2.700e-01 | test node: 4.512e-01 | test graph: 2.190e-01
10801 | 0.66s | train acc: 6.033e-01 | val acc: 5.535e-01 | val graph: 3.280e-01 | test node: 5.074e-01 | test graph: 2.740e-01
11001 | 0.68s | train acc: 5.909e-01 | val acc: 5.249e-01 | val graph: 3.020e-01 | test node: 4.839e-01 | test graph: 2.680e-01
11201 | 0.67s | train acc: 5.992e-01 | val acc: 5.498e-01 | val graph: 3.280e-01 | test node: 5.113e-01 | test graph: 2.780e-01
11401 | 0.68s | train acc: 6.033e-01 | val acc: 5.493e-01 | val graph: 3.260e-01 | test node: 5.074e-01 | test graph: 2.750e-01
11601 | 0.67s | train acc: 6.033e-01 | val acc: 5.567e-01 | val graph: 3.320e-01 | test node: 5.121e-01 | test graph: 2.770e-01
11801 | 0.68s | train acc: 6.054e-01 | val acc: 5.583e-01 | val graph: 3.360e-01 | test node: 5.098e-01 | test graph: 2.730e-01
12001 | 0.68s | train acc: 6.095e-01 | val acc: 5.567e-01 | val graph: 3.300e-01 | test node: 5.148e-01 | test graph: 2.810e-01
12201 | 0.66s | train acc: 6.095e-01 | val acc: 5.556e-01 | val graph: 3.260e-01 | test node: 5.140e-01 | test graph: 2.780e-01
12401 | 0.67s | train acc: 6.074e-01 | val acc: 5.556e-01 | val graph: 3.280e-01 | test node: 5.137e-01 | test graph: 2.760e-01
12601 | 0.68s | train acc: 6.074e-01 | val acc: 5.593e-01 | val graph: 3.340e-01 | test node: 5.135e-01 | test graph: 2.770e-01
12801 | 0.67s | train acc: 6.095e-01 | val acc: 5.482e-01 | val graph: 3.260e-01 | test node: 5.129e-01 | test graph: 2.790e-01
13001 | 0.67s | train acc: 6.136e-01 | val acc: 5.588e-01 | val graph: 3.300e-01 | test node: 5.166e-01 | test graph: 2.770e-01
13201 | 0.68s | train acc: 6.198e-01 | val acc: 5.593e-01 | val graph: 3.320e-01 | test node: 5.190e-01 | test graph: 2.780e-01
13401 | 0.58s | train acc: 6.963e-01 | val acc: 6.319e-01 | val graph: 3.860e-01 | test node: 5.897e-01 | test graph: 3.340e-01
13601 | 0.68s | train acc: 7.004e-01 | val acc: 6.377e-01 | val graph: 3.980e-01 | test node: 6.066e-01 | test graph: 3.550e-01
13801 | 0.67s | train acc: 7.128e-01 | val acc: 6.510e-01 | val graph: 4.200e-01 | test node: 6.156e-01 | test graph: 3.700e-01
14001 | 0.68s | train acc: 7.169e-01 | val acc: 6.626e-01 | val graph: 4.360e-01 | test node: 6.282e-01 | test graph: 3.760e-01
14201 | 0.67s | train acc: 7.190e-01 | val acc: 6.578e-01 | val graph: 4.360e-01 | test node: 6.301e-01 | test graph: 3.790e-01
14401 | 0.68s | train acc: 7.293e-01 | val acc: 6.737e-01 | val graph: 4.260e-01 | test node: 6.528e-01 | test graph: 3.900e-01
14601 | 0.70s | train acc: 7.190e-01 | val acc: 6.653e-01 | val graph: 4.400e-01 | test node: 6.317e-01 | test graph: 3.800e-01
14801 | 0.69s | train acc: 7.190e-01 | val acc: 6.584e-01 | val graph: 4.320e-01 | test node: 6.272e-01 | test graph: 3.720e-01
15001 | 0.69s | train acc: 7.190e-01 | val acc: 6.637e-01 | val graph: 4.380e-01 | test node: 6.327e-01 | test graph: 3.790e-01
15201 | 0.69s | train acc: 7.211e-01 | val acc: 6.600e-01 | val graph: 4.400e-01 | test node: 6.296e-01 | test graph: 3.770e-01
15401 | 0.68s | train acc: 7.231e-01 | val acc: 6.536e-01 | val graph: 4.200e-01 | test node: 6.203e-01 | test graph: 3.660e-01
15601 | 0.68s | train acc: 7.252e-01 | val acc: 6.584e-01 | val graph: 4.320e-01 | test node: 6.282e-01 | test graph: 3.700e-01
15801 | 0.68s | train acc: 7.128e-01 | val acc: 6.589e-01 | val graph: 4.340e-01 | test node: 6.288e-01 | test graph: 3.750e-01
16001 | 0.68s | train acc: 7.149e-01 | val acc: 6.589e-01 | val graph: 4.320e-01 | test node: 6.230e-01 | test graph: 3.700e-01
16201 | 0.69s | train acc: 7.231e-01 | val acc: 6.568e-01 | val graph: 4.260e-01 | test node: 6.285e-01 | test graph: 3.710e-01
16401 | 0.68s | train acc: 7.211e-01 | val acc: 6.536e-01 | val graph: 4.180e-01 | test node: 6.193e-01 | test graph: 3.630e-01
16601 | 0.70s | train acc: 7.149e-01 | val acc: 6.589e-01 | val graph: 4.260e-01 | test node: 6.224e-01 | test graph: 3.610e-01
16801 | 0.67s | train acc: 7.252e-01 | val acc: 6.653e-01 | val graph: 4.360e-01 | test node: 6.296e-01 | test graph: 3.750e-01
17001 | 0.68s | train acc: 7.190e-01 | val acc: 6.679e-01 | val graph: 4.360e-01 | test node: 6.380e-01 | test graph: 3.830e-01
17201 | 0.67s | train acc: 7.190e-01 | val acc: 6.594e-01 | val graph: 4.240e-01 | test node: 6.282e-01 | test graph: 3.710e-01
17401 | 0.68s | train acc: 7.190e-01 | val acc: 6.653e-01 | val graph: 4.240e-01 | test node: 6.327e-01 | test graph: 3.670e-01
17601 | 0.71s | train acc: 7.190e-01 | val acc: 6.525e-01 | val graph: 4.160e-01 | test node: 6.156e-01 | test graph: 3.620e-01
17801 | 0.67s | train acc: 7.169e-01 | val acc: 6.552e-01 | val graph: 4.200e-01 | test node: 6.182e-01 | test graph: 3.590e-01
18001 | 0.68s | train acc: 7.169e-01 | val acc: 6.377e-01 | val graph: 3.900e-01 | test node: 6.034e-01 | test graph: 3.430e-01
18201 | 0.57s | train acc: 7.149e-01 | val acc: 6.536e-01 | val graph: 4.140e-01 | test node: 6.193e-01 | test graph: 3.650e-01
18401 | 0.56s | train acc: 7.231e-01 | val acc: 6.457e-01 | val graph: 3.940e-01 | test node: 6.177e-01 | test graph: 3.550e-01
18601 | 0.67s | train acc: 7.169e-01 | val acc: 6.467e-01 | val graph: 4.060e-01 | test node: 6.150e-01 | test graph: 3.560e-01
18801 | 0.68s | train acc: 7.211e-01 | val acc: 6.494e-01 | val graph: 4.000e-01 | test node: 6.169e-01 | test graph: 3.560e-01
19001 | 0.66s | train acc: 7.211e-01 | val acc: 6.483e-01 | val graph: 3.980e-01 | test node: 6.161e-01 | test graph: 3.520e-01
19201 | 0.68s | train acc: 7.293e-01 | val acc: 6.525e-01 | val graph: 4.120e-01 | test node: 6.240e-01 | test graph: 3.580e-01
19401 | 0.67s | train acc: 7.376e-01 | val acc: 6.388e-01 | val graph: 3.820e-01 | test node: 6.113e-01 | test graph: 3.400e-01
19601 | 0.68s | train acc: 7.583e-01 | val acc: 6.520e-01 | val graph: 3.940e-01 | test node: 6.245e-01 | test graph: 3.580e-01
19801 | 0.67s | train acc: 7.355e-01 | val acc: 6.255e-01 | val graph: 3.900e-01 | test node: 6.219e-01 | test graph: 3.700e-01
20001 | 0.68s | train acc: 7.624e-01 | val acc: 6.457e-01 | val graph: 3.860e-01 | test node: 6.132e-01 | test graph: 3.470e-01
20201 | 0.68s | train acc: 7.252e-01 | val acc: 6.271e-01 | val graph: 3.940e-01 | test node: 6.224e-01 | test graph: 3.660e-01
20401 | 0.68s | train acc: 7.231e-01 | val acc: 6.504e-01 | val graph: 3.980e-01 | test node: 6.153e-01 | test graph: 3.480e-01
20601 | 0.67s | train acc: 7.149e-01 | val acc: 6.382e-01 | val graph: 3.880e-01 | test node: 6.058e-01 | test graph: 3.460e-01
20801 | 0.67s | train acc: 8.099e-01 | val acc: 6.478e-01 | val graph: 3.940e-01 | test node: 6.354e-01 | test graph: 3.560e-01
21001 | 0.69s | train acc: 7.190e-01 | val acc: 6.266e-01 | val graph: 3.940e-01 | test node: 6.098e-01 | test graph: 3.630e-01
21201 | 0.68s | train acc: 7.190e-01 | val acc: 6.520e-01 | val graph: 4.240e-01 | test node: 6.214e-01 | test graph: 3.640e-01
21401 | 0.67s | train acc: 7.252e-01 | val acc: 6.261e-01 | val graph: 3.920e-01 | test node: 6.187e-01 | test graph: 3.640e-01
21601 | 0.67s | train acc: 7.314e-01 | val acc: 6.377e-01 | val graph: 3.780e-01 | test node: 6.354e-01 | test graph: 3.580e-01
21801 | 0.67s | train acc: 8.017e-01 | val acc: 6.419e-01 | val graph: 3.860e-01 | test node: 6.314e-01 | test graph: 3.570e-01
22001 | 0.68s | train acc: 7.252e-01 | val acc: 6.261e-01 | val graph: 3.960e-01 | test node: 6.140e-01 | test graph: 3.600e-01
22201 | 0.69s | train acc: 8.058e-01 | val acc: 6.430e-01 | val graph: 3.900e-01 | test node: 6.351e-01 | test graph: 3.660e-01
22401 | 0.68s | train acc: 8.161e-01 | val acc: 6.356e-01 | val graph: 3.700e-01 | test node: 6.214e-01 | test graph: 3.440e-01
22601 | 0.69s | train acc: 8.058e-01 | val acc: 6.467e-01 | val graph: 3.920e-01 | test node: 6.340e-01 | test graph: 3.660e-01
22801 | 0.68s | train acc: 7.252e-01 | val acc: 6.425e-01 | val graph: 3.820e-01 | test node: 6.253e-01 | test graph: 3.540e-01
23001 | 0.68s | train acc: 7.252e-01 | val acc: 6.345e-01 | val graph: 3.840e-01 | test node: 6.264e-01 | test graph: 3.550e-01
23201 | 0.56s | train acc: 7.231e-01 | val acc: 6.282e-01 | val graph: 3.780e-01 | test node: 6.216e-01 | test graph: 3.580e-01
23401 | 0.56s | train acc: 7.190e-01 | val acc: 6.308e-01 | val graph: 3.880e-01 | test node: 6.174e-01 | test graph: 3.550e-01
23601 | 0.65s | train acc: 7.231e-01 | val acc: 6.224e-01 | val graph: 3.900e-01 | test node: 6.069e-01 | test graph: 3.670e-01
23801 | 0.68s | train acc: 7.293e-01 | val acc: 6.250e-01 | val graph: 3.940e-01 | test node: 6.108e-01 | test graph: 3.620e-01
24001 | 0.67s | train acc: 7.190e-01 | val acc: 6.536e-01 | val graph: 4.280e-01 | test node: 6.259e-01 | test graph: 3.760e-01
24201 | 0.68s | train acc: 7.273e-01 | val acc: 6.483e-01 | val graph: 3.840e-01 | test node: 6.346e-01 | test graph: 3.650e-01
24401 | 0.67s | train acc: 7.273e-01 | val acc: 6.329e-01 | val graph: 3.940e-01 | test node: 6.145e-01 | test graph: 3.590e-01
24601 | 0.68s | train acc: 7.169e-01 | val acc: 6.224e-01 | val graph: 3.820e-01 | test node: 6.000e-01 | test graph: 3.490e-01
24801 | 0.68s | train acc: 7.211e-01 | val acc: 6.271e-01 | val graph: 3.900e-01 | test node: 6.092e-01 | test graph: 3.650e-01
25001 | 0.69s | train acc: 7.231e-01 | val acc: 6.218e-01 | val graph: 3.900e-01 | test node: 6.063e-01 | test graph: 3.640e-01
25201 | 0.68s | train acc: 7.231e-01 | val acc: 6.261e-01 | val graph: 3.940e-01 | test node: 6.098e-01 | test graph: 3.650e-01
25401 | 0.67s | train acc: 7.252e-01 | val acc: 6.271e-01 | val graph: 3.960e-01 | test node: 6.179e-01 | test graph: 3.690e-01
25601 | 0.68s | train acc: 7.211e-01 | val acc: 6.510e-01 | val graph: 4.160e-01 | test node: 6.190e-01 | test graph: 3.660e-01
25801 | 0.68s | train acc: 7.851e-01 | val acc: 6.610e-01 | val graph: 4.220e-01 | test node: 6.243e-01 | test graph: 3.690e-01
26001 | 0.67s | train acc: 7.211e-01 | val acc: 6.573e-01 | val graph: 3.920e-01 | test node: 6.412e-01 | test graph: 3.670e-01
26201 | 0.68s | train acc: 7.190e-01 | val acc: 6.255e-01 | val graph: 3.900e-01 | test node: 6.106e-01 | test graph: 3.720e-01
26401 | 0.67s | train acc: 7.190e-01 | val acc: 6.208e-01 | val graph: 3.880e-01 | test node: 6.106e-01 | test graph: 3.690e-01
26601 | 0.69s | train acc: 7.231e-01 | val acc: 6.356e-01 | val graph: 3.860e-01 | test node: 6.166e-01 | test graph: 3.560e-01
26801 | 0.66s | train acc: 7.231e-01 | val acc: 6.478e-01 | val graph: 3.940e-01 | test node: 6.369e-01 | test graph: 3.680e-01
27001 | 0.67s | train acc: 7.231e-01 | val acc: 6.218e-01 | val graph: 3.960e-01 | test node: 6.066e-01 | test graph: 3.610e-01
27201 | 0.68s | train acc: 7.211e-01 | val acc: 6.276e-01 | val graph: 3.920e-01 | test node: 6.071e-01 | test graph: 3.610e-01
27401 | 0.67s | train acc: 7.231e-01 | val acc: 6.245e-01 | val graph: 3.920e-01 | test node: 6.129e-01 | test graph: 3.710e-01
27601 | 0.68s | train acc: 7.231e-01 | val acc: 6.208e-01 | val graph: 3.880e-01 | test node: 6.055e-01 | test graph: 3.620e-01
27801 | 0.69s | train acc: 7.231e-01 | val acc: 6.271e-01 | val graph: 3.940e-01 | test node: 6.119e-01 | test graph: 3.720e-01
28001 | 0.60s | train acc: 7.211e-01 | val acc: 6.298e-01 | val graph: 3.900e-01 | test node: 6.069e-01 | test graph: 3.630e-01
28201 | 0.56s | train acc: 7.293e-01 | val acc: 6.356e-01 | val graph: 3.940e-01 | test node: 6.272e-01 | test graph: 3.680e-01
28401 | 0.67s | train acc: 7.252e-01 | val acc: 6.276e-01 | val graph: 3.980e-01 | test node: 6.119e-01 | test graph: 3.710e-01
28601 | 0.69s | train acc: 7.231e-01 | val acc: 6.250e-01 | val graph: 3.920e-01 | test node: 6.095e-01 | test graph: 3.690e-01
28801 | 0.67s | train acc: 7.273e-01 | val acc: 6.271e-01 | val graph: 3.880e-01 | test node: 6.116e-01 | test graph: 3.680e-01
