Feb08-03:41:49
----------------------------------------------------------------------------------------------------
[citeseer]   seed=1
----------------------------------------------------------------------------------------------------
lr=0.001 schedule=True ema=0.999 weight_decay=0.001cat=False skip=Falseepochs=30000 reduce=False eps=1e-05
nhid=16 layers=2 linears=2
----------------------------------------------------------------------------------------------------
001 | 1.43s | train acc: 1.880e-01 | val acc: 1.690e-01 | val graph: 1.080e-01 | test node: 1.631e-01 | test graph: 1.070e-01
201 | 0.66s | train acc: 2.335e-01 | val acc: 2.574e-01 | val graph: 1.020e-01 | test node: 2.380e-01 | test graph: 8.000e-02
401 | 0.65s | train acc: 1.756e-01 | val acc: 1.668e-01 | val graph: 4.800e-02 | test node: 1.799e-01 | test graph: 4.200e-02
601 | 0.67s | train acc: 1.116e-01 | val acc: 9.216e-02 | val graph: 2.400e-02 | test node: 7.071e-02 | test graph: 2.700e-02
801 | 0.66s | train acc: 1.116e-01 | val acc: 8.210e-02 | val graph: 2.200e-02 | test node: 6.016e-02 | test graph: 2.500e-02
1001 | 0.64s | train acc: 1.178e-01 | val acc: 9.110e-02 | val graph: 3.000e-02 | test node: 8.918e-02 | test graph: 3.600e-02
1201 | 0.67s | train acc: 2.087e-01 | val acc: 2.071e-01 | val graph: 1.320e-01 | test node: 1.831e-01 | test graph: 1.050e-01
1401 | 0.65s | train acc: 1.136e-01 | val acc: 6.515e-02 | val graph: 2.000e-02 | test node: 6.227e-02 | test graph: 2.500e-02
1601 | 0.65s | train acc: 1.095e-01 | val acc: 7.256e-02 | val graph: 2.400e-02 | test node: 6.623e-02 | test graph: 2.600e-02
1801 | 0.68s | train acc: 2.665e-01 | val acc: 2.172e-01 | val graph: 9.600e-02 | test node: 1.931e-01 | test graph: 9.100e-02
2001 | 0.66s | train acc: 3.120e-01 | val acc: 2.299e-01 | val graph: 1.000e-01 | test node: 2.053e-01 | test graph: 9.400e-02
2201 | 0.66s | train acc: 3.616e-01 | val acc: 2.807e-01 | val graph: 9.600e-02 | test node: 2.786e-01 | test graph: 1.050e-01
2401 | 0.68s | train acc: 3.698e-01 | val acc: 2.940e-01 | val graph: 1.080e-01 | test node: 2.876e-01 | test graph: 1.090e-01
2601 | 0.66s | train acc: 3.884e-01 | val acc: 3.141e-01 | val graph: 1.260e-01 | test node: 2.997e-01 | test graph: 1.230e-01
2801 | 0.66s | train acc: 4.008e-01 | val acc: 3.220e-01 | val graph: 1.480e-01 | test node: 3.024e-01 | test graph: 1.360e-01
3001 | 0.68s | train acc: 3.760e-01 | val acc: 3.030e-01 | val graph: 1.300e-01 | test node: 2.863e-01 | test graph: 1.120e-01
3201 | 0.66s | train acc: 2.934e-01 | val acc: 2.648e-01 | val graph: 1.040e-01 | test node: 2.538e-01 | test graph: 9.100e-02
3401 | 0.66s | train acc: 3.678e-01 | val acc: 2.897e-01 | val graph: 1.260e-01 | test node: 2.625e-01 | test graph: 1.000e-01
3601 | 0.66s | train acc: 2.376e-01 | val acc: 2.622e-01 | val graph: 1.100e-01 | test node: 2.441e-01 | test graph: 8.900e-02
3801 | 0.66s | train acc: 3.967e-01 | val acc: 3.464e-01 | val graph: 1.680e-01 | test node: 3.330e-01 | test graph: 1.650e-01
4001 | 0.56s | train acc: 3.967e-01 | val acc: 3.363e-01 | val graph: 1.560e-01 | test node: 3.208e-01 | test graph: 1.540e-01
4201 | 0.54s | train acc: 3.864e-01 | val acc: 3.379e-01 | val graph: 1.580e-01 | test node: 3.235e-01 | test graph: 1.430e-01
4401 | 0.65s | train acc: 3.988e-01 | val acc: 3.633e-01 | val graph: 1.840e-01 | test node: 3.380e-01 | test graph: 1.590e-01
4601 | 0.65s | train acc: 3.822e-01 | val acc: 3.321e-01 | val graph: 1.500e-01 | test node: 3.224e-01 | test graph: 1.400e-01
4801 | 0.66s | train acc: 4.132e-01 | val acc: 3.581e-01 | val graph: 1.820e-01 | test node: 3.266e-01 | test graph: 1.550e-01
5001 | 0.65s | train acc: 4.050e-01 | val acc: 3.734e-01 | val graph: 1.820e-01 | test node: 3.480e-01 | test graph: 1.560e-01
5201 | 0.66s | train acc: 4.628e-01 | val acc: 4.126e-01 | val graph: 2.280e-01 | test node: 3.823e-01 | test graph: 1.840e-01
5401 | 0.65s | train acc: 3.574e-01 | val acc: 3.104e-01 | val graph: 2.000e-01 | test node: 2.839e-01 | test graph: 1.710e-01
5601 | 0.67s | train acc: 5.723e-01 | val acc: 5.196e-01 | val graph: 2.920e-01 | test node: 4.712e-01 | test graph: 2.370e-01
5801 | 0.66s | train acc: 2.376e-01 | val acc: 2.622e-01 | val graph: 1.100e-01 | test node: 2.441e-01 | test graph: 8.900e-02
6001 | 0.67s | train acc: 2.727e-01 | val acc: 2.701e-01 | val graph: 1.140e-01 | test node: 2.475e-01 | test graph: 9.000e-02
6201 | 0.65s | train acc: 5.599e-01 | val acc: 5.185e-01 | val graph: 2.740e-01 | test node: 4.726e-01 | test graph: 2.310e-01
6401 | 0.66s | train acc: 5.599e-01 | val acc: 5.132e-01 | val graph: 2.860e-01 | test node: 4.702e-01 | test graph: 2.340e-01
6601 | 0.66s | train acc: 5.764e-01 | val acc: 5.318e-01 | val graph: 3.120e-01 | test node: 4.897e-01 | test graph: 2.560e-01
6801 | 0.66s | train acc: 5.579e-01 | val acc: 4.465e-01 | val graph: 2.440e-01 | test node: 4.047e-01 | test graph: 1.870e-01
7001 | 0.67s | train acc: 5.702e-01 | val acc: 5.291e-01 | val graph: 3.040e-01 | test node: 4.821e-01 | test graph: 2.470e-01
7201 | 0.65s | train acc: 4.050e-01 | val acc: 3.416e-01 | val graph: 1.900e-01 | test node: 3.251e-01 | test graph: 1.720e-01
7401 | 0.65s | train acc: 5.785e-01 | val acc: 5.238e-01 | val graph: 3.040e-01 | test node: 4.905e-01 | test graph: 2.560e-01
7601 | 0.67s | train acc: 5.847e-01 | val acc: 5.312e-01 | val graph: 3.100e-01 | test node: 4.889e-01 | test graph: 2.460e-01
7801 | 0.65s | train acc: 5.826e-01 | val acc: 5.085e-01 | val graph: 2.760e-01 | test node: 4.639e-01 | test graph: 2.260e-01
8001 | 0.66s | train acc: 5.826e-01 | val acc: 5.307e-01 | val graph: 3.020e-01 | test node: 4.900e-01 | test graph: 2.480e-01
8201 | 0.65s | train acc: 5.723e-01 | val acc: 5.154e-01 | val graph: 2.820e-01 | test node: 4.749e-01 | test graph: 2.330e-01
8401 | 0.66s | train acc: 5.950e-01 | val acc: 5.207e-01 | val graph: 2.820e-01 | test node: 4.826e-01 | test graph: 2.440e-01
8601 | 0.66s | train acc: 5.971e-01 | val acc: 5.376e-01 | val graph: 3.080e-01 | test node: 4.934e-01 | test graph: 2.530e-01
8801 | 0.67s | train acc: 5.992e-01 | val acc: 5.403e-01 | val graph: 3.000e-01 | test node: 4.963e-01 | test graph: 2.540e-01
9001 | 0.54s | train acc: 5.124e-01 | val acc: 4.439e-01 | val graph: 2.720e-01 | test node: 4.533e-01 | test graph: 2.560e-01
9201 | 0.54s | train acc: 6.818e-01 | val acc: 5.397e-01 | val graph: 3.160e-01 | test node: 5.113e-01 | test graph: 2.690e-01
9401 | 0.65s | train acc: 6.983e-01 | val acc: 5.784e-01 | val graph: 3.460e-01 | test node: 5.515e-01 | test graph: 2.930e-01
9601 | 0.67s | train acc: 7.169e-01 | val acc: 6.409e-01 | val graph: 4.000e-01 | test node: 6.111e-01 | test graph: 3.500e-01
9801 | 0.65s | train acc: 7.645e-01 | val acc: 6.584e-01 | val graph: 4.160e-01 | test node: 6.338e-01 | test graph: 3.640e-01
10001 | 0.66s | train acc: 7.789e-01 | val acc: 6.139e-01 | val graph: 3.720e-01 | test node: 6.106e-01 | test graph: 3.570e-01
10201 | 0.64s | train acc: 8.326e-01 | val acc: 7.219e-01 | val graph: 4.820e-01 | test node: 7.288e-01 | test graph: 4.690e-01
10401 | 0.68s | train acc: 8.368e-01 | val acc: 7.336e-01 | val graph: 5.020e-01 | test node: 7.306e-01 | test graph: 4.660e-01
10601 | 0.66s | train acc: 8.285e-01 | val acc: 7.029e-01 | val graph: 4.600e-01 | test node: 6.979e-01 | test graph: 4.320e-01
10801 | 0.65s | train acc: 8.409e-01 | val acc: 7.442e-01 | val graph: 4.980e-01 | test node: 7.451e-01 | test graph: 4.850e-01
11001 | 0.66s | train acc: 8.471e-01 | val acc: 7.463e-01 | val graph: 5.040e-01 | test node: 7.472e-01 | test graph: 4.820e-01
11201 | 0.68s | train acc: 8.430e-01 | val acc: 7.463e-01 | val graph: 5.200e-01 | test node: 7.488e-01 | test graph: 4.880e-01
11401 | 0.69s | train acc: 8.450e-01 | val acc: 7.431e-01 | val graph: 5.020e-01 | test node: 7.456e-01 | test graph: 4.780e-01
11601 | 0.67s | train acc: 8.471e-01 | val acc: 7.474e-01 | val graph: 5.060e-01 | test node: 7.485e-01 | test graph: 4.800e-01
11801 | 0.68s | train acc: 8.492e-01 | val acc: 7.452e-01 | val graph: 5.100e-01 | test node: 7.451e-01 | test graph: 4.850e-01
12001 | 0.65s | train acc: 8.512e-01 | val acc: 7.452e-01 | val graph: 5.000e-01 | test node: 7.393e-01 | test graph: 4.630e-01
12201 | 0.65s | train acc: 8.492e-01 | val acc: 7.410e-01 | val graph: 4.840e-01 | test node: 7.420e-01 | test graph: 4.750e-01
12401 | 0.65s | train acc: 8.492e-01 | val acc: 7.410e-01 | val graph: 4.960e-01 | test node: 7.443e-01 | test graph: 4.770e-01
12601 | 0.67s | train acc: 8.492e-01 | val acc: 7.415e-01 | val graph: 4.980e-01 | test node: 7.454e-01 | test graph: 4.750e-01
12801 | 0.65s | train acc: 8.492e-01 | val acc: 7.394e-01 | val graph: 5.000e-01 | test node: 7.449e-01 | test graph: 4.730e-01
13001 | 0.65s | train acc: 8.492e-01 | val acc: 7.421e-01 | val graph: 4.980e-01 | test node: 7.462e-01 | test graph: 4.750e-01
13201 | 0.65s | train acc: 8.512e-01 | val acc: 7.389e-01 | val graph: 4.900e-01 | test node: 7.420e-01 | test graph: 4.690e-01
13401 | 0.65s | train acc: 8.512e-01 | val acc: 7.383e-01 | val graph: 4.920e-01 | test node: 7.404e-01 | test graph: 4.640e-01
13601 | 0.67s | train acc: 8.512e-01 | val acc: 7.394e-01 | val graph: 4.940e-01 | test node: 7.391e-01 | test graph: 4.660e-01
13801 | 0.65s | train acc: 8.492e-01 | val acc: 7.373e-01 | val graph: 4.920e-01 | test node: 7.380e-01 | test graph: 4.650e-01
14001 | 0.55s | train acc: 8.512e-01 | val acc: 7.336e-01 | val graph: 4.760e-01 | test node: 7.369e-01 | test graph: 4.620e-01
14201 | 0.54s | train acc: 8.554e-01 | val acc: 7.315e-01 | val graph: 4.760e-01 | test node: 7.354e-01 | test graph: 4.600e-01
