Feb08-04:29:46
----------------------------------------------------------------------------------------------------
[cora]   seed=1
----------------------------------------------------------------------------------------------------
lr=0.003 schedule=True ema=0.999 weight_decay=0.003cat=False skip=Falseepochs=30000 reduce=False eps=1e-05
nhid=16 layers=2 linears=2
----------------------------------------------------------------------------------------------------
001 | 1.37s | train acc: 1.427e-01 | val acc: 1.536e-01 | val graph: 1.000e-01 | test node: 1.511e-01 | test graph: 9.400e-02
201 | 0.66s | train acc: 1.658e-01 | val acc: 1.176e-01 | val graph: 1.800e-02 | test node: 9.571e-02 | test graph: 4.000e-02
401 | 0.64s | train acc: 1.658e-01 | val acc: 1.144e-01 | val graph: 3.000e-02 | test node: 9.083e-02 | test graph: 4.700e-02
601 | 0.66s | train acc: 1.671e-01 | val acc: 1.164e-01 | val graph: 3.000e-02 | test node: 9.550e-02 | test graph: 4.900e-02
801 | 0.66s | train acc: 1.928e-01 | val acc: 1.270e-01 | val graph: 3.200e-02 | test node: 1.023e-01 | test graph: 4.900e-02
1001 | 0.65s | train acc: 2.712e-01 | val acc: 1.630e-01 | val graph: 3.600e-02 | test node: 1.403e-01 | test graph: 5.400e-02
1201 | 0.65s | train acc: 2.956e-01 | val acc: 2.018e-01 | val graph: 7.600e-02 | test node: 2.001e-01 | test graph: 9.300e-02
1401 | 0.66s | train acc: 3.046e-01 | val acc: 2.055e-01 | val graph: 8.400e-02 | test node: 1.982e-01 | test graph: 8.900e-02
1601 | 0.65s | train acc: 1.799e-01 | val acc: 1.385e-01 | val graph: 6.400e-02 | test node: 1.405e-01 | test graph: 6.400e-02
1801 | 0.65s | train acc: 1.812e-01 | val acc: 1.405e-01 | val graph: 6.400e-02 | test node: 1.405e-01 | test graph: 6.200e-02
2001 | 0.66s | train acc: 2.069e-01 | val acc: 1.454e-01 | val graph: 6.200e-02 | test node: 1.481e-01 | test graph: 6.000e-02
2201 | 0.65s | train acc: 2.956e-01 | val acc: 2.002e-01 | val graph: 5.400e-02 | test node: 1.721e-01 | test graph: 7.300e-02
2401 | 0.65s | train acc: 3.239e-01 | val acc: 2.181e-01 | val graph: 6.400e-02 | test node: 1.952e-01 | test graph: 8.100e-02
2601 | 0.65s | train acc: 2.622e-01 | val acc: 1.720e-01 | val graph: 4.400e-02 | test node: 1.486e-01 | test graph: 5.800e-02
2801 | 0.65s | train acc: 3.316e-01 | val acc: 2.292e-01 | val graph: 8.400e-02 | test node: 2.069e-01 | test graph: 9.400e-02
3001 | 0.54s | train acc: 3.213e-01 | val acc: 2.202e-01 | val graph: 6.800e-02 | test node: 1.955e-01 | test graph: 8.100e-02
3201 | 0.59s | train acc: 3.072e-01 | val acc: 1.989e-01 | val graph: 7.800e-02 | test node: 1.972e-01 | test graph: 8.900e-02
3401 | 0.65s | train acc: 3.342e-01 | val acc: 2.304e-01 | val graph: 8.800e-02 | test node: 2.129e-01 | test graph: 1.010e-01
3601 | 0.63s | train acc: 3.368e-01 | val acc: 2.394e-01 | val graph: 9.200e-02 | test node: 2.167e-01 | test graph: 1.030e-01
3801 | 0.65s | train acc: 3.380e-01 | val acc: 2.402e-01 | val graph: 9.200e-02 | test node: 2.199e-01 | test graph: 1.050e-01
4001 | 0.65s | train acc: 2.378e-01 | val acc: 1.495e-01 | val graph: 7.600e-02 | test node: 1.458e-01 | test graph: 8.100e-02
4201 | 0.65s | train acc: 3.380e-01 | val acc: 2.431e-01 | val graph: 9.200e-02 | test node: 2.201e-01 | test graph: 1.060e-01
4401 | 0.65s | train acc: 3.573e-01 | val acc: 2.680e-01 | val graph: 1.000e-01 | test node: 2.417e-01 | test graph: 1.170e-01
4601 | 0.64s | train acc: 3.380e-01 | val acc: 2.435e-01 | val graph: 9.200e-02 | test node: 2.233e-01 | test graph: 1.110e-01
4801 | 0.65s | train acc: 3.380e-01 | val acc: 2.447e-01 | val graph: 9.200e-02 | test node: 2.237e-01 | test graph: 1.110e-01
5001 | 0.66s | train acc: 3.445e-01 | val acc: 2.696e-01 | val graph: 1.020e-01 | test node: 2.553e-01 | test graph: 1.200e-01
5201 | 0.65s | train acc: 4.126e-01 | val acc: 3.125e-01 | val graph: 1.260e-01 | test node: 2.869e-01 | test graph: 1.470e-01
5401 | 0.64s | train acc: 5.566e-01 | val acc: 4.436e-01 | val graph: 2.360e-01 | test node: 4.113e-01 | test graph: 2.250e-01
5601 | 0.65s | train acc: 5.835e-01 | val acc: 5.029e-01 | val graph: 2.760e-01 | test node: 4.822e-01 | test graph: 2.600e-01
5801 | 0.67s | train acc: 5.823e-01 | val acc: 4.849e-01 | val graph: 2.900e-01 | test node: 4.667e-01 | test graph: 2.850e-01
6001 | 0.65s | train acc: 5.874e-01 | val acc: 4.898e-01 | val graph: 2.820e-01 | test node: 4.773e-01 | test graph: 2.990e-01
6201 | 0.64s | train acc: 6.221e-01 | val acc: 5.874e-01 | val graph: 3.200e-01 | test node: 5.751e-01 | test graph: 3.400e-01
6401 | 0.64s | train acc: 6.285e-01 | val acc: 6.115e-01 | val graph: 3.620e-01 | test node: 6.006e-01 | test graph: 3.700e-01
6601 | 0.65s | train acc: 5.861e-01 | val acc: 4.992e-01 | val graph: 3.140e-01 | test node: 4.834e-01 | test graph: 3.070e-01
6801 | 0.65s | train acc: 5.900e-01 | val acc: 5.355e-01 | val graph: 3.200e-01 | test node: 5.197e-01 | test graph: 3.150e-01
7001 | 0.64s | train acc: 6.208e-01 | val acc: 5.180e-01 | val graph: 3.140e-01 | test node: 5.072e-01 | test graph: 3.210e-01
7201 | 0.66s | train acc: 6.555e-01 | val acc: 5.392e-01 | val graph: 3.300e-01 | test node: 5.261e-01 | test graph: 3.390e-01
7401 | 0.66s | train acc: 6.902e-01 | val acc: 5.792e-01 | val graph: 3.640e-01 | test node: 5.586e-01 | test graph: 3.650e-01
7601 | 0.65s | train acc: 6.992e-01 | val acc: 6.246e-01 | val graph: 3.940e-01 | test node: 6.074e-01 | test graph: 3.840e-01
7801 | 0.65s | train acc: 8.033e-01 | val acc: 7.725e-01 | val graph: 5.220e-01 | test node: 7.642e-01 | test graph: 5.450e-01
8001 | 0.53s | train acc: 8.239e-01 | val acc: 7.761e-01 | val graph: 5.440e-01 | test node: 7.801e-01 | test graph: 5.450e-01
8201 | 0.54s | train acc: 8.252e-01 | val acc: 7.913e-01 | val graph: 5.600e-01 | test node: 7.905e-01 | test graph: 5.700e-01
8401 | 0.65s | train acc: 8.188e-01 | val acc: 7.815e-01 | val graph: 5.460e-01 | test node: 7.842e-01 | test graph: 5.640e-01
8601 | 0.65s | train acc: 8.265e-01 | val acc: 7.908e-01 | val graph: 5.620e-01 | test node: 7.931e-01 | test graph: 5.690e-01
8801 | 0.65s | train acc: 8.188e-01 | val acc: 7.941e-01 | val graph: 5.580e-01 | test node: 7.946e-01 | test graph: 5.740e-01
9001 | 0.65s | train acc: 7.841e-01 | val acc: 7.239e-01 | val graph: 4.480e-01 | test node: 7.163e-01 | test graph: 4.820e-01
9201 | 0.64s | train acc: 8.213e-01 | val acc: 7.847e-01 | val graph: 5.500e-01 | test node: 7.859e-01 | test graph: 5.640e-01
9401 | 0.64s | train acc: 8.316e-01 | val acc: 7.904e-01 | val graph: 5.620e-01 | test node: 7.886e-01 | test graph: 5.590e-01
9601 | 0.64s | train acc: 8.290e-01 | val acc: 7.786e-01 | val graph: 5.360e-01 | test node: 7.784e-01 | test graph: 5.560e-01
9801 | 0.67s | train acc: 8.355e-01 | val acc: 7.884e-01 | val graph: 5.440e-01 | test node: 7.846e-01 | test graph: 5.720e-01
10001 | 0.66s | train acc: 5.694e-01 | val acc: 3.685e-01 | val graph: 2.160e-01 | test node: 3.623e-01 | test graph: 2.070e-01
10201 | 0.65s | train acc: 8.226e-01 | val acc: 7.839e-01 | val graph: 5.480e-01 | test node: 7.931e-01 | test graph: 5.670e-01
10401 | 0.65s | train acc: 8.882e-01 | val acc: 8.043e-01 | val graph: 5.660e-01 | test node: 8.122e-01 | test graph: 5.890e-01
10601 | 0.65s | train acc: 9.165e-01 | val acc: 8.203e-01 | val graph: 5.860e-01 | test node: 8.283e-01 | test graph: 5.990e-01
10801 | 0.65s | train acc: 9.216e-01 | val acc: 8.317e-01 | val graph: 5.980e-01 | test node: 8.406e-01 | test graph: 6.050e-01
11001 | 0.65s | train acc: 9.075e-01 | val acc: 8.100e-01 | val graph: 5.700e-01 | test node: 8.166e-01 | test graph: 5.970e-01
11201 | 0.65s | train acc: 9.216e-01 | val acc: 8.301e-01 | val graph: 5.880e-01 | test node: 8.317e-01 | test graph: 6.020e-01
11401 | 0.66s | train acc: 9.152e-01 | val acc: 8.150e-01 | val graph: 5.740e-01 | test node: 8.213e-01 | test graph: 5.870e-01
11601 | 0.64s | train acc: 9.190e-01 | val acc: 8.182e-01 | val graph: 5.740e-01 | test node: 8.230e-01 | test graph: 5.880e-01
11801 | 0.64s | train acc: 9.254e-01 | val acc: 8.027e-01 | val graph: 5.620e-01 | test node: 8.050e-01 | test graph: 5.800e-01
12001 | 0.65s | train acc: 9.203e-01 | val acc: 8.035e-01 | val graph: 5.480e-01 | test node: 8.090e-01 | test graph: 5.680e-01
12201 | 0.64s | train acc: 9.280e-01 | val acc: 8.105e-01 | val graph: 5.640e-01 | test node: 8.071e-01 | test graph: 5.760e-01
12401 | 0.65s | train acc: 9.344e-01 | val acc: 8.133e-01 | val graph: 5.660e-01 | test node: 8.132e-01 | test graph: 5.810e-01
