Feb08-04:26:34
----------------------------------------------------------------------------------------------------
[cora]   seed=1
----------------------------------------------------------------------------------------------------
lr=0.003 schedule=True ema=0.999 weight_decay=0.003cat=False skip=Falseepochs=30000 reduce=False eps=1e-05
nhid=16 layers=2 linears=2
----------------------------------------------------------------------------------------------------
001 | 1.40s | train acc: 1.427e-01 | val acc: 1.536e-01 | val graph: 1.000e-01 | test node: 1.511e-01 | test graph: 9.400e-02
201 | 0.67s | train acc: 1.658e-01 | val acc: 1.176e-01 | val graph: 1.800e-02 | test node: 9.571e-02 | test graph: 4.000e-02
401 | 0.66s | train acc: 1.658e-01 | val acc: 1.144e-01 | val graph: 3.000e-02 | test node: 9.083e-02 | test graph: 4.700e-02
601 | 0.67s | train acc: 1.671e-01 | val acc: 1.168e-01 | val graph: 3.000e-02 | test node: 9.550e-02 | test graph: 4.900e-02
801 | 0.65s | train acc: 1.928e-01 | val acc: 1.270e-01 | val graph: 3.200e-02 | test node: 1.023e-01 | test graph: 4.900e-02
1001 | 0.54s | train acc: 2.699e-01 | val acc: 1.618e-01 | val graph: 4.000e-02 | test node: 1.394e-01 | test graph: 5.500e-02
1201 | 0.55s | train acc: 3.021e-01 | val acc: 2.173e-01 | val graph: 9.200e-02 | test node: 2.269e-01 | test graph: 1.020e-01
1401 | 0.65s | train acc: 3.201e-01 | val acc: 2.239e-01 | val graph: 9.000e-02 | test node: 2.101e-01 | test graph: 9.800e-02
1601 | 0.67s | train acc: 1.799e-01 | val acc: 1.401e-01 | val graph: 6.400e-02 | test node: 1.407e-01 | test graph: 6.400e-02
1801 | 0.65s | train acc: 1.787e-01 | val acc: 1.385e-01 | val graph: 6.400e-02 | test node: 1.401e-01 | test graph: 6.300e-02
2001 | 0.65s | train acc: 1.941e-01 | val acc: 1.446e-01 | val graph: 6.200e-02 | test node: 1.445e-01 | test graph: 6.100e-02
2201 | 0.65s | train acc: 3.046e-01 | val acc: 2.096e-01 | val graph: 6.000e-02 | test node: 1.825e-01 | test graph: 7.700e-02
2401 | 0.65s | train acc: 3.265e-01 | val acc: 2.279e-01 | val graph: 7.600e-02 | test node: 2.042e-01 | test graph: 8.700e-02
2601 | 0.66s | train acc: 2.931e-01 | val acc: 1.989e-01 | val graph: 5.200e-02 | test node: 1.736e-01 | test graph: 7.100e-02
2801 | 0.65s | train acc: 3.316e-01 | val acc: 2.320e-01 | val graph: 8.000e-02 | test node: 2.105e-01 | test graph: 9.900e-02
3001 | 0.65s | train acc: 3.355e-01 | val acc: 2.353e-01 | val graph: 8.200e-02 | test node: 2.137e-01 | test graph: 1.020e-01
3201 | 0.65s | train acc: 3.368e-01 | val acc: 2.353e-01 | val graph: 8.800e-02 | test node: 2.165e-01 | test graph: 1.050e-01
