Feb13-05:33:12
----------------------------------------------------------------------------------------------------
[citeseer]   seed=42
----------------------------------------------------------------------------------------------------
lr=0.0001 unweighted_MSE=False diffusion_steps=80 schedule=True weight_decay=0.0001 cat=False skip=False
nhid=256 layers=2 linears=2
----------------------------------------------------------------------------------------------------
001 | 2.43s | train acc: 1.198e-01 | val acc: 1.213e-01 | val graph: 9.800e-02 | test node: 1.446e-01 | test graph: 1.180e-01
201 | 0.82s | train acc: 1.198e-01 | val acc: 1.213e-01 | val graph: 9.800e-02 | test node: 1.446e-01 | test graph: 1.180e-01
401 | 0.83s | train acc: 2.107e-01 | val acc: 2.108e-01 | val graph: 5.200e-02 | test node: 1.881e-01 | test graph: 4.500e-02
601 | 0.83s | train acc: 2.128e-01 | val acc: 2.622e-01 | val graph: 7.800e-02 | test node: 2.377e-01 | test graph: 5.200e-02
801 | 0.83s | train acc: 2.583e-01 | val acc: 2.558e-01 | val graph: 8.800e-02 | test node: 2.404e-01 | test graph: 7.100e-02
1001 | 0.83s | train acc: 2.686e-01 | val acc: 2.585e-01 | val graph: 1.040e-01 | test node: 2.449e-01 | test graph: 8.200e-02
1201 | 0.83s | train acc: 2.376e-01 | val acc: 2.622e-01 | val graph: 1.100e-01 | test node: 2.438e-01 | test graph: 8.900e-02
1401 | 0.83s | train acc: 2.376e-01 | val acc: 2.617e-01 | val graph: 1.100e-01 | test node: 2.443e-01 | test graph: 9.000e-02
1601 | 0.83s | train acc: 4.132e-01 | val acc: 3.125e-01 | val graph: 1.340e-01 | test node: 2.858e-01 | test graph: 1.140e-01
1801 | 0.84s | train acc: 2.376e-01 | val acc: 2.622e-01 | val graph: 1.100e-01 | test node: 2.441e-01 | test graph: 8.900e-02
2001 | 0.84s | train acc: 2.376e-01 | val acc: 2.622e-01 | val graph: 1.100e-01 | test node: 2.441e-01 | test graph: 8.900e-02
2201 | 0.83s | train acc: 2.376e-01 | val acc: 2.622e-01 | val graph: 1.100e-01 | test node: 2.441e-01 | test graph: 8.900e-02
2401 | 0.83s | train acc: 2.376e-01 | val acc: 2.622e-01 | val graph: 1.100e-01 | test node: 2.441e-01 | test graph: 8.900e-02
2601 | 0.84s | train acc: 4.339e-01 | val acc: 3.533e-01 | val graph: 1.720e-01 | test node: 3.243e-01 | test graph: 1.390e-01
2801 | 0.84s | train acc: 2.376e-01 | val acc: 2.627e-01 | val graph: 1.100e-01 | test node: 2.446e-01 | test graph: 8.900e-02
3001 | 0.82s | train acc: 2.603e-01 | val acc: 2.733e-01 | val graph: 1.120e-01 | test node: 2.559e-01 | test graph: 9.300e-02
3201 | 0.84s | train acc: 2.376e-01 | val acc: 2.622e-01 | val graph: 1.100e-01 | test node: 2.441e-01 | test graph: 8.900e-02
3401 | 0.84s | train acc: 2.087e-01 | val acc: 2.082e-01 | val graph: 1.320e-01 | test node: 1.826e-01 | test graph: 1.050e-01
3601 | 0.84s | train acc: 2.376e-01 | val acc: 2.627e-01 | val graph: 1.100e-01 | test node: 2.443e-01 | test graph: 8.900e-02
3801 | 0.84s | train acc: 2.376e-01 | val acc: 2.622e-01 | val graph: 1.100e-01 | test node: 2.441e-01 | test graph: 8.900e-02
4001 | 0.84s | train acc: 2.376e-01 | val acc: 2.627e-01 | val graph: 1.100e-01 | test node: 2.451e-01 | test graph: 8.900e-02
4201 | 0.84s | train acc: 2.376e-01 | val acc: 2.622e-01 | val graph: 1.100e-01 | test node: 2.443e-01 | test graph: 8.900e-02
4401 | 0.84s | train acc: 2.376e-01 | val acc: 2.622e-01 | val graph: 1.100e-01 | test node: 2.441e-01 | test graph: 8.900e-02
4601 | 0.84s | train acc: 2.376e-01 | val acc: 2.622e-01 | val graph: 1.100e-01 | test node: 2.441e-01 | test graph: 8.900e-02
4801 | 0.84s | train acc: 1.880e-01 | val acc: 1.690e-01 | val graph: 1.080e-01 | test node: 1.639e-01 | test graph: 1.080e-01
5001 | 0.84s | train acc: 2.376e-01 | val acc: 2.622e-01 | val graph: 1.100e-01 | test node: 2.441e-01 | test graph: 8.900e-02
5201 | 0.84s | train acc: 2.376e-01 | val acc: 2.622e-01 | val graph: 1.100e-01 | test node: 2.441e-01 | test graph: 8.900e-02
5401 | 0.84s | train acc: 2.376e-01 | val acc: 2.622e-01 | val graph: 1.100e-01 | test node: 2.441e-01 | test graph: 8.900e-02
5601 | 0.84s | train acc: 2.376e-01 | val acc: 2.622e-01 | val graph: 1.100e-01 | test node: 2.441e-01 | test graph: 8.900e-02
5801 | 0.84s | train acc: 2.376e-01 | val acc: 2.622e-01 | val graph: 1.100e-01 | test node: 2.441e-01 | test graph: 8.900e-02
6001 | 0.86s | train acc: 2.376e-01 | val acc: 2.622e-01 | val graph: 1.100e-01 | test node: 2.441e-01 | test graph: 8.900e-02
6201 | 0.84s | train acc: 4.360e-01 | val acc: 4.078e-01 | val graph: 1.960e-01 | test node: 3.681e-01 | test graph: 1.510e-01
6401 | 0.84s | train acc: 2.376e-01 | val acc: 2.622e-01 | val graph: 1.100e-01 | test node: 2.441e-01 | test graph: 8.900e-02
6601 | 0.84s | train acc: 2.397e-01 | val acc: 2.622e-01 | val graph: 1.100e-01 | test node: 2.441e-01 | test graph: 8.900e-02
6801 | 0.84s | train acc: 2.376e-01 | val acc: 2.622e-01 | val graph: 1.100e-01 | test node: 2.441e-01 | test graph: 8.900e-02
7001 | 0.84s | train acc: 2.376e-01 | val acc: 2.622e-01 | val graph: 1.100e-01 | test node: 2.441e-01 | test graph: 8.900e-02
7201 | 0.84s | train acc: 2.376e-01 | val acc: 2.622e-01 | val graph: 1.100e-01 | test node: 2.441e-01 | test graph: 8.900e-02
7401 | 0.84s | train acc: 2.376e-01 | val acc: 2.622e-01 | val graph: 1.100e-01 | test node: 2.441e-01 | test graph: 8.900e-02
7601 | 0.84s | train acc: 2.376e-01 | val acc: 2.622e-01 | val graph: 1.100e-01 | test node: 2.441e-01 | test graph: 8.900e-02
7801 | 0.84s | train acc: 2.376e-01 | val acc: 2.622e-01 | val graph: 1.100e-01 | test node: 2.441e-01 | test graph: 8.900e-02
8001 | 0.84s | train acc: 2.376e-01 | val acc: 2.622e-01 | val graph: 1.100e-01 | test node: 2.441e-01 | test graph: 8.900e-02
8201 | 0.86s | train acc: 2.376e-01 | val acc: 2.622e-01 | val graph: 1.100e-01 | test node: 2.441e-01 | test graph: 8.900e-02
8401 | 0.84s | train acc: 2.376e-01 | val acc: 2.622e-01 | val graph: 1.100e-01 | test node: 2.441e-01 | test graph: 8.900e-02
8601 | 0.84s | train acc: 2.376e-01 | val acc: 2.622e-01 | val graph: 1.100e-01 | test node: 2.441e-01 | test graph: 8.900e-02
8801 | 0.83s | train acc: 2.376e-01 | val acc: 2.622e-01 | val graph: 1.100e-01 | test node: 2.441e-01 | test graph: 8.900e-02
9001 | 0.84s | train acc: 2.748e-01 | val acc: 2.722e-01 | val graph: 1.180e-01 | test node: 2.536e-01 | test graph: 9.300e-02
9201 | 0.84s | train acc: 2.376e-01 | val acc: 2.622e-01 | val graph: 1.100e-01 | test node: 2.441e-01 | test graph: 8.900e-02
9401 | 0.84s | train acc: 2.500e-01 | val acc: 2.643e-01 | val graph: 1.120e-01 | test node: 2.454e-01 | test graph: 9.000e-02
9601 | 0.84s | train acc: 2.376e-01 | val acc: 2.622e-01 | val graph: 1.100e-01 | test node: 2.441e-01 | test graph: 8.900e-02
9801 | 0.83s | train acc: 2.087e-01 | val acc: 2.082e-01 | val graph: 1.320e-01 | test node: 1.826e-01 | test graph: 1.050e-01
10001 | 0.83s | train acc: 2.376e-01 | val acc: 2.622e-01 | val graph: 1.100e-01 | test node: 2.441e-01 | test graph: 8.900e-02
10201 | 0.84s | train acc: 2.376e-01 | val acc: 2.622e-01 | val graph: 1.100e-01 | test node: 2.441e-01 | test graph: 8.900e-02
10401 | 0.85s | train acc: 2.376e-01 | val acc: 2.622e-01 | val graph: 1.100e-01 | test node: 2.441e-01 | test graph: 8.900e-02
10601 | 0.84s | train acc: 2.376e-01 | val acc: 2.622e-01 | val graph: 1.100e-01 | test node: 2.441e-01 | test graph: 8.900e-02
10801 | 0.84s | train acc: 2.417e-01 | val acc: 2.638e-01 | val graph: 1.120e-01 | test node: 2.441e-01 | test graph: 8.900e-02
11001 | 0.84s | train acc: 2.376e-01 | val acc: 2.632e-01 | val graph: 1.100e-01 | test node: 2.441e-01 | test graph: 8.900e-02
11201 | 0.84s | train acc: 2.417e-01 | val acc: 2.632e-01 | val graph: 1.100e-01 | test node: 2.441e-01 | test graph: 8.900e-02
11401 | 0.84s | train acc: 2.087e-01 | val acc: 2.082e-01 | val graph: 1.320e-01 | test node: 1.826e-01 | test graph: 1.050e-01
11601 | 0.84s | train acc: 2.376e-01 | val acc: 2.622e-01 | val graph: 1.100e-01 | test node: 2.441e-01 | test graph: 8.900e-02
11801 | 0.84s | train acc: 2.397e-01 | val acc: 2.638e-01 | val graph: 1.120e-01 | test node: 2.441e-01 | test graph: 8.900e-02
12001 | 0.84s | train acc: 2.376e-01 | val acc: 2.622e-01 | val graph: 1.100e-01 | test node: 2.441e-01 | test graph: 8.900e-02
12201 | 0.84s | train acc: 2.376e-01 | val acc: 2.622e-01 | val graph: 1.100e-01 | test node: 2.441e-01 | test graph: 8.900e-02
12401 | 0.84s | train acc: 2.376e-01 | val acc: 2.622e-01 | val graph: 1.100e-01 | test node: 2.441e-01 | test graph: 8.900e-02
12601 | 0.84s | train acc: 2.562e-01 | val acc: 2.638e-01 | val graph: 1.120e-01 | test node: 2.441e-01 | test graph: 8.900e-02
12801 | 0.84s | train acc: 1.880e-01 | val acc: 1.690e-01 | val graph: 1.080e-01 | test node: 1.631e-01 | test graph: 1.070e-01
13001 | 0.84s | train acc: 4.442e-01 | val acc: 4.539e-01 | val graph: 2.340e-01 | test node: 4.100e-01 | test graph: 1.900e-01
13201 | 0.84s | train acc: 3.161e-01 | val acc: 2.797e-01 | val graph: 1.260e-01 | test node: 2.625e-01 | test graph: 9.800e-02
13401 | 0.84s | train acc: 3.223e-01 | val acc: 2.717e-01 | val graph: 1.480e-01 | test node: 2.596e-01 | test graph: 1.200e-01
13601 | 0.84s | train acc: 3.678e-01 | val acc: 3.146e-01 | val graph: 1.900e-01 | test node: 2.813e-01 | test graph: 1.730e-01
13801 | 0.84s | train acc: 2.913e-01 | val acc: 2.474e-01 | val graph: 1.440e-01 | test node: 2.142e-01 | test graph: 1.130e-01
14001 | 0.86s | train acc: 4.360e-01 | val acc: 4.062e-01 | val graph: 2.140e-01 | test node: 3.773e-01 | test graph: 1.730e-01
14201 | 0.84s | train acc: 4.421e-01 | val acc: 4.518e-01 | val graph: 2.340e-01 | test node: 4.069e-01 | test graph: 1.880e-01
14401 | 0.84s | train acc: 4.380e-01 | val acc: 4.476e-01 | val graph: 2.380e-01 | test node: 4.050e-01 | test graph: 1.880e-01
14601 | 0.84s | train acc: 4.236e-01 | val acc: 4.243e-01 | val graph: 2.180e-01 | test node: 3.728e-01 | test graph: 1.710e-01
14801 | 0.84s | train acc: 4.132e-01 | val acc: 3.957e-01 | val graph: 1.960e-01 | test node: 3.472e-01 | test graph: 1.480e-01
15001 | 0.84s | train acc: 4.153e-01 | val acc: 3.951e-01 | val graph: 1.920e-01 | test node: 3.478e-01 | test graph: 1.490e-01
15201 | 0.85s | train acc: 4.318e-01 | val acc: 4.349e-01 | val graph: 2.300e-01 | test node: 3.897e-01 | test graph: 1.780e-01
15401 | 0.84s | train acc: 4.132e-01 | val acc: 3.962e-01 | val graph: 1.940e-01 | test node: 3.467e-01 | test graph: 1.490e-01
15601 | 0.84s | train acc: 4.298e-01 | val acc: 4.370e-01 | val graph: 2.300e-01 | test node: 3.926e-01 | test graph: 1.790e-01
15801 | 0.84s | train acc: 4.401e-01 | val acc: 4.301e-01 | val graph: 2.220e-01 | test node: 3.931e-01 | test graph: 1.830e-01
16001 | 0.84s | train acc: 4.421e-01 | val acc: 4.513e-01 | val graph: 2.380e-01 | test node: 4.092e-01 | test graph: 1.920e-01
16201 | 0.84s | train acc: 4.318e-01 | val acc: 4.380e-01 | val graph: 2.300e-01 | test node: 3.910e-01 | test graph: 1.770e-01
16401 | 0.84s | train acc: 4.277e-01 | val acc: 4.290e-01 | val graph: 2.200e-01 | test node: 3.781e-01 | test graph: 1.720e-01
16601 | 0.84s | train acc: 4.153e-01 | val acc: 3.941e-01 | val graph: 1.920e-01 | test node: 3.406e-01 | test graph: 1.420e-01
16801 | 0.84s | train acc: 4.421e-01 | val acc: 4.529e-01 | val graph: 2.380e-01 | test node: 4.098e-01 | test graph: 1.920e-01
17001 | 0.84s | train acc: 4.442e-01 | val acc: 4.529e-01 | val graph: 2.340e-01 | test node: 4.079e-01 | test graph: 1.880e-01
17201 | 0.84s | train acc: 4.380e-01 | val acc: 4.481e-01 | val graph: 2.380e-01 | test node: 4.074e-01 | test graph: 1.910e-01
17401 | 0.84s | train acc: 4.256e-01 | val acc: 4.221e-01 | val graph: 2.140e-01 | test node: 3.712e-01 | test graph: 1.680e-01
17601 | 0.84s | train acc: 4.442e-01 | val acc: 4.523e-01 | val graph: 2.340e-01 | test node: 4.111e-01 | test graph: 1.910e-01
17801 | 0.84s | train acc: 4.277e-01 | val acc: 4.216e-01 | val graph: 2.120e-01 | test node: 3.715e-01 | test graph: 1.670e-01
18001 | 0.84s | train acc: 4.442e-01 | val acc: 4.539e-01 | val graph: 2.340e-01 | test node: 4.113e-01 | test graph: 1.910e-01
18201 | 0.84s | train acc: 3.946e-01 | val acc: 3.114e-01 | val graph: 1.580e-01 | test node: 3.005e-01 | test graph: 1.440e-01
18401 | 0.84s | train acc: 4.442e-01 | val acc: 4.544e-01 | val graph: 2.360e-01 | test node: 4.113e-01 | test graph: 1.910e-01
18601 | 0.84s | train acc: 4.421e-01 | val acc: 4.566e-01 | val graph: 2.400e-01 | test node: 4.119e-01 | test graph: 1.930e-01
18801 | 0.84s | train acc: 4.442e-01 | val acc: 4.523e-01 | val graph: 2.340e-01 | test node: 4.100e-01 | test graph: 1.910e-01
19001 | 0.84s | train acc: 4.401e-01 | val acc: 4.386e-01 | val graph: 2.280e-01 | test node: 3.995e-01 | test graph: 1.860e-01
19201 | 0.86s | train acc: 4.421e-01 | val acc: 4.571e-01 | val graph: 2.400e-01 | test node: 4.127e-01 | test graph: 1.930e-01
19401 | 0.84s | train acc: 4.421e-01 | val acc: 4.592e-01 | val graph: 2.400e-01 | test node: 4.124e-01 | test graph: 1.930e-01
19601 | 0.85s | train acc: 4.421e-01 | val acc: 4.550e-01 | val graph: 2.360e-01 | test node: 4.113e-01 | test graph: 1.920e-01
19801 | 0.85s | train acc: 4.421e-01 | val acc: 4.560e-01 | val graph: 2.360e-01 | test node: 4.124e-01 | test graph: 1.930e-01
20001 | 0.86s | train acc: 4.401e-01 | val acc: 4.507e-01 | val graph: 2.360e-01 | test node: 4.090e-01 | test graph: 1.910e-01
20201 | 0.84s | train acc: 4.421e-01 | val acc: 4.576e-01 | val graph: 2.400e-01 | test node: 4.119e-01 | test graph: 1.930e-01
20401 | 0.84s | train acc: 4.421e-01 | val acc: 4.529e-01 | val graph: 2.320e-01 | test node: 4.108e-01 | test graph: 1.900e-01
20601 | 0.84s | train acc: 5.537e-01 | val acc: 5.079e-01 | val graph: 2.660e-01 | test node: 4.734e-01 | test graph: 2.420e-01
20801 | 0.84s | train acc: 3.120e-01 | val acc: 2.082e-01 | val graph: 7.800e-02 | test node: 2.116e-01 | test graph: 8.100e-02
21001 | 0.88s | train acc: 4.752e-01 | val acc: 4.656e-01 | val graph: 2.460e-01 | test node: 4.142e-01 | test graph: 1.940e-01
21201 | 0.84s | train acc: 4.442e-01 | val acc: 4.603e-01 | val graph: 2.360e-01 | test node: 4.100e-01 | test graph: 1.900e-01
21401 | 0.84s | train acc: 4.607e-01 | val acc: 4.629e-01 | val graph: 2.400e-01 | test node: 4.121e-01 | test graph: 1.920e-01
21601 | 0.84s | train acc: 4.421e-01 | val acc: 4.608e-01 | val graph: 2.380e-01 | test node: 4.113e-01 | test graph: 1.910e-01
21801 | 0.84s | train acc: 4.566e-01 | val acc: 4.624e-01 | val graph: 2.400e-01 | test node: 4.116e-01 | test graph: 1.910e-01
22001 | 0.86s | train acc: 4.959e-01 | val acc: 4.703e-01 | val graph: 2.440e-01 | test node: 4.227e-01 | test graph: 1.990e-01
22201 | 0.84s | train acc: 4.421e-01 | val acc: 4.619e-01 | val graph: 2.400e-01 | test node: 4.127e-01 | test graph: 1.930e-01
22401 | 0.87s | train acc: 4.959e-01 | val acc: 4.661e-01 | val graph: 2.440e-01 | test node: 4.177e-01 | test graph: 1.950e-01
22601 | 0.84s | train acc: 5.661e-01 | val acc: 5.275e-01 | val graph: 3.020e-01 | test node: 5.003e-01 | test graph: 2.770e-01
22801 | 0.84s | train acc: 5.372e-01 | val acc: 4.820e-01 | val graph: 2.480e-01 | test node: 4.425e-01 | test graph: 2.140e-01
23001 | 0.85s | train acc: 4.421e-01 | val acc: 4.576e-01 | val graph: 2.400e-01 | test node: 4.127e-01 | test graph: 1.930e-01
23201 | 0.84s | train acc: 4.938e-01 | val acc: 4.645e-01 | val graph: 2.420e-01 | test node: 4.164e-01 | test graph: 1.950e-01
23401 | 0.87s | train acc: 4.731e-01 | val acc: 4.613e-01 | val graph: 2.380e-01 | test node: 4.127e-01 | test graph: 1.910e-01
23601 | 0.84s | train acc: 4.835e-01 | val acc: 4.650e-01 | val graph: 2.420e-01 | test node: 4.142e-01 | test graph: 1.930e-01
23801 | 0.88s | train acc: 5.558e-01 | val acc: 4.995e-01 | val graph: 2.620e-01 | test node: 4.628e-01 | test graph: 2.310e-01
24001 | 0.84s | train acc: 5.599e-01 | val acc: 5.233e-01 | val graph: 2.800e-01 | test node: 4.894e-01 | test graph: 2.520e-01
24201 | 0.84s | train acc: 5.351e-01 | val acc: 4.772e-01 | val graph: 2.440e-01 | test node: 4.330e-01 | test graph: 2.060e-01
24401 | 0.84s | train acc: 3.554e-01 | val acc: 2.950e-01 | val graph: 1.520e-01 | test node: 2.778e-01 | test graph: 1.320e-01
24601 | 0.84s | train acc: 5.496e-01 | val acc: 5.005e-01 | val graph: 2.640e-01 | test node: 4.565e-01 | test graph: 2.220e-01
24801 | 0.84s | train acc: 5.455e-01 | val acc: 4.905e-01 | val graph: 2.560e-01 | test node: 4.459e-01 | test graph: 2.150e-01
25001 | 0.85s | train acc: 5.248e-01 | val acc: 4.703e-01 | val graph: 2.460e-01 | test node: 4.201e-01 | test graph: 1.970e-01
25201 | 0.84s | train acc: 4.649e-01 | val acc: 3.162e-01 | val graph: 1.480e-01 | test node: 3.045e-01 | test graph: 1.240e-01
25401 | 0.85s | train acc: 5.393e-01 | val acc: 4.947e-01 | val graph: 2.600e-01 | test node: 4.454e-01 | test graph: 2.130e-01
25601 | 0.84s | train acc: 5.537e-01 | val acc: 5.021e-01 | val graph: 2.640e-01 | test node: 4.591e-01 | test graph: 2.240e-01
25801 | 0.84s | train acc: 5.475e-01 | val acc: 4.984e-01 | val graph: 2.620e-01 | test node: 4.570e-01 | test graph: 2.220e-01
26001 | 0.84s | train acc: 5.661e-01 | val acc: 5.090e-01 | val graph: 2.680e-01 | test node: 4.681e-01 | test graph: 2.360e-01
26201 | 0.84s | train acc: 5.640e-01 | val acc: 5.138e-01 | val graph: 2.740e-01 | test node: 4.760e-01 | test graph: 2.400e-01
26401 | 0.84s | train acc: 5.806e-01 | val acc: 5.254e-01 | val graph: 2.820e-01 | test node: 4.879e-01 | test graph: 2.530e-01
26601 | 0.85s | train acc: 5.496e-01 | val acc: 4.899e-01 | val graph: 2.800e-01 | test node: 4.480e-01 | test graph: 2.420e-01
26801 | 0.84s | train acc: 5.640e-01 | val acc: 5.111e-01 | val graph: 2.700e-01 | test node: 4.712e-01 | test graph: 2.370e-01
27001 | 0.84s | train acc: 5.723e-01 | val acc: 5.222e-01 | val graph: 2.820e-01 | test node: 4.863e-01 | test graph: 2.530e-01
27201 | 0.84s | train acc: 5.785e-01 | val acc: 5.207e-01 | val graph: 2.780e-01 | test node: 4.855e-01 | test graph: 2.500e-01
27401 | 0.85s | train acc: 5.868e-01 | val acc: 5.381e-01 | val graph: 3.040e-01 | test node: 5.024e-01 | test graph: 2.680e-01
27601 | 0.84s | train acc: 5.847e-01 | val acc: 5.323e-01 | val graph: 3.020e-01 | test node: 4.995e-01 | test graph: 2.660e-01
27801 | 0.84s | train acc: 5.992e-01 | val acc: 5.508e-01 | val graph: 3.200e-01 | test node: 5.074e-01 | test graph: 2.730e-01
28001 | 0.84s | train acc: 6.178e-01 | val acc: 5.328e-01 | val graph: 3.040e-01 | test node: 4.992e-01 | test graph: 2.640e-01
28201 | 0.84s | train acc: 5.950e-01 | val acc: 5.519e-01 | val graph: 3.180e-01 | test node: 5.108e-01 | test graph: 2.780e-01
28401 | 0.84s | train acc: 6.054e-01 | val acc: 5.344e-01 | val graph: 3.000e-01 | test node: 4.974e-01 | test graph: 2.620e-01
28601 | 0.86s | train acc: 6.219e-01 | val acc: 5.350e-01 | val graph: 3.040e-01 | test node: 4.989e-01 | test graph: 2.660e-01
28801 | 0.84s | train acc: 6.178e-01 | val acc: 5.424e-01 | val graph: 3.100e-01 | test node: 5.011e-01 | test graph: 2.660e-01
29001 | 0.85s | train acc: 6.674e-01 | val acc: 5.678e-01 | val graph: 3.340e-01 | test node: 5.398e-01 | test graph: 2.920e-01
29201 | 0.84s | train acc: 6.694e-01 | val acc: 5.503e-01 | val graph: 3.200e-01 | test node: 5.161e-01 | test graph: 2.780e-01
29401 | 0.84s | train acc: 6.302e-01 | val acc: 5.350e-01 | val graph: 2.980e-01 | test node: 4.960e-01 | test graph: 2.560e-01
29601 | 0.84s | train acc: 6.756e-01 | val acc: 5.667e-01 | val graph: 3.340e-01 | test node: 5.327e-01 | test graph: 2.870e-01
29801 | 0.84s | train acc: 6.281e-01 | val acc: 5.286e-01 | val graph: 3.140e-01 | test node: 4.916e-01 | test graph: 2.810e-01
30001 | 0.89s | train acc: 5.868e-01 | val acc: 5.456e-01 | val graph: 3.120e-01 | test node: 5.013e-01 | test graph: 2.660e-01
30201 | 0.84s | train acc: 6.405e-01 | val acc: 5.477e-01 | val graph: 3.180e-01 | test node: 5.061e-01 | test graph: 2.690e-01
30401 | 0.84s | train acc: 6.632e-01 | val acc: 5.519e-01 | val graph: 3.220e-01 | test node: 5.150e-01 | test graph: 2.780e-01
30601 | 0.85s | train acc: 6.674e-01 | val acc: 5.577e-01 | val graph: 3.240e-01 | test node: 5.222e-01 | test graph: 2.830e-01
30801 | 0.84s | train acc: 6.860e-01 | val acc: 5.699e-01 | val graph: 3.400e-01 | test node: 5.385e-01 | test graph: 2.910e-01
31001 | 0.84s | train acc: 6.942e-01 | val acc: 5.032e-01 | val graph: 2.700e-01 | test node: 4.842e-01 | test graph: 2.440e-01
31201 | 0.85s | train acc: 7.252e-01 | val acc: 5.948e-01 | val graph: 3.660e-01 | test node: 5.689e-01 | test graph: 3.190e-01
31401 | 0.84s | train acc: 7.500e-01 | val acc: 6.065e-01 | val graph: 3.760e-01 | test node: 5.855e-01 | test graph: 3.300e-01
31601 | 0.85s | train acc: 7.459e-01 | val acc: 5.975e-01 | val graph: 3.700e-01 | test node: 5.823e-01 | test graph: 3.250e-01
31801 | 0.88s | train acc: 7.583e-01 | val acc: 6.499e-01 | val graph: 4.100e-01 | test node: 6.237e-01 | test graph: 3.730e-01
32001 | 0.84s | train acc: 7.624e-01 | val acc: 6.541e-01 | val graph: 4.120e-01 | test node: 6.216e-01 | test graph: 3.680e-01
32201 | 0.85s | train acc: 7.231e-01 | val acc: 5.662e-01 | val graph: 3.360e-01 | test node: 5.335e-01 | test graph: 2.910e-01
32401 | 0.84s | train acc: 7.521e-01 | val acc: 6.086e-01 | val graph: 3.740e-01 | test node: 5.871e-01 | test graph: 3.300e-01
32601 | 0.84s | train acc: 7.583e-01 | val acc: 6.695e-01 | val graph: 4.380e-01 | test node: 6.536e-01 | test graph: 4.050e-01
32801 | 0.88s | train acc: 7.624e-01 | val acc: 6.663e-01 | val graph: 4.280e-01 | test node: 6.330e-01 | test graph: 3.800e-01
33001 | 0.85s | train acc: 7.665e-01 | val acc: 6.727e-01 | val graph: 4.360e-01 | test node: 6.398e-01 | test graph: 3.850e-01
33201 | 0.87s | train acc: 6.694e-01 | val acc: 5.567e-01 | val graph: 3.260e-01 | test node: 5.222e-01 | test graph: 2.790e-01
33401 | 0.85s | train acc: 7.789e-01 | val acc: 7.076e-01 | val graph: 4.800e-01 | test node: 6.839e-01 | test graph: 4.370e-01
33601 | 0.85s | train acc: 7.810e-01 | val acc: 6.658e-01 | val graph: 4.260e-01 | test node: 6.414e-01 | test graph: 3.900e-01
33801 | 0.84s | train acc: 7.789e-01 | val acc: 6.965e-01 | val graph: 4.600e-01 | test node: 6.726e-01 | test graph: 4.250e-01
34001 | 0.84s | train acc: 7.810e-01 | val acc: 7.182e-01 | val graph: 4.820e-01 | test node: 6.945e-01 | test graph: 4.470e-01
34201 | 0.87s | train acc: 7.748e-01 | val acc: 7.156e-01 | val graph: 4.920e-01 | test node: 7.113e-01 | test graph: 4.710e-01
34401 | 0.85s | train acc: 7.810e-01 | val acc: 7.225e-01 | val graph: 4.860e-01 | test node: 6.918e-01 | test graph: 4.460e-01
34601 | 0.85s | train acc: 7.748e-01 | val acc: 7.029e-01 | val graph: 4.640e-01 | test node: 6.781e-01 | test graph: 4.320e-01
34801 | 0.84s | train acc: 7.851e-01 | val acc: 7.299e-01 | val graph: 5.000e-01 | test node: 7.166e-01 | test graph: 4.690e-01
35001 | 0.84s | train acc: 7.851e-01 | val acc: 7.299e-01 | val graph: 4.940e-01 | test node: 7.045e-01 | test graph: 4.620e-01
35201 | 0.85s | train acc: 7.831e-01 | val acc: 7.188e-01 | val graph: 4.880e-01 | test node: 7.069e-01 | test graph: 4.630e-01
35401 | 0.84s | train acc: 7.769e-01 | val acc: 7.203e-01 | val graph: 4.900e-01 | test node: 7.317e-01 | test graph: 4.920e-01
35601 | 0.89s | train acc: 7.851e-01 | val acc: 7.352e-01 | val graph: 5.060e-01 | test node: 7.224e-01 | test graph: 4.790e-01
35801 | 0.84s | train acc: 7.872e-01 | val acc: 7.421e-01 | val graph: 5.160e-01 | test node: 7.398e-01 | test graph: 4.910e-01
36001 | 0.91s | train acc: 7.789e-01 | val acc: 6.684e-01 | val graph: 4.360e-01 | test node: 6.393e-01 | test graph: 3.970e-01
36201 | 0.85s | train acc: 7.934e-01 | val acc: 7.362e-01 | val graph: 5.100e-01 | test node: 7.256e-01 | test graph: 4.810e-01
36401 | 0.84s | train acc: 7.934e-01 | val acc: 7.410e-01 | val graph: 5.080e-01 | test node: 7.388e-01 | test graph: 4.930e-01
36601 | 0.84s | train acc: 7.913e-01 | val acc: 7.426e-01 | val graph: 5.120e-01 | test node: 7.425e-01 | test graph: 4.940e-01
36801 | 0.84s | train acc: 7.934e-01 | val acc: 7.558e-01 | val graph: 5.360e-01 | test node: 7.633e-01 | test graph: 5.200e-01
37001 | 0.85s | train acc: 7.913e-01 | val acc: 7.357e-01 | val graph: 5.080e-01 | test node: 7.301e-01 | test graph: 4.840e-01
37201 | 0.85s | train acc: 7.913e-01 | val acc: 7.177e-01 | val graph: 4.860e-01 | test node: 6.913e-01 | test graph: 4.420e-01
37401 | 0.90s | train acc: 7.934e-01 | val acc: 7.389e-01 | val graph: 5.080e-01 | test node: 7.364e-01 | test graph: 4.900e-01
37601 | 0.85s | train acc: 7.955e-01 | val acc: 7.479e-01 | val graph: 5.220e-01 | test node: 7.475e-01 | test graph: 5.010e-01
37801 | 0.84s | train acc: 7.934e-01 | val acc: 7.352e-01 | val graph: 5.020e-01 | test node: 7.317e-01 | test graph: 4.840e-01
38001 | 0.85s | train acc: 7.955e-01 | val acc: 7.474e-01 | val graph: 5.300e-01 | test node: 7.507e-01 | test graph: 5.050e-01
38201 | 0.85s | train acc: 7.500e-01 | val acc: 6.345e-01 | val graph: 4.400e-01 | test node: 6.615e-01 | test graph: 4.410e-01
38401 | 0.86s | train acc: 7.996e-01 | val acc: 7.378e-01 | val graph: 5.060e-01 | test node: 7.280e-01 | test graph: 4.760e-01
38601 | 0.84s | train acc: 7.975e-01 | val acc: 7.405e-01 | val graph: 5.100e-01 | test node: 7.346e-01 | test graph: 4.880e-01
38801 | 0.85s | train acc: 7.934e-01 | val acc: 7.421e-01 | val graph: 5.100e-01 | test node: 7.401e-01 | test graph: 4.920e-01
39001 | 0.84s | train acc: 7.975e-01 | val acc: 7.436e-01 | val graph: 5.160e-01 | test node: 7.412e-01 | test graph: 4.960e-01
39201 | 0.85s | train acc: 7.996e-01 | val acc: 7.463e-01 | val graph: 5.200e-01 | test node: 7.515e-01 | test graph: 5.060e-01
39401 | 0.84s | train acc: 7.955e-01 | val acc: 7.474e-01 | val graph: 5.180e-01 | test node: 7.509e-01 | test graph: 5.060e-01
39601 | 0.84s | train acc: 7.975e-01 | val acc: 7.526e-01 | val graph: 5.280e-01 | test node: 7.557e-01 | test graph: 5.090e-01
39801 | 0.85s | train acc: 7.996e-01 | val acc: 7.500e-01 | val graph: 5.260e-01 | test node: 7.525e-01 | test graph: 5.080e-01
40001 | 0.84s | train acc: 7.893e-01 | val acc: 7.320e-01 | val graph: 5.000e-01 | test node: 7.290e-01 | test graph: 4.790e-01
40201 | 0.86s | train acc: 7.955e-01 | val acc: 7.511e-01 | val graph: 5.240e-01 | test node: 7.525e-01 | test graph: 5.080e-01
40401 | 0.84s | train acc: 7.975e-01 | val acc: 7.511e-01 | val graph: 5.240e-01 | test node: 7.536e-01 | test graph: 5.070e-01
40601 | 0.85s | train acc: 7.934e-01 | val acc: 7.505e-01 | val graph: 5.200e-01 | test node: 7.491e-01 | test graph: 5.060e-01
40801 | 0.85s | train acc: 7.934e-01 | val acc: 7.315e-01 | val graph: 5.040e-01 | test node: 7.240e-01 | test graph: 4.770e-01
41001 | 0.84s | train acc: 7.975e-01 | val acc: 7.574e-01 | val graph: 5.380e-01 | test node: 7.628e-01 | test graph: 5.190e-01
41201 | 0.86s | train acc: 7.996e-01 | val acc: 7.569e-01 | val graph: 5.340e-01 | test node: 7.599e-01 | test graph: 5.190e-01
41401 | 0.84s | train acc: 7.975e-01 | val acc: 7.553e-01 | val graph: 5.280e-01 | test node: 7.554e-01 | test graph: 5.110e-01
41601 | 0.86s | train acc: 8.017e-01 | val acc: 7.558e-01 | val graph: 5.360e-01 | test node: 7.628e-01 | test graph: 5.210e-01
41801 | 0.85s | train acc: 7.975e-01 | val acc: 7.479e-01 | val graph: 5.240e-01 | test node: 7.596e-01 | test graph: 5.130e-01
42001 | 0.85s | train acc: 8.037e-01 | val acc: 7.542e-01 | val graph: 5.280e-01 | test node: 7.575e-01 | test graph: 5.150e-01
42201 | 0.84s | train acc: 8.037e-01 | val acc: 7.532e-01 | val graph: 5.340e-01 | test node: 7.602e-01 | test graph: 5.200e-01
42401 | 0.85s | train acc: 8.017e-01 | val acc: 7.553e-01 | val graph: 5.320e-01 | test node: 7.583e-01 | test graph: 5.190e-01
42601 | 0.91s | train acc: 1.033e-02 | val acc: 5.508e-02 | val graph: 2.400e-02 | test node: 4.169e-02 | test graph: 1.500e-02
42801 | 0.84s | train acc: 6.942e-01 | val acc: 5.662e-01 | val graph: 3.440e-01 | test node: 5.446e-01 | test graph: 3.100e-01
43001 | 0.84s | train acc: 7.893e-01 | val acc: 7.023e-01 | val graph: 4.760e-01 | test node: 6.765e-01 | test graph: 4.310e-01
43201 | 0.84s | train acc: 7.975e-01 | val acc: 7.352e-01 | val graph: 5.040e-01 | test node: 7.219e-01 | test graph: 4.730e-01
43401 | 0.84s | train acc: 7.996e-01 | val acc: 7.436e-01 | val graph: 5.140e-01 | test node: 7.375e-01 | test graph: 4.880e-01
43601 | 0.85s | train acc: 8.037e-01 | val acc: 7.479e-01 | val graph: 5.140e-01 | test node: 7.443e-01 | test graph: 4.980e-01
43801 | 0.85s | train acc: 7.996e-01 | val acc: 7.542e-01 | val graph: 5.260e-01 | test node: 7.512e-01 | test graph: 5.060e-01
44001 | 0.90s | train acc: 7.996e-01 | val acc: 7.495e-01 | val graph: 5.220e-01 | test node: 7.499e-01 | test graph: 5.030e-01
44201 | 0.84s | train acc: 8.017e-01 | val acc: 7.558e-01 | val graph: 5.300e-01 | test node: 7.530e-01 | test graph: 5.100e-01
44401 | 0.85s | train acc: 7.934e-01 | val acc: 7.357e-01 | val graph: 5.060e-01 | test node: 7.451e-01 | test graph: 5.080e-01
44601 | 0.85s | train acc: 8.037e-01 | val acc: 7.553e-01 | val graph: 5.280e-01 | test node: 7.544e-01 | test graph: 5.090e-01
