Feb14-05:37:04
----------------------------------------------------------------------------------------------------
[pubmed]   seed=42
----------------------------------------------------------------------------------------------------
lr=0.0005 diffusion_steps=80 temperature=1 schedule=True weight_decay=0.001  skip=False load start=2000
nhid=8 layers=2 linears=1
----------------------------------------------------------------------------------------------------
101 | 0.71s | train acc: 7.167e-01 | val acc: 5.440e-01 | test acc: 4.850e-01
201 | 0.67s | train acc: 6.333e-01 | val acc: 4.140e-01 | test acc: 4.180e-01
301 | 0.70s | train acc: 5.333e-01 | val acc: 3.940e-01 | test acc: 4.240e-01
401 | 0.78s | train acc: 5.667e-01 | val acc: 3.940e-01 | test acc: 4.240e-01
501 | 0.70s | train acc: 5.500e-01 | val acc: 4.280e-01 | test acc: 4.650e-01
601 | 0.66s | train acc: 5.667e-01 | val acc: 4.660e-01 | test acc: 4.930e-01
701 | 0.64s | train acc: 6.167e-01 | val acc: 5.100e-01 | test acc: 5.610e-01
801 | 0.66s | train acc: 7.667e-01 | val acc: 6.400e-01 | test acc: 6.400e-01
901 | 0.70s | train acc: 8.500e-01 | val acc: 6.860e-01 | test acc: 6.960e-01
1001 | 0.69s | train acc: 9.333e-01 | val acc: 7.580e-01 | test acc: 7.410e-01
1101 | 0.67s | train acc: 9.833e-01 | val acc: 7.600e-01 | test acc: 7.480e-01
1201 | 0.64s | train acc: 1.000e+00 | val acc: 7.980e-01 | test acc: 7.800e-01
1301 | 0.66s | train acc: 1.000e+00 | val acc: 8.220e-01 | test acc: 7.870e-01
1401 | 0.68s | train acc: 1.000e+00 | val acc: 8.180e-01 | test acc: 7.860e-01
1501 | 0.68s | train acc: 1.000e+00 | val acc: 8.200e-01 | test acc: 7.900e-01
1601 | 0.73s | train acc: 1.000e+00 | val acc: 8.220e-01 | test acc: 7.960e-01
1701 | 0.72s | train acc: 1.000e+00 | val acc: 8.280e-01 | test acc: 7.910e-01
1801 | 0.79s | train acc: 1.000e+00 | val acc: 8.280e-01 | test acc: 7.930e-01
1901 | 0.68s | train acc: 1.000e+00 | val acc: 8.320e-01 | test acc: 7.920e-01
2001 | 0.77s | train acc: 1.000e+00 | val acc: 8.340e-01 | test acc: 7.960e-01
2101 | 2.04s | train acc: 1.000e+00 | val acc: 8.320e-01 | test acc: 7.970e-01
2201 | 2.03s | train acc: 1.000e+00 | val acc: 8.260e-01 | test acc: 7.920e-01
2301 | 2.03s | train acc: 1.000e+00 | val acc: 8.220e-01 | test acc: 7.960e-01
2401 | 2.01s | train acc: 1.000e+00 | val acc: 8.280e-01 | test acc: 8.000e-01
2501 | 2.00s | train acc: 1.000e+00 | val acc: 8.280e-01 | test acc: 7.950e-01
2601 | 2.06s | train acc: 1.000e+00 | val acc: 8.280e-01 | test acc: 7.960e-01
2701 | 1.99s | train acc: 1.000e+00 | val acc: 8.300e-01 | test acc: 7.990e-01
2801 | 2.04s | train acc: 1.000e+00 | val acc: 8.280e-01 | test acc: 7.960e-01
2901 | 2.11s | train acc: 1.000e+00 | val acc: 8.280e-01 | test acc: 7.980e-01
3001 | 2.04s | train acc: 1.000e+00 | val acc: 8.240e-01 | test acc: 7.990e-01
3101 | 2.02s | train acc: 1.000e+00 | val acc: 8.280e-01 | test acc: 7.990e-01
3201 | 1.98s | train acc: 1.000e+00 | val acc: 8.280e-01 | test acc: 8.000e-01
3301 | 2.15s | train acc: 1.000e+00 | val acc: 8.280e-01 | test acc: 8.000e-01
3401 | 2.03s | train acc: 1.000e+00 | val acc: 8.280e-01 | test acc: 7.990e-01
3501 | 2.09s | train acc: 1.000e+00 | val acc: 8.280e-01 | test acc: 8.020e-01
3601 | 2.01s | train acc: 1.000e+00 | val acc: 8.240e-01 | test acc: 8.000e-01
3701 | 1.99s | train acc: 1.000e+00 | val acc: 8.280e-01 | test acc: 8.030e-01
3801 | 2.02s | train acc: 1.000e+00 | val acc: 8.300e-01 | test acc: 8.010e-01
3901 | 2.02s | train acc: 1.000e+00 | val acc: 8.320e-01 | test acc: 8.070e-01
4001 | 1.98s | train acc: 1.000e+00 | val acc: 8.340e-01 | test acc: 8.070e-01
4101 | 2.07s | train acc: 1.000e+00 | val acc: 8.300e-01 | test acc: 8.060e-01
4201 | 2.01s | train acc: 1.000e+00 | val acc: 8.320e-01 | test acc: 8.080e-01
4301 | 2.09s | train acc: 1.000e+00 | val acc: 8.320e-01 | test acc: 8.090e-01
4401 | 2.01s | train acc: 1.000e+00 | val acc: 8.340e-01 | test acc: 8.110e-01
4501 | 2.01s | train acc: 1.000e+00 | val acc: 8.340e-01 | test acc: 8.090e-01
4601 | 2.15s | train acc: 1.000e+00 | val acc: 8.360e-01 | test acc: 8.120e-01
4701 | 2.04s | train acc: 1.000e+00 | val acc: 8.400e-01 | test acc: 8.110e-01
4801 | 1.99s | train acc: 1.000e+00 | val acc: 8.360e-01 | test acc: 8.100e-01
4901 | 1.99s | train acc: 1.000e+00 | val acc: 8.420e-01 | test acc: 8.120e-01
5001 | 2.02s | train acc: 1.000e+00 | val acc: 8.400e-01 | test acc: 8.130e-01
5101 | 2.15s | train acc: 1.000e+00 | val acc: 8.360e-01 | test acc: 8.100e-01
5201 | 2.04s | train acc: 1.000e+00 | val acc: 8.380e-01 | test acc: 8.120e-01
5301 | 1.99s | train acc: 1.000e+00 | val acc: 8.400e-01 | test acc: 8.140e-01
5401 | 2.00s | train acc: 1.000e+00 | val acc: 8.380e-01 | test acc: 8.140e-01
5501 | 2.01s | train acc: 1.000e+00 | val acc: 8.400e-01 | test acc: 8.130e-01
5601 | 2.01s | train acc: 1.000e+00 | val acc: 8.380e-01 | test acc: 8.160e-01
5701 | 2.09s | train acc: 1.000e+00 | val acc: 8.380e-01 | test acc: 8.120e-01
5801 | 2.00s | train acc: 1.000e+00 | val acc: 8.420e-01 | test acc: 8.140e-01
5901 | 2.13s | train acc: 1.000e+00 | val acc: 8.420e-01 | test acc: 8.150e-01
6001 | 2.04s | train acc: 1.000e+00 | val acc: 8.400e-01 | test acc: 8.130e-01
6101 | 2.03s | train acc: 1.000e+00 | val acc: 8.400e-01 | test acc: 8.170e-01
6201 | 2.09s | train acc: 1.000e+00 | val acc: 8.440e-01 | test acc: 8.190e-01
6301 | 2.00s | train acc: 1.000e+00 | val acc: 8.400e-01 | test acc: 8.150e-01
6401 | 2.13s | train acc: 1.000e+00 | val acc: 8.380e-01 | test acc: 8.180e-01
6501 | 1.99s | train acc: 1.000e+00 | val acc: 8.400e-01 | test acc: 8.170e-01
6601 | 1.99s | train acc: 1.000e+00 | val acc: 8.400e-01 | test acc: 8.120e-01
6701 | 2.14s | train acc: 1.000e+00 | val acc: 8.400e-01 | test acc: 8.180e-01
6801 | 2.04s | train acc: 1.000e+00 | val acc: 8.420e-01 | test acc: 8.140e-01
6901 | 2.01s | train acc: 1.000e+00 | val acc: 8.380e-01 | test acc: 8.180e-01
7001 | 2.02s | train acc: 1.000e+00 | val acc: 8.380e-01 | test acc: 8.150e-01
7101 | 2.02s | train acc: 1.000e+00 | val acc: 8.420e-01 | test acc: 8.130e-01
7201 | 2.13s | train acc: 1.000e+00 | val acc: 8.420e-01 | test acc: 8.120e-01
7301 | 2.08s | train acc: 1.000e+00 | val acc: 8.440e-01 | test acc: 8.160e-01
7401 | 2.05s | train acc: 1.000e+00 | val acc: 8.420e-01 | test acc: 8.150e-01
7501 | 1.98s | train acc: 1.000e+00 | val acc: 8.380e-01 | test acc: 8.200e-01
7601 | 2.10s | train acc: 1.000e+00 | val acc: 8.420e-01 | test acc: 8.180e-01
7701 | 1.99s | train acc: 1.000e+00 | val acc: 8.400e-01 | test acc: 8.160e-01
7801 | 2.10s | train acc: 1.000e+00 | val acc: 8.420e-01 | test acc: 8.180e-01
7901 | 1.99s | train acc: 1.000e+00 | val acc: 8.460e-01 | test acc: 8.210e-01
8001 | 2.05s | train acc: 1.000e+00 | val acc: 8.420e-01 | test acc: 8.200e-01
8101 | 2.03s | train acc: 1.000e+00 | val acc: 8.440e-01 | test acc: 8.210e-01
8201 | 2.00s | train acc: 1.000e+00 | val acc: 8.400e-01 | test acc: 8.180e-01
8301 | 2.05s | train acc: 1.000e+00 | val acc: 8.440e-01 | test acc: 8.200e-01
8401 | 1.98s | train acc: 1.000e+00 | val acc: 8.400e-01 | test acc: 8.180e-01
8501 | 2.15s | train acc: 1.000e+00 | val acc: 8.380e-01 | test acc: 8.160e-01
8601 | 1.99s | train acc: 1.000e+00 | val acc: 8.420e-01 | test acc: 8.190e-01
8701 | 2.05s | train acc: 1.000e+00 | val acc: 8.440e-01 | test acc: 8.230e-01
8801 | 2.03s | train acc: 1.000e+00 | val acc: 8.440e-01 | test acc: 8.210e-01
8901 | 2.13s | train acc: 1.000e+00 | val acc: 8.400e-01 | test acc: 8.210e-01
9001 | 2.01s | train acc: 1.000e+00 | val acc: 8.440e-01 | test acc: 8.210e-01
9101 | 2.10s | train acc: 1.000e+00 | val acc: 8.420e-01 | test acc: 8.180e-01
9201 | 2.01s | train acc: 1.000e+00 | val acc: 8.440e-01 | test acc: 8.220e-01
9301 | 2.03s | train acc: 1.000e+00 | val acc: 8.420e-01 | test acc: 8.190e-01
9401 | 2.11s | train acc: 1.000e+00 | val acc: 8.460e-01 | test acc: 8.200e-01
9501 | 2.11s | train acc: 1.000e+00 | val acc: 8.460e-01 | test acc: 8.220e-01
9601 | 2.09s | train acc: 1.000e+00 | val acc: 8.460e-01 | test acc: 8.210e-01
9701 | 2.14s | train acc: 1.000e+00 | val acc: 8.420e-01 | test acc: 8.250e-01
9801 | 2.07s | train acc: 1.000e+00 | val acc: 8.420e-01 | test acc: 8.210e-01
9901 | 2.06s | train acc: 1.000e+00 | val acc: 8.440e-01 | test acc: 8.210e-01
10001 | 2.04s | train acc: 1.000e+00 | val acc: 8.440e-01 | test acc: 8.220e-01
10101 | 2.14s | train acc: 1.000e+00 | val acc: 8.400e-01 | test acc: 8.230e-01
10201 | 2.06s | train acc: 1.000e+00 | val acc: 8.360e-01 | test acc: 8.200e-01
10301 | 1.99s | train acc: 1.000e+00 | val acc: 8.460e-01 | test acc: 8.180e-01
10401 | 2.01s | train acc: 1.000e+00 | val acc: 8.460e-01 | test acc: 8.210e-01
10501 | 2.03s | train acc: 1.000e+00 | val acc: 8.440e-01 | test acc: 8.140e-01
10601 | 2.04s | train acc: 1.000e+00 | val acc: 8.420e-01 | test acc: 8.190e-01
10701 | 2.01s | train acc: 1.000e+00 | val acc: 8.440e-01 | test acc: 8.130e-01
10801 | 2.02s | train acc: 1.000e+00 | val acc: 8.440e-01 | test acc: 8.230e-01
10901 | 2.00s | train acc: 1.000e+00 | val acc: 8.440e-01 | test acc: 8.190e-01
11001 | 1.99s | train acc: 1.000e+00 | val acc: 8.460e-01 | test acc: 8.190e-01
11101 | 2.03s | train acc: 1.000e+00 | val acc: 8.400e-01 | test acc: 8.180e-01
11201 | 1.99s | train acc: 1.000e+00 | val acc: 8.440e-01 | test acc: 8.200e-01
11301 | 2.02s | train acc: 1.000e+00 | val acc: 8.380e-01 | test acc: 8.170e-01
11401 | 2.01s | train acc: 1.000e+00 | val acc: 8.380e-01 | test acc: 8.190e-01
11501 | 2.02s | train acc: 1.000e+00 | val acc: 8.400e-01 | test acc: 8.170e-01
11601 | 2.02s | train acc: 1.000e+00 | val acc: 8.380e-01 | test acc: 8.190e-01
11701 | 1.99s | train acc: 1.000e+00 | val acc: 8.400e-01 | test acc: 8.200e-01
11801 | 2.02s | train acc: 1.000e+00 | val acc: 8.400e-01 | test acc: 8.190e-01
11901 | 2.02s | train acc: 1.000e+00 | val acc: 8.420e-01 | test acc: 8.180e-01
