Feb13-04:50:40
----------------------------------------------------------------------------------------------------
[ppi-1-0]   seed=42
----------------------------------------------------------------------------------------------------
lr=0.0001 unweighted_MSE=True diffusion_steps=80 schedule=True weight_decay=0 cat=False skip=True
nhid=1024 layers=2 linears=3
----------------------------------------------------------------------------------------------------
001 | 5.43s | train acc: 4.630e-01 | val acc: 4.613e-01 | test acc: 4.632e-01 | val f1: 3.909e-01 | test f1: 3.963e-01 
101 | 4.88s | train acc: 6.800e-01 | val acc: 6.791e-01 | test acc: 6.744e-01 | val f1: 1.637e-01 | test f1: 1.698e-01 
201 | 4.97s | train acc: 6.637e-01 | val acc: 6.594e-01 | test acc: 6.541e-01 | val f1: 2.708e-01 | test f1: 2.861e-01 
301 | 4.95s | train acc: 6.149e-01 | val acc: 6.066e-01 | test acc: 6.010e-01 | val f1: 4.562e-01 | test f1: 4.704e-01 
401 | 4.97s | train acc: 4.695e-01 | val acc: 4.638e-01 | test acc: 4.633e-01 | val f1: 4.767e-01 | test f1: 4.834e-01 
501 | 5.04s | train acc: 4.432e-01 | val acc: 4.378e-01 | test acc: 4.389e-01 | val f1: 4.690e-01 | test f1: 4.760e-01 
601 | 5.02s | train acc: 5.478e-01 | val acc: 5.166e-01 | test acc: 5.122e-01 | val f1: 4.736e-01 | test f1: 4.795e-01 
701 | 5.05s | train acc: 4.502e-01 | val acc: 4.255e-01 | test acc: 4.276e-01 | val f1: 4.657e-01 | test f1: 4.726e-01 
801 | 4.93s | train acc: 7.166e-01 | val acc: 7.175e-01 | test acc: 7.135e-01 | val f1: 4.439e-01 | test f1: 4.645e-01 
901 | 5.04s | train acc: 4.942e-01 | val acc: 4.392e-01 | test acc: 4.408e-01 | val f1: 4.637e-01 | test f1: 4.703e-01 
1001 | 4.92s | train acc: 7.332e-01 | val acc: 7.298e-01 | test acc: 7.273e-01 | val f1: 3.392e-01 | test f1: 3.619e-01 
1101 | 4.98s | train acc: 5.843e-01 | val acc: 5.658e-01 | test acc: 5.571e-01 | val f1: 4.888e-01 | test f1: 4.934e-01 
1201 | 4.98s | train acc: 5.379e-01 | val acc: 4.888e-01 | test acc: 4.855e-01 | val f1: 4.761e-01 | test f1: 4.825e-01 
1301 | 4.95s | train acc: 7.407e-01 | val acc: 7.300e-01 | test acc: 7.240e-01 | val f1: 4.805e-01 | test f1: 4.923e-01 
1401 | 4.99s | train acc: 4.970e-01 | val acc: 4.702e-01 | test acc: 4.711e-01 | val f1: 4.582e-01 | test f1: 4.638e-01 
1501 | 4.92s | train acc: 6.907e-01 | val acc: 6.809e-01 | test acc: 6.701e-01 | val f1: 4.875e-01 | test f1: 4.932e-01 
1601 | 4.98s | train acc: 6.115e-01 | val acc: 5.744e-01 | test acc: 5.700e-01 | val f1: 4.712e-01 | test f1: 4.762e-01 
1701 | 4.89s | train acc: 7.110e-01 | val acc: 7.069e-01 | test acc: 7.014e-01 | val f1: 1.572e-01 | test f1: 1.759e-01 
1801 | 4.91s | train acc: 6.989e-01 | val acc: 7.004e-01 | test acc: 6.968e-01 | val f1: 1.786e-01 | test f1: 1.992e-01 
1901 | 4.90s | train acc: 7.360e-01 | val acc: 7.336e-01 | test acc: 7.282e-01 | val f1: 3.865e-01 | test f1: 4.091e-01 
2001 | 4.90s | train acc: 7.066e-01 | val acc: 7.095e-01 | test acc: 7.049e-01 | val f1: 5.505e-02 | test f1: 6.202e-02 
2101 | 4.95s | train acc: 5.963e-01 | val acc: 5.599e-01 | test acc: 5.537e-01 | val f1: 4.843e-01 | test f1: 4.907e-01 
2201 | 4.92s | train acc: 7.353e-01 | val acc: 7.320e-01 | test acc: 7.290e-01 | val f1: 3.884e-01 | test f1: 4.150e-01 
2301 | 4.99s | train acc: 7.208e-01 | val acc: 7.210e-01 | test acc: 7.186e-01 | val f1: 2.426e-01 | test f1: 2.588e-01 
2401 | 4.99s | train acc: 5.151e-01 | val acc: 4.636e-01 | test acc: 4.640e-01 | val f1: 4.585e-01 | test f1: 4.643e-01 
2501 | 4.96s | train acc: 6.272e-01 | val acc: 6.000e-01 | test acc: 5.915e-01 | val f1: 4.781e-01 | test f1: 4.840e-01 
2601 | 4.97s | train acc: 6.068e-01 | val acc: 5.701e-01 | test acc: 5.643e-01 | val f1: 4.848e-01 | test f1: 4.908e-01 
2701 | 4.91s | train acc: 7.420e-01 | val acc: 7.319e-01 | test acc: 7.305e-01 | val f1: 2.716e-01 | test f1: 2.958e-01 
2801 | 5.03s | train acc: 3.874e-01 | val acc: 3.628e-01 | test acc: 3.669e-01 | val f1: 4.506e-01 | test f1: 4.570e-01 
2901 | 4.92s | train acc: 7.404e-01 | val acc: 7.331e-01 | test acc: 7.317e-01 | val f1: 3.991e-01 | test f1: 4.113e-01 
3001 | 4.95s | train acc: 6.303e-01 | val acc: 6.000e-01 | test acc: 5.915e-01 | val f1: 4.877e-01 | test f1: 4.926e-01 
3101 | 4.91s | train acc: 7.478e-01 | val acc: 7.352e-01 | test acc: 7.340e-01 | val f1: 3.542e-01 | test f1: 3.736e-01 
3201 | 4.97s | train acc: 6.123e-01 | val acc: 5.920e-01 | test acc: 5.864e-01 | val f1: 4.711e-01 | test f1: 4.789e-01 
3301 | 4.88s | train acc: 7.251e-01 | val acc: 7.220e-01 | test acc: 7.189e-01 | val f1: 1.754e-01 | test f1: 1.901e-01 
3401 | 4.94s | train acc: 6.920e-01 | val acc: 6.851e-01 | test acc: 6.741e-01 | val f1: 4.356e-01 | test f1: 4.510e-01 
3501 | 4.89s | train acc: 7.339e-01 | val acc: 7.250e-01 | test acc: 7.234e-01 | val f1: 2.557e-01 | test f1: 2.690e-01 
3601 | 4.96s | train acc: 6.282e-01 | val acc: 6.085e-01 | test acc: 5.993e-01 | val f1: 4.844e-01 | test f1: 4.875e-01 
3701 | 4.90s | train acc: 7.498e-01 | val acc: 7.342e-01 | test acc: 7.337e-01 | val f1: 3.990e-01 | test f1: 4.228e-01 
3801 | 4.92s | train acc: 7.095e-01 | val acc: 7.045e-01 | test acc: 7.006e-01 | val f1: 2.859e-01 | test f1: 3.088e-01 
3901 | 4.88s | train acc: 7.200e-01 | val acc: 7.178e-01 | test acc: 7.152e-01 | val f1: 1.452e-01 | test f1: 1.601e-01 
4001 | 4.87s | train acc: 7.299e-01 | val acc: 7.237e-01 | test acc: 7.224e-01 | val f1: 1.761e-01 | test f1: 1.996e-01 
4101 | 4.97s | train acc: 7.403e-01 | val acc: 7.301e-01 | test acc: 7.232e-01 | val f1: 4.656e-01 | test f1: 4.823e-01 
4201 | 4.96s | train acc: 5.237e-01 | val acc: 4.882e-01 | test acc: 4.870e-01 | val f1: 4.659e-01 | test f1: 4.714e-01 
4301 | 4.89s | train acc: 7.460e-01 | val acc: 7.362e-01 | test acc: 7.361e-01 | val f1: 3.485e-01 | test f1: 3.659e-01 
4401 | 4.95s | train acc: 6.574e-01 | val acc: 6.380e-01 | test acc: 6.247e-01 | val f1: 4.669e-01 | test f1: 4.701e-01 
4501 | 4.90s | train acc: 7.546e-01 | val acc: 7.413e-01 | test acc: 7.417e-01 | val f1: 3.167e-01 | test f1: 3.437e-01 
4601 | 4.92s | train acc: 6.937e-01 | val acc: 6.757e-01 | test acc: 6.619e-01 | val f1: 4.444e-01 | test f1: 4.559e-01 
4701 | 4.88s | train acc: 7.196e-01 | val acc: 7.146e-01 | test acc: 7.103e-01 | val f1: 1.066e-01 | test f1: 1.185e-01 
4801 | 4.90s | train acc: 7.487e-01 | val acc: 7.369e-01 | test acc: 7.376e-01 | val f1: 3.056e-01 | test f1: 3.318e-01 
4901 | 4.93s | train acc: 7.038e-01 | val acc: 6.839e-01 | test acc: 6.730e-01 | val f1: 4.781e-01 | test f1: 4.903e-01 
5001 | 4.87s | train acc: 7.186e-01 | val acc: 7.162e-01 | test acc: 7.122e-01 | val f1: 9.360e-02 | test f1: 1.007e-01 
5101 | 4.88s | train acc: 7.440e-01 | val acc: 7.367e-01 | test acc: 7.362e-01 | val f1: 2.863e-01 | test f1: 3.037e-01 
5201 | 4.91s | train acc: 6.708e-01 | val acc: 6.665e-01 | test acc: 6.636e-01 | val f1: 3.275e-01 | test f1: 3.372e-01 
5301 | 4.93s | train acc: 7.366e-01 | val acc: 7.184e-01 | test acc: 7.109e-01 | val f1: 4.960e-01 | test f1: 5.097e-01 
5401 | 4.93s | train acc: 6.876e-01 | val acc: 6.739e-01 | test acc: 6.643e-01 | val f1: 5.075e-01 | test f1: 5.173e-01 
5501 | 4.87s | train acc: 7.155e-01 | val acc: 7.143e-01 | test acc: 7.100e-01 | val f1: 8.263e-02 | test f1: 8.747e-02 
5601 | 4.89s | train acc: 7.491e-01 | val acc: 7.369e-01 | test acc: 7.372e-01 | val f1: 3.016e-01 | test f1: 3.238e-01 
5701 | 4.90s | train acc: 7.529e-01 | val acc: 7.338e-01 | test acc: 7.342e-01 | val f1: 2.784e-01 | test f1: 3.169e-01 
5801 | 4.94s | train acc: 6.705e-01 | val acc: 6.466e-01 | test acc: 6.323e-01 | val f1: 4.544e-01 | test f1: 4.609e-01 
5901 | 4.88s | train acc: 7.505e-01 | val acc: 7.297e-01 | test acc: 7.318e-01 | val f1: 2.372e-01 | test f1: 2.826e-01 
6001 | 4.92s | train acc: 7.202e-01 | val acc: 7.099e-01 | test acc: 6.971e-01 | val f1: 5.135e-01 | test f1: 5.263e-01 
6101 | 4.90s | train acc: 7.475e-01 | val acc: 7.288e-01 | test acc: 7.264e-01 | val f1: 4.068e-01 | test f1: 4.308e-01 
6201 | 4.95s | train acc: 6.540e-01 | val acc: 6.228e-01 | test acc: 6.124e-01 | val f1: 4.862e-01 | test f1: 4.918e-01 
6301 | 4.96s | train acc: 5.777e-01 | val acc: 5.321e-01 | test acc: 5.272e-01 | val f1: 4.912e-01 | test f1: 4.963e-01 
6401 | 4.89s | train acc: 7.711e-01 | val acc: 7.430e-01 | test acc: 7.450e-01 | val f1: 3.837e-01 | test f1: 4.144e-01 
6501 | 4.88s | train acc: 7.552e-01 | val acc: 7.336e-01 | test acc: 7.353e-01 | val f1: 2.702e-01 | test f1: 3.057e-01 
6601 | 4.96s | train acc: 6.368e-01 | val acc: 5.975e-01 | test acc: 5.882e-01 | val f1: 4.835e-01 | test f1: 4.812e-01 
6701 | 4.91s | train acc: 7.358e-01 | val acc: 7.208e-01 | test acc: 7.175e-01 | val f1: 3.607e-01 | test f1: 3.776e-01 
6801 | 4.89s | train acc: 7.700e-01 | val acc: 7.410e-01 | test acc: 7.434e-01 | val f1: 3.122e-01 | test f1: 3.452e-01 
6901 | 4.88s | train acc: 7.418e-01 | val acc: 7.200e-01 | test acc: 7.187e-01 | val f1: 2.417e-01 | test f1: 2.686e-01 
7001 | 4.95s | train acc: 6.367e-01 | val acc: 5.868e-01 | test acc: 5.766e-01 | val f1: 4.594e-01 | test f1: 4.631e-01 
7101 | 4.94s | train acc: 6.812e-01 | val acc: 6.549e-01 | test acc: 6.403e-01 | val f1: 5.047e-01 | test f1: 5.107e-01 
7201 | 4.90s | train acc: 7.690e-01 | val acc: 7.431e-01 | test acc: 7.412e-01 | val f1: 4.820e-01 | test f1: 5.032e-01 
7301 | 4.89s | train acc: 7.406e-01 | val acc: 7.166e-01 | test acc: 7.155e-01 | val f1: 2.965e-01 | test f1: 3.113e-01 
7401 | 4.93s | train acc: 7.344e-01 | val acc: 7.132e-01 | test acc: 7.030e-01 | val f1: 5.445e-01 | test f1: 5.547e-01 
7501 | 4.90s | train acc: 7.525e-01 | val acc: 7.287e-01 | test acc: 7.288e-01 | val f1: 2.143e-01 | test f1: 2.403e-01 
7601 | 4.91s | train acc: 7.682e-01 | val acc: 7.398e-01 | test acc: 7.421e-01 | val f1: 3.133e-01 | test f1: 3.443e-01 
7701 | 4.89s | train acc: 7.812e-01 | val acc: 7.429e-01 | test acc: 7.457e-01 | val f1: 3.535e-01 | test f1: 3.900e-01 
7801 | 4.92s | train acc: 6.838e-01 | val acc: 6.650e-01 | test acc: 6.631e-01 | val f1: 4.602e-01 | test f1: 4.665e-01 
7901 | 4.94s | train acc: 7.307e-01 | val acc: 7.049e-01 | test acc: 7.013e-01 | val f1: 4.655e-01 | test f1: 4.812e-01 
8001 | 4.88s | train acc: 7.380e-01 | val acc: 7.232e-01 | test acc: 7.220e-01 | val f1: 1.608e-01 | test f1: 1.804e-01 
8101 | 4.89s | train acc: 7.775e-01 | val acc: 7.450e-01 | test acc: 7.483e-01 | val f1: 3.639e-01 | test f1: 3.951e-01 
8201 | 4.97s | train acc: 7.800e-01 | val acc: 7.416e-01 | test acc: 7.454e-01 | val f1: 3.428e-01 | test f1: 3.828e-01 
8301 | 4.99s | train acc: 6.659e-01 | val acc: 6.175e-01 | test acc: 6.112e-01 | val f1: 4.976e-01 | test f1: 5.032e-01 
8401 | 4.90s | train acc: 7.780e-01 | val acc: 7.410e-01 | test acc: 7.391e-01 | val f1: 5.026e-01 | test f1: 5.245e-01 
8501 | 4.96s | train acc: 6.494e-01 | val acc: 5.902e-01 | test acc: 5.854e-01 | val f1: 4.834e-01 | test f1: 4.890e-01 
8601 | 4.90s | train acc: 7.251e-01 | val acc: 6.932e-01 | test acc: 6.917e-01 | val f1: 4.354e-01 | test f1: 4.489e-01 
8701 | 4.95s | train acc: 6.154e-01 | val acc: 5.861e-01 | test acc: 5.836e-01 | val f1: 4.441e-01 | test f1: 4.484e-01 
8801 | 4.93s | train acc: 7.077e-01 | val acc: 6.936e-01 | test acc: 6.926e-01 | val f1: 4.640e-01 | test f1: 4.765e-01 
8901 | 4.90s | train acc: 7.771e-01 | val acc: 7.397e-01 | test acc: 7.432e-01 | val f1: 3.305e-01 | test f1: 3.660e-01 
9001 | 4.96s | train acc: 5.162e-01 | val acc: 4.641e-01 | test acc: 4.651e-01 | val f1: 4.409e-01 | test f1: 4.469e-01 
9101 | 4.92s | train acc: 7.111e-01 | val acc: 6.777e-01 | test acc: 6.663e-01 | val f1: 5.165e-01 | test f1: 5.242e-01 
9201 | 4.94s | train acc: 7.034e-01 | val acc: 6.726e-01 | test acc: 6.621e-01 | val f1: 5.254e-01 | test f1: 5.304e-01 
9301 | 4.91s | train acc: 8.028e-01 | val acc: 7.551e-01 | test acc: 7.565e-01 | val f1: 5.366e-01 | test f1: 5.604e-01 
9401 | 4.89s | train acc: 7.649e-01 | val acc: 7.352e-01 | test acc: 7.360e-01 | val f1: 3.858e-01 | test f1: 4.072e-01 
9501 | 4.88s | train acc: 7.754e-01 | val acc: 7.416e-01 | test acc: 7.438e-01 | val f1: 3.466e-01 | test f1: 3.762e-01 
9601 | 4.95s | train acc: 5.212e-01 | val acc: 5.196e-01 | test acc: 5.188e-01 | val f1: 4.332e-01 | test f1: 4.388e-01 
9701 | 4.96s | train acc: 6.351e-01 | val acc: 5.749e-01 | test acc: 5.741e-01 | val f1: 4.977e-01 | test f1: 5.049e-01 
9801 | 4.94s | train acc: 6.078e-01 | val acc: 5.479e-01 | test acc: 5.472e-01 | val f1: 4.204e-01 | test f1: 4.275e-01 
9901 | 4.92s | train acc: 7.267e-01 | val acc: 6.944e-01 | test acc: 6.876e-01 | val f1: 5.274e-01 | test f1: 5.379e-01 
10001 | 4.91s | train acc: 8.054e-01 | val acc: 7.583e-01 | test acc: 7.600e-01 | val f1: 4.929e-01 | test f1: 5.213e-01 
10101 | 4.98s | train acc: 5.256e-01 | val acc: 4.772e-01 | test acc: 4.769e-01 | val f1: 4.768e-01 | test f1: 4.823e-01 
10201 | 4.89s | train acc: 7.630e-01 | val acc: 7.349e-01 | test acc: 7.370e-01 | val f1: 3.281e-01 | test f1: 3.550e-01 
10301 | 4.96s | train acc: 5.570e-01 | val acc: 4.880e-01 | test acc: 4.889e-01 | val f1: 4.372e-01 | test f1: 4.429e-01 
10401 | 4.90s | train acc: 7.105e-01 | val acc: 6.855e-01 | test acc: 6.843e-01 | val f1: 3.073e-01 | test f1: 3.162e-01 
10501 | 4.94s | train acc: 7.495e-01 | val acc: 7.092e-01 | test acc: 7.028e-01 | val f1: 5.512e-01 | test f1: 5.637e-01 
10601 | 4.91s | train acc: 8.066e-01 | val acc: 7.547e-01 | test acc: 7.572e-01 | val f1: 4.819e-01 | test f1: 5.162e-01 
10701 | 4.97s | train acc: 5.590e-01 | val acc: 4.795e-01 | test acc: 4.818e-01 | val f1: 4.892e-01 | test f1: 4.945e-01 
10801 | 4.88s | train acc: 7.724e-01 | val acc: 7.352e-01 | test acc: 7.373e-01 | val f1: 2.813e-01 | test f1: 3.110e-01 
10901 | 4.93s | train acc: 6.304e-01 | val acc: 5.967e-01 | test acc: 5.953e-01 | val f1: 4.714e-01 | test f1: 4.768e-01 
11001 | 4.94s | train acc: 7.425e-01 | val acc: 7.117e-01 | test acc: 7.084e-01 | val f1: 5.147e-01 | test f1: 5.266e-01 
11101 | 4.93s | train acc: 6.858e-01 | val acc: 6.263e-01 | test acc: 6.230e-01 | val f1: 5.056e-01 | test f1: 5.137e-01 
11201 | 4.91s | train acc: 6.948e-01 | val acc: 6.557e-01 | test acc: 6.556e-01 | val f1: 4.056e-01 | test f1: 4.150e-01 
11301 | 4.91s | train acc: 7.790e-01 | val acc: 7.377e-01 | test acc: 7.337e-01 | val f1: 5.177e-01 | test f1: 5.348e-01 
11401 | 4.92s | train acc: 7.712e-01 | val acc: 7.315e-01 | test acc: 7.287e-01 | val f1: 5.236e-01 | test f1: 5.392e-01 
11501 | 4.96s | train acc: 7.407e-01 | val acc: 6.899e-01 | test acc: 6.896e-01 | val f1: 5.437e-01 | test f1: 5.569e-01 
11601 | 4.93s | train acc: 7.434e-01 | val acc: 6.850e-01 | test acc: 6.786e-01 | val f1: 5.435e-01 | test f1: 5.531e-01 
11701 | 4.94s | train acc: 6.320e-01 | val acc: 5.432e-01 | test acc: 5.469e-01 | val f1: 4.930e-01 | test f1: 5.022e-01 
11801 | 4.93s | train acc: 6.792e-01 | val acc: 6.351e-01 | test acc: 6.257e-01 | val f1: 5.239e-01 | test f1: 5.262e-01 
11901 | 4.91s | train acc: 7.568e-01 | val acc: 7.255e-01 | test acc: 7.255e-01 | val f1: 2.815e-01 | test f1: 3.068e-01 
12001 | 4.93s | train acc: 7.838e-01 | val acc: 7.385e-01 | test acc: 7.351e-01 | val f1: 5.638e-01 | test f1: 5.786e-01 
12101 | 4.93s | train acc: 7.312e-01 | val acc: 6.785e-01 | test acc: 6.736e-01 | val f1: 5.210e-01 | test f1: 5.306e-01 
12201 | 4.91s | train acc: 8.030e-01 | val acc: 7.505e-01 | test acc: 7.529e-01 | val f1: 4.792e-01 | test f1: 5.089e-01 
12301 | 4.93s | train acc: 7.200e-01 | val acc: 6.665e-01 | test acc: 6.666e-01 | val f1: 4.450e-01 | test f1: 4.583e-01 
12401 | 4.93s | train acc: 7.972e-01 | val acc: 7.406e-01 | test acc: 7.357e-01 | val f1: 5.655e-01 | test f1: 5.798e-01 
12501 | 4.91s | train acc: 8.142e-01 | val acc: 7.550e-01 | test acc: 7.568e-01 | val f1: 5.290e-01 | test f1: 5.542e-01 
12601 | 4.95s | train acc: 6.438e-01 | val acc: 5.790e-01 | test acc: 5.725e-01 | val f1: 5.007e-01 | test f1: 5.060e-01 
12701 | 4.95s | train acc: 6.541e-01 | val acc: 5.825e-01 | test acc: 5.781e-01 | val f1: 5.268e-01 | test f1: 5.327e-01 
12801 | 4.92s | train acc: 8.192e-01 | val acc: 7.566e-01 | test acc: 7.628e-01 | val f1: 4.528e-01 | test f1: 4.910e-01 
12901 | 4.95s | train acc: 4.662e-01 | val acc: 4.531e-01 | test acc: 4.556e-01 | val f1: 4.486e-01 | test f1: 4.544e-01 
13001 | 4.91s | train acc: 8.205e-01 | val acc: 7.562e-01 | test acc: 7.628e-01 | val f1: 5.214e-01 | test f1: 5.533e-01 
13101 | 4.90s | train acc: 7.948e-01 | val acc: 7.319e-01 | test acc: 7.371e-01 | val f1: 4.515e-01 | test f1: 4.810e-01 
13201 | 4.92s | train acc: 7.947e-01 | val acc: 7.358e-01 | test acc: 7.350e-01 | val f1: 5.435e-01 | test f1: 5.599e-01 
13301 | 4.96s | train acc: 6.773e-01 | val acc: 6.089e-01 | test acc: 6.085e-01 | val f1: 5.073e-01 | test f1: 5.158e-01 
13401 | 4.95s | train acc: 6.114e-01 | val acc: 5.386e-01 | test acc: 5.387e-01 | val f1: 4.855e-01 | test f1: 4.917e-01 
13501 | 4.94s | train acc: 6.777e-01 | val acc: 6.197e-01 | test acc: 6.129e-01 | val f1: 5.072e-01 | test f1: 5.130e-01 
13601 | 4.97s | train acc: 4.688e-01 | val acc: 4.369e-01 | test acc: 4.409e-01 | val f1: 4.690e-01 | test f1: 4.759e-01 
13701 | 4.95s | train acc: 7.463e-01 | val acc: 6.870e-01 | test acc: 6.833e-01 | val f1: 5.348e-01 | test f1: 5.452e-01 
13801 | 4.94s | train acc: 6.483e-01 | val acc: 5.758e-01 | test acc: 5.753e-01 | val f1: 4.553e-01 | test f1: 4.628e-01 
13901 | 4.95s | train acc: 7.178e-01 | val acc: 6.238e-01 | test acc: 6.232e-01 | val f1: 5.278e-01 | test f1: 5.387e-01 
14001 | 4.91s | train acc: 7.683e-01 | val acc: 7.235e-01 | test acc: 7.250e-01 | val f1: 4.776e-01 | test f1: 4.960e-01 
14101 | 4.96s | train acc: 4.972e-01 | val acc: 4.720e-01 | test acc: 4.749e-01 | val f1: 4.753e-01 | test f1: 4.825e-01 
14201 | 4.97s | train acc: 6.086e-01 | val acc: 5.434e-01 | test acc: 5.415e-01 | val f1: 4.901e-01 | test f1: 4.956e-01 
14301 | 4.92s | train acc: 7.879e-01 | val acc: 7.266e-01 | test acc: 7.310e-01 | val f1: 4.901e-01 | test f1: 5.122e-01 
14401 | 4.93s | train acc: 6.817e-01 | val acc: 6.187e-01 | test acc: 6.190e-01 | val f1: 4.982e-01 | test f1: 5.061e-01 
14501 | 4.93s | train acc: 8.034e-01 | val acc: 7.274e-01 | test acc: 7.300e-01 | val f1: 5.875e-01 | test f1: 6.064e-01 
14601 | 4.94s | train acc: 7.659e-01 | val acc: 6.928e-01 | test acc: 6.923e-01 | val f1: 5.344e-01 | test f1: 5.481e-01 
14701 | 4.95s | train acc: 6.690e-01 | val acc: 6.026e-01 | test acc: 5.983e-01 | val f1: 5.359e-01 | test f1: 5.376e-01 
14801 | 4.94s | train acc: 6.531e-01 | val acc: 5.813e-01 | test acc: 5.817e-01 | val f1: 5.025e-01 | test f1: 5.097e-01 
14901 | 4.96s | train acc: 4.502e-01 | val acc: 4.372e-01 | test acc: 4.403e-01 | val f1: 4.609e-01 | test f1: 4.670e-01 
15001 | 4.93s | train acc: 8.264e-01 | val acc: 7.636e-01 | test acc: 7.666e-01 | val f1: 5.204e-01 | test f1: 5.504e-01 
15101 | 4.94s | train acc: 7.297e-01 | val acc: 6.699e-01 | test acc: 6.705e-01 | val f1: 5.145e-01 | test f1: 5.277e-01 
15201 | 4.90s | train acc: 7.748e-01 | val acc: 7.323e-01 | test acc: 7.344e-01 | val f1: 4.010e-01 | test f1: 4.262e-01 
15301 | 4.95s | train acc: 6.072e-01 | val acc: 5.418e-01 | test acc: 5.437e-01 | val f1: 4.887e-01 | test f1: 4.964e-01 
15401 | 4.95s | train acc: 7.136e-01 | val acc: 6.131e-01 | test acc: 6.148e-01 | val f1: 5.234e-01 | test f1: 5.348e-01 
15501 | 4.97s | train acc: 6.622e-01 | val acc: 5.766e-01 | test acc: 5.825e-01 | val f1: 5.100e-01 | test f1: 5.208e-01 
15601 | 4.95s | train acc: 5.507e-01 | val acc: 4.909e-01 | test acc: 4.919e-01 | val f1: 4.828e-01 | test f1: 4.890e-01 
15701 | 4.94s | train acc: 7.629e-01 | val acc: 6.972e-01 | test acc: 6.915e-01 | val f1: 5.358e-01 | test f1: 5.468e-01 
15801 | 4.95s | train acc: 6.042e-01 | val acc: 5.378e-01 | test acc: 5.396e-01 | val f1: 4.975e-01 | test f1: 5.025e-01 
15901 | 4.96s | train acc: 5.926e-01 | val acc: 5.331e-01 | test acc: 5.350e-01 | val f1: 4.507e-01 | test f1: 4.578e-01 
16001 | 4.97s | train acc: 5.498e-01 | val acc: 5.232e-01 | test acc: 5.265e-01 | val f1: 4.867e-01 | test f1: 4.980e-01 
16101 | 5.09s | train acc: 8.058e-01 | val acc: 7.403e-01 | test acc: 7.422e-01 | val f1: 5.388e-01 | test f1: 5.629e-01 
16201 | 5.12s | train acc: 5.737e-01 | val acc: 5.219e-01 | test acc: 5.269e-01 | val f1: 4.705e-01 | test f1: 4.805e-01 
16301 | 5.06s | train acc: 6.198e-01 | val acc: 5.792e-01 | test acc: 5.815e-01 | val f1: 4.782e-01 | test f1: 4.874e-01 
16401 | 4.93s | train acc: 8.085e-01 | val acc: 7.452e-01 | test acc: 7.494e-01 | val f1: 5.079e-01 | test f1: 5.361e-01 
16501 | 4.94s | train acc: 6.730e-01 | val acc: 5.973e-01 | test acc: 5.947e-01 | val f1: 5.037e-01 | test f1: 5.108e-01 
16601 | 4.94s | train acc: 7.379e-01 | val acc: 6.403e-01 | test acc: 6.431e-01 | val f1: 5.322e-01 | test f1: 5.443e-01 
16701 | 4.92s | train acc: 7.857e-01 | val acc: 7.066e-01 | test acc: 7.064e-01 | val f1: 5.450e-01 | test f1: 5.593e-01 
16801 | 5.18s | train acc: 5.888e-01 | val acc: 5.046e-01 | test acc: 5.072e-01 | val f1: 4.830e-01 | test f1: 4.906e-01 
16901 | 5.12s | train acc: 5.473e-01 | val acc: 4.845e-01 | test acc: 4.872e-01 | val f1: 4.479e-01 | test f1: 4.557e-01 
17001 | 5.10s | train acc: 6.823e-01 | val acc: 6.047e-01 | test acc: 6.056e-01 | val f1: 5.062e-01 | test f1: 5.134e-01 
17101 | 5.08s | train acc: 8.016e-01 | val acc: 7.334e-01 | test acc: 7.374e-01 | val f1: 5.490e-01 | test f1: 5.674e-01 
17201 | 5.13s | train acc: 5.638e-01 | val acc: 5.118e-01 | test acc: 5.133e-01 | val f1: 4.383e-01 | test f1: 4.455e-01 
17301 | 5.09s | train acc: 6.202e-01 | val acc: 5.505e-01 | test acc: 5.516e-01 | val f1: 4.930e-01 | test f1: 4.993e-01 
17401 | 5.08s | train acc: 7.739e-01 | val acc: 7.281e-01 | test acc: 7.306e-01 | val f1: 4.479e-01 | test f1: 4.665e-01 
17501 | 5.16s | train acc: 6.087e-01 | val acc: 5.351e-01 | test acc: 5.360e-01 | val f1: 4.911e-01 | test f1: 4.972e-01 
17601 | 5.29s | train acc: 7.145e-01 | val acc: 6.523e-01 | test acc: 6.488e-01 | val f1: 5.258e-01 | test f1: 5.341e-01 
17701 | 5.11s | train acc: 7.712e-01 | val acc: 7.196e-01 | test acc: 7.230e-01 | val f1: 5.716e-01 | test f1: 5.899e-01 
17801 | 5.15s | train acc: 6.646e-01 | val acc: 5.807e-01 | test acc: 5.808e-01 | val f1: 5.034e-01 | test f1: 5.108e-01 
17901 | 5.14s | train acc: 7.666e-01 | val acc: 6.669e-01 | test acc: 6.711e-01 | val f1: 5.567e-01 | test f1: 5.695e-01 
18001 | 5.12s | train acc: 7.886e-01 | val acc: 7.398e-01 | test acc: 7.421e-01 | val f1: 5.107e-01 | test f1: 5.261e-01 
18101 | 5.12s | train acc: 7.374e-01 | val acc: 6.686e-01 | test acc: 6.646e-01 | val f1: 5.331e-01 | test f1: 5.409e-01 
18201 | 5.13s | train acc: 7.007e-01 | val acc: 6.342e-01 | test acc: 6.302e-01 | val f1: 5.219e-01 | test f1: 5.289e-01 
18301 | 5.14s | train acc: 8.381e-01 | val acc: 7.545e-01 | test acc: 7.636e-01 | val f1: 5.784e-01 | test f1: 6.074e-01 
18401 | 5.12s | train acc: 6.247e-01 | val acc: 5.408e-01 | test acc: 5.441e-01 | val f1: 4.923e-01 | test f1: 5.003e-01 
18501 | 5.08s | train acc: 8.284e-01 | val acc: 7.530e-01 | test acc: 7.563e-01 | val f1: 5.529e-01 | test f1: 5.773e-01 
18601 | 5.09s | train acc: 7.041e-01 | val acc: 6.692e-01 | test acc: 6.691e-01 | val f1: 5.242e-01 | test f1: 5.378e-01 
18701 | 5.10s | train acc: 5.128e-01 | val acc: 4.886e-01 | test acc: 4.932e-01 | val f1: 4.780e-01 | test f1: 4.833e-01 
18801 | 5.12s | train acc: 7.060e-01 | val acc: 6.487e-01 | test acc: 6.443e-01 | val f1: 5.316e-01 | test f1: 5.378e-01 
18901 | 5.26s | train acc: 8.089e-01 | val acc: 7.315e-01 | test acc: 7.370e-01 | val f1: 5.344e-01 | test f1: 5.597e-01 
19001 | 5.13s | train acc: 7.660e-01 | val acc: 6.835e-01 | test acc: 6.843e-01 | val f1: 5.345e-01 | test f1: 5.476e-01 
19101 | 5.14s | train acc: 5.652e-01 | val acc: 4.991e-01 | test acc: 5.005e-01 | val f1: 4.793e-01 | test f1: 4.852e-01 
19201 | 5.16s | train acc: 8.103e-01 | val acc: 7.521e-01 | test acc: 7.572e-01 | val f1: 4.186e-01 | test f1: 4.517e-01 
19301 | 5.18s | train acc: 6.307e-01 | val acc: 5.491e-01 | test acc: 5.527e-01 | val f1: 4.805e-01 | test f1: 4.898e-01 
19401 | 5.10s | train acc: 8.196e-01 | val acc: 7.586e-01 | test acc: 7.651e-01 | val f1: 4.009e-01 | test f1: 4.387e-01 
19501 | 5.11s | train acc: 7.990e-01 | val acc: 7.463e-01 | test acc: 7.508e-01 | val f1: 3.716e-01 | test f1: 4.080e-01 
19601 | 5.12s | train acc: 7.668e-01 | val acc: 7.167e-01 | test acc: 7.193e-01 | val f1: 4.415e-01 | test f1: 4.593e-01 
19701 | 5.38s | train acc: 5.718e-01 | val acc: 5.055e-01 | test acc: 5.085e-01 | val f1: 4.827e-01 | test f1: 4.894e-01 
19801 | 5.13s | train acc: 6.480e-01 | val acc: 5.715e-01 | test acc: 5.752e-01 | val f1: 4.984e-01 | test f1: 5.069e-01 
19901 | 5.19s | train acc: 6.600e-01 | val acc: 5.804e-01 | test acc: 5.821e-01 | val f1: 5.027e-01 | test f1: 5.107e-01 
20001 | 5.37s | train acc: 6.721e-01 | val acc: 5.838e-01 | test acc: 5.871e-01 | val f1: 5.163e-01 | test f1: 5.268e-01 
20101 | 5.31s | train acc: 7.665e-01 | val acc: 7.317e-01 | test acc: 7.329e-01 | val f1: 3.359e-01 | test f1: 3.596e-01 
20201 | 5.36s | train acc: 6.507e-01 | val acc: 5.640e-01 | test acc: 5.701e-01 | val f1: 5.168e-01 | test f1: 5.264e-01 
20301 | 5.24s | train acc: 6.343e-01 | val acc: 5.616e-01 | test acc: 5.631e-01 | val f1: 4.978e-01 | test f1: 5.048e-01 
20401 | 5.31s | train acc: 7.080e-01 | val acc: 6.247e-01 | test acc: 6.233e-01 | val f1: 5.266e-01 | test f1: 5.344e-01 
20501 | 5.30s | train acc: 8.645e-01 | val acc: 7.725e-01 | test acc: 7.811e-01 | val f1: 5.544e-01 | test f1: 5.865e-01 
20601 | 5.34s | train acc: 6.590e-01 | val acc: 5.718e-01 | test acc: 5.752e-01 | val f1: 5.024e-01 | test f1: 5.107e-01 
20701 | 5.31s | train acc: 8.649e-01 | val acc: 7.736e-01 | test acc: 7.826e-01 | val f1: 5.636e-01 | test f1: 5.974e-01 
20801 | 5.39s | train acc: 6.736e-01 | val acc: 5.965e-01 | test acc: 5.974e-01 | val f1: 5.089e-01 | test f1: 5.164e-01 
20901 | 5.37s | train acc: 7.063e-01 | val acc: 6.316e-01 | test acc: 6.322e-01 | val f1: 5.360e-01 | test f1: 5.459e-01 
21001 | 5.42s | train acc: 6.320e-01 | val acc: 5.583e-01 | test acc: 5.602e-01 | val f1: 4.978e-01 | test f1: 5.051e-01 
21101 | 5.39s | train acc: 7.342e-01 | val acc: 6.383e-01 | test acc: 6.436e-01 | val f1: 5.293e-01 | test f1: 5.423e-01 
21201 | 5.38s | train acc: 5.523e-01 | val acc: 4.943e-01 | test acc: 4.976e-01 | val f1: 4.796e-01 | test f1: 4.868e-01 
21301 | 5.38s | train acc: 6.703e-01 | val acc: 5.913e-01 | test acc: 5.939e-01 | val f1: 5.066e-01 | test f1: 5.157e-01 
21401 | 5.40s | train acc: 5.755e-01 | val acc: 4.860e-01 | test acc: 4.907e-01 | val f1: 4.803e-01 | test f1: 4.887e-01 
21501 | 5.28s | train acc: 7.352e-01 | val acc: 6.327e-01 | test acc: 6.403e-01 | val f1: 5.311e-01 | test f1: 5.465e-01 
21601 | 5.31s | train acc: 7.250e-01 | val acc: 6.701e-01 | test acc: 6.726e-01 | val f1: 4.410e-01 | test f1: 4.558e-01 
21701 | 5.40s | train acc: 5.998e-01 | val acc: 5.334e-01 | test acc: 5.402e-01 | val f1: 5.002e-01 | test f1: 5.110e-01 
21801 | 5.37s | train acc: 7.448e-01 | val acc: 6.691e-01 | test acc: 6.683e-01 | val f1: 5.362e-01 | test f1: 5.467e-01 
21901 | 5.43s | train acc: 6.677e-01 | val acc: 5.646e-01 | test acc: 5.692e-01 | val f1: 5.048e-01 | test f1: 5.146e-01 
22001 | 5.23s | train acc: 8.150e-01 | val acc: 7.331e-01 | test acc: 7.350e-01 | val f1: 5.570e-01 | test f1: 5.763e-01 
22101 | 5.35s | train acc: 8.000e-01 | val acc: 7.096e-01 | test acc: 7.110e-01 | val f1: 5.842e-01 | test f1: 5.988e-01 
22201 | 5.31s | train acc: 6.322e-01 | val acc: 5.733e-01 | test acc: 5.758e-01 | val f1: 4.970e-01 | test f1: 5.047e-01 
22301 | 5.39s | train acc: 7.277e-01 | val acc: 6.042e-01 | test acc: 6.100e-01 | val f1: 5.287e-01 | test f1: 5.408e-01 
22401 | 5.15s | train acc: 7.859e-01 | val acc: 7.168e-01 | test acc: 7.238e-01 | val f1: 4.982e-01 | test f1: 5.213e-01 
22501 | 5.37s | train acc: 7.545e-01 | val acc: 6.651e-01 | test acc: 6.661e-01 | val f1: 5.311e-01 | test f1: 5.426e-01 
22601 | 5.38s | train acc: 6.528e-01 | val acc: 5.498e-01 | test acc: 5.562e-01 | val f1: 4.867e-01 | test f1: 4.980e-01 
22701 | 5.39s | train acc: 5.757e-01 | val acc: 5.116e-01 | test acc: 5.142e-01 | val f1: 4.831e-01 | test f1: 4.899e-01 
22801 | 5.39s | train acc: 8.331e-01 | val acc: 7.399e-01 | test acc: 7.475e-01 | val f1: 5.848e-01 | test f1: 6.085e-01 
22901 | 5.45s | train acc: 8.714e-01 | val acc: 7.718e-01 | test acc: 7.815e-01 | val f1: 5.886e-01 | test f1: 6.196e-01 
23001 | 5.35s | train acc: 7.066e-01 | val acc: 6.134e-01 | test acc: 6.162e-01 | val f1: 5.237e-01 | test f1: 5.337e-01 
23101 | 5.41s | train acc: 6.909e-01 | val acc: 6.103e-01 | test acc: 6.143e-01 | val f1: 5.218e-01 | test f1: 5.333e-01 
23201 | 5.39s | train acc: 6.734e-01 | val acc: 6.038e-01 | test acc: 6.065e-01 | val f1: 5.028e-01 | test f1: 5.128e-01 
23301 | 5.36s | train acc: 8.473e-01 | val acc: 7.437e-01 | test acc: 7.491e-01 | val f1: 5.980e-01 | test f1: 6.191e-01 
23401 | 5.40s | train acc: 8.000e-01 | val acc: 7.146e-01 | test acc: 7.183e-01 | val f1: 5.460e-01 | test f1: 5.654e-01 
23501 | 5.34s | train acc: 7.987e-01 | val acc: 7.014e-01 | test acc: 7.040e-01 | val f1: 5.582e-01 | test f1: 5.743e-01 
23601 | 5.35s | train acc: 6.209e-01 | val acc: 5.475e-01 | test acc: 5.492e-01 | val f1: 4.956e-01 | test f1: 5.025e-01 
23701 | 5.25s | train acc: 6.279e-01 | val acc: 5.547e-01 | test acc: 5.574e-01 | val f1: 4.934e-01 | test f1: 5.009e-01 
23801 | 5.39s | train acc: 7.264e-01 | val acc: 6.262e-01 | test acc: 6.340e-01 | val f1: 5.157e-01 | test f1: 5.309e-01 
23901 | 5.39s | train acc: 7.221e-01 | val acc: 6.224e-01 | test acc: 6.244e-01 | val f1: 5.219e-01 | test f1: 5.319e-01 
24001 | 5.40s | train acc: 6.037e-01 | val acc: 5.288e-01 | test acc: 5.333e-01 | val f1: 4.889e-01 | test f1: 4.973e-01 
24101 | 5.36s | train acc: 6.616e-01 | val acc: 6.000e-01 | test acc: 6.024e-01 | val f1: 4.977e-01 | test f1: 5.067e-01 
24201 | 5.35s | train acc: 8.345e-01 | val acc: 7.582e-01 | test acc: 7.641e-01 | val f1: 4.634e-01 | test f1: 4.959e-01 
24301 | 5.37s | train acc: 7.537e-01 | val acc: 6.226e-01 | test acc: 6.303e-01 | val f1: 5.303e-01 | test f1: 5.449e-01 
24401 | 5.36s | train acc: 6.961e-01 | val acc: 6.011e-01 | test acc: 6.066e-01 | val f1: 4.406e-01 | test f1: 4.548e-01 
24501 | 5.39s | train acc: 7.140e-01 | val acc: 6.320e-01 | test acc: 6.351e-01 | val f1: 4.969e-01 | test f1: 5.082e-01 
24601 | 5.37s | train acc: 7.308e-01 | val acc: 6.312e-01 | test acc: 6.364e-01 | val f1: 5.166e-01 | test f1: 5.292e-01 
24701 | 5.38s | train acc: 7.435e-01 | val acc: 5.952e-01 | test acc: 6.015e-01 | val f1: 5.246e-01 | test f1: 5.378e-01 
24801 | 5.36s | train acc: 7.093e-01 | val acc: 6.247e-01 | test acc: 6.287e-01 | val f1: 5.179e-01 | test f1: 5.292e-01 
24901 | 5.38s | train acc: 6.431e-01 | val acc: 5.643e-01 | test acc: 5.660e-01 | val f1: 5.061e-01 | test f1: 5.143e-01 
25001 | 5.26s | train acc: 8.376e-01 | val acc: 7.467e-01 | test acc: 7.537e-01 | val f1: 5.804e-01 | test f1: 6.036e-01 
25101 | 5.38s | train acc: 5.154e-01 | val acc: 5.026e-01 | test acc: 5.046e-01 | val f1: 4.799e-01 | test f1: 4.865e-01 
25201 | 5.40s | train acc: 5.992e-01 | val acc: 5.178e-01 | test acc: 5.219e-01 | val f1: 4.879e-01 | test f1: 4.955e-01 
25301 | 5.40s | train acc: 6.012e-01 | val acc: 5.268e-01 | test acc: 5.294e-01 | val f1: 4.886e-01 | test f1: 4.955e-01 
25401 | 5.42s | train acc: 5.107e-01 | val acc: 4.895e-01 | test acc: 4.932e-01 | val f1: 4.728e-01 | test f1: 4.797e-01 
25501 | 5.34s | train acc: 8.456e-01 | val acc: 7.613e-01 | test acc: 7.701e-01 | val f1: 4.568e-01 | test f1: 4.993e-01 
25601 | 5.39s | train acc: 7.477e-01 | val acc: 6.531e-01 | test acc: 6.595e-01 | val f1: 5.352e-01 | test f1: 5.493e-01 
25701 | 5.41s | train acc: 6.794e-01 | val acc: 5.799e-01 | test acc: 5.862e-01 | val f1: 5.057e-01 | test f1: 5.160e-01 
25801 | 5.33s | train acc: 8.601e-01 | val acc: 7.706e-01 | test acc: 7.800e-01 | val f1: 4.978e-01 | test f1: 5.407e-01 
25901 | 5.34s | train acc: 7.741e-01 | val acc: 7.246e-01 | test acc: 7.291e-01 | val f1: 4.535e-01 | test f1: 4.723e-01 
26001 | 5.43s | train acc: 8.010e-01 | val acc: 6.841e-01 | test acc: 6.882e-01 | val f1: 5.563e-01 | test f1: 5.724e-01 
26101 | 5.39s | train acc: 7.204e-01 | val acc: 6.399e-01 | test acc: 6.467e-01 | val f1: 5.349e-01 | test f1: 5.482e-01 
26201 | 5.35s | train acc: 7.891e-01 | val acc: 7.035e-01 | test acc: 7.056e-01 | val f1: 5.601e-01 | test f1: 5.762e-01 
26301 | 5.29s | train acc: 7.676e-01 | val acc: 6.550e-01 | test acc: 6.579e-01 | val f1: 5.452e-01 | test f1: 5.575e-01 
26401 | 5.36s | train acc: 7.113e-01 | val acc: 6.231e-01 | test acc: 6.256e-01 | val f1: 5.181e-01 | test f1: 5.290e-01 
26501 | 5.33s | train acc: 8.085e-01 | val acc: 7.428e-01 | test acc: 7.476e-01 | val f1: 4.542e-01 | test f1: 4.825e-01 
26601 | 5.36s | train acc: 7.578e-01 | val acc: 6.519e-01 | test acc: 6.604e-01 | val f1: 5.621e-01 | test f1: 5.776e-01 
26701 | 5.32s | train acc: 6.584e-01 | val acc: 5.702e-01 | test acc: 5.756e-01 | val f1: 4.701e-01 | test f1: 4.813e-01 
26801 | 5.37s | train acc: 8.100e-01 | val acc: 6.635e-01 | test acc: 6.720e-01 | val f1: 5.561e-01 | test f1: 5.733e-01 
26901 | 5.34s | train acc: 7.871e-01 | val acc: 6.647e-01 | test acc: 6.710e-01 | val f1: 5.454e-01 | test f1: 5.607e-01 
27001 | 5.38s | train acc: 8.254e-01 | val acc: 7.045e-01 | test acc: 7.118e-01 | val f1: 5.594e-01 | test f1: 5.783e-01 
27101 | 5.30s | train acc: 7.831e-01 | val acc: 7.173e-01 | test acc: 7.214e-01 | val f1: 4.865e-01 | test f1: 5.028e-01 
27201 | 5.35s | train acc: 8.612e-01 | val acc: 7.342e-01 | test acc: 7.424e-01 | val f1: 5.739e-01 | test f1: 5.986e-01 
27301 | 5.43s | train acc: 5.356e-01 | val acc: 4.917e-01 | test acc: 4.943e-01 | val f1: 4.784e-01 | test f1: 4.849e-01 
