Feb08-04:18:00
----------------------------------------------------------------------------------------------------
[pubmed]   seed=1
----------------------------------------------------------------------------------------------------
lr=0.0005 schedule=True ema=0.999 weight_decay=0.003cat=False skip=Falseepochs=10000 reduce=False eps=1e-05
nhid=16 layers=2 linears=2
----------------------------------------------------------------------------------------------------
001 | 1.37s | train acc: 3.389e-01 | val acc: 4.351e-01 | val graph: 2.900e-01 | test node: 4.379e-01 | test graph: 2.590e-01
201 | 0.63s | train acc: 4.650e-01 | val acc: 4.299e-01 | val graph: 2.980e-01 | test node: 4.413e-01 | test graph: 3.090e-01
401 | 0.53s | train acc: 8.151e-01 | val acc: 6.952e-01 | val graph: 5.120e-01 | test node: 6.602e-01 | test graph: 4.940e-01
601 | 0.52s | train acc: 8.263e-01 | val acc: 8.158e-01 | val graph: 5.880e-01 | test node: 7.716e-01 | test graph: 5.440e-01
801 | 0.61s | train acc: 8.487e-01 | val acc: 8.243e-01 | val graph: 5.960e-01 | test node: 7.962e-01 | test graph: 5.480e-01
1001 | 0.63s | train acc: 8.964e-01 | val acc: 8.320e-01 | val graph: 6.020e-01 | test node: 8.024e-01 | test graph: 5.410e-01
1201 | 0.63s | train acc: 9.020e-01 | val acc: 8.257e-01 | val graph: 5.940e-01 | test node: 8.043e-01 | test graph: 5.400e-01
1401 | 0.63s | train acc: 9.216e-01 | val acc: 8.250e-01 | val graph: 5.980e-01 | test node: 8.020e-01 | test graph: 5.310e-01
1601 | 0.63s | train acc: 9.328e-01 | val acc: 8.243e-01 | val graph: 5.920e-01 | test node: 8.010e-01 | test graph: 5.330e-01
1801 | 0.64s | train acc: 9.440e-01 | val acc: 8.165e-01 | val graph: 5.760e-01 | test node: 7.955e-01 | test graph: 5.280e-01
2001 | 0.63s | train acc: 9.468e-01 | val acc: 8.184e-01 | val graph: 5.820e-01 | test node: 7.921e-01 | test graph: 5.200e-01
2201 | 0.64s | train acc: 9.496e-01 | val acc: 8.150e-01 | val graph: 5.760e-01 | test node: 7.914e-01 | test graph: 5.180e-01
2401 | 0.65s | train acc: 9.524e-01 | val acc: 8.084e-01 | val graph: 5.680e-01 | test node: 7.876e-01 | test graph: 5.110e-01
2601 | 0.64s | train acc: 9.524e-01 | val acc: 8.024e-01 | val graph: 5.560e-01 | test node: 7.850e-01 | test graph: 5.130e-01
2801 | 0.64s | train acc: 9.524e-01 | val acc: 8.058e-01 | val graph: 5.620e-01 | test node: 7.816e-01 | test graph: 5.090e-01
3001 | 0.63s | train acc: 9.552e-01 | val acc: 8.028e-01 | val graph: 5.560e-01 | test node: 7.802e-01 | test graph: 5.110e-01
3201 | 0.63s | train acc: 9.580e-01 | val acc: 7.939e-01 | val graph: 5.440e-01 | test node: 7.782e-01 | test graph: 5.010e-01
