Feb13-06:50:14
----------------------------------------------------------------------------------------------------
[cora]   seed=1
----------------------------------------------------------------------------------------------------
lr=0.0001 unweighted_MSE=False diffusion_steps=40 schedule=True weight_decay=0.001 cat=False skip=True
nhid=256 layers=4 linears=2
----------------------------------------------------------------------------------------------------
001 | 2.83s | train acc: 1.645e-01 | val acc: 1.148e-01 | val graph: 3.000e-02 | test node: 9.083e-02 | test graph: 4.700e-02
101 | 0.73s | train acc: 1.491e-01 | val acc: 1.556e-01 | val graph: 1.100e-01 | test node: 1.528e-01 | test graph: 1.070e-01
201 | 0.75s | train acc: 1.645e-01 | val acc: 1.417e-01 | val graph: 3.200e-02 | test node: 1.420e-01 | test graph: 3.600e-02
301 | 0.73s | train acc: 1.915e-01 | val acc: 1.569e-01 | val graph: 2.400e-02 | test node: 1.539e-01 | test graph: 3.500e-02
401 | 0.73s | train acc: 2.506e-01 | val acc: 1.748e-01 | val graph: 2.800e-02 | test node: 1.683e-01 | test graph: 2.800e-02
501 | 0.73s | train acc: 1.491e-01 | val acc: 1.556e-01 | val graph: 1.100e-01 | test node: 1.526e-01 | test graph: 1.070e-01
601 | 0.73s | train acc: 1.799e-01 | val acc: 1.503e-01 | val graph: 5.000e-02 | test node: 1.503e-01 | test graph: 5.500e-02
701 | 0.73s | train acc: 1.825e-01 | val acc: 1.744e-01 | val graph: 5.600e-02 | test node: 1.738e-01 | test graph: 5.700e-02
801 | 0.73s | train acc: 1.825e-01 | val acc: 1.683e-01 | val graph: 4.800e-02 | test node: 1.677e-01 | test graph: 5.000e-02
901 | 0.73s | train acc: 1.825e-01 | val acc: 1.687e-01 | val graph: 5.000e-02 | test node: 1.721e-01 | test graph: 5.100e-02
1001 | 0.73s | train acc: 1.941e-01 | val acc: 1.957e-01 | val graph: 4.200e-02 | test node: 1.897e-01 | test graph: 4.800e-02
1101 | 0.73s | train acc: 1.864e-01 | val acc: 1.667e-01 | val graph: 4.800e-02 | test node: 1.689e-01 | test graph: 5.100e-02
1201 | 0.74s | train acc: 2.134e-01 | val acc: 1.830e-01 | val graph: 5.400e-02 | test node: 1.844e-01 | test graph: 5.200e-02
1301 | 0.73s | train acc: 2.134e-01 | val acc: 1.806e-01 | val graph: 4.800e-02 | test node: 1.774e-01 | test graph: 4.600e-02
1401 | 0.75s | train acc: 1.645e-01 | val acc: 1.148e-01 | val graph: 3.000e-02 | test node: 9.083e-02 | test graph: 4.700e-02
1501 | 0.73s | train acc: 1.838e-01 | val acc: 1.495e-01 | val graph: 5.800e-02 | test node: 1.473e-01 | test graph: 5.300e-02
1601 | 0.73s | train acc: 2.545e-01 | val acc: 1.908e-01 | val graph: 4.800e-02 | test node: 1.902e-01 | test graph: 5.400e-02
1701 | 0.73s | train acc: 2.237e-01 | val acc: 1.953e-01 | val graph: 5.000e-02 | test node: 1.891e-01 | test graph: 5.200e-02
1801 | 0.73s | train acc: 2.314e-01 | val acc: 2.022e-01 | val graph: 4.800e-02 | test node: 1.974e-01 | test graph: 5.300e-02
1901 | 0.76s | train acc: 4.293e-01 | val acc: 2.864e-01 | val graph: 4.000e-02 | test node: 2.727e-01 | test graph: 5.800e-02
2001 | 0.73s | train acc: 4.332e-01 | val acc: 2.704e-01 | val graph: 4.400e-02 | test node: 2.528e-01 | test graph: 6.200e-02
2101 | 0.73s | train acc: 2.815e-01 | val acc: 2.255e-01 | val graph: 5.200e-02 | test node: 2.139e-01 | test graph: 5.200e-02
2201 | 0.73s | train acc: 3.175e-01 | val acc: 2.557e-01 | val graph: 3.600e-02 | test node: 2.332e-01 | test graph: 4.300e-02
2301 | 0.73s | train acc: 5.758e-01 | val acc: 3.644e-01 | val graph: 6.200e-02 | test node: 3.555e-01 | test graph: 8.200e-02
2401 | 0.73s | train acc: 5.450e-01 | val acc: 3.435e-01 | val graph: 6.000e-02 | test node: 3.283e-01 | test graph: 8.400e-02
2501 | 0.73s | train acc: 2.005e-01 | val acc: 1.560e-01 | val graph: 5.600e-02 | test node: 1.560e-01 | test graph: 6.300e-02
2601 | 0.73s | train acc: 3.599e-01 | val acc: 2.418e-01 | val graph: 7.000e-02 | test node: 2.324e-01 | test graph: 6.200e-02
2701 | 0.73s | train acc: 3.650e-01 | val acc: 2.565e-01 | val graph: 5.600e-02 | test node: 2.402e-01 | test graph: 6.000e-02
2801 | 0.73s | train acc: 3.406e-01 | val acc: 2.492e-01 | val graph: 5.400e-02 | test node: 2.322e-01 | test graph: 6.000e-02
2901 | 0.75s | train acc: 4.267e-01 | val acc: 2.982e-01 | val graph: 5.400e-02 | test node: 2.680e-01 | test graph: 6.600e-02
3001 | 0.73s | train acc: 4.460e-01 | val acc: 3.011e-01 | val graph: 5.800e-02 | test node: 2.852e-01 | test graph: 7.600e-02
3101 | 0.73s | train acc: 2.416e-01 | val acc: 2.296e-01 | val graph: 6.800e-02 | test node: 2.192e-01 | test graph: 6.200e-02
3201 | 0.72s | train acc: 4.396e-01 | val acc: 3.166e-01 | val graph: 7.200e-02 | test node: 2.939e-01 | test graph: 8.200e-02
3301 | 0.73s | train acc: 3.997e-01 | val acc: 2.790e-01 | val graph: 6.800e-02 | test node: 2.659e-01 | test graph: 7.600e-02
3401 | 0.72s | train acc: 1.941e-01 | val acc: 1.671e-01 | val graph: 6.400e-02 | test node: 1.617e-01 | test graph: 6.700e-02
3501 | 0.73s | train acc: 2.198e-01 | val acc: 2.042e-01 | val graph: 6.600e-02 | test node: 1.929e-01 | test graph: 6.600e-02
3601 | 0.73s | train acc: 1.247e-01 | val acc: 1.495e-01 | val graph: 1.180e-01 | test node: 1.594e-01 | test graph: 1.120e-01
3701 | 0.73s | train acc: 2.918e-01 | val acc: 2.643e-01 | val graph: 1.140e-01 | test node: 2.712e-01 | test graph: 1.150e-01
3801 | 0.73s | train acc: 7.031e-01 | val acc: 4.179e-01 | val graph: 1.040e-01 | test node: 4.172e-01 | test graph: 1.010e-01
3901 | 0.73s | train acc: 7.365e-01 | val acc: 4.203e-01 | val graph: 9.600e-02 | test node: 4.204e-01 | test graph: 9.400e-02
4001 | 0.73s | train acc: 1.979e-01 | val acc: 1.814e-01 | val graph: 6.800e-02 | test node: 1.772e-01 | test graph: 6.700e-02
4101 | 0.77s | train acc: 4.396e-01 | val acc: 2.941e-01 | val graph: 8.200e-02 | test node: 2.982e-01 | test graph: 8.300e-02
4201 | 0.73s | train acc: 5.707e-01 | val acc: 3.513e-01 | val graph: 8.000e-02 | test node: 3.427e-01 | test graph: 1.010e-01
4301 | 0.73s | train acc: 1.645e-01 | val acc: 1.148e-01 | val graph: 3.000e-02 | test node: 9.083e-02 | test graph: 4.700e-02
4401 | 0.73s | train acc: 3.856e-01 | val acc: 2.500e-01 | val graph: 3.600e-02 | test node: 2.243e-01 | test graph: 5.600e-02
4501 | 0.73s | train acc: 5.835e-01 | val acc: 3.480e-01 | val graph: 8.400e-02 | test node: 3.338e-01 | test graph: 9.800e-02
4601 | 0.73s | train acc: 4.280e-01 | val acc: 2.892e-01 | val graph: 8.000e-02 | test node: 2.731e-01 | test graph: 8.900e-02
4701 | 0.73s | train acc: 3.638e-01 | val acc: 2.516e-01 | val graph: 6.800e-02 | test node: 2.313e-01 | test graph: 8.600e-02
4801 | 0.73s | train acc: 4.383e-01 | val acc: 2.819e-01 | val graph: 7.400e-02 | test node: 2.699e-01 | test graph: 9.100e-02
4901 | 0.73s | train acc: 4.743e-01 | val acc: 3.125e-01 | val graph: 8.200e-02 | test node: 2.931e-01 | test graph: 9.000e-02
5001 | 0.73s | train acc: 3.920e-01 | val acc: 2.610e-01 | val graph: 8.200e-02 | test node: 2.388e-01 | test graph: 1.020e-01
5101 | 0.73s | train acc: 3.406e-01 | val acc: 2.304e-01 | val graph: 7.000e-02 | test node: 2.088e-01 | test graph: 7.900e-02
5201 | 0.73s | train acc: 3.175e-01 | val acc: 1.985e-01 | val graph: 6.800e-02 | test node: 1.863e-01 | test graph: 7.700e-02
5301 | 0.73s | train acc: 5.321e-01 | val acc: 3.268e-01 | val graph: 8.800e-02 | test node: 3.043e-01 | test graph: 1.030e-01
5401 | 0.73s | train acc: 3.188e-01 | val acc: 2.018e-01 | val graph: 6.400e-02 | test node: 1.931e-01 | test graph: 7.800e-02
5501 | 0.73s | train acc: 3.483e-01 | val acc: 2.230e-01 | val graph: 6.600e-02 | test node: 2.118e-01 | test graph: 7.700e-02
5601 | 0.73s | train acc: 4.961e-01 | val acc: 3.877e-01 | val graph: 1.300e-01 | test node: 3.788e-01 | test graph: 1.550e-01
5701 | 0.73s | train acc: 4.833e-01 | val acc: 3.513e-01 | val graph: 1.000e-01 | test node: 3.330e-01 | test graph: 1.200e-01
5801 | 0.73s | train acc: 4.434e-01 | val acc: 3.088e-01 | val graph: 8.800e-02 | test node: 2.854e-01 | test graph: 9.500e-02
5901 | 0.73s | train acc: 4.486e-01 | val acc: 2.745e-01 | val graph: 8.200e-02 | test node: 2.572e-01 | test graph: 9.500e-02
6001 | 0.72s | train acc: 6.080e-01 | val acc: 3.995e-01 | val graph: 1.160e-01 | test node: 3.782e-01 | test graph: 1.210e-01
6101 | 0.73s | train acc: 4.692e-01 | val acc: 3.174e-01 | val graph: 1.260e-01 | test node: 2.903e-01 | test graph: 1.240e-01
6201 | 0.73s | train acc: 5.514e-01 | val acc: 3.497e-01 | val graph: 1.040e-01 | test node: 3.338e-01 | test graph: 1.190e-01
6301 | 0.74s | train acc: 6.620e-01 | val acc: 4.257e-01 | val graph: 1.240e-01 | test node: 4.007e-01 | test graph: 1.370e-01
6401 | 0.74s | train acc: 1.954e-01 | val acc: 1.503e-01 | val graph: 6.400e-02 | test node: 1.541e-01 | test graph: 6.400e-02
6501 | 0.72s | train acc: 3.522e-01 | val acc: 2.165e-01 | val graph: 6.800e-02 | test node: 2.114e-01 | test graph: 7.400e-02
6601 | 0.73s | train acc: 6.080e-01 | val acc: 3.815e-01 | val graph: 1.120e-01 | test node: 3.625e-01 | test graph: 1.250e-01
6701 | 0.73s | train acc: 2.044e-01 | val acc: 1.438e-01 | val graph: 6.400e-02 | test node: 1.481e-01 | test graph: 6.500e-02
6801 | 0.73s | train acc: 5.694e-01 | val acc: 3.550e-01 | val graph: 1.140e-01 | test node: 3.345e-01 | test graph: 1.290e-01
6901 | 0.73s | train acc: 5.411e-01 | val acc: 4.158e-01 | val graph: 1.840e-01 | test node: 4.037e-01 | test graph: 1.920e-01
7001 | 0.73s | train acc: 6.671e-01 | val acc: 4.355e-01 | val graph: 1.580e-01 | test node: 4.102e-01 | test graph: 1.710e-01
7101 | 0.73s | train acc: 7.995e-01 | val acc: 5.801e-01 | val graph: 2.600e-01 | test node: 5.766e-01 | test graph: 2.900e-01
7201 | 0.73s | train acc: 3.535e-01 | val acc: 2.141e-01 | val graph: 7.200e-02 | test node: 2.171e-01 | test graph: 7.200e-02
7301 | 0.73s | train acc: 4.897e-01 | val acc: 3.051e-01 | val graph: 9.600e-02 | test node: 2.842e-01 | test graph: 1.050e-01
7401 | 0.73s | train acc: 5.604e-01 | val acc: 3.444e-01 | val graph: 1.020e-01 | test node: 3.200e-01 | test graph: 1.120e-01
7501 | 0.72s | train acc: 7.416e-01 | val acc: 5.037e-01 | val graph: 1.940e-01 | test node: 4.843e-01 | test graph: 1.940e-01
7601 | 0.73s | train acc: 6.080e-01 | val acc: 3.807e-01 | val graph: 1.280e-01 | test node: 3.544e-01 | test graph: 1.270e-01
7701 | 0.72s | train acc: 7.326e-01 | val acc: 4.939e-01 | val graph: 2.320e-01 | test node: 4.665e-01 | test graph: 2.380e-01
7801 | 0.73s | train acc: 6.594e-01 | val acc: 4.383e-01 | val graph: 1.460e-01 | test node: 4.276e-01 | test graph: 1.590e-01
7901 | 0.72s | train acc: 6.915e-01 | val acc: 4.363e-01 | val graph: 1.420e-01 | test node: 4.211e-01 | test graph: 1.540e-01
8001 | 0.72s | train acc: 5.463e-01 | val acc: 3.587e-01 | val graph: 1.380e-01 | test node: 3.287e-01 | test graph: 1.410e-01
8101 | 0.73s | train acc: 7.545e-01 | val acc: 5.551e-01 | val graph: 2.480e-01 | test node: 5.359e-01 | test graph: 2.490e-01
8201 | 0.72s | train acc: 7.134e-01 | val acc: 5.041e-01 | val graph: 2.160e-01 | test node: 4.830e-01 | test graph: 2.140e-01
8301 | 0.73s | train acc: 6.761e-01 | val acc: 4.890e-01 | val graph: 2.420e-01 | test node: 4.667e-01 | test graph: 2.500e-01
8401 | 0.73s | train acc: 7.429e-01 | val acc: 5.449e-01 | val graph: 2.500e-01 | test node: 5.316e-01 | test graph: 2.510e-01
8501 | 0.73s | train acc: 7.648e-01 | val acc: 6.103e-01 | val graph: 3.220e-01 | test node: 6.040e-01 | test graph: 3.160e-01
8601 | 0.75s | train acc: 7.262e-01 | val acc: 5.682e-01 | val graph: 2.960e-01 | test node: 5.588e-01 | test graph: 2.930e-01
8701 | 0.73s | train acc: 6.607e-01 | val acc: 5.278e-01 | val graph: 3.080e-01 | test node: 5.134e-01 | test graph: 2.990e-01
8801 | 0.72s | train acc: 2.802e-01 | val acc: 1.577e-01 | val graph: 3.600e-02 | test node: 1.322e-01 | test graph: 5.300e-02
8901 | 0.73s | train acc: 7.416e-01 | val acc: 5.498e-01 | val graph: 2.540e-01 | test node: 5.291e-01 | test graph: 2.460e-01
9001 | 0.73s | train acc: 7.249e-01 | val acc: 5.498e-01 | val graph: 2.640e-01 | test node: 5.238e-01 | test graph: 2.590e-01
9101 | 0.73s | train acc: 7.429e-01 | val acc: 5.915e-01 | val graph: 2.940e-01 | test node: 5.775e-01 | test graph: 2.980e-01
9201 | 0.73s | train acc: 7.108e-01 | val acc: 5.364e-01 | val graph: 2.620e-01 | test node: 5.134e-01 | test graph: 2.680e-01
9301 | 0.74s | train acc: 7.558e-01 | val acc: 6.172e-01 | val graph: 3.400e-01 | test node: 6.091e-01 | test graph: 3.320e-01
9401 | 0.73s | train acc: 7.532e-01 | val acc: 6.356e-01 | val graph: 3.660e-01 | test node: 6.278e-01 | test graph: 3.610e-01
9501 | 0.73s | train acc: 6.645e-01 | val acc: 4.400e-01 | val graph: 1.940e-01 | test node: 4.257e-01 | test graph: 1.990e-01
9601 | 0.73s | train acc: 7.468e-01 | val acc: 6.172e-01 | val graph: 3.520e-01 | test node: 6.144e-01 | test graph: 3.470e-01
9701 | 0.73s | train acc: 7.455e-01 | val acc: 6.246e-01 | val graph: 3.620e-01 | test node: 6.084e-01 | test graph: 3.550e-01
9801 | 0.73s | train acc: 7.789e-01 | val acc: 6.859e-01 | val graph: 4.060e-01 | test node: 6.643e-01 | test graph: 3.920e-01
9901 | 0.73s | train acc: 3.393e-01 | val acc: 2.067e-01 | val graph: 9.200e-02 | test node: 1.863e-01 | test graph: 8.800e-02
10001 | 0.73s | train acc: 7.905e-01 | val acc: 6.797e-01 | val graph: 4.100e-01 | test node: 6.602e-01 | test graph: 3.990e-01
10101 | 0.73s | train acc: 7.763e-01 | val acc: 6.581e-01 | val graph: 3.980e-01 | test node: 6.413e-01 | test graph: 3.900e-01
10201 | 0.72s | train acc: 7.853e-01 | val acc: 6.879e-01 | val graph: 4.200e-01 | test node: 6.732e-01 | test graph: 4.180e-01
10301 | 0.73s | train acc: 7.686e-01 | val acc: 6.417e-01 | val graph: 3.860e-01 | test node: 6.182e-01 | test graph: 3.830e-01
10401 | 0.73s | train acc: 7.828e-01 | val acc: 6.818e-01 | val graph: 4.160e-01 | test node: 6.651e-01 | test graph: 4.160e-01
10501 | 0.73s | train acc: 7.802e-01 | val acc: 6.724e-01 | val graph: 4.000e-01 | test node: 6.528e-01 | test graph: 4.060e-01
10601 | 0.72s | train acc: 5.656e-01 | val acc: 3.873e-01 | val graph: 1.840e-01 | test node: 3.663e-01 | test graph: 1.960e-01
10701 | 0.72s | train acc: 7.995e-01 | val acc: 6.855e-01 | val graph: 4.060e-01 | test node: 6.704e-01 | test graph: 4.100e-01
10801 | 0.73s | train acc: 8.021e-01 | val acc: 7.006e-01 | val graph: 4.420e-01 | test node: 6.859e-01 | test graph: 4.260e-01
10901 | 0.73s | train acc: 7.892e-01 | val acc: 6.822e-01 | val graph: 4.180e-01 | test node: 6.706e-01 | test graph: 4.350e-01
11001 | 0.76s | train acc: 5.835e-01 | val acc: 4.109e-01 | val graph: 2.460e-01 | test node: 4.092e-01 | test graph: 2.360e-01
11101 | 0.73s | train acc: 8.239e-01 | val acc: 7.263e-01 | val graph: 4.460e-01 | test node: 7.222e-01 | test graph: 4.390e-01
11201 | 0.73s | train acc: 8.149e-01 | val acc: 6.777e-01 | val graph: 3.760e-01 | test node: 6.630e-01 | test graph: 3.720e-01
11301 | 0.73s | train acc: 8.021e-01 | val acc: 6.593e-01 | val graph: 3.720e-01 | test node: 6.413e-01 | test graph: 3.580e-01
11401 | 0.73s | train acc: 8.021e-01 | val acc: 6.683e-01 | val graph: 3.840e-01 | test node: 6.522e-01 | test graph: 3.680e-01
11501 | 0.73s | train acc: 8.033e-01 | val acc: 6.855e-01 | val graph: 4.000e-01 | test node: 6.696e-01 | test graph: 3.770e-01
11601 | 0.72s | train acc: 8.033e-01 | val acc: 6.822e-01 | val graph: 4.020e-01 | test node: 6.636e-01 | test graph: 3.810e-01
11701 | 0.73s | train acc: 7.879e-01 | val acc: 6.761e-01 | val graph: 3.960e-01 | test node: 6.556e-01 | test graph: 3.720e-01
11801 | 0.75s | train acc: 7.853e-01 | val acc: 6.728e-01 | val graph: 3.960e-01 | test node: 6.545e-01 | test graph: 3.750e-01
11901 | 0.73s | train acc: 7.969e-01 | val acc: 6.867e-01 | val graph: 4.060e-01 | test node: 6.674e-01 | test graph: 3.890e-01
12001 | 0.73s | train acc: 7.725e-01 | val acc: 6.605e-01 | val graph: 3.920e-01 | test node: 6.443e-01 | test graph: 3.790e-01
12101 | 0.73s | train acc: 7.815e-01 | val acc: 6.687e-01 | val graph: 3.900e-01 | test node: 6.532e-01 | test graph: 3.860e-01
12201 | 0.73s | train acc: 7.725e-01 | val acc: 6.540e-01 | val graph: 3.860e-01 | test node: 6.384e-01 | test graph: 3.770e-01
12301 | 0.73s | train acc: 7.738e-01 | val acc: 6.601e-01 | val graph: 3.920e-01 | test node: 6.407e-01 | test graph: 3.860e-01
12401 | 0.73s | train acc: 8.162e-01 | val acc: 7.402e-01 | val graph: 4.560e-01 | test node: 7.156e-01 | test graph: 4.430e-01
12501 | 0.73s | train acc: 8.085e-01 | val acc: 6.846e-01 | val graph: 3.980e-01 | test node: 6.702e-01 | test graph: 4.160e-01
12601 | 0.73s | train acc: 7.905e-01 | val acc: 6.814e-01 | val graph: 4.020e-01 | test node: 6.604e-01 | test graph: 4.040e-01
12701 | 0.77s | train acc: 7.918e-01 | val acc: 6.936e-01 | val graph: 4.160e-01 | test node: 6.717e-01 | test graph: 4.060e-01
12801 | 0.72s | train acc: 8.072e-01 | val acc: 7.202e-01 | val graph: 4.340e-01 | test node: 7.027e-01 | test graph: 4.390e-01
12901 | 0.73s | train acc: 8.046e-01 | val acc: 7.177e-01 | val graph: 4.420e-01 | test node: 6.916e-01 | test graph: 4.300e-01
13001 | 0.73s | train acc: 8.201e-01 | val acc: 7.071e-01 | val graph: 4.320e-01 | test node: 6.863e-01 | test graph: 4.160e-01
13101 | 0.73s | train acc: 8.085e-01 | val acc: 7.132e-01 | val graph: 4.240e-01 | test node: 6.912e-01 | test graph: 4.280e-01
13201 | 0.73s | train acc: 6.195e-01 | val acc: 4.224e-01 | val graph: 2.380e-01 | test node: 3.988e-01 | test graph: 2.300e-01
13301 | 0.73s | train acc: 8.136e-01 | val acc: 6.900e-01 | val graph: 4.180e-01 | test node: 6.694e-01 | test graph: 4.140e-01
13401 | 0.72s | train acc: 8.162e-01 | val acc: 6.969e-01 | val graph: 4.240e-01 | test node: 6.761e-01 | test graph: 4.180e-01
13501 | 0.73s | train acc: 8.239e-01 | val acc: 7.308e-01 | val graph: 4.600e-01 | test node: 7.101e-01 | test graph: 4.450e-01
13601 | 0.73s | train acc: 8.213e-01 | val acc: 7.271e-01 | val graph: 4.440e-01 | test node: 7.020e-01 | test graph: 4.330e-01
13701 | 0.73s | train acc: 8.072e-01 | val acc: 6.573e-01 | val graph: 3.900e-01 | test node: 6.396e-01 | test graph: 3.950e-01
13801 | 0.73s | train acc: 8.586e-01 | val acc: 7.827e-01 | val graph: 5.240e-01 | test node: 7.716e-01 | test graph: 5.280e-01
13901 | 0.73s | train acc: 8.316e-01 | val acc: 7.267e-01 | val graph: 4.400e-01 | test node: 6.986e-01 | test graph: 4.330e-01
14001 | 0.75s | train acc: 8.419e-01 | val acc: 7.377e-01 | val graph: 4.620e-01 | test node: 7.224e-01 | test graph: 4.630e-01
14101 | 0.73s | train acc: 8.689e-01 | val acc: 7.451e-01 | val graph: 4.700e-01 | test node: 7.315e-01 | test graph: 4.720e-01
14201 | 0.76s | train acc: 8.676e-01 | val acc: 7.296e-01 | val graph: 4.600e-01 | test node: 7.022e-01 | test graph: 4.370e-01
14301 | 0.73s | train acc: 9.203e-01 | val acc: 8.105e-01 | val graph: 5.600e-01 | test node: 7.999e-01 | test graph: 5.640e-01
14401 | 0.73s | train acc: 8.907e-01 | val acc: 7.480e-01 | val graph: 4.800e-01 | test node: 7.383e-01 | test graph: 4.880e-01
14501 | 0.73s | train acc: 8.830e-01 | val acc: 7.337e-01 | val graph: 4.620e-01 | test node: 7.205e-01 | test graph: 4.610e-01
14601 | 0.73s | train acc: 8.817e-01 | val acc: 6.679e-01 | val graph: 4.180e-01 | test node: 6.522e-01 | test graph: 4.180e-01
14701 | 0.72s | train acc: 9.203e-01 | val acc: 7.949e-01 | val graph: 5.400e-01 | test node: 7.835e-01 | test graph: 5.360e-01
14801 | 0.74s | train acc: 9.126e-01 | val acc: 7.802e-01 | val graph: 5.180e-01 | test node: 7.702e-01 | test graph: 5.210e-01
14901 | 0.73s | train acc: 9.165e-01 | val acc: 7.864e-01 | val graph: 5.240e-01 | test node: 7.708e-01 | test graph: 5.190e-01
15001 | 0.73s | train acc: 9.177e-01 | val acc: 7.757e-01 | val graph: 5.040e-01 | test node: 7.644e-01 | test graph: 5.120e-01
15101 | 0.73s | train acc: 9.229e-01 | val acc: 7.974e-01 | val graph: 5.440e-01 | test node: 7.820e-01 | test graph: 5.290e-01
15201 | 0.73s | train acc: 9.422e-01 | val acc: 7.966e-01 | val graph: 5.320e-01 | test node: 7.905e-01 | test graph: 5.530e-01
15301 | 0.73s | train acc: 9.396e-01 | val acc: 8.019e-01 | val graph: 5.400e-01 | test node: 7.912e-01 | test graph: 5.500e-01
15401 | 0.73s | train acc: 8.959e-01 | val acc: 6.752e-01 | val graph: 3.880e-01 | test node: 6.562e-01 | test graph: 4.000e-01
15501 | 0.73s | train acc: 9.460e-01 | val acc: 8.145e-01 | val graph: 5.500e-01 | test node: 7.916e-01 | test graph: 5.330e-01
15601 | 0.73s | train acc: 9.473e-01 | val acc: 8.174e-01 | val graph: 5.560e-01 | test node: 8.043e-01 | test graph: 5.580e-01
15701 | 0.72s | train acc: 9.589e-01 | val acc: 8.243e-01 | val graph: 5.800e-01 | test node: 8.132e-01 | test graph: 5.700e-01
15801 | 0.73s | train acc: 9.730e-01 | val acc: 8.272e-01 | val graph: 5.840e-01 | test node: 8.222e-01 | test graph: 5.860e-01
15901 | 0.73s | train acc: 9.537e-01 | val acc: 8.227e-01 | val graph: 5.660e-01 | test node: 8.101e-01 | test graph: 5.720e-01
16001 | 0.73s | train acc: 9.434e-01 | val acc: 7.978e-01 | val graph: 5.260e-01 | test node: 7.933e-01 | test graph: 5.600e-01
16101 | 0.73s | train acc: 9.730e-01 | val acc: 8.109e-01 | val graph: 5.340e-01 | test node: 7.990e-01 | test graph: 5.360e-01
16201 | 0.73s | train acc: 9.666e-01 | val acc: 8.080e-01 | val graph: 5.220e-01 | test node: 7.984e-01 | test graph: 5.450e-01
16301 | 0.74s | train acc: 9.692e-01 | val acc: 8.158e-01 | val graph: 5.380e-01 | test node: 8.035e-01 | test graph: 5.490e-01
16401 | 0.73s | train acc: 9.692e-01 | val acc: 8.231e-01 | val graph: 5.540e-01 | test node: 8.079e-01 | test graph: 5.540e-01
16501 | 0.72s | train acc: 9.717e-01 | val acc: 8.252e-01 | val graph: 5.580e-01 | test node: 8.118e-01 | test graph: 5.530e-01
16601 | 0.73s | train acc: 9.679e-01 | val acc: 8.309e-01 | val graph: 5.700e-01 | test node: 8.160e-01 | test graph: 5.660e-01
16701 | 0.72s | train acc: 9.627e-01 | val acc: 7.872e-01 | val graph: 4.980e-01 | test node: 7.742e-01 | test graph: 5.110e-01
16801 | 0.73s | train acc: 9.704e-01 | val acc: 8.329e-01 | val graph: 5.720e-01 | test node: 8.149e-01 | test graph: 5.590e-01
16901 | 0.73s | train acc: 9.781e-01 | val acc: 8.382e-01 | val graph: 5.860e-01 | test node: 8.302e-01 | test graph: 5.840e-01
17001 | 0.73s | train acc: 9.807e-01 | val acc: 8.419e-01 | val graph: 5.980e-01 | test node: 8.334e-01 | test graph: 5.830e-01
17101 | 0.73s | train acc: 9.820e-01 | val acc: 8.399e-01 | val graph: 5.860e-01 | test node: 8.309e-01 | test graph: 5.820e-01
17201 | 0.73s | train acc: 9.769e-01 | val acc: 8.305e-01 | val graph: 5.740e-01 | test node: 8.164e-01 | test graph: 5.590e-01
17301 | 0.73s | train acc: 9.820e-01 | val acc: 8.350e-01 | val graph: 5.800e-01 | test node: 8.243e-01 | test graph: 5.710e-01
17401 | 0.75s | train acc: 9.833e-01 | val acc: 8.374e-01 | val graph: 5.880e-01 | test node: 8.304e-01 | test graph: 5.790e-01
17501 | 0.73s | train acc: 9.846e-01 | val acc: 8.366e-01 | val graph: 5.860e-01 | test node: 8.268e-01 | test graph: 5.730e-01
17601 | 0.73s | train acc: 9.871e-01 | val acc: 8.109e-01 | val graph: 5.400e-01 | test node: 7.986e-01 | test graph: 5.190e-01
17701 | 0.73s | train acc: 9.846e-01 | val acc: 8.297e-01 | val graph: 5.720e-01 | test node: 8.179e-01 | test graph: 5.630e-01
17801 | 0.72s | train acc: 9.781e-01 | val acc: 8.337e-01 | val graph: 5.780e-01 | test node: 8.207e-01 | test graph: 5.630e-01
17901 | 0.73s | train acc: 9.807e-01 | val acc: 8.374e-01 | val graph: 5.840e-01 | test node: 8.294e-01 | test graph: 5.770e-01
18001 | 0.73s | train acc: 9.820e-01 | val acc: 8.427e-01 | val graph: 6.020e-01 | test node: 8.391e-01 | test graph: 5.920e-01
18101 | 0.73s | train acc: 9.820e-01 | val acc: 8.419e-01 | val graph: 5.980e-01 | test node: 8.362e-01 | test graph: 5.890e-01
18201 | 0.73s | train acc: 9.820e-01 | val acc: 8.423e-01 | val graph: 5.960e-01 | test node: 8.364e-01 | test graph: 5.890e-01
18301 | 0.73s | train acc: 9.884e-01 | val acc: 8.431e-01 | val graph: 5.980e-01 | test node: 8.402e-01 | test graph: 5.920e-01
18401 | 0.73s | train acc: 9.859e-01 | val acc: 8.427e-01 | val graph: 5.980e-01 | test node: 8.304e-01 | test graph: 5.760e-01
18501 | 0.74s | train acc: 9.897e-01 | val acc: 8.403e-01 | val graph: 5.940e-01 | test node: 8.343e-01 | test graph: 5.820e-01
18601 | 0.73s | train acc: 9.666e-01 | val acc: 7.790e-01 | val graph: 5.040e-01 | test node: 7.521e-01 | test graph: 4.880e-01
18701 | 0.75s | train acc: 9.884e-01 | val acc: 8.350e-01 | val graph: 5.720e-01 | test node: 8.328e-01 | test graph: 5.700e-01
18801 | 0.72s | train acc: 9.884e-01 | val acc: 8.374e-01 | val graph: 5.780e-01 | test node: 8.317e-01 | test graph: 5.680e-01
18901 | 0.73s | train acc: 9.897e-01 | val acc: 8.386e-01 | val graph: 5.820e-01 | test node: 8.368e-01 | test graph: 5.760e-01
19001 | 0.73s | train acc: 9.897e-01 | val acc: 8.391e-01 | val graph: 5.900e-01 | test node: 8.326e-01 | test graph: 5.720e-01
19101 | 0.73s | train acc: 9.910e-01 | val acc: 8.370e-01 | val graph: 5.760e-01 | test node: 8.398e-01 | test graph: 5.850e-01
19201 | 0.73s | train acc: 9.923e-01 | val acc: 8.431e-01 | val graph: 5.820e-01 | test node: 8.340e-01 | test graph: 5.740e-01
19301 | 0.73s | train acc: 9.859e-01 | val acc: 8.162e-01 | val graph: 5.220e-01 | test node: 8.001e-01 | test graph: 5.180e-01
19401 | 0.73s | train acc: 9.923e-01 | val acc: 8.354e-01 | val graph: 5.780e-01 | test node: 8.279e-01 | test graph: 5.620e-01
19501 | 0.73s | train acc: 9.936e-01 | val acc: 8.333e-01 | val graph: 5.680e-01 | test node: 8.315e-01 | test graph: 5.710e-01
19601 | 0.72s | train acc: 9.923e-01 | val acc: 8.137e-01 | val graph: 5.360e-01 | test node: 8.058e-01 | test graph: 5.250e-01
19701 | 0.72s | train acc: 9.961e-01 | val acc: 8.313e-01 | val graph: 5.600e-01 | test node: 8.268e-01 | test graph: 5.610e-01
19801 | 0.73s | train acc: 9.936e-01 | val acc: 8.370e-01 | val graph: 5.680e-01 | test node: 8.355e-01 | test graph: 5.750e-01
19901 | 0.73s | train acc: 9.949e-01 | val acc: 8.411e-01 | val graph: 5.820e-01 | test node: 8.387e-01 | test graph: 5.780e-01
20001 | 0.73s | train acc: 9.949e-01 | val acc: 8.415e-01 | val graph: 5.800e-01 | test node: 8.425e-01 | test graph: 5.830e-01
20101 | 0.73s | train acc: 9.910e-01 | val acc: 8.391e-01 | val graph: 5.700e-01 | test node: 8.349e-01 | test graph: 5.880e-01
20201 | 0.73s | train acc: 9.961e-01 | val acc: 8.407e-01 | val graph: 5.780e-01 | test node: 8.432e-01 | test graph: 5.850e-01
20301 | 0.73s | train acc: 9.923e-01 | val acc: 8.215e-01 | val graph: 5.480e-01 | test node: 8.067e-01 | test graph: 5.300e-01
20401 | 0.73s | train acc: 9.923e-01 | val acc: 8.329e-01 | val graph: 5.560e-01 | test node: 8.294e-01 | test graph: 5.610e-01
20501 | 0.73s | train acc: 9.961e-01 | val acc: 8.399e-01 | val graph: 5.800e-01 | test node: 8.374e-01 | test graph: 5.720e-01
20601 | 0.73s | train acc: 9.974e-01 | val acc: 8.395e-01 | val graph: 5.840e-01 | test node: 8.408e-01 | test graph: 5.780e-01
20701 | 0.73s | train acc: 9.961e-01 | val acc: 8.374e-01 | val graph: 5.640e-01 | test node: 8.360e-01 | test graph: 5.580e-01
20801 | 0.74s | train acc: 9.961e-01 | val acc: 8.374e-01 | val graph: 5.740e-01 | test node: 8.396e-01 | test graph: 5.710e-01
20901 | 0.76s | train acc: 9.974e-01 | val acc: 8.382e-01 | val graph: 5.740e-01 | test node: 8.427e-01 | test graph: 5.790e-01
21001 | 0.73s | train acc: 9.987e-01 | val acc: 8.305e-01 | val graph: 5.520e-01 | test node: 8.343e-01 | test graph: 5.590e-01
21101 | 0.73s | train acc: 9.987e-01 | val acc: 8.288e-01 | val graph: 5.600e-01 | test node: 8.317e-01 | test graph: 5.590e-01
21201 | 0.73s | train acc: 9.987e-01 | val acc: 8.313e-01 | val graph: 5.480e-01 | test node: 8.313e-01 | test graph: 5.510e-01
21301 | 0.73s | train acc: 9.987e-01 | val acc: 8.223e-01 | val graph: 5.240e-01 | test node: 8.217e-01 | test graph: 5.290e-01
21401 | 0.74s | train acc: 9.974e-01 | val acc: 8.321e-01 | val graph: 5.460e-01 | test node: 8.321e-01 | test graph: 5.560e-01
21501 | 0.73s | train acc: 9.987e-01 | val acc: 8.321e-01 | val graph: 5.540e-01 | test node: 8.338e-01 | test graph: 5.580e-01
21601 | 0.73s | train acc: 9.987e-01 | val acc: 8.309e-01 | val graph: 5.520e-01 | test node: 8.317e-01 | test graph: 5.500e-01
21701 | 0.72s | train acc: 9.961e-01 | val acc: 8.297e-01 | val graph: 5.600e-01 | test node: 8.222e-01 | test graph: 5.440e-01
21801 | 0.75s | train acc: 9.974e-01 | val acc: 8.292e-01 | val graph: 5.440e-01 | test node: 8.340e-01 | test graph: 5.510e-01
21901 | 0.73s | train acc: 1.000e+00 | val acc: 8.309e-01 | val graph: 5.460e-01 | test node: 8.289e-01 | test graph: 5.520e-01
22001 | 0.74s | train acc: 9.974e-01 | val acc: 8.150e-01 | val graph: 5.160e-01 | test node: 8.090e-01 | test graph: 5.030e-01
22101 | 0.73s | train acc: 1.000e+00 | val acc: 8.292e-01 | val graph: 5.400e-01 | test node: 8.236e-01 | test graph: 5.310e-01
22201 | 0.73s | train acc: 1.000e+00 | val acc: 8.231e-01 | val graph: 5.260e-01 | test node: 8.149e-01 | test graph: 5.210e-01
22301 | 0.74s | train acc: 1.000e+00 | val acc: 8.297e-01 | val graph: 5.420e-01 | test node: 8.241e-01 | test graph: 5.370e-01
22401 | 0.73s | train acc: 1.000e+00 | val acc: 8.284e-01 | val graph: 5.420e-01 | test node: 8.262e-01 | test graph: 5.430e-01
22501 | 0.73s | train acc: 9.961e-01 | val acc: 7.761e-01 | val graph: 4.560e-01 | test node: 7.708e-01 | test graph: 4.570e-01
22601 | 0.74s | train acc: 1.000e+00 | val acc: 8.235e-01 | val graph: 5.440e-01 | test node: 8.200e-01 | test graph: 5.390e-01
22701 | 0.74s | train acc: 1.000e+00 | val acc: 8.211e-01 | val graph: 5.340e-01 | test node: 8.243e-01 | test graph: 5.430e-01
22801 | 0.73s | train acc: 1.000e+00 | val acc: 8.325e-01 | val graph: 5.480e-01 | test node: 8.283e-01 | test graph: 5.430e-01
22901 | 0.73s | train acc: 1.000e+00 | val acc: 8.227e-01 | val graph: 5.340e-01 | test node: 8.215e-01 | test graph: 5.310e-01
23001 | 0.73s | train acc: 1.000e+00 | val acc: 8.248e-01 | val graph: 5.360e-01 | test node: 8.192e-01 | test graph: 5.270e-01
23101 | 0.73s | train acc: 1.000e+00 | val acc: 8.215e-01 | val graph: 5.280e-01 | test node: 8.160e-01 | test graph: 5.230e-01
23201 | 0.73s | train acc: 9.974e-01 | val acc: 6.781e-01 | val graph: 3.300e-01 | test node: 6.604e-01 | test graph: 3.400e-01
23301 | 0.73s | train acc: 9.910e-01 | val acc: 7.018e-01 | val graph: 3.940e-01 | test node: 6.946e-01 | test graph: 3.940e-01
23401 | 0.73s | train acc: 1.000e+00 | val acc: 8.145e-01 | val graph: 5.340e-01 | test node: 7.982e-01 | test graph: 4.900e-01
23501 | 0.73s | train acc: 1.000e+00 | val acc: 8.190e-01 | val graph: 5.380e-01 | test node: 8.075e-01 | test graph: 5.060e-01
23601 | 0.74s | train acc: 1.000e+00 | val acc: 8.239e-01 | val graph: 5.400e-01 | test node: 8.179e-01 | test graph: 5.210e-01
23701 | 0.73s | train acc: 1.000e+00 | val acc: 8.231e-01 | val graph: 5.400e-01 | test node: 8.179e-01 | test graph: 5.200e-01
23801 | 0.78s | train acc: 1.000e+00 | val acc: 8.182e-01 | val graph: 5.440e-01 | test node: 8.043e-01 | test graph: 5.090e-01
23901 | 0.73s | train acc: 1.000e+00 | val acc: 8.260e-01 | val graph: 5.400e-01 | test node: 8.211e-01 | test graph: 5.310e-01
24001 | 0.73s | train acc: 1.000e+00 | val acc: 8.170e-01 | val graph: 5.180e-01 | test node: 8.169e-01 | test graph: 5.170e-01
24101 | 0.74s | train acc: 1.000e+00 | val acc: 8.109e-01 | val graph: 5.060e-01 | test node: 8.190e-01 | test graph: 5.460e-01
24201 | 0.74s | train acc: 1.000e+00 | val acc: 8.043e-01 | val graph: 4.900e-01 | test node: 7.910e-01 | test graph: 4.870e-01
24301 | 0.73s | train acc: 1.000e+00 | val acc: 8.227e-01 | val graph: 5.260e-01 | test node: 8.177e-01 | test graph: 5.210e-01
24401 | 0.73s | train acc: 1.000e+00 | val acc: 8.256e-01 | val graph: 5.360e-01 | test node: 8.198e-01 | test graph: 5.260e-01
24501 | 0.75s | train acc: 1.000e+00 | val acc: 8.243e-01 | val graph: 5.340e-01 | test node: 8.234e-01 | test graph: 5.320e-01
24601 | 0.73s | train acc: 1.000e+00 | val acc: 8.243e-01 | val graph: 5.300e-01 | test node: 8.260e-01 | test graph: 5.400e-01
24701 | 0.73s | train acc: 1.000e+00 | val acc: 8.256e-01 | val graph: 5.240e-01 | test node: 8.266e-01 | test graph: 5.390e-01
24801 | 0.79s | train acc: 1.000e+00 | val acc: 8.174e-01 | val graph: 5.100e-01 | test node: 8.219e-01 | test graph: 5.330e-01
24901 | 0.73s | train acc: 1.000e+00 | val acc: 8.043e-01 | val graph: 4.800e-01 | test node: 7.990e-01 | test graph: 4.960e-01
25001 | 0.79s | train acc: 1.000e+00 | val acc: 8.129e-01 | val graph: 5.080e-01 | test node: 8.090e-01 | test graph: 4.940e-01
25101 | 0.73s | train acc: 1.000e+00 | val acc: 8.223e-01 | val graph: 5.220e-01 | test node: 8.230e-01 | test graph: 5.320e-01
25201 | 0.73s | train acc: 1.000e+00 | val acc: 8.166e-01 | val graph: 5.140e-01 | test node: 8.071e-01 | test graph: 5.220e-01
25301 | 0.72s | train acc: 1.000e+00 | val acc: 8.207e-01 | val graph: 5.160e-01 | test node: 8.192e-01 | test graph: 5.240e-01
25401 | 0.73s | train acc: 1.000e+00 | val acc: 8.227e-01 | val graph: 5.180e-01 | test node: 8.217e-01 | test graph: 5.330e-01
25501 | 0.73s | train acc: 1.000e+00 | val acc: 8.150e-01 | val graph: 5.100e-01 | test node: 8.156e-01 | test graph: 5.220e-01
25601 | 0.73s | train acc: 1.000e+00 | val acc: 8.145e-01 | val graph: 5.060e-01 | test node: 8.177e-01 | test graph: 5.210e-01
25701 | 0.73s | train acc: 1.000e+00 | val acc: 8.170e-01 | val graph: 5.080e-01 | test node: 8.158e-01 | test graph: 5.190e-01
25801 | 0.73s | train acc: 1.000e+00 | val acc: 8.178e-01 | val graph: 5.020e-01 | test node: 8.164e-01 | test graph: 5.240e-01
25901 | 0.73s | train acc: 1.000e+00 | val acc: 8.227e-01 | val graph: 5.160e-01 | test node: 8.190e-01 | test graph: 5.240e-01
26001 | 0.80s | train acc: 1.000e+00 | val acc: 8.166e-01 | val graph: 5.060e-01 | test node: 8.179e-01 | test graph: 5.200e-01
26101 | 0.73s | train acc: 1.000e+00 | val acc: 8.170e-01 | val graph: 5.080e-01 | test node: 8.188e-01 | test graph: 5.220e-01
26201 | 0.75s | train acc: 1.000e+00 | val acc: 7.941e-01 | val graph: 4.660e-01 | test node: 7.846e-01 | test graph: 4.620e-01
26301 | 0.73s | train acc: 1.000e+00 | val acc: 8.203e-01 | val graph: 5.040e-01 | test node: 8.173e-01 | test graph: 5.240e-01
26401 | 0.74s | train acc: 1.000e+00 | val acc: 8.170e-01 | val graph: 5.040e-01 | test node: 8.166e-01 | test graph: 5.190e-01
26501 | 0.73s | train acc: 1.000e+00 | val acc: 8.129e-01 | val graph: 4.960e-01 | test node: 8.130e-01 | test graph: 5.160e-01
26601 | 0.73s | train acc: 1.000e+00 | val acc: 8.100e-01 | val graph: 4.960e-01 | test node: 8.120e-01 | test graph: 5.160e-01
26701 | 0.75s | train acc: 1.000e+00 | val acc: 8.150e-01 | val graph: 5.040e-01 | test node: 8.118e-01 | test graph: 5.110e-01
26801 | 0.74s | train acc: 1.000e+00 | val acc: 8.113e-01 | val graph: 5.040e-01 | test node: 8.126e-01 | test graph: 5.090e-01
26901 | 0.73s | train acc: 1.000e+00 | val acc: 8.121e-01 | val graph: 4.920e-01 | test node: 8.132e-01 | test graph: 5.130e-01
27001 | 0.76s | train acc: 1.000e+00 | val acc: 8.178e-01 | val graph: 5.040e-01 | test node: 8.152e-01 | test graph: 5.260e-01
27101 | 0.73s | train acc: 1.000e+00 | val acc: 8.092e-01 | val graph: 4.880e-01 | test node: 8.139e-01 | test graph: 5.200e-01
27201 | 0.73s | train acc: 1.000e+00 | val acc: 8.105e-01 | val graph: 4.880e-01 | test node: 8.137e-01 | test graph: 5.210e-01
27301 | 0.73s | train acc: 1.000e+00 | val acc: 8.137e-01 | val graph: 4.940e-01 | test node: 8.160e-01 | test graph: 5.240e-01
27401 | 0.73s | train acc: 1.000e+00 | val acc: 8.117e-01 | val graph: 4.940e-01 | test node: 8.122e-01 | test graph: 5.130e-01
27501 | 0.74s | train acc: 1.000e+00 | val acc: 8.068e-01 | val graph: 4.880e-01 | test node: 8.084e-01 | test graph: 5.070e-01
27601 | 0.73s | train acc: 1.000e+00 | val acc: 8.019e-01 | val graph: 4.740e-01 | test node: 7.963e-01 | test graph: 4.870e-01
27701 | 0.73s | train acc: 1.000e+00 | val acc: 8.190e-01 | val graph: 5.020e-01 | test node: 8.147e-01 | test graph: 5.200e-01
27801 | 0.73s | train acc: 1.000e+00 | val acc: 8.199e-01 | val graph: 5.040e-01 | test node: 8.139e-01 | test graph: 5.180e-01
27901 | 0.73s | train acc: 1.000e+00 | val acc: 8.145e-01 | val graph: 4.940e-01 | test node: 8.113e-01 | test graph: 5.140e-01
28001 | 0.73s | train acc: 1.000e+00 | val acc: 7.933e-01 | val graph: 4.600e-01 | test node: 7.907e-01 | test graph: 4.830e-01
28101 | 0.73s | train acc: 1.000e+00 | val acc: 8.150e-01 | val graph: 4.920e-01 | test node: 8.090e-01 | test graph: 5.060e-01
28201 | 0.74s | train acc: 1.000e+00 | val acc: 8.158e-01 | val graph: 5.080e-01 | test node: 8.103e-01 | test graph: 5.060e-01
28301 | 0.73s | train acc: 1.000e+00 | val acc: 8.166e-01 | val graph: 5.000e-01 | test node: 8.115e-01 | test graph: 5.120e-01
28401 | 0.73s | train acc: 1.000e+00 | val acc: 8.113e-01 | val graph: 4.980e-01 | test node: 8.118e-01 | test graph: 5.130e-01
28501 | 0.74s | train acc: 1.000e+00 | val acc: 8.170e-01 | val graph: 5.000e-01 | test node: 8.126e-01 | test graph: 5.120e-01
28601 | 0.73s | train acc: 1.000e+00 | val acc: 8.096e-01 | val graph: 4.920e-01 | test node: 8.098e-01 | test graph: 5.050e-01
28701 | 0.74s | train acc: 1.000e+00 | val acc: 8.043e-01 | val graph: 4.840e-01 | test node: 8.022e-01 | test graph: 4.970e-01
28801 | 0.73s | train acc: 1.000e+00 | val acc: 8.133e-01 | val graph: 4.960e-01 | test node: 8.098e-01 | test graph: 5.150e-01
28901 | 0.74s | train acc: 1.000e+00 | val acc: 8.129e-01 | val graph: 4.960e-01 | test node: 8.086e-01 | test graph: 5.090e-01
29001 | 0.73s | train acc: 1.000e+00 | val acc: 8.100e-01 | val graph: 4.860e-01 | test node: 8.060e-01 | test graph: 5.090e-01
29101 | 0.73s | train acc: 1.000e+00 | val acc: 8.133e-01 | val graph: 4.940e-01 | test node: 8.067e-01 | test graph: 5.070e-01
29201 | 0.77s | train acc: 1.000e+00 | val acc: 8.088e-01 | val graph: 4.840e-01 | test node: 8.022e-01 | test graph: 4.970e-01
29301 | 0.73s | train acc: 1.000e+00 | val acc: 8.080e-01 | val graph: 4.820e-01 | test node: 8.041e-01 | test graph: 5.050e-01
29401 | 0.73s | train acc: 1.000e+00 | val acc: 8.072e-01 | val graph: 4.700e-01 | test node: 8.054e-01 | test graph: 5.090e-01
29501 | 0.74s | train acc: 1.000e+00 | val acc: 7.986e-01 | val graph: 4.660e-01 | test node: 7.963e-01 | test graph: 4.880e-01
29601 | 0.73s | train acc: 1.000e+00 | val acc: 8.007e-01 | val graph: 4.720e-01 | test node: 7.965e-01 | test graph: 4.930e-01
29701 | 0.74s | train acc: 1.000e+00 | val acc: 8.113e-01 | val graph: 4.920e-01 | test node: 8.065e-01 | test graph: 5.100e-01
29801 | 0.73s | train acc: 1.000e+00 | val acc: 8.096e-01 | val graph: 4.840e-01 | test node: 8.056e-01 | test graph: 5.070e-01
29901 | 0.76s | train acc: 1.000e+00 | val acc: 8.100e-01 | val graph: 4.820e-01 | test node: 8.026e-01 | test graph: 5.020e-01
30001 | 0.73s | train acc: 1.000e+00 | val acc: 8.056e-01 | val graph: 4.660e-01 | test node: 7.999e-01 | test graph: 4.960e-01
30101 | 0.74s | train acc: 1.000e+00 | val acc: 8.035e-01 | val graph: 4.720e-01 | test node: 7.986e-01 | test graph: 5.010e-01
30201 | 0.74s | train acc: 1.000e+00 | val acc: 8.015e-01 | val graph: 4.740e-01 | test node: 7.978e-01 | test graph: 4.970e-01
30301 | 0.73s | train acc: 1.000e+00 | val acc: 8.056e-01 | val graph: 4.800e-01 | test node: 8.014e-01 | test graph: 5.010e-01
30401 | 0.77s | train acc: 1.000e+00 | val acc: 8.019e-01 | val graph: 4.740e-01 | test node: 7.988e-01 | test graph: 4.960e-01
30501 | 0.73s | train acc: 1.000e+00 | val acc: 8.007e-01 | val graph: 4.640e-01 | test node: 7.952e-01 | test graph: 4.930e-01
30601 | 0.73s | train acc: 1.000e+00 | val acc: 8.027e-01 | val graph: 4.680e-01 | test node: 7.978e-01 | test graph: 4.970e-01
30701 | 0.73s | train acc: 1.000e+00 | val acc: 8.002e-01 | val graph: 4.700e-01 | test node: 7.950e-01 | test graph: 4.860e-01
30801 | 0.73s | train acc: 1.000e+00 | val acc: 8.039e-01 | val graph: 4.760e-01 | test node: 7.965e-01 | test graph: 4.890e-01
30901 | 0.74s | train acc: 1.000e+00 | val acc: 7.978e-01 | val graph: 4.580e-01 | test node: 7.927e-01 | test graph: 4.870e-01
31001 | 0.73s | train acc: 1.000e+00 | val acc: 7.945e-01 | val graph: 4.600e-01 | test node: 7.874e-01 | test graph: 4.750e-01
31101 | 0.78s | train acc: 1.000e+00 | val acc: 7.974e-01 | val graph: 4.580e-01 | test node: 7.914e-01 | test graph: 4.820e-01
31201 | 0.73s | train acc: 1.000e+00 | val acc: 7.933e-01 | val graph: 4.400e-01 | test node: 7.876e-01 | test graph: 4.760e-01
31301 | 0.73s | train acc: 1.000e+00 | val acc: 8.002e-01 | val graph: 4.620e-01 | test node: 7.978e-01 | test graph: 4.960e-01
31401 | 0.76s | train acc: 1.000e+00 | val acc: 8.002e-01 | val graph: 4.620e-01 | test node: 7.982e-01 | test graph: 4.920e-01
31501 | 0.73s | train acc: 1.000e+00 | val acc: 8.019e-01 | val graph: 4.720e-01 | test node: 7.958e-01 | test graph: 4.910e-01
31601 | 0.73s | train acc: 1.000e+00 | val acc: 8.023e-01 | val graph: 4.660e-01 | test node: 7.982e-01 | test graph: 4.920e-01
31701 | 0.73s | train acc: 1.000e+00 | val acc: 8.002e-01 | val graph: 4.700e-01 | test node: 7.948e-01 | test graph: 4.880e-01
31801 | 0.73s | train acc: 1.000e+00 | val acc: 8.039e-01 | val graph: 4.740e-01 | test node: 7.982e-01 | test graph: 4.910e-01
31901 | 0.74s | train acc: 1.000e+00 | val acc: 8.023e-01 | val graph: 4.640e-01 | test node: 7.980e-01 | test graph: 4.940e-01
32001 | 0.73s | train acc: 1.000e+00 | val acc: 8.007e-01 | val graph: 4.660e-01 | test node: 7.963e-01 | test graph: 4.890e-01
32101 | 0.73s | train acc: 1.000e+00 | val acc: 8.002e-01 | val graph: 4.640e-01 | test node: 7.952e-01 | test graph: 4.900e-01
32201 | 0.74s | train acc: 1.000e+00 | val acc: 8.015e-01 | val graph: 4.680e-01 | test node: 7.948e-01 | test graph: 4.890e-01
32301 | 0.73s | train acc: 1.000e+00 | val acc: 8.011e-01 | val graph: 4.620e-01 | test node: 7.944e-01 | test graph: 4.880e-01
32401 | 0.73s | train acc: 1.000e+00 | val acc: 7.859e-01 | val graph: 4.320e-01 | test node: 7.831e-01 | test graph: 4.700e-01
32501 | 0.73s | train acc: 1.000e+00 | val acc: 7.859e-01 | val graph: 4.400e-01 | test node: 7.744e-01 | test graph: 4.540e-01
32601 | 0.73s | train acc: 1.000e+00 | val acc: 7.925e-01 | val graph: 4.620e-01 | test node: 7.827e-01 | test graph: 4.760e-01
32701 | 0.73s | train acc: 1.000e+00 | val acc: 7.966e-01 | val graph: 4.620e-01 | test node: 7.918e-01 | test graph: 4.890e-01
32801 | 0.73s | train acc: 1.000e+00 | val acc: 7.974e-01 | val graph: 4.620e-01 | test node: 7.912e-01 | test graph: 4.840e-01
32901 | 0.73s | train acc: 1.000e+00 | val acc: 7.986e-01 | val graph: 4.600e-01 | test node: 7.914e-01 | test graph: 4.810e-01
33001 | 0.74s | train acc: 1.000e+00 | val acc: 7.970e-01 | val graph: 4.620e-01 | test node: 7.895e-01 | test graph: 4.820e-01
33101 | 0.74s | train acc: 1.000e+00 | val acc: 7.937e-01 | val graph: 4.540e-01 | test node: 7.890e-01 | test graph: 4.810e-01
33201 | 0.73s | train acc: 1.000e+00 | val acc: 7.949e-01 | val graph: 4.560e-01 | test node: 7.912e-01 | test graph: 4.810e-01
33301 | 0.73s | train acc: 1.000e+00 | val acc: 7.966e-01 | val graph: 4.580e-01 | test node: 7.929e-01 | test graph: 4.860e-01
33401 | 0.73s | train acc: 1.000e+00 | val acc: 7.929e-01 | val graph: 4.560e-01 | test node: 7.823e-01 | test graph: 4.740e-01
33501 | 0.73s | train acc: 1.000e+00 | val acc: 7.974e-01 | val graph: 4.560e-01 | test node: 7.927e-01 | test graph: 4.870e-01
33601 | 0.79s | train acc: 1.000e+00 | val acc: 7.962e-01 | val graph: 4.520e-01 | test node: 7.912e-01 | test graph: 4.840e-01
33701 | 0.73s | train acc: 1.000e+00 | val acc: 7.929e-01 | val graph: 4.520e-01 | test node: 7.882e-01 | test graph: 4.790e-01
33801 | 0.73s | train acc: 1.000e+00 | val acc: 7.958e-01 | val graph: 4.520e-01 | test node: 7.916e-01 | test graph: 4.790e-01
33901 | 0.73s | train acc: 1.000e+00 | val acc: 7.896e-01 | val graph: 4.480e-01 | test node: 7.803e-01 | test graph: 4.630e-01
34001 | 0.74s | train acc: 1.000e+00 | val acc: 7.794e-01 | val graph: 4.360e-01 | test node: 7.689e-01 | test graph: 4.500e-01
34101 | 0.73s | train acc: 1.000e+00 | val acc: 7.953e-01 | val graph: 4.600e-01 | test node: 7.882e-01 | test graph: 4.770e-01
34201 | 0.74s | train acc: 1.000e+00 | val acc: 7.945e-01 | val graph: 4.500e-01 | test node: 7.871e-01 | test graph: 4.800e-01
34301 | 0.75s | train acc: 1.000e+00 | val acc: 7.962e-01 | val graph: 4.560e-01 | test node: 7.876e-01 | test graph: 4.770e-01
34401 | 0.73s | train acc: 1.000e+00 | val acc: 7.925e-01 | val graph: 4.520e-01 | test node: 7.848e-01 | test graph: 4.730e-01
34501 | 0.73s | train acc: 1.000e+00 | val acc: 7.917e-01 | val graph: 4.460e-01 | test node: 7.848e-01 | test graph: 4.750e-01
34601 | 0.74s | train acc: 1.000e+00 | val acc: 7.929e-01 | val graph: 4.520e-01 | test node: 7.827e-01 | test graph: 4.710e-01
34701 | 0.73s | train acc: 1.000e+00 | val acc: 7.880e-01 | val graph: 4.460e-01 | test node: 7.787e-01 | test graph: 4.650e-01
34801 | 0.73s | train acc: 1.000e+00 | val acc: 7.839e-01 | val graph: 4.400e-01 | test node: 7.795e-01 | test graph: 4.660e-01
34901 | 0.73s | train acc: 1.000e+00 | val acc: 7.851e-01 | val graph: 4.380e-01 | test node: 7.789e-01 | test graph: 4.630e-01
35001 | 0.73s | train acc: 1.000e+00 | val acc: 7.855e-01 | val graph: 4.420e-01 | test node: 7.799e-01 | test graph: 4.630e-01
35101 | 0.72s | train acc: 1.000e+00 | val acc: 7.929e-01 | val graph: 4.540e-01 | test node: 7.854e-01 | test graph: 4.730e-01
35201 | 0.73s | train acc: 1.000e+00 | val acc: 7.925e-01 | val graph: 4.540e-01 | test node: 7.861e-01 | test graph: 4.730e-01
35301 | 0.74s | train acc: 1.000e+00 | val acc: 7.913e-01 | val graph: 4.440e-01 | test node: 7.865e-01 | test graph: 4.700e-01
35401 | 0.73s | train acc: 1.000e+00 | val acc: 7.941e-01 | val graph: 4.540e-01 | test node: 7.854e-01 | test graph: 4.710e-01
35501 | 0.75s | train acc: 1.000e+00 | val acc: 7.921e-01 | val graph: 4.480e-01 | test node: 7.750e-01 | test graph: 4.570e-01
35601 | 0.74s | train acc: 1.000e+00 | val acc: 7.680e-01 | val graph: 4.340e-01 | test node: 7.782e-01 | test graph: 4.720e-01
35701 | 0.74s | train acc: 1.000e+00 | val acc: 7.884e-01 | val graph: 4.400e-01 | test node: 7.846e-01 | test graph: 4.690e-01
35801 | 0.77s | train acc: 1.000e+00 | val acc: 7.917e-01 | val graph: 4.540e-01 | test node: 7.863e-01 | test graph: 4.730e-01
35901 | 0.73s | train acc: 1.000e+00 | val acc: 7.949e-01 | val graph: 4.540e-01 | test node: 7.880e-01 | test graph: 4.730e-01
36001 | 0.73s | train acc: 1.000e+00 | val acc: 7.945e-01 | val graph: 4.560e-01 | test node: 7.884e-01 | test graph: 4.750e-01
36101 | 0.73s | train acc: 1.000e+00 | val acc: 7.958e-01 | val graph: 4.600e-01 | test node: 7.869e-01 | test graph: 4.740e-01
36201 | 0.73s | train acc: 1.000e+00 | val acc: 7.958e-01 | val graph: 4.600e-01 | test node: 7.871e-01 | test graph: 4.760e-01
36301 | 0.73s | train acc: 1.000e+00 | val acc: 7.933e-01 | val graph: 4.560e-01 | test node: 7.865e-01 | test graph: 4.740e-01
36401 | 0.73s | train acc: 1.000e+00 | val acc: 7.921e-01 | val graph: 4.560e-01 | test node: 7.840e-01 | test graph: 4.710e-01
36501 | 0.75s | train acc: 1.000e+00 | val acc: 7.933e-01 | val graph: 4.560e-01 | test node: 7.859e-01 | test graph: 4.700e-01
36601 | 0.73s | train acc: 1.000e+00 | val acc: 7.921e-01 | val graph: 4.520e-01 | test node: 7.859e-01 | test graph: 4.720e-01
36701 | 0.74s | train acc: 1.000e+00 | val acc: 7.937e-01 | val graph: 4.520e-01 | test node: 7.846e-01 | test graph: 4.680e-01
36801 | 0.73s | train acc: 1.000e+00 | val acc: 7.945e-01 | val graph: 4.480e-01 | test node: 7.852e-01 | test graph: 4.670e-01
36901 | 0.73s | train acc: 1.000e+00 | val acc: 7.798e-01 | val graph: 4.460e-01 | test node: 7.680e-01 | test graph: 4.510e-01
37001 | 0.73s | train acc: 1.000e+00 | val acc: 7.913e-01 | val graph: 4.480e-01 | test node: 7.823e-01 | test graph: 4.720e-01
37101 | 0.73s | train acc: 1.000e+00 | val acc: 7.876e-01 | val graph: 4.460e-01 | test node: 7.789e-01 | test graph: 4.610e-01
37201 | 0.73s | train acc: 1.000e+00 | val acc: 7.945e-01 | val graph: 4.520e-01 | test node: 7.861e-01 | test graph: 4.690e-01
37301 | 0.73s | train acc: 1.000e+00 | val acc: 7.904e-01 | val graph: 4.480e-01 | test node: 7.787e-01 | test graph: 4.640e-01
37401 | 0.73s | train acc: 1.000e+00 | val acc: 7.876e-01 | val graph: 4.460e-01 | test node: 7.795e-01 | test graph: 4.610e-01
37501 | 0.78s | train acc: 1.000e+00 | val acc: 7.900e-01 | val graph: 4.480e-01 | test node: 7.806e-01 | test graph: 4.640e-01
37601 | 0.74s | train acc: 1.000e+00 | val acc: 7.859e-01 | val graph: 4.420e-01 | test node: 7.780e-01 | test graph: 4.590e-01
37701 | 0.73s | train acc: 1.000e+00 | val acc: 7.880e-01 | val graph: 4.420e-01 | test node: 7.780e-01 | test graph: 4.630e-01
37801 | 0.74s | train acc: 1.000e+00 | val acc: 7.872e-01 | val graph: 4.420e-01 | test node: 7.814e-01 | test graph: 4.660e-01
37901 | 0.73s | train acc: 1.000e+00 | val acc: 7.880e-01 | val graph: 4.320e-01 | test node: 7.871e-01 | test graph: 4.700e-01
38001 | 0.74s | train acc: 1.000e+00 | val acc: 7.904e-01 | val graph: 4.540e-01 | test node: 7.816e-01 | test graph: 4.650e-01
38101 | 0.73s | train acc: 1.000e+00 | val acc: 7.896e-01 | val graph: 4.520e-01 | test node: 7.810e-01 | test graph: 4.580e-01
38201 | 0.73s | train acc: 1.000e+00 | val acc: 7.913e-01 | val graph: 4.580e-01 | test node: 7.825e-01 | test graph: 4.640e-01
38301 | 0.73s | train acc: 1.000e+00 | val acc: 7.843e-01 | val graph: 4.380e-01 | test node: 7.742e-01 | test graph: 4.550e-01
38401 | 0.73s | train acc: 1.000e+00 | val acc: 7.839e-01 | val graph: 4.340e-01 | test node: 7.719e-01 | test graph: 4.530e-01
38501 | 0.79s | train acc: 1.000e+00 | val acc: 7.843e-01 | val graph: 4.360e-01 | test node: 7.759e-01 | test graph: 4.550e-01
38601 | 0.73s | train acc: 1.000e+00 | val acc: 7.855e-01 | val graph: 4.380e-01 | test node: 7.774e-01 | test graph: 4.580e-01
38701 | 0.73s | train acc: 1.000e+00 | val acc: 7.864e-01 | val graph: 4.360e-01 | test node: 7.755e-01 | test graph: 4.570e-01
38801 | 0.73s | train acc: 1.000e+00 | val acc: 7.872e-01 | val graph: 4.420e-01 | test node: 7.772e-01 | test graph: 4.550e-01
38901 | 0.73s | train acc: 1.000e+00 | val acc: 7.859e-01 | val graph: 4.380e-01 | test node: 7.772e-01 | test graph: 4.550e-01
39001 | 0.74s | train acc: 1.000e+00 | val acc: 7.827e-01 | val graph: 4.360e-01 | test node: 7.727e-01 | test graph: 4.510e-01
39101 | 0.73s | train acc: 1.000e+00 | val acc: 7.341e-01 | val graph: 3.740e-01 | test node: 7.330e-01 | test graph: 4.120e-01
39201 | 0.73s | train acc: 1.000e+00 | val acc: 7.843e-01 | val graph: 4.320e-01 | test node: 7.801e-01 | test graph: 4.580e-01
39301 | 0.73s | train acc: 1.000e+00 | val acc: 7.851e-01 | val graph: 4.460e-01 | test node: 7.750e-01 | test graph: 4.540e-01
39401 | 0.73s | train acc: 1.000e+00 | val acc: 7.843e-01 | val graph: 4.400e-01 | test node: 7.755e-01 | test graph: 4.510e-01
39501 | 0.73s | train acc: 1.000e+00 | val acc: 7.847e-01 | val graph: 4.400e-01 | test node: 7.761e-01 | test graph: 4.550e-01
39601 | 0.73s | train acc: 1.000e+00 | val acc: 7.810e-01 | val graph: 4.380e-01 | test node: 7.750e-01 | test graph: 4.550e-01
39701 | 0.73s | train acc: 1.000e+00 | val acc: 7.729e-01 | val graph: 4.280e-01 | test node: 7.685e-01 | test graph: 4.490e-01
39801 | 0.73s | train acc: 1.000e+00 | val acc: 7.847e-01 | val graph: 4.420e-01 | test node: 7.740e-01 | test graph: 4.490e-01
39901 | 0.74s | train acc: 1.000e+00 | val acc: 7.835e-01 | val graph: 4.400e-01 | test node: 7.761e-01 | test graph: 4.540e-01
