Feb13-05:48:56
----------------------------------------------------------------------------------------------------
[cora]   seed=42
----------------------------------------------------------------------------------------------------
lr=0.0001 unweighted_MSE=False diffusion_steps=40 schedule=True weight_decay=0.001 cat=False skip=True
nhid=256 layers=4 linears=2
----------------------------------------------------------------------------------------------------
001 | 2.86s | train acc: 1.542e-01 | val acc: 1.777e-01 | val graph: 8.400e-02 | test node: 1.747e-01 | test graph: 5.300e-02
101 | 0.67s | train acc: 1.620e-01 | val acc: 2.839e-01 | val graph: 1.820e-01 | test node: 2.835e-01 | test graph: 1.500e-01
201 | 0.68s | train acc: 1.247e-01 | val acc: 1.495e-01 | val graph: 1.180e-01 | test node: 1.594e-01 | test graph: 1.120e-01
301 | 0.68s | train acc: 1.221e-01 | val acc: 1.536e-01 | val graph: 9.000e-02 | test node: 1.587e-01 | test graph: 8.500e-02
401 | 0.68s | train acc: 2.134e-01 | val acc: 2.002e-01 | val graph: 2.800e-02 | test node: 1.967e-01 | test graph: 2.500e-02
501 | 0.68s | train acc: 1.928e-01 | val acc: 1.826e-01 | val graph: 4.000e-02 | test node: 1.827e-01 | test graph: 3.200e-02
601 | 0.68s | train acc: 2.494e-01 | val acc: 2.128e-01 | val graph: 2.600e-02 | test node: 2.044e-01 | test graph: 2.500e-02
701 | 0.68s | train acc: 2.275e-01 | val acc: 2.214e-01 | val graph: 4.000e-02 | test node: 2.090e-01 | test graph: 2.800e-02
801 | 0.68s | train acc: 2.147e-01 | val acc: 2.104e-01 | val graph: 3.800e-02 | test node: 1.997e-01 | test graph: 3.200e-02
901 | 0.68s | train acc: 1.992e-01 | val acc: 1.916e-01 | val graph: 4.600e-02 | test node: 1.819e-01 | test graph: 4.300e-02
1001 | 0.68s | train acc: 2.571e-01 | val acc: 2.308e-01 | val graph: 3.600e-02 | test node: 2.192e-01 | test graph: 3.000e-02
1101 | 0.68s | train acc: 1.967e-01 | val acc: 1.863e-01 | val graph: 5.000e-02 | test node: 1.761e-01 | test graph: 4.900e-02
1201 | 0.68s | train acc: 1.787e-01 | val acc: 1.405e-01 | val graph: 6.200e-02 | test node: 1.428e-01 | test graph: 6.300e-02
1301 | 0.69s | train acc: 2.956e-01 | val acc: 2.422e-01 | val graph: 3.600e-02 | test node: 2.269e-01 | test graph: 3.000e-02
1401 | 0.68s | train acc: 3.175e-01 | val acc: 2.475e-01 | val graph: 4.400e-02 | test node: 2.339e-01 | test graph: 4.300e-02
1501 | 0.68s | train acc: 2.404e-01 | val acc: 2.251e-01 | val graph: 4.400e-02 | test node: 2.078e-01 | test graph: 4.200e-02
1601 | 0.69s | train acc: 3.059e-01 | val acc: 2.537e-01 | val graph: 4.800e-02 | test node: 2.334e-01 | test graph: 4.500e-02
1701 | 0.75s | train acc: 2.725e-01 | val acc: 2.451e-01 | val graph: 5.200e-02 | test node: 2.273e-01 | test graph: 5.100e-02
1801 | 0.68s | train acc: 4.229e-01 | val acc: 2.847e-01 | val graph: 2.600e-02 | test node: 2.803e-01 | test graph: 5.200e-02
1901 | 0.68s | train acc: 2.648e-01 | val acc: 2.361e-01 | val graph: 3.800e-02 | test node: 2.218e-01 | test graph: 4.500e-02
2001 | 0.68s | train acc: 3.008e-01 | val acc: 2.574e-01 | val graph: 4.200e-02 | test node: 2.341e-01 | test graph: 4.600e-02
2101 | 0.69s | train acc: 1.311e-01 | val acc: 1.368e-01 | val graph: 6.200e-02 | test node: 1.246e-01 | test graph: 5.700e-02
2201 | 0.68s | train acc: 3.985e-01 | val acc: 2.945e-01 | val graph: 5.600e-02 | test node: 2.806e-01 | test graph: 5.600e-02
2301 | 0.68s | train acc: 2.352e-01 | val acc: 2.410e-01 | val graph: 5.000e-02 | test node: 2.239e-01 | test graph: 4.900e-02
2401 | 0.68s | train acc: 4.602e-01 | val acc: 2.810e-01 | val graph: 4.000e-02 | test node: 2.699e-01 | test graph: 6.300e-02
2501 | 0.68s | train acc: 1.645e-01 | val acc: 1.148e-01 | val graph: 3.000e-02 | test node: 9.083e-02 | test graph: 4.700e-02
2601 | 0.69s | train acc: 1.247e-01 | val acc: 1.495e-01 | val graph: 1.180e-01 | test node: 1.594e-01 | test graph: 1.120e-01
2701 | 0.68s | train acc: 1.735e-01 | val acc: 1.389e-01 | val graph: 3.600e-02 | test node: 1.118e-01 | test graph: 4.900e-02
2801 | 0.68s | train acc: 2.943e-01 | val acc: 2.402e-01 | val graph: 4.200e-02 | test node: 2.133e-01 | test graph: 4.800e-02
2901 | 0.70s | train acc: 3.638e-01 | val acc: 2.835e-01 | val graph: 6.200e-02 | test node: 2.498e-01 | test graph: 6.800e-02
3001 | 0.68s | train acc: 3.573e-01 | val acc: 2.810e-01 | val graph: 5.800e-02 | test node: 2.530e-01 | test graph: 7.300e-02
3101 | 0.68s | train acc: 3.406e-01 | val acc: 2.733e-01 | val graph: 6.600e-02 | test node: 2.557e-01 | test graph: 7.600e-02
3201 | 0.68s | train acc: 3.213e-01 | val acc: 2.667e-01 | val graph: 6.600e-02 | test node: 2.479e-01 | test graph: 7.500e-02
3301 | 0.68s | train acc: 2.468e-01 | val acc: 1.900e-01 | val graph: 6.000e-02 | test node: 2.012e-01 | test graph: 6.700e-02
3401 | 0.72s | train acc: 4.062e-01 | val acc: 2.508e-01 | val graph: 7.600e-02 | test node: 2.579e-01 | test graph: 8.300e-02
3501 | 0.68s | train acc: 3.149e-01 | val acc: 2.382e-01 | val graph: 4.000e-02 | test node: 2.360e-01 | test graph: 6.100e-02
3601 | 0.69s | train acc: 3.997e-01 | val acc: 2.700e-01 | val graph: 4.400e-02 | test node: 2.638e-01 | test graph: 7.000e-02
3701 | 0.68s | train acc: 4.370e-01 | val acc: 2.770e-01 | val graph: 4.000e-02 | test node: 2.695e-01 | test graph: 7.100e-02
3801 | 0.69s | train acc: 3.380e-01 | val acc: 2.051e-01 | val graph: 4.200e-02 | test node: 1.842e-01 | test graph: 5.800e-02
3901 | 0.68s | train acc: 5.347e-01 | val acc: 3.199e-01 | val graph: 6.200e-02 | test node: 3.050e-01 | test graph: 7.900e-02
4001 | 0.68s | train acc: 2.609e-01 | val acc: 2.055e-01 | val graph: 7.600e-02 | test node: 2.042e-01 | test graph: 8.900e-02
4101 | 0.68s | train acc: 4.434e-01 | val acc: 2.864e-01 | val graph: 4.600e-02 | test node: 2.695e-01 | test graph: 7.700e-02
4201 | 0.70s | train acc: 5.501e-01 | val acc: 3.264e-01 | val graph: 7.200e-02 | test node: 3.188e-01 | test graph: 1.050e-01
4301 | 0.69s | train acc: 5.051e-01 | val acc: 3.019e-01 | val graph: 6.400e-02 | test node: 2.920e-01 | test graph: 1.000e-01
4401 | 0.69s | train acc: 5.283e-01 | val acc: 3.717e-01 | val graph: 1.040e-01 | test node: 3.665e-01 | test graph: 1.250e-01
4501 | 0.69s | train acc: 3.650e-01 | val acc: 2.516e-01 | val graph: 5.800e-02 | test node: 2.360e-01 | test graph: 8.100e-02
4601 | 0.70s | train acc: 3.368e-01 | val acc: 2.210e-01 | val graph: 6.400e-02 | test node: 2.069e-01 | test graph: 8.300e-02
4701 | 0.69s | train acc: 3.573e-01 | val acc: 2.402e-01 | val graph: 5.400e-02 | test node: 2.226e-01 | test graph: 7.700e-02
4801 | 0.68s | train acc: 2.172e-01 | val acc: 1.993e-01 | val graph: 6.800e-02 | test node: 1.935e-01 | test graph: 6.400e-02
4901 | 0.68s | train acc: 3.008e-01 | val acc: 3.194e-01 | val graph: 1.460e-01 | test node: 3.143e-01 | test graph: 1.350e-01
5001 | 0.71s | train acc: 4.126e-01 | val acc: 2.672e-01 | val graph: 6.200e-02 | test node: 2.574e-01 | test graph: 9.000e-02
5101 | 0.68s | train acc: 4.126e-01 | val acc: 2.688e-01 | val graph: 6.200e-02 | test node: 2.523e-01 | test graph: 8.600e-02
5201 | 0.69s | train acc: 4.614e-01 | val acc: 3.047e-01 | val graph: 7.200e-02 | test node: 2.933e-01 | test graph: 1.040e-01
5301 | 0.69s | train acc: 4.344e-01 | val acc: 2.896e-01 | val graph: 6.600e-02 | test node: 2.753e-01 | test graph: 9.900e-02
5401 | 0.68s | train acc: 3.972e-01 | val acc: 2.672e-01 | val graph: 7.200e-02 | test node: 2.515e-01 | test graph: 8.800e-02
5501 | 0.69s | train acc: 1.787e-01 | val acc: 1.385e-01 | val graph: 6.400e-02 | test node: 1.405e-01 | test graph: 6.400e-02
5601 | 0.69s | train acc: 1.877e-01 | val acc: 1.532e-01 | val graph: 6.200e-02 | test node: 1.568e-01 | test graph: 6.500e-02
5701 | 0.68s | train acc: 3.329e-01 | val acc: 2.304e-01 | val graph: 6.600e-02 | test node: 2.171e-01 | test graph: 8.000e-02
5801 | 0.69s | train acc: 4.692e-01 | val acc: 3.105e-01 | val graph: 7.400e-02 | test node: 2.988e-01 | test graph: 1.080e-01
5901 | 0.71s | train acc: 3.406e-01 | val acc: 2.247e-01 | val graph: 6.600e-02 | test node: 2.067e-01 | test graph: 9.200e-02
6001 | 0.68s | train acc: 3.509e-01 | val acc: 2.357e-01 | val graph: 6.400e-02 | test node: 2.171e-01 | test graph: 8.400e-02
6101 | 0.68s | train acc: 3.458e-01 | val acc: 2.353e-01 | val graph: 6.800e-02 | test node: 2.131e-01 | test graph: 9.100e-02
6201 | 0.68s | train acc: 3.599e-01 | val acc: 2.467e-01 | val graph: 6.200e-02 | test node: 2.247e-01 | test graph: 8.500e-02
6301 | 0.68s | train acc: 4.447e-01 | val acc: 3.117e-01 | val graph: 7.600e-02 | test node: 2.939e-01 | test graph: 1.000e-01
6401 | 0.68s | train acc: 5.450e-01 | val acc: 3.656e-01 | val graph: 1.060e-01 | test node: 3.654e-01 | test graph: 1.410e-01
6501 | 0.68s | train acc: 2.661e-01 | val acc: 1.834e-01 | val graph: 6.600e-02 | test node: 1.749e-01 | test graph: 6.700e-02
6601 | 0.69s | train acc: 3.201e-01 | val acc: 2.308e-01 | val graph: 7.600e-02 | test node: 2.216e-01 | test graph: 7.800e-02
6701 | 0.69s | train acc: 1.799e-01 | val acc: 1.426e-01 | val graph: 6.400e-02 | test node: 1.452e-01 | test graph: 6.400e-02
6801 | 0.68s | train acc: 7.044e-01 | val acc: 4.273e-01 | val graph: 1.440e-01 | test node: 4.115e-01 | test graph: 1.540e-01
6901 | 0.68s | train acc: 1.645e-01 | val acc: 1.148e-01 | val graph: 3.000e-02 | test node: 9.083e-02 | test graph: 4.700e-02
7001 | 0.68s | train acc: 4.846e-01 | val acc: 3.227e-01 | val graph: 9.200e-02 | test node: 3.028e-01 | test graph: 1.170e-01
7101 | 0.72s | train acc: 3.933e-01 | val acc: 2.737e-01 | val graph: 7.600e-02 | test node: 2.617e-01 | test graph: 8.800e-02
7201 | 0.69s | train acc: 3.702e-01 | val acc: 2.467e-01 | val graph: 7.200e-02 | test node: 2.354e-01 | test graph: 8.500e-02
7301 | 0.68s | train acc: 3.638e-01 | val acc: 2.459e-01 | val graph: 7.400e-02 | test node: 2.324e-01 | test graph: 9.400e-02
7401 | 0.69s | train acc: 1.787e-01 | val acc: 1.381e-01 | val graph: 6.400e-02 | test node: 1.403e-01 | test graph: 6.400e-02
7501 | 0.68s | train acc: 2.275e-01 | val acc: 1.589e-01 | val graph: 6.400e-02 | test node: 1.573e-01 | test graph: 6.700e-02
7601 | 0.70s | train acc: 2.841e-01 | val acc: 1.908e-01 | val graph: 6.600e-02 | test node: 1.759e-01 | test graph: 7.100e-02
7701 | 0.69s | train acc: 3.393e-01 | val acc: 2.194e-01 | val graph: 6.600e-02 | test node: 1.950e-01 | test graph: 8.300e-02
7801 | 0.69s | train acc: 3.792e-01 | val acc: 2.467e-01 | val graph: 8.000e-02 | test node: 2.284e-01 | test graph: 9.600e-02
7901 | 0.68s | train acc: 7.224e-01 | val acc: 4.943e-01 | val graph: 1.700e-01 | test node: 4.932e-01 | test graph: 1.900e-01
8001 | 0.70s | train acc: 3.959e-01 | val acc: 2.520e-01 | val graph: 7.400e-02 | test node: 2.392e-01 | test graph: 9.100e-02
8101 | 0.68s | train acc: 2.558e-01 | val acc: 1.675e-01 | val graph: 6.400e-02 | test node: 1.638e-01 | test graph: 7.000e-02
8201 | 0.68s | train acc: 1.530e-01 | val acc: 2.880e-01 | val graph: 2.180e-01 | test node: 2.899e-01 | test graph: 2.160e-01
8301 | 0.69s | train acc: 1.787e-01 | val acc: 1.381e-01 | val graph: 6.400e-02 | test node: 1.403e-01 | test graph: 6.400e-02
8401 | 0.69s | train acc: 1.787e-01 | val acc: 1.381e-01 | val graph: 6.400e-02 | test node: 1.403e-01 | test graph: 6.400e-02
8501 | 0.68s | train acc: 1.812e-01 | val acc: 1.381e-01 | val graph: 6.400e-02 | test node: 1.411e-01 | test graph: 6.400e-02
8601 | 0.68s | train acc: 1.864e-01 | val acc: 1.405e-01 | val graph: 6.400e-02 | test node: 1.435e-01 | test graph: 6.400e-02
8701 | 0.69s | train acc: 1.941e-01 | val acc: 1.430e-01 | val graph: 6.400e-02 | test node: 1.456e-01 | test graph: 6.500e-02
8801 | 0.72s | train acc: 2.416e-01 | val acc: 1.556e-01 | val graph: 6.400e-02 | test node: 1.556e-01 | test graph: 6.500e-02
8901 | 0.71s | train acc: 2.943e-01 | val acc: 1.871e-01 | val graph: 6.400e-02 | test node: 1.740e-01 | test graph: 7.300e-02
9001 | 0.70s | train acc: 2.738e-01 | val acc: 1.793e-01 | val graph: 7.800e-02 | test node: 1.545e-01 | test graph: 8.000e-02
9101 | 0.69s | train acc: 3.111e-01 | val acc: 2.055e-01 | val graph: 7.000e-02 | test node: 1.868e-01 | test graph: 7.900e-02
9201 | 0.69s | train acc: 3.278e-01 | val acc: 2.214e-01 | val graph: 7.400e-02 | test node: 1.991e-01 | test graph: 9.000e-02
9301 | 0.68s | train acc: 3.599e-01 | val acc: 2.386e-01 | val graph: 8.000e-02 | test node: 2.175e-01 | test graph: 9.900e-02
9401 | 0.68s | train acc: 3.483e-01 | val acc: 2.251e-01 | val graph: 7.200e-02 | test node: 2.069e-01 | test graph: 9.100e-02
9501 | 0.69s | train acc: 3.252e-01 | val acc: 2.112e-01 | val graph: 7.000e-02 | test node: 1.935e-01 | test graph: 8.400e-02
9601 | 0.69s | train acc: 2.147e-01 | val acc: 1.736e-01 | val graph: 1.200e-01 | test node: 1.902e-01 | test graph: 1.150e-01
9701 | 0.69s | train acc: 4.871e-01 | val acc: 2.982e-01 | val graph: 8.800e-02 | test node: 2.767e-01 | test graph: 1.040e-01
9801 | 0.69s | train acc: 4.717e-01 | val acc: 2.778e-01 | val graph: 7.800e-02 | test node: 2.566e-01 | test graph: 8.600e-02
9901 | 0.70s | train acc: 1.851e-01 | val acc: 1.397e-01 | val graph: 6.400e-02 | test node: 1.435e-01 | test graph: 6.400e-02
10001 | 0.68s | train acc: 2.159e-01 | val acc: 1.495e-01 | val graph: 6.400e-02 | test node: 1.587e-01 | test graph: 6.600e-02
10101 | 0.69s | train acc: 2.712e-01 | val acc: 1.761e-01 | val graph: 6.400e-02 | test node: 1.721e-01 | test graph: 7.100e-02
10201 | 0.68s | train acc: 3.753e-01 | val acc: 2.455e-01 | val graph: 8.200e-02 | test node: 2.239e-01 | test graph: 9.800e-02
10301 | 0.69s | train acc: 3.843e-01 | val acc: 2.590e-01 | val graph: 8.400e-02 | test node: 2.303e-01 | test graph: 1.030e-01
10401 | 0.68s | train acc: 3.689e-01 | val acc: 2.386e-01 | val graph: 8.200e-02 | test node: 2.156e-01 | test graph: 9.300e-02
10501 | 0.69s | train acc: 4.434e-01 | val acc: 3.619e-01 | val graph: 1.520e-01 | test node: 3.427e-01 | test graph: 1.680e-01
10601 | 0.68s | train acc: 1.645e-01 | val acc: 1.148e-01 | val graph: 3.000e-02 | test node: 9.083e-02 | test graph: 4.700e-02
10701 | 0.68s | train acc: 1.645e-01 | val acc: 1.148e-01 | val graph: 3.000e-02 | test node: 9.083e-02 | test graph: 4.700e-02
10801 | 0.69s | train acc: 3.265e-01 | val acc: 1.871e-01 | val graph: 5.600e-02 | test node: 1.657e-01 | test graph: 6.800e-02
10901 | 0.69s | train acc: 3.625e-01 | val acc: 2.443e-01 | val graph: 9.200e-02 | test node: 2.226e-01 | test graph: 1.100e-01
11001 | 0.68s | train acc: 3.458e-01 | val acc: 2.451e-01 | val graph: 9.800e-02 | test node: 2.237e-01 | test graph: 1.060e-01
11101 | 0.68s | train acc: 3.201e-01 | val acc: 2.092e-01 | val graph: 6.800e-02 | test node: 1.887e-01 | test graph: 8.600e-02
11201 | 0.69s | train acc: 3.393e-01 | val acc: 2.279e-01 | val graph: 7.800e-02 | test node: 2.084e-01 | test graph: 9.200e-02
11301 | 0.68s | train acc: 3.586e-01 | val acc: 2.283e-01 | val graph: 7.400e-02 | test node: 2.107e-01 | test graph: 8.900e-02
11401 | 0.71s | train acc: 3.522e-01 | val acc: 2.190e-01 | val graph: 7.000e-02 | test node: 1.991e-01 | test graph: 8.600e-02
11501 | 0.68s | train acc: 4.743e-01 | val acc: 3.926e-01 | val graph: 1.760e-01 | test node: 4.177e-01 | test graph: 2.080e-01
