Feb13-05:56:12
----------------------------------------------------------------------------------------------------
[cora]   seed=42
----------------------------------------------------------------------------------------------------
lr=0.0001 unweighted_MSE=False diffusion_steps=40 schedule=True weight_decay=0.001 cat=False skip=True
nhid=256 layers=4 linears=2
----------------------------------------------------------------------------------------------------
001 | 2.95s | train acc: 1.542e-01 | val acc: 1.777e-01 | val graph: 8.400e-02 | test node: 1.747e-01 | test graph: 5.300e-02
101 | 0.67s | train acc: 1.620e-01 | val acc: 2.839e-01 | val graph: 1.820e-01 | test node: 2.835e-01 | test graph: 1.500e-01
201 | 0.67s | train acc: 1.247e-01 | val acc: 1.495e-01 | val graph: 1.180e-01 | test node: 1.594e-01 | test graph: 1.120e-01
301 | 0.68s | train acc: 1.221e-01 | val acc: 1.536e-01 | val graph: 9.000e-02 | test node: 1.587e-01 | test graph: 8.500e-02
401 | 0.68s | train acc: 2.134e-01 | val acc: 2.002e-01 | val graph: 2.800e-02 | test node: 1.967e-01 | test graph: 2.500e-02
501 | 0.68s | train acc: 1.928e-01 | val acc: 1.826e-01 | val graph: 4.000e-02 | test node: 1.827e-01 | test graph: 3.200e-02
601 | 0.68s | train acc: 2.494e-01 | val acc: 2.128e-01 | val graph: 2.600e-02 | test node: 2.042e-01 | test graph: 2.500e-02
701 | 0.67s | train acc: 2.275e-01 | val acc: 2.214e-01 | val graph: 4.000e-02 | test node: 2.090e-01 | test graph: 2.800e-02
801 | 0.68s | train acc: 2.147e-01 | val acc: 2.104e-01 | val graph: 3.800e-02 | test node: 1.997e-01 | test graph: 3.200e-02
901 | 0.68s | train acc: 1.992e-01 | val acc: 1.916e-01 | val graph: 4.600e-02 | test node: 1.819e-01 | test graph: 4.300e-02
1001 | 0.68s | train acc: 2.571e-01 | val acc: 2.308e-01 | val graph: 3.600e-02 | test node: 2.192e-01 | test graph: 3.000e-02
1101 | 0.68s | train acc: 1.967e-01 | val acc: 1.863e-01 | val graph: 5.000e-02 | test node: 1.761e-01 | test graph: 4.900e-02
1201 | 0.68s | train acc: 1.787e-01 | val acc: 1.405e-01 | val graph: 6.200e-02 | test node: 1.428e-01 | test graph: 6.300e-02
1301 | 0.68s | train acc: 2.956e-01 | val acc: 2.422e-01 | val graph: 3.600e-02 | test node: 2.269e-01 | test graph: 3.000e-02
1401 | 0.67s | train acc: 3.175e-01 | val acc: 2.475e-01 | val graph: 4.400e-02 | test node: 2.339e-01 | test graph: 4.300e-02
1501 | 0.68s | train acc: 2.404e-01 | val acc: 2.251e-01 | val graph: 4.400e-02 | test node: 2.078e-01 | test graph: 4.200e-02
1601 | 0.67s | train acc: 3.059e-01 | val acc: 2.537e-01 | val graph: 4.800e-02 | test node: 2.334e-01 | test graph: 4.500e-02
1701 | 0.67s | train acc: 2.725e-01 | val acc: 2.451e-01 | val graph: 5.200e-02 | test node: 2.273e-01 | test graph: 5.100e-02
1801 | 0.68s | train acc: 4.229e-01 | val acc: 2.847e-01 | val graph: 2.600e-02 | test node: 2.803e-01 | test graph: 5.200e-02
1901 | 0.68s | train acc: 2.648e-01 | val acc: 2.361e-01 | val graph: 3.800e-02 | test node: 2.218e-01 | test graph: 4.500e-02
2001 | 0.68s | train acc: 3.008e-01 | val acc: 2.569e-01 | val graph: 4.000e-02 | test node: 2.341e-01 | test graph: 4.600e-02
2101 | 0.68s | train acc: 1.311e-01 | val acc: 1.368e-01 | val graph: 6.200e-02 | test node: 1.248e-01 | test graph: 5.700e-02
2201 | 0.68s | train acc: 3.985e-01 | val acc: 2.945e-01 | val graph: 5.600e-02 | test node: 2.803e-01 | test graph: 5.600e-02
2301 | 0.68s | train acc: 2.352e-01 | val acc: 2.410e-01 | val graph: 5.000e-02 | test node: 2.239e-01 | test graph: 4.900e-02
2401 | 0.67s | train acc: 4.602e-01 | val acc: 2.810e-01 | val graph: 4.000e-02 | test node: 2.699e-01 | test graph: 6.300e-02
2501 | 0.67s | train acc: 1.645e-01 | val acc: 1.148e-01 | val graph: 3.000e-02 | test node: 9.083e-02 | test graph: 4.700e-02
2601 | 0.70s | train acc: 1.247e-01 | val acc: 1.495e-01 | val graph: 1.180e-01 | test node: 1.594e-01 | test graph: 1.120e-01
2701 | 0.68s | train acc: 1.735e-01 | val acc: 1.426e-01 | val graph: 3.600e-02 | test node: 1.152e-01 | test graph: 5.000e-02
2801 | 0.68s | train acc: 2.931e-01 | val acc: 2.422e-01 | val graph: 4.400e-02 | test node: 2.143e-01 | test graph: 4.700e-02
2901 | 0.67s | train acc: 3.650e-01 | val acc: 2.835e-01 | val graph: 6.200e-02 | test node: 2.494e-01 | test graph: 6.600e-02
3001 | 0.68s | train acc: 3.560e-01 | val acc: 2.790e-01 | val graph: 5.600e-02 | test node: 2.528e-01 | test graph: 7.200e-02
3101 | 0.68s | train acc: 3.368e-01 | val acc: 2.733e-01 | val graph: 6.600e-02 | test node: 2.523e-01 | test graph: 7.500e-02
3201 | 0.67s | train acc: 3.213e-01 | val acc: 2.667e-01 | val graph: 6.600e-02 | test node: 2.489e-01 | test graph: 7.500e-02
3301 | 0.68s | train acc: 1.247e-01 | val acc: 1.516e-01 | val graph: 1.160e-01 | test node: 1.619e-01 | test graph: 1.130e-01
3401 | 0.67s | train acc: 2.828e-01 | val acc: 1.895e-01 | val graph: 7.800e-02 | test node: 1.974e-01 | test graph: 6.900e-02
3501 | 0.68s | train acc: 4.781e-01 | val acc: 2.949e-01 | val graph: 5.200e-02 | test node: 2.795e-01 | test graph: 7.100e-02
3601 | 0.67s | train acc: 4.923e-01 | val acc: 2.994e-01 | val graph: 4.600e-02 | test node: 2.871e-01 | test graph: 6.500e-02
3701 | 0.67s | train acc: 2.956e-01 | val acc: 2.337e-01 | val graph: 6.000e-02 | test node: 2.254e-01 | test graph: 6.900e-02
3801 | 0.68s | train acc: 4.717e-01 | val acc: 2.741e-01 | val graph: 5.800e-02 | test node: 2.585e-01 | test graph: 7.200e-02
3901 | 0.68s | train acc: 4.614e-01 | val acc: 2.908e-01 | val graph: 4.800e-02 | test node: 2.672e-01 | test graph: 6.200e-02
4001 | 0.68s | train acc: 4.087e-01 | val acc: 2.774e-01 | val graph: 5.200e-02 | test node: 2.668e-01 | test graph: 7.700e-02
4101 | 0.68s | train acc: 2.571e-01 | val acc: 3.170e-01 | val graph: 1.760e-01 | test node: 3.302e-01 | test graph: 1.880e-01
4201 | 0.67s | train acc: 5.064e-01 | val acc: 3.689e-01 | val graph: 1.200e-01 | test node: 3.945e-01 | test graph: 1.400e-01
4301 | 0.67s | train acc: 6.003e-01 | val acc: 3.607e-01 | val graph: 8.800e-02 | test node: 3.587e-01 | test graph: 1.060e-01
4401 | 0.67s | train acc: 4.460e-01 | val acc: 2.900e-01 | val graph: 7.400e-02 | test node: 2.719e-01 | test graph: 7.300e-02
4501 | 0.68s | train acc: 4.512e-01 | val acc: 2.876e-01 | val graph: 6.200e-02 | test node: 2.793e-01 | test graph: 8.000e-02
4601 | 0.68s | train acc: 3.817e-01 | val acc: 2.480e-01 | val graph: 6.600e-02 | test node: 2.455e-01 | test graph: 8.700e-02
4701 | 0.67s | train acc: 4.383e-01 | val acc: 2.802e-01 | val graph: 5.600e-02 | test node: 2.640e-01 | test graph: 7.800e-02
4801 | 0.68s | train acc: 3.355e-01 | val acc: 2.394e-01 | val graph: 6.600e-02 | test node: 2.315e-01 | test graph: 6.200e-02
4901 | 0.68s | train acc: 3.689e-01 | val acc: 3.325e-01 | val graph: 9.800e-02 | test node: 3.071e-01 | test graph: 9.500e-02
5001 | 0.67s | train acc: 3.766e-01 | val acc: 2.475e-01 | val graph: 6.800e-02 | test node: 2.277e-01 | test graph: 7.700e-02
5101 | 0.70s | train acc: 4.769e-01 | val acc: 2.639e-01 | val graph: 6.800e-02 | test node: 2.553e-01 | test graph: 8.100e-02
5201 | 0.67s | train acc: 4.897e-01 | val acc: 2.831e-01 | val graph: 6.600e-02 | test node: 2.691e-01 | test graph: 8.800e-02
5301 | 0.68s | train acc: 4.126e-01 | val acc: 2.606e-01 | val graph: 5.800e-02 | test node: 2.417e-01 | test graph: 8.300e-02
5401 | 0.67s | train acc: 4.062e-01 | val acc: 2.623e-01 | val graph: 7.400e-02 | test node: 2.432e-01 | test graph: 9.400e-02
5501 | 0.68s | train acc: 4.100e-01 | val acc: 2.717e-01 | val graph: 7.200e-02 | test node: 2.549e-01 | test graph: 8.900e-02
5601 | 0.68s | train acc: 3.098e-01 | val acc: 2.108e-01 | val graph: 7.000e-02 | test node: 1.944e-01 | test graph: 6.700e-02
5701 | 0.68s | train acc: 4.974e-01 | val acc: 3.023e-01 | val graph: 7.000e-02 | test node: 2.890e-01 | test graph: 9.900e-02
5801 | 0.68s | train acc: 4.075e-01 | val acc: 2.704e-01 | val graph: 6.800e-02 | test node: 2.523e-01 | test graph: 9.800e-02
5901 | 0.68s | train acc: 2.455e-01 | val acc: 2.132e-01 | val graph: 1.060e-01 | test node: 2.135e-01 | test graph: 1.090e-01
6001 | 0.68s | train acc: 3.162e-01 | val acc: 2.185e-01 | val graph: 6.800e-02 | test node: 2.258e-01 | test graph: 7.400e-02
6101 | 0.67s | train acc: 5.437e-01 | val acc: 3.346e-01 | val graph: 8.400e-02 | test node: 3.241e-01 | test graph: 1.190e-01
6201 | 0.68s | train acc: 1.889e-01 | val acc: 1.524e-01 | val graph: 6.400e-02 | test node: 1.549e-01 | test graph: 6.600e-02
6301 | 0.68s | train acc: 3.997e-01 | val acc: 2.565e-01 | val graph: 7.800e-02 | test node: 2.396e-01 | test graph: 7.600e-02
6401 | 0.68s | train acc: 3.560e-01 | val acc: 2.484e-01 | val graph: 7.000e-02 | test node: 2.275e-01 | test graph: 8.900e-02
6501 | 0.68s | train acc: 3.907e-01 | val acc: 2.606e-01 | val graph: 7.600e-02 | test node: 2.449e-01 | test graph: 9.100e-02
6601 | 0.68s | train acc: 1.787e-01 | val acc: 1.879e-01 | val graph: 1.080e-01 | test node: 1.772e-01 | test graph: 1.060e-01
6701 | 0.67s | train acc: 1.787e-01 | val acc: 1.434e-01 | val graph: 6.400e-02 | test node: 1.471e-01 | test graph: 6.500e-02
6801 | 0.69s | train acc: 3.406e-01 | val acc: 2.312e-01 | val graph: 7.000e-02 | test node: 2.126e-01 | test graph: 8.800e-02
6901 | 0.67s | train acc: 4.627e-01 | val acc: 2.843e-01 | val graph: 7.000e-02 | test node: 2.746e-01 | test graph: 1.050e-01
7001 | 0.67s | train acc: 2.134e-01 | val acc: 1.683e-01 | val graph: 6.800e-02 | test node: 1.755e-01 | test graph: 7.000e-02
7101 | 0.68s | train acc: 3.278e-01 | val acc: 1.900e-01 | val graph: 5.000e-02 | test node: 1.698e-01 | test graph: 6.400e-02
7201 | 0.69s | train acc: 3.805e-01 | val acc: 2.398e-01 | val graph: 6.800e-02 | test node: 2.260e-01 | test graph: 8.800e-02
7301 | 0.67s | train acc: 3.458e-01 | val acc: 2.304e-01 | val graph: 7.200e-02 | test node: 2.095e-01 | test graph: 9.400e-02
7401 | 0.67s | train acc: 1.530e-01 | val acc: 2.880e-01 | val graph: 2.180e-01 | test node: 2.899e-01 | test graph: 2.160e-01
7501 | 0.68s | train acc: 1.787e-01 | val acc: 1.381e-01 | val graph: 6.400e-02 | test node: 1.403e-01 | test graph: 6.400e-02
7601 | 0.68s | train acc: 1.787e-01 | val acc: 1.381e-01 | val graph: 6.400e-02 | test node: 1.403e-01 | test graph: 6.400e-02
7701 | 0.67s | train acc: 1.787e-01 | val acc: 1.381e-01 | val graph: 6.400e-02 | test node: 1.403e-01 | test graph: 6.400e-02
7801 | 0.68s | train acc: 1.787e-01 | val acc: 1.381e-01 | val graph: 6.400e-02 | test node: 1.403e-01 | test graph: 6.400e-02
7901 | 0.75s | train acc: 2.185e-01 | val acc: 1.569e-01 | val graph: 6.400e-02 | test node: 1.545e-01 | test graph: 6.600e-02
8001 | 0.68s | train acc: 2.789e-01 | val acc: 1.834e-01 | val graph: 6.400e-02 | test node: 1.778e-01 | test graph: 7.500e-02
8101 | 0.67s | train acc: 2.943e-01 | val acc: 1.642e-01 | val graph: 3.600e-02 | test node: 1.477e-01 | test graph: 5.600e-02
8201 | 0.67s | train acc: 1.979e-01 | val acc: 1.495e-01 | val graph: 6.400e-02 | test node: 1.481e-01 | test graph: 6.400e-02
8301 | 0.68s | train acc: 2.609e-01 | val acc: 1.744e-01 | val graph: 6.200e-02 | test node: 1.768e-01 | test graph: 6.600e-02
8401 | 0.68s | train acc: 3.393e-01 | val acc: 2.194e-01 | val graph: 6.800e-02 | test node: 2.020e-01 | test graph: 8.500e-02
8501 | 0.68s | train acc: 3.689e-01 | val acc: 2.341e-01 | val graph: 7.000e-02 | test node: 2.180e-01 | test graph: 8.800e-02
8601 | 0.67s | train acc: 3.278e-01 | val acc: 2.075e-01 | val graph: 6.600e-02 | test node: 1.923e-01 | test graph: 7.900e-02
8701 | 0.68s | train acc: 1.003e-01 | val acc: 5.065e-02 | val graph: 3.400e-02 | test node: 6.515e-02 | test graph: 3.400e-02
8801 | 0.68s | train acc: 3.239e-01 | val acc: 2.177e-01 | val graph: 7.200e-02 | test node: 1.967e-01 | test graph: 8.100e-02
8901 | 0.68s | train acc: 3.342e-01 | val acc: 2.226e-01 | val graph: 7.600e-02 | test node: 2.018e-01 | test graph: 8.300e-02
9001 | 0.68s | train acc: 2.712e-01 | val acc: 1.748e-01 | val graph: 6.400e-02 | test node: 1.674e-01 | test graph: 7.200e-02
9101 | 0.68s | train acc: 2.185e-01 | val acc: 1.524e-01 | val graph: 6.400e-02 | test node: 1.520e-01 | test graph: 6.700e-02
9201 | 0.68s | train acc: 2.481e-01 | val acc: 1.585e-01 | val graph: 6.400e-02 | test node: 1.594e-01 | test graph: 6.800e-02
9301 | 0.68s | train acc: 1.645e-01 | val acc: 1.148e-01 | val graph: 3.000e-02 | test node: 9.083e-02 | test graph: 4.700e-02
9401 | 0.67s | train acc: 3.548e-01 | val acc: 2.406e-01 | val graph: 9.000e-02 | test node: 2.175e-01 | test graph: 1.010e-01
9501 | 0.68s | train acc: 3.239e-01 | val acc: 2.132e-01 | val graph: 7.000e-02 | test node: 1.931e-01 | test graph: 8.200e-02
9601 | 0.70s | train acc: 3.522e-01 | val acc: 2.296e-01 | val graph: 7.400e-02 | test node: 2.097e-01 | test graph: 9.200e-02
9701 | 0.68s | train acc: 5.116e-01 | val acc: 3.452e-01 | val graph: 1.300e-01 | test node: 3.404e-01 | test graph: 1.340e-01
9801 | 0.68s | train acc: 1.748e-01 | val acc: 1.642e-01 | val graph: 1.120e-01 | test node: 1.638e-01 | test graph: 1.070e-01
9901 | 0.68s | train acc: 2.982e-01 | val acc: 2.165e-01 | val graph: 8.200e-02 | test node: 2.247e-01 | test graph: 8.700e-02
10001 | 0.72s | train acc: 3.188e-01 | val acc: 2.092e-01 | val graph: 6.800e-02 | test node: 1.914e-01 | test graph: 8.100e-02
10101 | 0.68s | train acc: 2.738e-01 | val acc: 1.801e-01 | val graph: 6.400e-02 | test node: 1.719e-01 | test graph: 7.300e-02
10201 | 0.70s | train acc: 2.969e-01 | val acc: 1.944e-01 | val graph: 6.400e-02 | test node: 1.787e-01 | test graph: 7.500e-02
10301 | 0.68s | train acc: 3.419e-01 | val acc: 2.459e-01 | val graph: 9.400e-02 | test node: 2.201e-01 | test graph: 1.040e-01
10401 | 0.68s | train acc: 3.316e-01 | val acc: 2.153e-01 | val graph: 7.000e-02 | test node: 1.944e-01 | test graph: 8.500e-02
10501 | 0.68s | train acc: 3.252e-01 | val acc: 2.042e-01 | val graph: 6.600e-02 | test node: 1.882e-01 | test graph: 7.900e-02
10601 | 0.68s | train acc: 3.162e-01 | val acc: 2.002e-01 | val graph: 6.600e-02 | test node: 1.851e-01 | test graph: 7.900e-02
10701 | 0.68s | train acc: 2.159e-01 | val acc: 1.475e-01 | val graph: 6.400e-02 | test node: 1.526e-01 | test graph: 6.600e-02
10801 | 0.68s | train acc: 4.010e-01 | val acc: 2.508e-01 | val graph: 8.400e-02 | test node: 2.298e-01 | test graph: 9.400e-02
10901 | 0.69s | train acc: 2.519e-01 | val acc: 1.560e-01 | val graph: 6.400e-02 | test node: 1.602e-01 | test graph: 6.800e-02
11001 | 0.68s | train acc: 1.812e-01 | val acc: 1.381e-01 | val graph: 6.400e-02 | test node: 1.411e-01 | test graph: 6.400e-02
11101 | 0.68s | train acc: 4.769e-01 | val acc: 2.725e-01 | val graph: 7.400e-02 | test node: 2.636e-01 | test graph: 9.700e-02
11201 | 0.67s | train acc: 3.972e-01 | val acc: 2.402e-01 | val graph: 8.200e-02 | test node: 2.288e-01 | test graph: 9.400e-02
11301 | 0.68s | train acc: 3.380e-01 | val acc: 2.092e-01 | val graph: 6.400e-02 | test node: 1.959e-01 | test graph: 8.400e-02
11401 | 0.68s | train acc: 3.316e-01 | val acc: 3.578e-01 | val graph: 2.100e-01 | test node: 3.733e-01 | test graph: 2.210e-01
11501 | 0.67s | train acc: 1.645e-01 | val acc: 1.148e-01 | val graph: 3.000e-02 | test node: 9.083e-02 | test graph: 4.700e-02
11601 | 0.67s | train acc: 2.416e-01 | val acc: 1.377e-01 | val graph: 3.000e-02 | test node: 1.150e-01 | test graph: 4.700e-02
11701 | 0.72s | train acc: 2.275e-01 | val acc: 1.569e-01 | val graph: 6.400e-02 | test node: 1.537e-01 | test graph: 6.500e-02
11801 | 0.68s | train acc: 2.841e-01 | val acc: 1.879e-01 | val graph: 6.600e-02 | test node: 1.740e-01 | test graph: 7.000e-02
11901 | 0.68s | train acc: 2.429e-01 | val acc: 1.638e-01 | val graph: 6.400e-02 | test node: 1.587e-01 | test graph: 6.700e-02
12001 | 0.67s | train acc: 1.979e-01 | val acc: 1.434e-01 | val graph: 6.400e-02 | test node: 1.458e-01 | test graph: 6.400e-02
12101 | 0.68s | train acc: 2.288e-01 | val acc: 1.581e-01 | val graph: 6.400e-02 | test node: 1.549e-01 | test graph: 6.700e-02
12201 | 0.68s | train acc: 1.864e-01 | val acc: 1.389e-01 | val graph: 6.400e-02 | test node: 1.428e-01 | test graph: 6.400e-02
12301 | 0.68s | train acc: 3.406e-01 | val acc: 2.463e-01 | val graph: 9.600e-02 | test node: 2.184e-01 | test graph: 1.040e-01
12401 | 0.68s | train acc: 3.213e-01 | val acc: 2.136e-01 | val graph: 7.000e-02 | test node: 1.912e-01 | test graph: 8.400e-02
12501 | 0.68s | train acc: 3.419e-01 | val acc: 2.443e-01 | val graph: 9.000e-02 | test node: 2.169e-01 | test graph: 1.010e-01
12601 | 0.68s | train acc: 3.239e-01 | val acc: 2.136e-01 | val graph: 7.000e-02 | test node: 1.916e-01 | test graph: 8.400e-02
12701 | 0.68s | train acc: 3.380e-01 | val acc: 2.206e-01 | val graph: 7.200e-02 | test node: 2.008e-01 | test graph: 8.800e-02
12801 | 0.68s | train acc: 2.532e-01 | val acc: 1.683e-01 | val graph: 6.400e-02 | test node: 1.602e-01 | test graph: 6.700e-02
12901 | 0.68s | train acc: 5.013e-01 | val acc: 4.342e-01 | val graph: 2.040e-01 | test node: 4.221e-01 | test graph: 2.240e-01
13001 | 0.68s | train acc: 3.021e-01 | val acc: 1.981e-01 | val graph: 6.400e-02 | test node: 1.821e-01 | test graph: 7.400e-02
13101 | 0.68s | train acc: 1.530e-01 | val acc: 2.884e-01 | val graph: 2.180e-01 | test node: 2.899e-01 | test graph: 2.160e-01
13201 | 0.68s | train acc: 1.799e-01 | val acc: 1.381e-01 | val graph: 6.400e-02 | test node: 1.413e-01 | test graph: 6.400e-02
13301 | 0.72s | train acc: 2.956e-01 | val acc: 1.904e-01 | val graph: 6.400e-02 | test node: 1.770e-01 | test graph: 7.500e-02
13401 | 0.70s | train acc: 3.265e-01 | val acc: 2.067e-01 | val graph: 6.800e-02 | test node: 1.889e-01 | test graph: 7.800e-02
13501 | 0.70s | train acc: 2.571e-01 | val acc: 1.740e-01 | val graph: 6.400e-02 | test node: 1.670e-01 | test graph: 7.200e-02
13601 | 0.68s | train acc: 3.098e-01 | val acc: 1.944e-01 | val graph: 6.600e-02 | test node: 1.844e-01 | test graph: 7.700e-02
13701 | 0.68s | train acc: 2.789e-01 | val acc: 1.887e-01 | val graph: 6.800e-02 | test node: 1.761e-01 | test graph: 7.400e-02
13801 | 0.68s | train acc: 1.812e-01 | val acc: 1.381e-01 | val graph: 6.400e-02 | test node: 1.411e-01 | test graph: 6.400e-02
13901 | 0.68s | train acc: 3.907e-01 | val acc: 2.038e-01 | val graph: 4.600e-02 | test node: 1.846e-01 | test graph: 6.900e-02
14001 | 0.70s | train acc: 3.123e-01 | val acc: 2.014e-01 | val graph: 6.800e-02 | test node: 1.857e-01 | test graph: 7.600e-02
14101 | 0.71s | train acc: 1.491e-01 | val acc: 1.556e-01 | val graph: 1.100e-01 | test node: 1.526e-01 | test graph: 1.070e-01
14201 | 0.69s | train acc: 4.589e-01 | val acc: 3.317e-01 | val graph: 1.600e-01 | test node: 3.081e-01 | test graph: 1.660e-01
14301 | 0.69s | train acc: 3.329e-01 | val acc: 2.202e-01 | val graph: 7.600e-02 | test node: 2.001e-01 | test graph: 8.900e-02
14401 | 0.69s | train acc: 2.095e-01 | val acc: 1.422e-01 | val graph: 6.400e-02 | test node: 1.481e-01 | test graph: 6.600e-02
14501 | 0.69s | train acc: 2.339e-01 | val acc: 1.630e-01 | val graph: 6.400e-02 | test node: 1.585e-01 | test graph: 6.500e-02
14601 | 0.68s | train acc: 3.432e-01 | val acc: 2.467e-01 | val graph: 9.200e-02 | test node: 2.211e-01 | test graph: 1.050e-01
14701 | 0.69s | train acc: 1.645e-01 | val acc: 1.148e-01 | val graph: 3.000e-02 | test node: 9.083e-02 | test graph: 4.700e-02
14801 | 0.68s | train acc: 1.645e-01 | val acc: 1.148e-01 | val graph: 3.000e-02 | test node: 9.083e-02 | test graph: 4.700e-02
14901 | 0.69s | train acc: 3.406e-01 | val acc: 2.426e-01 | val graph: 9.400e-02 | test node: 2.192e-01 | test graph: 1.040e-01
15001 | 0.68s | train acc: 3.496e-01 | val acc: 2.475e-01 | val graph: 9.600e-02 | test node: 2.235e-01 | test graph: 1.050e-01
15101 | 0.69s | train acc: 2.931e-01 | val acc: 1.936e-01 | val graph: 6.400e-02 | test node: 1.810e-01 | test graph: 7.500e-02
15201 | 0.68s | train acc: 5.064e-01 | val acc: 3.031e-01 | val graph: 9.600e-02 | test node: 2.941e-01 | test graph: 1.170e-01
15301 | 0.68s | train acc: 3.689e-01 | val acc: 4.052e-01 | val graph: 2.520e-01 | test node: 3.860e-01 | test graph: 2.540e-01
15401 | 0.69s | train acc: 4.846e-01 | val acc: 3.276e-01 | val graph: 1.080e-01 | test node: 3.149e-01 | test graph: 1.340e-01
15501 | 0.69s | train acc: 2.815e-01 | val acc: 1.630e-01 | val graph: 4.600e-02 | test node: 1.539e-01 | test graph: 6.400e-02
15601 | 0.69s | train acc: 3.997e-01 | val acc: 2.614e-01 | val graph: 9.200e-02 | test node: 2.413e-01 | test graph: 1.040e-01
15701 | 0.69s | train acc: 3.728e-01 | val acc: 2.402e-01 | val graph: 8.400e-02 | test node: 2.245e-01 | test graph: 9.900e-02
15801 | 0.69s | train acc: 4.062e-01 | val acc: 2.790e-01 | val graph: 8.800e-02 | test node: 2.687e-01 | test graph: 1.110e-01
15901 | 0.68s | train acc: 3.239e-01 | val acc: 2.145e-01 | val graph: 7.200e-02 | test node: 1.955e-01 | test graph: 8.800e-02
16001 | 0.72s | train acc: 3.342e-01 | val acc: 2.337e-01 | val graph: 8.200e-02 | test node: 2.110e-01 | test graph: 9.800e-02
16101 | 0.68s | train acc: 3.008e-01 | val acc: 3.709e-01 | val graph: 2.360e-01 | test node: 3.504e-01 | test graph: 2.390e-01
16201 | 0.69s | train acc: 1.787e-01 | val acc: 1.381e-01 | val graph: 6.400e-02 | test node: 1.403e-01 | test graph: 6.400e-02
16301 | 0.69s | train acc: 1.941e-01 | val acc: 1.393e-01 | val graph: 6.400e-02 | test node: 1.435e-01 | test graph: 6.400e-02
16401 | 0.69s | train acc: 2.931e-01 | val acc: 1.961e-01 | val graph: 6.800e-02 | test node: 1.827e-01 | test graph: 7.900e-02
16501 | 0.69s | train acc: 3.290e-01 | val acc: 2.271e-01 | val graph: 8.200e-02 | test node: 2.048e-01 | test graph: 9.400e-02
16601 | 0.69s | train acc: 3.162e-01 | val acc: 3.844e-01 | val graph: 2.300e-01 | test node: 3.633e-01 | test graph: 2.480e-01
16701 | 0.68s | train acc: 1.491e-01 | val acc: 1.556e-01 | val graph: 1.100e-01 | test node: 1.526e-01 | test graph: 1.070e-01
16801 | 0.72s | train acc: 1.671e-01 | val acc: 2.908e-01 | val graph: 2.180e-01 | test node: 2.939e-01 | test graph: 2.160e-01
16901 | 0.69s | train acc: 4.447e-01 | val acc: 3.913e-01 | val graph: 1.780e-01 | test node: 3.924e-01 | test graph: 2.040e-01
17001 | 0.69s | train acc: 4.409e-01 | val acc: 3.766e-01 | val graph: 1.620e-01 | test node: 3.735e-01 | test graph: 1.880e-01
17101 | 0.69s | train acc: 3.265e-01 | val acc: 2.230e-01 | val graph: 7.000e-02 | test node: 2.103e-01 | test graph: 8.800e-02
17201 | 0.70s | train acc: 3.072e-01 | val acc: 2.120e-01 | val graph: 7.000e-02 | test node: 2.008e-01 | test graph: 8.000e-02
17301 | 0.69s | train acc: 3.265e-01 | val acc: 2.202e-01 | val graph: 7.600e-02 | test node: 2.035e-01 | test graph: 9.100e-02
17401 | 0.69s | train acc: 3.419e-01 | val acc: 2.279e-01 | val graph: 7.600e-02 | test node: 2.152e-01 | test graph: 9.100e-02
17501 | 0.69s | train acc: 3.278e-01 | val acc: 2.149e-01 | val graph: 7.000e-02 | test node: 1.984e-01 | test graph: 9.000e-02
17601 | 0.69s | train acc: 3.252e-01 | val acc: 2.116e-01 | val graph: 6.800e-02 | test node: 1.952e-01 | test graph: 8.600e-02
17701 | 0.68s | train acc: 3.869e-01 | val acc: 2.618e-01 | val graph: 8.800e-02 | test node: 2.434e-01 | test graph: 1.060e-01
17801 | 0.68s | train acc: 3.406e-01 | val acc: 2.214e-01 | val graph: 7.600e-02 | test node: 2.052e-01 | test graph: 9.100e-02
17901 | 0.68s | train acc: 3.278e-01 | val acc: 2.226e-01 | val graph: 7.600e-02 | test node: 2.033e-01 | test graph: 9.100e-02
18001 | 0.68s | train acc: 3.432e-01 | val acc: 2.239e-01 | val graph: 7.600e-02 | test node: 2.076e-01 | test graph: 9.200e-02
18101 | 0.68s | train acc: 3.625e-01 | val acc: 2.859e-01 | val graph: 1.440e-01 | test node: 2.636e-01 | test graph: 1.540e-01
18201 | 0.68s | train acc: 3.509e-01 | val acc: 2.288e-01 | val graph: 8.000e-02 | test node: 2.135e-01 | test graph: 9.600e-02
18301 | 0.68s | train acc: 3.715e-01 | val acc: 2.369e-01 | val graph: 8.200e-02 | test node: 2.239e-01 | test graph: 9.600e-02
18401 | 0.68s | train acc: 3.303e-01 | val acc: 2.210e-01 | val graph: 7.400e-02 | test node: 2.050e-01 | test graph: 9.500e-02
18501 | 0.74s | train acc: 3.483e-01 | val acc: 2.210e-01 | val graph: 7.400e-02 | test node: 2.056e-01 | test graph: 9.000e-02
18601 | 0.68s | train acc: 3.470e-01 | val acc: 2.308e-01 | val graph: 7.800e-02 | test node: 2.129e-01 | test graph: 9.600e-02
18701 | 0.69s | train acc: 2.738e-01 | val acc: 1.834e-01 | val graph: 6.600e-02 | test node: 1.740e-01 | test graph: 7.400e-02
18801 | 0.69s | train acc: 3.252e-01 | val acc: 2.717e-01 | val graph: 1.520e-01 | test node: 2.458e-01 | test graph: 1.530e-01
18901 | 0.69s | train acc: 3.625e-01 | val acc: 2.594e-01 | val graph: 9.400e-02 | test node: 2.358e-01 | test graph: 1.050e-01
19001 | 0.68s | train acc: 3.509e-01 | val acc: 2.533e-01 | val graph: 9.800e-02 | test node: 2.279e-01 | test graph: 1.070e-01
19101 | 0.68s | train acc: 3.303e-01 | val acc: 2.402e-01 | val graph: 9.200e-02 | test node: 2.124e-01 | test graph: 9.900e-02
19201 | 0.68s | train acc: 3.329e-01 | val acc: 2.386e-01 | val graph: 9.000e-02 | test node: 2.107e-01 | test graph: 9.700e-02
19301 | 0.69s | train acc: 3.252e-01 | val acc: 2.218e-01 | val graph: 7.400e-02 | test node: 1.997e-01 | test graph: 9.000e-02
19401 | 0.69s | train acc: 3.882e-01 | val acc: 2.745e-01 | val graph: 1.000e-01 | test node: 2.485e-01 | test graph: 1.090e-01
19501 | 0.69s | train acc: 3.882e-01 | val acc: 2.790e-01 | val graph: 1.020e-01 | test node: 2.557e-01 | test graph: 1.150e-01
19601 | 0.68s | train acc: 3.303e-01 | val acc: 2.333e-01 | val graph: 8.400e-02 | test node: 2.107e-01 | test graph: 9.700e-02
19701 | 0.69s | train acc: 3.445e-01 | val acc: 2.471e-01 | val graph: 9.600e-02 | test node: 2.256e-01 | test graph: 1.070e-01
19801 | 0.69s | train acc: 4.087e-01 | val acc: 3.100e-01 | val graph: 1.120e-01 | test node: 2.893e-01 | test graph: 1.260e-01
19901 | 0.69s | train acc: 3.406e-01 | val acc: 2.431e-01 | val graph: 9.600e-02 | test node: 2.190e-01 | test graph: 1.020e-01
20001 | 0.69s | train acc: 5.617e-01 | val acc: 4.408e-01 | val graph: 2.040e-01 | test node: 4.208e-01 | test graph: 2.180e-01
20101 | 0.68s | train acc: 3.496e-01 | val acc: 2.316e-01 | val graph: 7.800e-02 | test node: 2.122e-01 | test graph: 9.500e-02
20201 | 0.70s | train acc: 3.355e-01 | val acc: 2.459e-01 | val graph: 9.800e-02 | test node: 2.201e-01 | test graph: 1.060e-01
20301 | 0.68s | train acc: 3.342e-01 | val acc: 2.439e-01 | val graph: 9.800e-02 | test node: 2.182e-01 | test graph: 1.060e-01
20401 | 0.69s | train acc: 3.779e-01 | val acc: 2.635e-01 | val graph: 1.020e-01 | test node: 2.434e-01 | test graph: 1.140e-01
20501 | 0.69s | train acc: 2.699e-01 | val acc: 1.826e-01 | val graph: 6.600e-02 | test node: 1.721e-01 | test graph: 7.000e-02
20601 | 0.68s | train acc: 3.509e-01 | val acc: 2.492e-01 | val graph: 9.800e-02 | test node: 2.264e-01 | test graph: 1.060e-01
20701 | 0.69s | train acc: 3.316e-01 | val acc: 2.422e-01 | val graph: 9.800e-02 | test node: 2.129e-01 | test graph: 1.010e-01
20801 | 0.68s | train acc: 5.566e-01 | val acc: 3.868e-01 | val graph: 1.260e-01 | test node: 3.744e-01 | test graph: 1.480e-01
20901 | 0.68s | train acc: 1.812e-01 | val acc: 2.949e-01 | val graph: 2.180e-01 | test node: 2.975e-01 | test graph: 2.170e-01
21001 | 0.68s | train acc: 3.380e-01 | val acc: 2.455e-01 | val graph: 9.600e-02 | test node: 2.245e-01 | test graph: 1.050e-01
21101 | 0.69s | train acc: 3.445e-01 | val acc: 2.467e-01 | val graph: 9.600e-02 | test node: 2.264e-01 | test graph: 1.050e-01
21201 | 0.69s | train acc: 4.434e-01 | val acc: 3.480e-01 | val graph: 1.340e-01 | test node: 3.381e-01 | test graph: 1.660e-01
21301 | 0.69s | train acc: 3.779e-01 | val acc: 2.847e-01 | val graph: 1.040e-01 | test node: 2.634e-01 | test graph: 1.160e-01
21401 | 0.69s | train acc: 3.329e-01 | val acc: 2.451e-01 | val graph: 9.400e-02 | test node: 2.192e-01 | test graph: 1.030e-01
21501 | 0.68s | train acc: 3.329e-01 | val acc: 2.447e-01 | val graph: 9.400e-02 | test node: 2.203e-01 | test graph: 1.050e-01
21601 | 0.69s | train acc: 2.918e-01 | val acc: 1.957e-01 | val graph: 6.800e-02 | test node: 1.829e-01 | test graph: 8.000e-02
21701 | 0.69s | train acc: 1.645e-01 | val acc: 1.148e-01 | val graph: 3.000e-02 | test node: 9.083e-02 | test graph: 4.700e-02
21801 | 0.68s | train acc: 2.712e-01 | val acc: 1.454e-01 | val graph: 4.000e-02 | test node: 1.231e-01 | test graph: 5.000e-02
21901 | 0.70s | train acc: 3.445e-01 | val acc: 2.447e-01 | val graph: 9.600e-02 | test node: 2.245e-01 | test graph: 1.080e-01
22001 | 0.69s | train acc: 3.368e-01 | val acc: 2.443e-01 | val graph: 9.400e-02 | test node: 2.211e-01 | test graph: 1.050e-01
22101 | 0.69s | train acc: 3.419e-01 | val acc: 2.447e-01 | val graph: 9.400e-02 | test node: 2.237e-01 | test graph: 1.060e-01
22201 | 0.69s | train acc: 3.483e-01 | val acc: 2.459e-01 | val graph: 9.400e-02 | test node: 2.264e-01 | test graph: 1.070e-01
22301 | 0.68s | train acc: 3.676e-01 | val acc: 2.496e-01 | val graph: 9.400e-02 | test node: 2.320e-01 | test graph: 1.080e-01
22401 | 0.69s | train acc: 3.406e-01 | val acc: 2.451e-01 | val graph: 9.400e-02 | test node: 2.226e-01 | test graph: 1.060e-01
22501 | 0.68s | train acc: 4.820e-01 | val acc: 3.391e-01 | val graph: 1.240e-01 | test node: 3.196e-01 | test graph: 1.470e-01
22601 | 0.69s | train acc: 3.766e-01 | val acc: 2.496e-01 | val graph: 9.600e-02 | test node: 2.343e-01 | test graph: 1.120e-01
22701 | 0.74s | train acc: 1.799e-01 | val acc: 1.381e-01 | val graph: 6.400e-02 | test node: 1.403e-01 | test graph: 6.400e-02
22801 | 0.71s | train acc: 3.380e-01 | val acc: 2.439e-01 | val graph: 9.400e-02 | test node: 2.180e-01 | test graph: 1.020e-01
22901 | 0.69s | train acc: 4.499e-01 | val acc: 3.178e-01 | val graph: 1.160e-01 | test node: 3.020e-01 | test graph: 1.380e-01
23001 | 0.68s | train acc: 3.959e-01 | val acc: 2.565e-01 | val graph: 9.600e-02 | test node: 2.470e-01 | test graph: 1.130e-01
23101 | 0.69s | train acc: 3.445e-01 | val acc: 2.443e-01 | val graph: 9.400e-02 | test node: 2.243e-01 | test graph: 1.080e-01
23201 | 0.74s | train acc: 4.357e-01 | val acc: 3.448e-01 | val graph: 1.540e-01 | test node: 3.264e-01 | test graph: 1.700e-01
23301 | 0.69s | train acc: 3.085e-01 | val acc: 2.647e-01 | val graph: 1.420e-01 | test node: 2.360e-01 | test graph: 1.500e-01
23401 | 0.68s | train acc: 2.609e-01 | val acc: 1.593e-01 | val graph: 4.200e-02 | test node: 1.337e-01 | test graph: 5.700e-02
23501 | 0.69s | train acc: 4.666e-01 | val acc: 3.668e-01 | val graph: 1.500e-01 | test node: 3.527e-01 | test graph: 1.750e-01
23601 | 0.68s | train acc: 3.843e-01 | val acc: 2.512e-01 | val graph: 9.400e-02 | test node: 2.366e-01 | test graph: 1.150e-01
23701 | 0.68s | train acc: 3.445e-01 | val acc: 2.431e-01 | val graph: 9.200e-02 | test node: 2.205e-01 | test graph: 1.100e-01
23801 | 0.67s | train acc: 5.090e-01 | val acc: 4.179e-01 | val graph: 1.840e-01 | test node: 4.096e-01 | test graph: 2.130e-01
23901 | 0.69s | train acc: 5.051e-01 | val acc: 3.309e-01 | val graph: 1.240e-01 | test node: 3.177e-01 | test graph: 1.500e-01
24001 | 0.72s | train acc: 3.535e-01 | val acc: 2.451e-01 | val graph: 9.400e-02 | test node: 2.258e-01 | test graph: 1.120e-01
24101 | 0.69s | train acc: 4.717e-01 | val acc: 3.832e-01 | val graph: 1.680e-01 | test node: 3.742e-01 | test graph: 1.890e-01
24201 | 0.69s | train acc: 4.023e-01 | val acc: 3.121e-01 | val graph: 1.380e-01 | test node: 2.905e-01 | test graph: 1.470e-01
24301 | 0.69s | train acc: 5.064e-01 | val acc: 3.705e-01 | val graph: 1.440e-01 | test node: 3.536e-01 | test graph: 1.760e-01
24401 | 0.68s | train acc: 3.342e-01 | val acc: 2.426e-01 | val graph: 8.600e-02 | test node: 2.158e-01 | test graph: 9.700e-02
24501 | 0.68s | train acc: 4.743e-01 | val acc: 4.624e-01 | val graph: 2.460e-01 | test node: 4.516e-01 | test graph: 2.700e-01
24601 | 0.69s | train acc: 4.023e-01 | val acc: 2.782e-01 | val graph: 9.400e-02 | test node: 2.632e-01 | test graph: 1.190e-01
24701 | 0.68s | train acc: 3.715e-01 | val acc: 2.504e-01 | val graph: 9.800e-02 | test node: 2.347e-01 | test graph: 1.130e-01
24801 | 0.68s | train acc: 4.242e-01 | val acc: 2.786e-01 | val graph: 1.060e-01 | test node: 2.663e-01 | test graph: 1.240e-01
24901 | 0.69s | train acc: 3.997e-01 | val acc: 2.688e-01 | val graph: 1.060e-01 | test node: 2.525e-01 | test graph: 1.250e-01
25001 | 0.68s | train acc: 4.743e-01 | val acc: 3.154e-01 | val graph: 1.160e-01 | test node: 3.014e-01 | test graph: 1.440e-01
25101 | 0.69s | train acc: 3.535e-01 | val acc: 2.471e-01 | val graph: 9.800e-02 | test node: 2.264e-01 | test graph: 1.110e-01
25201 | 0.69s | train acc: 4.897e-01 | val acc: 3.342e-01 | val graph: 1.200e-01 | test node: 3.143e-01 | test graph: 1.480e-01
25301 | 0.69s | train acc: 4.627e-01 | val acc: 3.435e-01 | val graph: 1.400e-01 | test node: 3.260e-01 | test graph: 1.680e-01
25401 | 0.68s | train acc: 3.470e-01 | val acc: 2.447e-01 | val graph: 9.800e-02 | test node: 2.245e-01 | test graph: 1.090e-01
25501 | 0.69s | train acc: 5.540e-01 | val acc: 3.950e-01 | val graph: 1.540e-01 | test node: 3.888e-01 | test graph: 1.940e-01
25601 | 0.69s | train acc: 3.792e-01 | val acc: 2.565e-01 | val graph: 9.800e-02 | test node: 2.373e-01 | test graph: 1.160e-01
25701 | 0.71s | train acc: 5.103e-01 | val acc: 3.419e-01 | val graph: 1.140e-01 | test node: 3.304e-01 | test graph: 1.540e-01
25801 | 0.69s | train acc: 3.792e-01 | val acc: 4.056e-01 | val graph: 2.420e-01 | test node: 3.888e-01 | test graph: 2.460e-01
25901 | 0.69s | train acc: 5.334e-01 | val acc: 4.318e-01 | val graph: 1.720e-01 | test node: 4.242e-01 | test graph: 2.030e-01
26001 | 0.68s | train acc: 5.270e-01 | val acc: 3.542e-01 | val graph: 1.220e-01 | test node: 3.347e-01 | test graph: 1.560e-01
26101 | 0.68s | train acc: 5.270e-01 | val acc: 4.269e-01 | val graph: 1.700e-01 | test node: 4.270e-01 | test graph: 2.010e-01
26201 | 0.69s | train acc: 4.666e-01 | val acc: 3.007e-01 | val graph: 1.100e-01 | test node: 2.812e-01 | test graph: 1.320e-01
26301 | 0.68s | train acc: 4.113e-01 | val acc: 2.741e-01 | val graph: 1.060e-01 | test node: 2.553e-01 | test graph: 1.220e-01
26401 | 0.68s | train acc: 4.409e-01 | val acc: 3.317e-01 | val graph: 1.180e-01 | test node: 3.065e-01 | test graph: 1.320e-01
26501 | 0.68s | train acc: 4.769e-01 | val acc: 3.092e-01 | val graph: 1.140e-01 | test node: 2.950e-01 | test graph: 1.320e-01
26601 | 0.68s | train acc: 5.463e-01 | val acc: 4.048e-01 | val graph: 1.520e-01 | test node: 4.041e-01 | test graph: 1.980e-01
26701 | 0.69s | train acc: 4.486e-01 | val acc: 3.051e-01 | val graph: 1.140e-01 | test node: 2.874e-01 | test graph: 1.360e-01
26801 | 0.69s | train acc: 3.522e-01 | val acc: 2.455e-01 | val graph: 9.200e-02 | test node: 2.284e-01 | test graph: 1.110e-01
26901 | 0.69s | train acc: 4.152e-01 | val acc: 2.761e-01 | val graph: 1.080e-01 | test node: 2.570e-01 | test graph: 1.240e-01
27001 | 0.68s | train acc: 3.792e-01 | val acc: 2.594e-01 | val graph: 1.020e-01 | test node: 2.398e-01 | test graph: 1.180e-01
27101 | 0.69s | train acc: 3.188e-01 | val acc: 3.877e-01 | val graph: 2.420e-01 | test node: 3.663e-01 | test graph: 2.520e-01
27201 | 0.68s | train acc: 3.355e-01 | val acc: 2.341e-01 | val graph: 8.800e-02 | test node: 2.118e-01 | test graph: 9.800e-02
27301 | 0.69s | train acc: 3.920e-01 | val acc: 2.663e-01 | val graph: 1.020e-01 | test node: 2.479e-01 | test graph: 1.170e-01
27401 | 0.70s | train acc: 4.704e-01 | val acc: 3.137e-01 | val graph: 1.080e-01 | test node: 2.980e-01 | test graph: 1.390e-01
27501 | 0.69s | train acc: 5.193e-01 | val acc: 3.407e-01 | val graph: 1.160e-01 | test node: 3.294e-01 | test graph: 1.450e-01
27601 | 0.69s | train acc: 4.627e-01 | val acc: 3.088e-01 | val graph: 1.120e-01 | test node: 2.952e-01 | test graph: 1.350e-01
27701 | 0.70s | train acc: 4.280e-01 | val acc: 3.313e-01 | val graph: 1.260e-01 | test node: 3.113e-01 | test graph: 1.440e-01
27801 | 0.68s | train acc: 4.165e-01 | val acc: 2.766e-01 | val graph: 1.100e-01 | test node: 2.572e-01 | test graph: 1.260e-01
27901 | 0.69s | train acc: 4.434e-01 | val acc: 2.953e-01 | val graph: 1.040e-01 | test node: 2.780e-01 | test graph: 1.310e-01
28001 | 0.69s | train acc: 5.039e-01 | val acc: 4.224e-01 | val graph: 1.540e-01 | test node: 4.128e-01 | test graph: 1.880e-01
28101 | 0.69s | train acc: 3.162e-01 | val acc: 3.889e-01 | val graph: 2.400e-01 | test node: 3.644e-01 | test graph: 2.450e-01
28201 | 0.69s | train acc: 4.447e-01 | val acc: 3.215e-01 | val graph: 9.800e-02 | test node: 3.022e-01 | test graph: 1.330e-01
28301 | 0.69s | train acc: 4.769e-01 | val acc: 3.051e-01 | val graph: 1.080e-01 | test node: 2.918e-01 | test graph: 1.370e-01
28401 | 0.69s | train acc: 4.010e-01 | val acc: 3.321e-01 | val graph: 1.240e-01 | test node: 3.139e-01 | test graph: 1.380e-01
28501 | 0.69s | train acc: 4.267e-01 | val acc: 3.627e-01 | val graph: 1.340e-01 | test node: 3.430e-01 | test graph: 1.450e-01
28601 | 0.69s | train acc: 4.280e-01 | val acc: 2.819e-01 | val graph: 1.100e-01 | test node: 2.632e-01 | test graph: 1.270e-01
28701 | 0.71s | train acc: 4.704e-01 | val acc: 3.619e-01 | val graph: 1.340e-01 | test node: 3.447e-01 | test graph: 1.480e-01
28801 | 0.69s | train acc: 2.635e-01 | val acc: 1.781e-01 | val graph: 4.600e-02 | test node: 1.422e-01 | test graph: 5.300e-02
28901 | 0.68s | train acc: 4.409e-01 | val acc: 2.888e-01 | val graph: 1.040e-01 | test node: 2.706e-01 | test graph: 1.280e-01
29001 | 0.68s | train acc: 4.460e-01 | val acc: 3.297e-01 | val graph: 1.280e-01 | test node: 3.143e-01 | test graph: 1.370e-01
29101 | 0.69s | train acc: 3.882e-01 | val acc: 3.337e-01 | val graph: 1.200e-01 | test node: 3.145e-01 | test graph: 1.330e-01
29201 | 0.69s | train acc: 4.396e-01 | val acc: 3.235e-01 | val graph: 1.220e-01 | test node: 3.018e-01 | test graph: 1.340e-01
29301 | 0.69s | train acc: 4.614e-01 | val acc: 3.113e-01 | val graph: 1.240e-01 | test node: 2.963e-01 | test graph: 1.450e-01
29401 | 0.69s | train acc: 3.895e-01 | val acc: 2.606e-01 | val graph: 1.000e-01 | test node: 2.424e-01 | test graph: 1.170e-01
29501 | 0.71s | train acc: 4.254e-01 | val acc: 2.851e-01 | val graph: 1.000e-01 | test node: 2.602e-01 | test graph: 1.160e-01
29601 | 0.68s | train acc: 1.645e-01 | val acc: 1.148e-01 | val graph: 3.000e-02 | test node: 9.083e-02 | test graph: 4.700e-02
29701 | 0.68s | train acc: 3.316e-01 | val acc: 2.198e-01 | val graph: 7.000e-02 | test node: 1.895e-01 | test graph: 8.100e-02
29801 | 0.68s | train acc: 3.380e-01 | val acc: 2.365e-01 | val graph: 8.800e-02 | test node: 2.107e-01 | test graph: 9.400e-02
29901 | 0.69s | train acc: 4.190e-01 | val acc: 2.712e-01 | val graph: 9.400e-02 | test node: 2.564e-01 | test graph: 1.120e-01
30001 | 0.69s | train acc: 3.085e-01 | val acc: 2.504e-01 | val graph: 1.080e-01 | test node: 2.222e-01 | test graph: 1.190e-01
30101 | 0.68s | train acc: 4.627e-01 | val acc: 3.215e-01 | val graph: 1.200e-01 | test node: 3.067e-01 | test graph: 1.380e-01
30201 | 0.69s | train acc: 3.959e-01 | val acc: 2.627e-01 | val graph: 9.600e-02 | test node: 2.455e-01 | test graph: 1.100e-01
30301 | 0.69s | train acc: 3.650e-01 | val acc: 2.512e-01 | val graph: 9.200e-02 | test node: 2.358e-01 | test graph: 1.140e-01
30401 | 0.69s | train acc: 4.100e-01 | val acc: 2.631e-01 | val graph: 9.800e-02 | test node: 2.494e-01 | test graph: 1.140e-01
30501 | 0.68s | train acc: 4.434e-01 | val acc: 3.002e-01 | val graph: 1.080e-01 | test node: 2.820e-01 | test graph: 1.360e-01
30601 | 0.69s | train acc: 4.434e-01 | val acc: 2.982e-01 | val graph: 1.100e-01 | test node: 2.848e-01 | test graph: 1.360e-01
30701 | 0.68s | train acc: 4.602e-01 | val acc: 3.190e-01 | val graph: 1.180e-01 | test node: 3.041e-01 | test graph: 1.470e-01
30801 | 0.69s | train acc: 4.512e-01 | val acc: 3.170e-01 | val graph: 1.140e-01 | test node: 3.033e-01 | test graph: 1.490e-01
30901 | 0.69s | train acc: 4.332e-01 | val acc: 3.129e-01 | val graph: 1.100e-01 | test node: 2.997e-01 | test graph: 1.410e-01
31001 | 0.69s | train acc: 4.216e-01 | val acc: 2.774e-01 | val graph: 1.120e-01 | test node: 2.629e-01 | test graph: 1.280e-01
31101 | 0.69s | train acc: 4.306e-01 | val acc: 2.884e-01 | val graph: 1.080e-01 | test node: 2.678e-01 | test graph: 1.320e-01
31201 | 0.69s | train acc: 4.177e-01 | val acc: 3.145e-01 | val graph: 1.080e-01 | test node: 3.018e-01 | test graph: 1.350e-01
31301 | 0.69s | train acc: 3.689e-01 | val acc: 2.974e-01 | val graph: 1.100e-01 | test node: 2.801e-01 | test graph: 1.250e-01
31401 | 0.68s | train acc: 3.920e-01 | val acc: 3.129e-01 | val graph: 1.120e-01 | test node: 2.927e-01 | test graph: 1.270e-01
31501 | 0.69s | train acc: 3.946e-01 | val acc: 3.154e-01 | val graph: 1.140e-01 | test node: 2.946e-01 | test graph: 1.300e-01
31601 | 0.68s | train acc: 3.882e-01 | val acc: 3.117e-01 | val graph: 1.100e-01 | test node: 2.920e-01 | test graph: 1.270e-01
31701 | 0.69s | train acc: 3.753e-01 | val acc: 2.153e-01 | val graph: 6.800e-02 | test node: 1.995e-01 | test graph: 7.800e-02
31801 | 0.69s | train acc: 4.537e-01 | val acc: 3.039e-01 | val graph: 1.140e-01 | test node: 2.884e-01 | test graph: 1.380e-01
31901 | 0.69s | train acc: 4.319e-01 | val acc: 3.113e-01 | val graph: 1.080e-01 | test node: 2.980e-01 | test graph: 1.300e-01
32001 | 0.69s | train acc: 4.280e-01 | val acc: 3.125e-01 | val graph: 1.020e-01 | test node: 2.999e-01 | test graph: 1.340e-01
32101 | 0.69s | train acc: 4.499e-01 | val acc: 2.998e-01 | val graph: 1.100e-01 | test node: 2.810e-01 | test graph: 1.370e-01
32201 | 0.69s | train acc: 4.447e-01 | val acc: 3.121e-01 | val graph: 1.100e-01 | test node: 2.982e-01 | test graph: 1.330e-01
32301 | 0.69s | train acc: 4.370e-01 | val acc: 3.129e-01 | val graph: 1.040e-01 | test node: 3.035e-01 | test graph: 1.320e-01
32401 | 0.69s | train acc: 4.640e-01 | val acc: 3.766e-01 | val graph: 1.200e-01 | test node: 3.852e-01 | test graph: 1.610e-01
32501 | 0.69s | train acc: 4.293e-01 | val acc: 2.880e-01 | val graph: 1.080e-01 | test node: 2.661e-01 | test graph: 1.260e-01
32601 | 0.69s | train acc: 3.586e-01 | val acc: 2.986e-01 | val graph: 1.120e-01 | test node: 2.755e-01 | test graph: 1.250e-01
32701 | 0.69s | train acc: 4.434e-01 | val acc: 3.129e-01 | val graph: 1.080e-01 | test node: 3.016e-01 | test graph: 1.280e-01
32801 | 0.68s | train acc: 4.512e-01 | val acc: 3.170e-01 | val graph: 1.120e-01 | test node: 3.003e-01 | test graph: 1.250e-01
32901 | 0.74s | train acc: 4.344e-01 | val acc: 3.509e-01 | val graph: 1.240e-01 | test node: 3.451e-01 | test graph: 1.680e-01
33001 | 0.68s | train acc: 4.627e-01 | val acc: 3.080e-01 | val graph: 1.180e-01 | test node: 2.897e-01 | test graph: 1.380e-01
33101 | 0.69s | train acc: 4.396e-01 | val acc: 2.884e-01 | val graph: 1.100e-01 | test node: 2.710e-01 | test graph: 1.280e-01
33201 | 0.68s | train acc: 4.627e-01 | val acc: 3.117e-01 | val graph: 1.180e-01 | test node: 2.924e-01 | test graph: 1.400e-01
33301 | 0.69s | train acc: 4.010e-01 | val acc: 3.109e-01 | val graph: 1.060e-01 | test node: 2.907e-01 | test graph: 1.260e-01
33401 | 0.68s | train acc: 3.676e-01 | val acc: 2.978e-01 | val graph: 1.040e-01 | test node: 2.791e-01 | test graph: 1.250e-01
33501 | 0.69s | train acc: 3.123e-01 | val acc: 2.790e-01 | val graph: 1.300e-01 | test node: 2.572e-01 | test graph: 1.440e-01
33601 | 0.69s | train acc: 4.075e-01 | val acc: 3.088e-01 | val graph: 1.020e-01 | test node: 2.903e-01 | test graph: 1.210e-01
33701 | 0.69s | train acc: 3.959e-01 | val acc: 2.672e-01 | val graph: 1.020e-01 | test node: 2.447e-01 | test graph: 1.150e-01
33801 | 0.69s | train acc: 4.537e-01 | val acc: 3.072e-01 | val graph: 1.140e-01 | test node: 2.882e-01 | test graph: 1.310e-01
33901 | 0.69s | train acc: 4.254e-01 | val acc: 2.798e-01 | val graph: 1.080e-01 | test node: 2.610e-01 | test graph: 1.240e-01
34001 | 0.69s | train acc: 4.396e-01 | val acc: 2.945e-01 | val graph: 1.080e-01 | test node: 2.729e-01 | test graph: 1.290e-01
34101 | 0.69s | train acc: 4.563e-01 | val acc: 3.129e-01 | val graph: 1.080e-01 | test node: 2.990e-01 | test graph: 1.240e-01
34201 | 0.72s | train acc: 4.023e-01 | val acc: 2.712e-01 | val graph: 1.000e-01 | test node: 2.521e-01 | test graph: 1.200e-01
34301 | 0.69s | train acc: 3.753e-01 | val acc: 3.039e-01 | val graph: 9.800e-02 | test node: 2.861e-01 | test graph: 1.240e-01
34401 | 0.69s | train acc: 1.491e-01 | val acc: 1.565e-01 | val graph: 1.100e-01 | test node: 1.524e-01 | test graph: 1.070e-01
34501 | 0.69s | train acc: 1.645e-01 | val acc: 1.148e-01 | val graph: 3.000e-02 | test node: 9.083e-02 | test graph: 4.700e-02
34601 | 0.68s | train acc: 3.380e-01 | val acc: 2.320e-01 | val graph: 7.800e-02 | test node: 2.084e-01 | test graph: 8.600e-02
34701 | 0.69s | train acc: 3.393e-01 | val acc: 2.337e-01 | val graph: 8.200e-02 | test node: 2.124e-01 | test graph: 9.700e-02
34801 | 0.69s | train acc: 3.393e-01 | val acc: 2.390e-01 | val graph: 8.600e-02 | test node: 2.141e-01 | test graph: 9.700e-02
34901 | 0.69s | train acc: 3.432e-01 | val acc: 2.398e-01 | val graph: 8.800e-02 | test node: 2.156e-01 | test graph: 9.800e-02
35001 | 0.69s | train acc: 3.432e-01 | val acc: 2.418e-01 | val graph: 9.000e-02 | test node: 2.167e-01 | test graph: 9.900e-02
35101 | 0.69s | train acc: 3.419e-01 | val acc: 2.439e-01 | val graph: 9.200e-02 | test node: 2.190e-01 | test graph: 1.030e-01
35201 | 0.69s | train acc: 3.419e-01 | val acc: 2.459e-01 | val graph: 9.600e-02 | test node: 2.207e-01 | test graph: 1.060e-01
35301 | 0.68s | train acc: 3.419e-01 | val acc: 2.459e-01 | val graph: 9.600e-02 | test node: 2.209e-01 | test graph: 1.060e-01
35401 | 0.69s | train acc: 3.406e-01 | val acc: 2.459e-01 | val graph: 9.600e-02 | test node: 2.220e-01 | test graph: 1.090e-01
35501 | 0.72s | train acc: 3.406e-01 | val acc: 2.459e-01 | val graph: 9.400e-02 | test node: 2.224e-01 | test graph: 1.070e-01
35601 | 0.69s | train acc: 3.535e-01 | val acc: 2.569e-01 | val graph: 9.800e-02 | test node: 2.343e-01 | test graph: 1.100e-01
35701 | 0.69s | train acc: 3.432e-01 | val acc: 2.475e-01 | val graph: 9.600e-02 | test node: 2.233e-01 | test graph: 1.070e-01
35801 | 0.69s | train acc: 3.419e-01 | val acc: 2.447e-01 | val graph: 9.400e-02 | test node: 2.218e-01 | test graph: 1.100e-01
35901 | 0.69s | train acc: 3.458e-01 | val acc: 2.471e-01 | val graph: 9.400e-02 | test node: 2.245e-01 | test graph: 1.110e-01
36001 | 0.68s | train acc: 3.419e-01 | val acc: 2.455e-01 | val graph: 9.400e-02 | test node: 2.222e-01 | test graph: 1.100e-01
36101 | 0.68s | train acc: 3.509e-01 | val acc: 2.525e-01 | val graph: 9.600e-02 | test node: 2.320e-01 | test graph: 1.130e-01
36201 | 0.68s | train acc: 3.586e-01 | val acc: 2.533e-01 | val graph: 9.800e-02 | test node: 2.313e-01 | test graph: 1.120e-01
36301 | 0.68s | train acc: 3.882e-01 | val acc: 2.676e-01 | val graph: 1.000e-01 | test node: 2.479e-01 | test graph: 1.180e-01
36401 | 0.69s | train acc: 4.010e-01 | val acc: 2.700e-01 | val graph: 1.000e-01 | test node: 2.528e-01 | test graph: 1.200e-01
36501 | 0.69s | train acc: 3.612e-01 | val acc: 2.561e-01 | val graph: 1.000e-01 | test node: 2.332e-01 | test graph: 1.140e-01
36601 | 0.68s | train acc: 3.406e-01 | val acc: 2.455e-01 | val graph: 9.400e-02 | test node: 2.211e-01 | test graph: 1.090e-01
36701 | 0.71s | train acc: 3.136e-01 | val acc: 3.750e-01 | val graph: 2.200e-01 | test node: 3.523e-01 | test graph: 2.250e-01
36801 | 0.69s | train acc: 3.496e-01 | val acc: 2.647e-01 | val graph: 1.000e-01 | test node: 2.432e-01 | test graph: 1.190e-01
36901 | 0.69s | train acc: 3.419e-01 | val acc: 2.455e-01 | val graph: 9.400e-02 | test node: 2.216e-01 | test graph: 1.110e-01
37001 | 0.69s | train acc: 3.496e-01 | val acc: 2.512e-01 | val graph: 9.400e-02 | test node: 2.271e-01 | test graph: 1.110e-01
37101 | 0.69s | train acc: 3.393e-01 | val acc: 2.451e-01 | val graph: 9.400e-02 | test node: 2.190e-01 | test graph: 1.080e-01
37201 | 0.74s | train acc: 3.393e-01 | val acc: 2.447e-01 | val graph: 9.400e-02 | test node: 2.194e-01 | test graph: 1.080e-01
37301 | 0.69s | train acc: 3.393e-01 | val acc: 2.439e-01 | val graph: 9.400e-02 | test node: 2.184e-01 | test graph: 1.080e-01
37401 | 0.68s | train acc: 3.458e-01 | val acc: 2.467e-01 | val graph: 9.400e-02 | test node: 2.224e-01 | test graph: 1.090e-01
37501 | 0.68s | train acc: 3.458e-01 | val acc: 2.492e-01 | val graph: 9.400e-02 | test node: 2.256e-01 | test graph: 1.100e-01
37601 | 0.69s | train acc: 3.406e-01 | val acc: 2.451e-01 | val graph: 9.000e-02 | test node: 2.228e-01 | test graph: 1.100e-01
37701 | 0.68s | train acc: 3.985e-01 | val acc: 2.672e-01 | val graph: 9.800e-02 | test node: 2.494e-01 | test graph: 1.190e-01
37801 | 0.68s | train acc: 4.370e-01 | val acc: 2.908e-01 | val graph: 1.060e-01 | test node: 2.687e-01 | test graph: 1.240e-01
37901 | 0.68s | train acc: 4.434e-01 | val acc: 2.941e-01 | val graph: 1.080e-01 | test node: 2.725e-01 | test graph: 1.280e-01
38001 | 0.71s | train acc: 3.817e-01 | val acc: 2.623e-01 | val graph: 9.600e-02 | test node: 2.419e-01 | test graph: 1.160e-01
38101 | 0.69s | train acc: 4.306e-01 | val acc: 2.876e-01 | val graph: 1.060e-01 | test node: 2.678e-01 | test graph: 1.270e-01
38201 | 0.69s | train acc: 3.123e-01 | val acc: 2.676e-01 | val graph: 1.340e-01 | test node: 2.417e-01 | test graph: 1.460e-01
38301 | 0.68s | train acc: 3.432e-01 | val acc: 2.467e-01 | val graph: 9.400e-02 | test node: 2.222e-01 | test graph: 1.080e-01
38401 | 0.70s | train acc: 3.432e-01 | val acc: 2.480e-01 | val graph: 9.400e-02 | test node: 2.226e-01 | test graph: 1.090e-01
38501 | 0.69s | train acc: 3.419e-01 | val acc: 2.443e-01 | val graph: 9.200e-02 | test node: 2.197e-01 | test graph: 1.080e-01
38601 | 0.68s | train acc: 4.486e-01 | val acc: 3.015e-01 | val graph: 1.180e-01 | test node: 2.854e-01 | test graph: 1.310e-01
38701 | 0.69s | train acc: 3.509e-01 | val acc: 2.512e-01 | val graph: 9.000e-02 | test node: 2.288e-01 | test graph: 1.090e-01
38801 | 0.69s | train acc: 3.689e-01 | val acc: 2.586e-01 | val graph: 9.600e-02 | test node: 2.388e-01 | test graph: 1.140e-01
38901 | 0.69s | train acc: 3.406e-01 | val acc: 2.422e-01 | val graph: 9.200e-02 | test node: 2.190e-01 | test graph: 1.090e-01
39001 | 0.69s | train acc: 3.406e-01 | val acc: 2.439e-01 | val graph: 9.200e-02 | test node: 2.203e-01 | test graph: 1.090e-01
39101 | 0.69s | train acc: 3.509e-01 | val acc: 2.500e-01 | val graph: 9.000e-02 | test node: 2.296e-01 | test graph: 1.070e-01
39201 | 0.69s | train acc: 3.612e-01 | val acc: 2.557e-01 | val graph: 9.200e-02 | test node: 2.341e-01 | test graph: 1.120e-01
39301 | 0.69s | train acc: 3.419e-01 | val acc: 2.435e-01 | val graph: 9.200e-02 | test node: 2.197e-01 | test graph: 1.040e-01
39401 | 0.68s | train acc: 3.470e-01 | val acc: 2.553e-01 | val graph: 9.400e-02 | test node: 2.322e-01 | test graph: 1.120e-01
39501 | 0.68s | train acc: 3.689e-01 | val acc: 2.537e-01 | val graph: 9.000e-02 | test node: 2.264e-01 | test graph: 1.000e-01
39601 | 0.68s | train acc: 3.419e-01 | val acc: 2.443e-01 | val graph: 9.400e-02 | test node: 2.190e-01 | test graph: 1.060e-01
39701 | 0.70s | train acc: 3.496e-01 | val acc: 2.467e-01 | val graph: 9.400e-02 | test node: 2.237e-01 | test graph: 1.080e-01
39801 | 0.69s | train acc: 3.535e-01 | val acc: 2.549e-01 | val graph: 9.800e-02 | test node: 2.351e-01 | test graph: 1.090e-01
39901 | 0.69s | train acc: 3.458e-01 | val acc: 2.463e-01 | val graph: 9.600e-02 | test node: 2.226e-01 | test graph: 1.080e-01
