Feb14-04:21:00
----------------------------------------------------------------------------------------------------
[dblp]   seed=42
----------------------------------------------------------------------------------------------------
lr=0.005 unweighted_MSE=False diffusion_steps=40 schedule=True weight_decay=0 cat=False skip=False
nhid=16 layers=2 linears=2
----------------------------------------------------------------------------------------------------
001 | 1.16s | train acc: 3.519e-01 | val acc: 2.815e-01 | test acc: 2.579e-01 
101 | 0.37s | train acc: 7.073e-01 | val acc: 4.950e-01 | test acc: 3.054e-01 
201 | 0.36s | train acc: 8.294e-01 | val acc: 7.121e-01 | test acc: 7.104e-01 
301 | 0.41s | train acc: 8.801e-01 | val acc: 7.070e-01 | test acc: 4.999e-01 
401 | 0.36s | train acc: 8.183e-01 | val acc: 6.134e-01 | test acc: 3.909e-01 
501 | 0.33s | train acc: 7.793e-01 | val acc: 6.715e-01 | test acc: 3.786e-01 
601 | 0.37s | train acc: 9.072e-01 | val acc: 8.131e-01 | test acc: 8.525e-01 
701 | 0.37s | train acc: 9.169e-01 | val acc: 8.288e-01 | test acc: 8.478e-01 
801 | 0.38s | train acc: 9.135e-01 | val acc: 8.210e-01 | test acc: 8.710e-01 
901 | 0.38s | train acc: 8.648e-01 | val acc: 6.655e-01 | test acc: 4.761e-01 
1001 | 0.38s | train acc: 9.356e-01 | val acc: 8.665e-01 | test acc: 6.361e-01 
1101 | 0.37s | train acc: 8.863e-01 | val acc: 7.829e-01 | test acc: 8.212e-01 
1201 | 0.36s | train acc: 9.251e-01 | val acc: 8.688e-01 | test acc: 8.785e-01 
1301 | 0.34s | train acc: 9.387e-01 | val acc: 8.780e-01 | test acc: 6.886e-01 
1401 | 0.36s | train acc: 8.801e-01 | val acc: 6.830e-01 | test acc: 4.847e-01 
1501 | 0.37s | train acc: 8.497e-01 | val acc: 6.334e-01 | test acc: 4.083e-01 
1601 | 0.38s | train acc: 9.359e-01 | val acc: 8.735e-01 | test acc: 6.675e-01 
1701 | 0.34s | train acc: 9.146e-01 | val acc: 7.542e-01 | test acc: 5.235e-01 
1801 | 0.28s | train acc: 9.269e-01 | val acc: 8.754e-01 | test acc: 7.947e-01 
1901 | 0.36s | train acc: 8.488e-01 | val acc: 7.219e-01 | test acc: 7.496e-01 
2001 | 0.40s | train acc: 9.203e-01 | val acc: 7.744e-01 | test acc: 5.254e-01 
2101 | 0.33s | train acc: 9.254e-01 | val acc: 8.590e-01 | test acc: 7.473e-01 
2201 | 0.35s | train acc: 9.129e-01 | val acc: 7.655e-01 | test acc: 4.493e-01 
2301 | 0.37s | train acc: 9.068e-01 | val acc: 8.358e-01 | test acc: 8.620e-01 
2401 | 0.31s | train acc: 8.547e-01 | val acc: 7.810e-01 | test acc: 7.901e-01 
2501 | 0.31s | train acc: 9.394e-01 | val acc: 8.618e-01 | test acc: 6.316e-01 
2601 | 0.36s | train acc: 9.363e-01 | val acc: 8.437e-01 | test acc: 6.059e-01 
2701 | 0.41s | train acc: 8.975e-01 | val acc: 7.791e-01 | test acc: 5.154e-01 
2801 | 0.39s | train acc: 9.357e-01 | val acc: 8.550e-01 | test acc: 6.104e-01 
2901 | 0.37s | train acc: 9.333e-01 | val acc: 8.765e-01 | test acc: 7.731e-01 
3001 | 0.40s | train acc: 9.254e-01 | val acc: 8.607e-01 | test acc: 7.460e-01 
3101 | 0.36s | train acc: 9.322e-01 | val acc: 8.707e-01 | test acc: 8.062e-01 
3201 | 0.37s | train acc: 9.404e-01 | val acc: 8.552e-01 | test acc: 6.371e-01 
3301 | 0.35s | train acc: 9.393e-01 | val acc: 8.782e-01 | test acc: 7.160e-01 
3401 | 0.43s | train acc: 8.929e-01 | val acc: 8.054e-01 | test acc: 8.339e-01 
3501 | 0.37s | train acc: 9.330e-01 | val acc: 8.733e-01 | test acc: 7.982e-01 
3601 | 0.36s | train acc: 9.405e-01 | val acc: 8.684e-01 | test acc: 6.812e-01 
3701 | 0.39s | train acc: 9.362e-01 | val acc: 8.824e-01 | test acc: 7.639e-01 
3801 | 0.40s | train acc: 9.148e-01 | val acc: 8.492e-01 | test acc: 8.416e-01 
3901 | 0.40s | train acc: 9.280e-01 | val acc: 8.658e-01 | test acc: 7.792e-01 
4001 | 0.39s | train acc: 9.345e-01 | val acc: 8.641e-01 | test acc: 7.237e-01 
4101 | 0.37s | train acc: 9.383e-01 | val acc: 8.465e-01 | test acc: 6.141e-01 
4201 | 0.38s | train acc: 9.101e-01 | val acc: 8.641e-01 | test acc: 8.616e-01 
4301 | 0.39s | train acc: 9.404e-01 | val acc: 8.599e-01 | test acc: 6.232e-01 
4401 | 0.37s | train acc: 9.103e-01 | val acc: 8.324e-01 | test acc: 7.904e-01 
4501 | 0.41s | train acc: 9.388e-01 | val acc: 8.758e-01 | test acc: 7.366e-01 
4601 | 0.42s | train acc: 9.192e-01 | val acc: 8.711e-01 | test acc: 8.021e-01 
4701 | 0.38s | train acc: 9.322e-01 | val acc: 8.714e-01 | test acc: 7.780e-01 
4801 | 0.40s | train acc: 9.158e-01 | val acc: 8.588e-01 | test acc: 8.630e-01 
4901 | 0.38s | train acc: 9.162e-01 | val acc: 8.654e-01 | test acc: 8.665e-01 
5001 | 0.41s | train acc: 9.346e-01 | val acc: 8.582e-01 | test acc: 7.089e-01 
5101 | 0.37s | train acc: 9.334e-01 | val acc: 8.422e-01 | test acc: 6.192e-01 
5201 | 0.37s | train acc: 9.428e-01 | val acc: 8.711e-01 | test acc: 7.007e-01 
5301 | 0.38s | train acc: 9.414e-01 | val acc: 8.720e-01 | test acc: 6.906e-01 
5401 | 0.38s | train acc: 9.326e-01 | val acc: 8.588e-01 | test acc: 7.686e-01 
5501 | 0.37s | train acc: 9.340e-01 | val acc: 8.743e-01 | test acc: 8.025e-01 
5601 | 0.40s | train acc: 8.773e-01 | val acc: 8.063e-01 | test acc: 8.240e-01 
5701 | 0.32s | train acc: 9.424e-01 | val acc: 8.728e-01 | test acc: 7.052e-01 
5801 | 0.30s | train acc: 9.420e-01 | val acc: 8.597e-01 | test acc: 6.729e-01 
5901 | 0.45s | train acc: 9.299e-01 | val acc: 8.771e-01 | test acc: 8.641e-01 
6001 | 0.40s | train acc: 9.223e-01 | val acc: 8.356e-01 | test acc: 6.970e-01 
6101 | 0.39s | train acc: 9.383e-01 | val acc: 8.692e-01 | test acc: 7.264e-01 
6201 | 0.41s | train acc: 9.356e-01 | val acc: 8.284e-01 | test acc: 5.642e-01 
6301 | 0.38s | train acc: 9.377e-01 | val acc: 8.739e-01 | test acc: 7.810e-01 
6401 | 0.36s | train acc: 9.413e-01 | val acc: 8.618e-01 | test acc: 6.882e-01 
6501 | 0.40s | train acc: 9.323e-01 | val acc: 8.709e-01 | test acc: 8.277e-01 
6601 | 0.41s | train acc: 9.383e-01 | val acc: 8.769e-01 | test acc: 7.989e-01 
6701 | 0.38s | train acc: 9.306e-01 | val acc: 8.535e-01 | test acc: 7.708e-01 
6801 | 0.39s | train acc: 9.339e-01 | val acc: 8.635e-01 | test acc: 7.937e-01 
6901 | 0.38s | train acc: 9.397e-01 | val acc: 8.824e-01 | test acc: 7.813e-01 
7001 | 0.39s | train acc: 9.306e-01 | val acc: 8.341e-01 | test acc: 6.221e-01 
7101 | 0.38s | train acc: 9.300e-01 | val acc: 8.526e-01 | test acc: 8.022e-01 
7201 | 0.35s | train acc: 9.259e-01 | val acc: 8.378e-01 | test acc: 6.473e-01 
7301 | 0.36s | train acc: 9.293e-01 | val acc: 8.760e-01 | test acc: 8.725e-01 
7401 | 0.37s | train acc: 9.367e-01 | val acc: 8.716e-01 | test acc: 8.228e-01 
7501 | 0.40s | train acc: 9.232e-01 | val acc: 8.516e-01 | test acc: 8.659e-01 
7601 | 0.39s | train acc: 9.282e-01 | val acc: 8.422e-01 | test acc: 7.224e-01 
7701 | 0.40s | train acc: 9.371e-01 | val acc: 8.590e-01 | test acc: 7.371e-01 
7801 | 0.39s | train acc: 9.402e-01 | val acc: 8.733e-01 | test acc: 7.651e-01 
7901 | 0.39s | train acc: 9.154e-01 | val acc: 8.431e-01 | test acc: 8.662e-01 
8001 | 0.40s | train acc: 9.328e-01 | val acc: 8.741e-01 | test acc: 8.734e-01 
8101 | 0.35s | train acc: 9.359e-01 | val acc: 8.803e-01 | test acc: 8.522e-01 
8201 | 0.37s | train acc: 9.422e-01 | val acc: 8.809e-01 | test acc: 7.616e-01 
8301 | 0.42s | train acc: 9.456e-01 | val acc: 8.707e-01 | test acc: 7.217e-01 
8401 | 0.42s | train acc: 9.442e-01 | val acc: 8.760e-01 | test acc: 7.459e-01 
8501 | 0.38s | train acc: 9.348e-01 | val acc: 8.560e-01 | test acc: 7.556e-01 
8601 | 0.37s | train acc: 9.414e-01 | val acc: 8.773e-01 | test acc: 8.044e-01 
8701 | 0.38s | train acc: 9.436e-01 | val acc: 8.739e-01 | test acc: 7.626e-01 
8801 | 0.41s | train acc: 9.456e-01 | val acc: 8.739e-01 | test acc: 7.130e-01 
8901 | 0.40s | train acc: 9.410e-01 | val acc: 8.599e-01 | test acc: 7.261e-01 
9001 | 0.41s | train acc: 9.112e-01 | val acc: 8.180e-01 | test acc: 7.505e-01 
9101 | 0.34s | train acc: 9.410e-01 | val acc: 8.569e-01 | test acc: 6.688e-01 
9201 | 0.35s | train acc: 9.325e-01 | val acc: 8.575e-01 | test acc: 8.380e-01 
9301 | 0.30s | train acc: 9.370e-01 | val acc: 8.726e-01 | test acc: 7.246e-01 
9401 | 0.30s | train acc: 9.459e-01 | val acc: 8.782e-01 | test acc: 7.508e-01 
9501 | 0.34s | train acc: 9.420e-01 | val acc: 8.820e-01 | test acc: 8.091e-01 
9601 | 0.38s | train acc: 9.437e-01 | val acc: 8.750e-01 | test acc: 7.825e-01 
9701 | 0.39s | train acc: 9.316e-01 | val acc: 8.299e-01 | test acc: 6.066e-01 
9801 | 0.39s | train acc: 9.434e-01 | val acc: 8.777e-01 | test acc: 7.893e-01 
9901 | 0.37s | train acc: 9.459e-01 | val acc: 8.618e-01 | test acc: 7.003e-01 
10001 | 0.39s | train acc: 9.408e-01 | val acc: 8.716e-01 | test acc: 8.236e-01 
10101 | 0.40s | train acc: 9.417e-01 | val acc: 8.809e-01 | test acc: 8.008e-01 
10201 | 0.40s | train acc: 9.428e-01 | val acc: 8.728e-01 | test acc: 7.989e-01 
10301 | 0.38s | train acc: 9.428e-01 | val acc: 8.722e-01 | test acc: 8.024e-01 
10401 | 0.40s | train acc: 9.439e-01 | val acc: 8.554e-01 | test acc: 6.914e-01 
10501 | 0.41s | train acc: 9.431e-01 | val acc: 8.792e-01 | test acc: 8.289e-01 
10601 | 0.35s | train acc: 9.424e-01 | val acc: 8.803e-01 | test acc: 8.040e-01 
10701 | 0.35s | train acc: 9.323e-01 | val acc: 8.701e-01 | test acc: 8.568e-01 
10801 | 0.36s | train acc: 9.436e-01 | val acc: 8.718e-01 | test acc: 8.075e-01 
10901 | 0.33s | train acc: 9.155e-01 | val acc: 8.433e-01 | test acc: 8.584e-01 
11001 | 0.37s | train acc: 9.257e-01 | val acc: 8.156e-01 | test acc: 5.774e-01 
11101 | 0.36s | train acc: 9.380e-01 | val acc: 8.765e-01 | test acc: 8.508e-01 
11201 | 0.40s | train acc: 9.447e-01 | val acc: 8.752e-01 | test acc: 7.707e-01 
11301 | 0.37s | train acc: 9.357e-01 | val acc: 8.703e-01 | test acc: 8.666e-01 
11401 | 0.37s | train acc: 9.436e-01 | val acc: 8.748e-01 | test acc: 7.899e-01 
11501 | 0.37s | train acc: 9.467e-01 | val acc: 8.754e-01 | test acc: 7.707e-01 
11601 | 0.39s | train acc: 9.433e-01 | val acc: 8.754e-01 | test acc: 8.122e-01 
11701 | 0.38s | train acc: 9.382e-01 | val acc: 8.697e-01 | test acc: 8.425e-01 
11801 | 0.36s | train acc: 9.390e-01 | val acc: 8.601e-01 | test acc: 7.866e-01 
11901 | 0.37s | train acc: 9.459e-01 | val acc: 8.728e-01 | test acc: 7.658e-01 
12001 | 0.43s | train acc: 9.393e-01 | val acc: 8.809e-01 | test acc: 8.320e-01 
12101 | 0.38s | train acc: 9.416e-01 | val acc: 8.478e-01 | test acc: 7.089e-01 
12201 | 0.39s | train acc: 9.410e-01 | val acc: 8.682e-01 | test acc: 8.326e-01 
12301 | 0.37s | train acc: 9.462e-01 | val acc: 8.669e-01 | test acc: 7.147e-01 
12401 | 0.35s | train acc: 9.481e-01 | val acc: 8.686e-01 | test acc: 7.164e-01 
12501 | 0.39s | train acc: 9.434e-01 | val acc: 8.750e-01 | test acc: 8.217e-01 
12601 | 0.37s | train acc: 9.434e-01 | val acc: 8.733e-01 | test acc: 7.889e-01 
12701 | 0.38s | train acc: 9.442e-01 | val acc: 8.669e-01 | test acc: 7.947e-01 
12801 | 0.32s | train acc: 9.437e-01 | val acc: 8.799e-01 | test acc: 8.318e-01 
12901 | 0.31s | train acc: 9.476e-01 | val acc: 8.660e-01 | test acc: 7.462e-01 
13001 | 0.26s | train acc: 9.457e-01 | val acc: 8.750e-01 | test acc: 7.957e-01 
13101 | 0.40s | train acc: 9.456e-01 | val acc: 8.684e-01 | test acc: 7.841e-01 
13201 | 0.38s | train acc: 8.494e-01 | val acc: 6.862e-01 | test acc: 5.118e-01 
13301 | 0.39s | train acc: 9.451e-01 | val acc: 8.658e-01 | test acc: 7.077e-01 
13401 | 0.36s | train acc: 9.453e-01 | val acc: 8.728e-01 | test acc: 8.101e-01 
13501 | 0.41s | train acc: 9.387e-01 | val acc: 8.433e-01 | test acc: 6.530e-01 
13601 | 0.40s | train acc: 9.413e-01 | val acc: 8.790e-01 | test acc: 8.583e-01 
13701 | 0.34s | train acc: 9.481e-01 | val acc: 8.694e-01 | test acc: 7.206e-01 
13801 | 0.34s | train acc: 9.447e-01 | val acc: 8.690e-01 | test acc: 8.039e-01 
13901 | 0.23s | train acc: 9.482e-01 | val acc: 8.654e-01 | test acc: 6.858e-01 
14001 | 0.37s | train acc: 9.459e-01 | val acc: 8.762e-01 | test acc: 8.062e-01 
14101 | 0.39s | train acc: 9.467e-01 | val acc: 8.711e-01 | test acc: 7.923e-01 
14201 | 0.39s | train acc: 9.431e-01 | val acc: 8.543e-01 | test acc: 6.660e-01 
14301 | 0.40s | train acc: 9.462e-01 | val acc: 8.741e-01 | test acc: 7.723e-01 
14401 | 0.38s | train acc: 9.482e-01 | val acc: 8.697e-01 | test acc: 7.632e-01 
14501 | 0.39s | train acc: 9.350e-01 | val acc: 8.743e-01 | test acc: 7.757e-01 
14601 | 0.35s | train acc: 9.448e-01 | val acc: 8.720e-01 | test acc: 7.441e-01 
14701 | 0.37s | train acc: 9.430e-01 | val acc: 8.797e-01 | test acc: 8.467e-01 
14801 | 0.39s | train acc: 9.479e-01 | val acc: 8.709e-01 | test acc: 7.460e-01 
14901 | 0.37s | train acc: 9.461e-01 | val acc: 8.743e-01 | test acc: 7.010e-01 
15001 | 0.39s | train acc: 9.474e-01 | val acc: 8.703e-01 | test acc: 7.885e-01 
15101 | 0.37s | train acc: 9.439e-01 | val acc: 8.637e-01 | test acc: 6.309e-01 
15201 | 0.40s | train acc: 9.376e-01 | val acc: 8.427e-01 | test acc: 6.412e-01 
15301 | 0.40s | train acc: 9.487e-01 | val acc: 8.637e-01 | test acc: 7.542e-01 
15401 | 0.37s | train acc: 9.476e-01 | val acc: 8.618e-01 | test acc: 7.013e-01 
15501 | 0.36s | train acc: 9.459e-01 | val acc: 8.669e-01 | test acc: 8.084e-01 
15601 | 0.33s | train acc: 9.493e-01 | val acc: 8.669e-01 | test acc: 7.256e-01 
15701 | 0.35s | train acc: 9.501e-01 | val acc: 8.646e-01 | test acc: 6.772e-01 
15801 | 0.38s | train acc: 9.482e-01 | val acc: 8.686e-01 | test acc: 6.386e-01 
15901 | 0.35s | train acc: 9.482e-01 | val acc: 8.722e-01 | test acc: 7.888e-01 
16001 | 0.34s | train acc: 9.476e-01 | val acc: 8.692e-01 | test acc: 7.799e-01 
16101 | 0.31s | train acc: 9.491e-01 | val acc: 8.765e-01 | test acc: 7.684e-01 
16201 | 0.31s | train acc: 9.450e-01 | val acc: 8.799e-01 | test acc: 7.905e-01 
16301 | 0.31s | train acc: 9.467e-01 | val acc: 8.718e-01 | test acc: 6.298e-01 
16401 | 0.39s | train acc: 9.502e-01 | val acc: 8.718e-01 | test acc: 6.597e-01 
16501 | 0.38s | train acc: 9.420e-01 | val acc: 8.433e-01 | test acc: 6.283e-01 
16601 | 0.39s | train acc: 9.470e-01 | val acc: 8.745e-01 | test acc: 8.119e-01 
16701 | 0.37s | train acc: 9.487e-01 | val acc: 8.769e-01 | test acc: 7.509e-01 
16801 | 0.38s | train acc: 9.471e-01 | val acc: 8.754e-01 | test acc: 6.564e-01 
16901 | 0.39s | train acc: 9.479e-01 | val acc: 8.716e-01 | test acc: 6.530e-01 
17001 | 0.37s | train acc: 9.436e-01 | val acc: 8.469e-01 | test acc: 5.937e-01 
17101 | 0.37s | train acc: 9.501e-01 | val acc: 8.701e-01 | test acc: 7.420e-01 
17201 | 0.40s | train acc: 9.507e-01 | val acc: 8.722e-01 | test acc: 7.632e-01 
17301 | 0.40s | train acc: 9.493e-01 | val acc: 8.762e-01 | test acc: 7.123e-01 
17401 | 0.40s | train acc: 9.499e-01 | val acc: 8.758e-01 | test acc: 7.149e-01 
17501 | 0.37s | train acc: 9.477e-01 | val acc: 8.735e-01 | test acc: 6.304e-01 
17601 | 0.41s | train acc: 9.422e-01 | val acc: 8.767e-01 | test acc: 8.592e-01 
17701 | 0.38s | train acc: 9.496e-01 | val acc: 8.688e-01 | test acc: 8.027e-01 
17801 | 0.37s | train acc: 9.508e-01 | val acc: 8.771e-01 | test acc: 7.855e-01 
17901 | 0.39s | train acc: 9.508e-01 | val acc: 8.663e-01 | test acc: 7.477e-01 
18001 | 0.37s | train acc: 9.527e-01 | val acc: 8.767e-01 | test acc: 8.020e-01 
18101 | 0.31s | train acc: 9.510e-01 | val acc: 8.741e-01 | test acc: 7.995e-01 
18201 | 0.40s | train acc: 9.531e-01 | val acc: 8.726e-01 | test acc: 8.219e-01 
18301 | 0.41s | train acc: 9.511e-01 | val acc: 8.701e-01 | test acc: 7.579e-01 
18401 | 0.40s | train acc: 9.539e-01 | val acc: 8.709e-01 | test acc: 8.043e-01 
18501 | 0.40s | train acc: 9.501e-01 | val acc: 8.622e-01 | test acc: 7.756e-01 
18601 | 0.39s | train acc: 9.504e-01 | val acc: 8.699e-01 | test acc: 7.361e-01 
18701 | 0.37s | train acc: 9.539e-01 | val acc: 8.688e-01 | test acc: 7.733e-01 
18801 | 0.38s | train acc: 9.519e-01 | val acc: 8.754e-01 | test acc: 8.084e-01 
18901 | 0.41s | train acc: 9.538e-01 | val acc: 8.771e-01 | test acc: 8.060e-01 
19001 | 0.29s | train acc: 9.527e-01 | val acc: 8.797e-01 | test acc: 8.087e-01 
19101 | 0.37s | train acc: 9.524e-01 | val acc: 8.728e-01 | test acc: 7.367e-01 
19201 | 0.37s | train acc: 9.539e-01 | val acc: 8.786e-01 | test acc: 8.266e-01 
19301 | 0.37s | train acc: 9.519e-01 | val acc: 8.784e-01 | test acc: 8.582e-01 
19401 | 0.40s | train acc: 9.539e-01 | val acc: 8.760e-01 | test acc: 8.224e-01 
19501 | 0.35s | train acc: 9.514e-01 | val acc: 8.711e-01 | test acc: 8.640e-01 
19601 | 0.39s | train acc: 9.539e-01 | val acc: 8.754e-01 | test acc: 8.484e-01 
19701 | 0.35s | train acc: 9.514e-01 | val acc: 8.677e-01 | test acc: 7.438e-01 
19801 | 0.32s | train acc: 9.535e-01 | val acc: 8.799e-01 | test acc: 8.037e-01 
19901 | 0.31s | train acc: 9.487e-01 | val acc: 8.724e-01 | test acc: 8.744e-01 
