Feb14-04:10:15
----------------------------------------------------------------------------------------------------
[pubmed]   seed=42
----------------------------------------------------------------------------------------------------
lr=0.0005 unweighted_MSE=False diffusion_steps=40 schedule=True weight_decay=0.001 cat=False skip=False
nhid=64 layers=4 linears=2
----------------------------------------------------------------------------------------------------
001 | 0.92s | train acc: 3.389e-01 | val acc: 3.814e-01 | val graph: 2.720e-01 | test node: 3.983e-01 | test graph: 2.880e-01
101 | 0.23s | train acc: 3.389e-01 | val acc: 4.351e-01 | val graph: 2.900e-01 | test node: 4.379e-01 | test graph: 2.590e-01
201 | 0.24s | train acc: 3.389e-01 | val acc: 4.351e-01 | val graph: 2.900e-01 | test node: 4.379e-01 | test graph: 2.590e-01
301 | 0.23s | train acc: 3.389e-01 | val acc: 3.814e-01 | val graph: 2.720e-01 | test node: 3.983e-01 | test graph: 2.880e-01
401 | 0.24s | train acc: 7.843e-01 | val acc: 7.148e-01 | val graph: 5.260e-01 | test node: 6.879e-01 | test graph: 4.910e-01
501 | 0.24s | train acc: 8.067e-01 | val acc: 7.410e-01 | val graph: 5.160e-01 | test node: 7.206e-01 | test graph: 4.840e-01
601 | 0.24s | train acc: 8.123e-01 | val acc: 7.580e-01 | val graph: 5.420e-01 | test node: 7.348e-01 | test graph: 4.920e-01
701 | 0.24s | train acc: 8.123e-01 | val acc: 7.891e-01 | val graph: 5.840e-01 | test node: 7.647e-01 | test graph: 5.310e-01
801 | 0.25s | train acc: 8.123e-01 | val acc: 7.854e-01 | val graph: 5.700e-01 | test node: 7.606e-01 | test graph: 5.190e-01
901 | 0.24s | train acc: 8.123e-01 | val acc: 7.588e-01 | val graph: 5.420e-01 | test node: 7.363e-01 | test graph: 4.990e-01
1001 | 0.24s | train acc: 8.151e-01 | val acc: 7.699e-01 | val graph: 5.540e-01 | test node: 7.548e-01 | test graph: 5.150e-01
1101 | 0.24s | train acc: 8.151e-01 | val acc: 7.876e-01 | val graph: 5.700e-01 | test node: 7.684e-01 | test graph: 5.170e-01
1201 | 0.23s | train acc: 8.207e-01 | val acc: 7.939e-01 | val graph: 5.700e-01 | test node: 7.779e-01 | test graph: 5.200e-01
1301 | 0.23s | train acc: 8.880e-01 | val acc: 7.991e-01 | val graph: 5.680e-01 | test node: 7.867e-01 | test graph: 5.300e-01
1401 | 0.24s | train acc: 8.908e-01 | val acc: 7.906e-01 | val graph: 5.520e-01 | test node: 7.771e-01 | test graph: 5.120e-01
1501 | 0.24s | train acc: 9.160e-01 | val acc: 7.754e-01 | val graph: 5.280e-01 | test node: 7.679e-01 | test graph: 4.930e-01
1601 | 0.24s | train acc: 9.692e-01 | val acc: 7.939e-01 | val graph: 5.460e-01 | test node: 7.793e-01 | test graph: 5.060e-01
1701 | 0.23s | train acc: 9.748e-01 | val acc: 7.958e-01 | val graph: 5.420e-01 | test node: 7.798e-01 | test graph: 4.980e-01
1801 | 0.25s | train acc: 9.860e-01 | val acc: 8.013e-01 | val graph: 5.460e-01 | test node: 7.841e-01 | test graph: 5.060e-01
1901 | 0.24s | train acc: 9.916e-01 | val acc: 8.073e-01 | val graph: 5.460e-01 | test node: 7.883e-01 | test graph: 5.060e-01
2001 | 0.24s | train acc: 9.888e-01 | val acc: 8.002e-01 | val graph: 5.320e-01 | test node: 7.811e-01 | test graph: 4.920e-01
2101 | 0.24s | train acc: 9.972e-01 | val acc: 8.091e-01 | val graph: 5.220e-01 | test node: 7.944e-01 | test graph: 5.040e-01
2201 | 0.24s | train acc: 9.972e-01 | val acc: 7.999e-01 | val graph: 5.120e-01 | test node: 7.875e-01 | test graph: 5.000e-01
