Feb14-04:04:31
----------------------------------------------------------------------------------------------------
[pubmed]   seed=42
----------------------------------------------------------------------------------------------------
lr=0.0005 unweighted_MSE=True diffusion_steps=80 schedule=True weight_decay=0.001 cat=False skip=False
nhid=64 layers=4 linears=2
----------------------------------------------------------------------------------------------------
001 | 1.11s | train acc: 3.389e-01 | val acc: 3.814e-01 | val graph: 2.720e-01 | test node: 3.983e-01 | test graph: 2.880e-01
101 | 0.44s | train acc: 7.395e-01 | val acc: 5.953e-01 | val graph: 3.880e-01 | test node: 5.566e-01 | test graph: 3.850e-01
201 | 0.45s | train acc: 8.824e-01 | val acc: 7.928e-01 | val graph: 5.520e-01 | test node: 7.530e-01 | test graph: 4.990e-01
301 | 0.45s | train acc: 9.832e-01 | val acc: 7.932e-01 | val graph: 5.080e-01 | test node: 7.716e-01 | test graph: 4.770e-01
401 | 0.45s | train acc: 1.000e+00 | val acc: 7.843e-01 | val graph: 4.800e-01 | test node: 7.539e-01 | test graph: 4.560e-01
501 | 0.45s | train acc: 1.000e+00 | val acc: 7.910e-01 | val graph: 4.980e-01 | test node: 7.565e-01 | test graph: 4.590e-01
601 | 0.47s | train acc: 1.000e+00 | val acc: 7.884e-01 | val graph: 4.920e-01 | test node: 7.551e-01 | test graph: 4.530e-01
701 | 0.45s | train acc: 1.000e+00 | val acc: 7.950e-01 | val graph: 4.960e-01 | test node: 7.576e-01 | test graph: 4.570e-01
801 | 0.45s | train acc: 1.000e+00 | val acc: 7.917e-01 | val graph: 4.920e-01 | test node: 7.572e-01 | test graph: 4.530e-01
901 | 0.45s | train acc: 1.000e+00 | val acc: 7.910e-01 | val graph: 4.920e-01 | test node: 7.555e-01 | test graph: 4.510e-01
1001 | 0.45s | train acc: 1.000e+00 | val acc: 7.950e-01 | val graph: 5.020e-01 | test node: 7.603e-01 | test graph: 4.590e-01
1101 | 0.45s | train acc: 1.000e+00 | val acc: 7.943e-01 | val graph: 4.920e-01 | test node: 7.587e-01 | test graph: 4.570e-01
1201 | 0.46s | train acc: 1.000e+00 | val acc: 7.917e-01 | val graph: 5.020e-01 | test node: 7.615e-01 | test graph: 4.610e-01
1301 | 0.44s | train acc: 1.000e+00 | val acc: 7.950e-01 | val graph: 4.960e-01 | test node: 7.624e-01 | test graph: 4.650e-01
1401 | 0.45s | train acc: 1.000e+00 | val acc: 7.902e-01 | val graph: 4.920e-01 | test node: 7.521e-01 | test graph: 4.510e-01
1501 | 0.45s | train acc: 1.000e+00 | val acc: 7.910e-01 | val graph: 4.900e-01 | test node: 7.496e-01 | test graph: 4.490e-01
1601 | 0.46s | train acc: 1.000e+00 | val acc: 7.936e-01 | val graph: 4.960e-01 | test node: 7.599e-01 | test graph: 4.590e-01
1701 | 0.46s | train acc: 1.000e+00 | val acc: 7.906e-01 | val graph: 4.900e-01 | test node: 7.542e-01 | test graph: 4.520e-01
1801 | 0.45s | train acc: 1.000e+00 | val acc: 7.888e-01 | val graph: 4.840e-01 | test node: 7.578e-01 | test graph: 4.510e-01
1901 | 0.46s | train acc: 1.000e+00 | val acc: 7.962e-01 | val graph: 4.960e-01 | test node: 7.613e-01 | test graph: 4.570e-01
2001 | 0.45s | train acc: 1.000e+00 | val acc: 7.936e-01 | val graph: 4.960e-01 | test node: 7.610e-01 | test graph: 4.590e-01
2101 | 0.45s | train acc: 1.000e+00 | val acc: 7.958e-01 | val graph: 4.940e-01 | test node: 7.640e-01 | test graph: 4.610e-01
2201 | 0.45s | train acc: 1.000e+00 | val acc: 7.925e-01 | val graph: 4.860e-01 | test node: 7.612e-01 | test graph: 4.540e-01
2301 | 0.45s | train acc: 1.000e+00 | val acc: 7.906e-01 | val graph: 4.800e-01 | test node: 7.606e-01 | test graph: 4.500e-01
2401 | 0.45s | train acc: 1.000e+00 | val acc: 7.936e-01 | val graph: 4.940e-01 | test node: 7.647e-01 | test graph: 4.640e-01
2501 | 0.44s | train acc: 1.000e+00 | val acc: 7.950e-01 | val graph: 4.880e-01 | test node: 7.640e-01 | test graph: 4.660e-01
2601 | 0.45s | train acc: 1.000e+00 | val acc: 7.980e-01 | val graph: 4.980e-01 | test node: 7.659e-01 | test graph: 4.660e-01
2701 | 0.44s | train acc: 1.000e+00 | val acc: 7.947e-01 | val graph: 4.880e-01 | test node: 7.603e-01 | test graph: 4.510e-01
2801 | 0.44s | train acc: 1.000e+00 | val acc: 7.943e-01 | val graph: 4.880e-01 | test node: 7.658e-01 | test graph: 4.610e-01
2901 | 0.45s | train acc: 1.000e+00 | val acc: 7.958e-01 | val graph: 4.920e-01 | test node: 7.640e-01 | test graph: 4.600e-01
3001 | 0.45s | train acc: 1.000e+00 | val acc: 7.943e-01 | val graph: 4.840e-01 | test node: 7.644e-01 | test graph: 4.610e-01
3101 | 0.45s | train acc: 1.000e+00 | val acc: 7.910e-01 | val graph: 4.860e-01 | test node: 7.649e-01 | test graph: 4.680e-01
3201 | 0.45s | train acc: 1.000e+00 | val acc: 7.950e-01 | val graph: 4.900e-01 | test node: 7.640e-01 | test graph: 4.610e-01
3301 | 0.45s | train acc: 1.000e+00 | val acc: 7.943e-01 | val graph: 4.880e-01 | test node: 7.597e-01 | test graph: 4.500e-01
3401 | 0.46s | train acc: 1.000e+00 | val acc: 7.858e-01 | val graph: 4.820e-01 | test node: 7.644e-01 | test graph: 4.580e-01
3501 | 0.45s | train acc: 1.000e+00 | val acc: 7.950e-01 | val graph: 4.840e-01 | test node: 7.601e-01 | test graph: 4.530e-01
3601 | 0.45s | train acc: 1.000e+00 | val acc: 7.973e-01 | val graph: 4.880e-01 | test node: 7.612e-01 | test graph: 4.540e-01
3701 | 0.45s | train acc: 1.000e+00 | val acc: 7.969e-01 | val graph: 4.840e-01 | test node: 7.594e-01 | test graph: 4.490e-01
3801 | 0.45s | train acc: 1.000e+00 | val acc: 7.980e-01 | val graph: 4.940e-01 | test node: 7.633e-01 | test graph: 4.550e-01
3901 | 0.45s | train acc: 1.000e+00 | val acc: 7.858e-01 | val graph: 4.800e-01 | test node: 7.649e-01 | test graph: 4.620e-01
4001 | 0.45s | train acc: 1.000e+00 | val acc: 7.902e-01 | val graph: 4.840e-01 | test node: 7.658e-01 | test graph: 4.640e-01
4101 | 0.45s | train acc: 1.000e+00 | val acc: 7.954e-01 | val graph: 4.920e-01 | test node: 7.647e-01 | test graph: 4.570e-01
4201 | 0.45s | train acc: 1.000e+00 | val acc: 7.943e-01 | val graph: 5.020e-01 | test node: 7.537e-01 | test graph: 4.560e-01
4301 | 0.45s | train acc: 1.000e+00 | val acc: 7.969e-01 | val graph: 4.860e-01 | test node: 7.594e-01 | test graph: 4.490e-01
4401 | 0.45s | train acc: 1.000e+00 | val acc: 7.921e-01 | val graph: 4.840e-01 | test node: 7.594e-01 | test graph: 4.500e-01
4501 | 0.45s | train acc: 1.000e+00 | val acc: 7.939e-01 | val graph: 4.860e-01 | test node: 7.596e-01 | test graph: 4.360e-01
4601 | 0.44s | train acc: 1.000e+00 | val acc: 7.936e-01 | val graph: 4.860e-01 | test node: 7.619e-01 | test graph: 4.440e-01
4701 | 0.46s | train acc: 1.000e+00 | val acc: 7.902e-01 | val graph: 4.740e-01 | test node: 7.569e-01 | test graph: 4.380e-01
4801 | 0.46s | train acc: 1.000e+00 | val acc: 7.932e-01 | val graph: 4.880e-01 | test node: 7.572e-01 | test graph: 4.380e-01
4901 | 0.45s | train acc: 1.000e+00 | val acc: 7.899e-01 | val graph: 4.800e-01 | test node: 7.553e-01 | test graph: 4.400e-01
5001 | 0.45s | train acc: 1.000e+00 | val acc: 7.913e-01 | val graph: 4.680e-01 | test node: 7.635e-01 | test graph: 4.550e-01
5101 | 0.44s | train acc: 1.000e+00 | val acc: 7.884e-01 | val graph: 4.760e-01 | test node: 7.549e-01 | test graph: 4.360e-01
5201 | 0.44s | train acc: 1.000e+00 | val acc: 7.910e-01 | val graph: 4.780e-01 | test node: 7.560e-01 | test graph: 4.520e-01
5301 | 0.45s | train acc: 1.000e+00 | val acc: 7.965e-01 | val graph: 4.840e-01 | test node: 7.612e-01 | test graph: 4.530e-01
5401 | 0.45s | train acc: 1.000e+00 | val acc: 7.969e-01 | val graph: 4.840e-01 | test node: 7.578e-01 | test graph: 4.390e-01
5501 | 0.45s | train acc: 1.000e+00 | val acc: 7.880e-01 | val graph: 4.720e-01 | test node: 7.562e-01 | test graph: 4.410e-01
5601 | 0.45s | train acc: 1.000e+00 | val acc: 7.854e-01 | val graph: 4.680e-01 | test node: 7.535e-01 | test graph: 4.410e-01
5701 | 0.46s | train acc: 1.000e+00 | val acc: 7.862e-01 | val graph: 4.700e-01 | test node: 7.533e-01 | test graph: 4.380e-01
5801 | 0.45s | train acc: 1.000e+00 | val acc: 7.869e-01 | val graph: 4.700e-01 | test node: 7.508e-01 | test graph: 4.310e-01
5901 | 0.44s | train acc: 1.000e+00 | val acc: 7.910e-01 | val graph: 4.820e-01 | test node: 7.597e-01 | test graph: 4.400e-01
6001 | 0.45s | train acc: 1.000e+00 | val acc: 7.939e-01 | val graph: 4.900e-01 | test node: 7.612e-01 | test graph: 4.410e-01
6101 | 0.45s | train acc: 1.000e+00 | val acc: 7.910e-01 | val graph: 4.680e-01 | test node: 7.553e-01 | test graph: 4.400e-01
6201 | 0.44s | train acc: 1.000e+00 | val acc: 7.869e-01 | val graph: 4.740e-01 | test node: 7.670e-01 | test graph: 4.660e-01
6301 | 0.45s | train acc: 1.000e+00 | val acc: 7.973e-01 | val graph: 4.820e-01 | test node: 7.610e-01 | test graph: 4.510e-01
6401 | 0.45s | train acc: 1.000e+00 | val acc: 7.917e-01 | val graph: 4.720e-01 | test node: 7.567e-01 | test graph: 4.350e-01
6501 | 0.45s | train acc: 1.000e+00 | val acc: 7.895e-01 | val graph: 4.780e-01 | test node: 7.528e-01 | test graph: 4.270e-01
6601 | 0.45s | train acc: 1.000e+00 | val acc: 7.921e-01 | val graph: 4.780e-01 | test node: 7.642e-01 | test graph: 4.420e-01
6701 | 0.45s | train acc: 1.000e+00 | val acc: 7.895e-01 | val graph: 4.620e-01 | test node: 7.553e-01 | test graph: 4.450e-01
6801 | 0.45s | train acc: 1.000e+00 | val acc: 7.888e-01 | val graph: 4.740e-01 | test node: 7.517e-01 | test graph: 4.320e-01
6901 | 0.45s | train acc: 1.000e+00 | val acc: 7.928e-01 | val graph: 4.800e-01 | test node: 7.620e-01 | test graph: 4.460e-01
7001 | 0.45s | train acc: 1.000e+00 | val acc: 7.836e-01 | val graph: 4.820e-01 | test node: 7.633e-01 | test graph: 4.490e-01
7101 | 0.45s | train acc: 1.000e+00 | val acc: 7.913e-01 | val graph: 4.700e-01 | test node: 7.533e-01 | test graph: 4.370e-01
7201 | 0.45s | train acc: 1.000e+00 | val acc: 7.910e-01 | val graph: 4.720e-01 | test node: 7.546e-01 | test graph: 4.330e-01
7301 | 0.45s | train acc: 1.000e+00 | val acc: 7.902e-01 | val graph: 4.700e-01 | test node: 7.555e-01 | test graph: 4.310e-01
7401 | 0.46s | train acc: 1.000e+00 | val acc: 7.925e-01 | val graph: 4.780e-01 | test node: 7.542e-01 | test graph: 4.330e-01
7501 | 0.44s | train acc: 1.000e+00 | val acc: 7.880e-01 | val graph: 4.640e-01 | test node: 7.521e-01 | test graph: 4.250e-01
7601 | 0.45s | train acc: 1.000e+00 | val acc: 7.873e-01 | val graph: 4.640e-01 | test node: 7.508e-01 | test graph: 4.370e-01
7701 | 0.46s | train acc: 1.000e+00 | val acc: 7.906e-01 | val graph: 4.680e-01 | test node: 7.544e-01 | test graph: 4.320e-01
7801 | 0.44s | train acc: 1.000e+00 | val acc: 7.895e-01 | val graph: 4.580e-01 | test node: 7.505e-01 | test graph: 4.190e-01
7901 | 0.44s | train acc: 1.000e+00 | val acc: 7.869e-01 | val graph: 4.660e-01 | test node: 7.505e-01 | test graph: 4.350e-01
8001 | 0.44s | train acc: 1.000e+00 | val acc: 7.851e-01 | val graph: 4.640e-01 | test node: 7.546e-01 | test graph: 4.430e-01
8101 | 0.45s | train acc: 1.000e+00 | val acc: 7.873e-01 | val graph: 4.760e-01 | test node: 7.571e-01 | test graph: 4.430e-01
8201 | 0.44s | train acc: 1.000e+00 | val acc: 7.895e-01 | val graph: 4.700e-01 | test node: 7.548e-01 | test graph: 4.370e-01
8301 | 0.44s | train acc: 1.000e+00 | val acc: 7.958e-01 | val graph: 4.880e-01 | test node: 7.675e-01 | test graph: 4.590e-01
8401 | 0.45s | train acc: 1.000e+00 | val acc: 7.936e-01 | val graph: 4.740e-01 | test node: 7.565e-01 | test graph: 4.290e-01
8501 | 0.44s | train acc: 1.000e+00 | val acc: 7.917e-01 | val graph: 4.700e-01 | test node: 7.613e-01 | test graph: 4.360e-01
8601 | 0.44s | train acc: 1.000e+00 | val acc: 7.817e-01 | val graph: 4.500e-01 | test node: 7.512e-01 | test graph: 4.250e-01
8701 | 0.44s | train acc: 1.000e+00 | val acc: 7.817e-01 | val graph: 4.500e-01 | test node: 7.443e-01 | test graph: 4.090e-01
8801 | 0.45s | train acc: 1.000e+00 | val acc: 7.836e-01 | val graph: 4.520e-01 | test node: 7.468e-01 | test graph: 4.220e-01
8901 | 0.45s | train acc: 1.000e+00 | val acc: 7.880e-01 | val graph: 4.640e-01 | test node: 7.603e-01 | test graph: 4.510e-01
9001 | 0.44s | train acc: 1.000e+00 | val acc: 7.814e-01 | val graph: 4.440e-01 | test node: 7.464e-01 | test graph: 4.080e-01
9101 | 0.45s | train acc: 1.000e+00 | val acc: 7.721e-01 | val graph: 4.280e-01 | test node: 7.400e-01 | test graph: 3.940e-01
9201 | 0.44s | train acc: 1.000e+00 | val acc: 7.751e-01 | val graph: 4.400e-01 | test node: 7.425e-01 | test graph: 4.050e-01
9301 | 0.45s | train acc: 1.000e+00 | val acc: 7.814e-01 | val graph: 4.560e-01 | test node: 7.512e-01 | test graph: 4.320e-01
9401 | 0.46s | train acc: 1.000e+00 | val acc: 7.873e-01 | val graph: 5.100e-01 | test node: 7.670e-01 | test graph: 4.880e-01
9501 | 0.45s | train acc: 1.000e+00 | val acc: 7.799e-01 | val graph: 4.840e-01 | test node: 7.464e-01 | test graph: 4.800e-01
