Feb14-04:07:22
----------------------------------------------------------------------------------------------------
[pubmed]   seed=42
----------------------------------------------------------------------------------------------------
lr=0.0005 unweighted_MSE=False diffusion_steps=80 schedule=True weight_decay=0.001 cat=False skip=False
nhid=64 layers=4 linears=2
----------------------------------------------------------------------------------------------------
001 | 1.13s | train acc: 3.389e-01 | val acc: 3.814e-01 | val graph: 2.720e-01 | test node: 3.983e-01 | test graph: 2.880e-01
101 | 0.44s | train acc: 3.389e-01 | val acc: 4.351e-01 | val graph: 2.900e-01 | test node: 4.379e-01 | test graph: 2.590e-01
201 | 0.45s | train acc: 3.389e-01 | val acc: 4.351e-01 | val graph: 2.900e-01 | test node: 4.379e-01 | test graph: 2.590e-01
301 | 0.44s | train acc: 3.221e-01 | val acc: 1.835e-01 | val graph: 1.200e-01 | test node: 1.639e-01 | test graph: 8.900e-02
401 | 0.46s | train acc: 3.389e-01 | val acc: 4.351e-01 | val graph: 2.900e-01 | test node: 4.379e-01 | test graph: 2.590e-01
501 | 0.45s | train acc: 3.389e-01 | val acc: 4.351e-01 | val graph: 2.900e-01 | test node: 4.379e-01 | test graph: 2.590e-01
601 | 0.44s | train acc: 3.389e-01 | val acc: 4.351e-01 | val graph: 2.900e-01 | test node: 4.379e-01 | test graph: 2.590e-01
701 | 0.44s | train acc: 3.389e-01 | val acc: 4.351e-01 | val graph: 2.900e-01 | test node: 4.379e-01 | test graph: 2.590e-01
801 | 0.44s | train acc: 3.389e-01 | val acc: 4.351e-01 | val graph: 2.900e-01 | test node: 4.379e-01 | test graph: 2.590e-01
901 | 0.44s | train acc: 3.389e-01 | val acc: 4.351e-01 | val graph: 2.900e-01 | test node: 4.379e-01 | test graph: 2.590e-01
1001 | 0.44s | train acc: 4.370e-01 | val acc: 4.062e-01 | val graph: 2.760e-01 | test node: 4.301e-01 | test graph: 2.930e-01
1101 | 0.44s | train acc: 4.482e-01 | val acc: 4.676e-01 | val graph: 3.180e-01 | test node: 4.724e-01 | test graph: 2.900e-01
1201 | 0.45s | train acc: 7.171e-01 | val acc: 6.415e-01 | val graph: 4.220e-01 | test node: 6.586e-01 | test graph: 4.360e-01
1301 | 0.44s | train acc: 7.675e-01 | val acc: 7.414e-01 | val graph: 5.200e-01 | test node: 7.201e-01 | test graph: 4.870e-01
1401 | 0.44s | train acc: 7.787e-01 | val acc: 7.595e-01 | val graph: 5.420e-01 | test node: 7.421e-01 | test graph: 5.070e-01
1501 | 0.44s | train acc: 7.843e-01 | val acc: 7.555e-01 | val graph: 5.320e-01 | test node: 7.400e-01 | test graph: 4.940e-01
1601 | 0.44s | train acc: 8.375e-01 | val acc: 7.821e-01 | val graph: 5.420e-01 | test node: 7.659e-01 | test graph: 5.170e-01
1701 | 0.44s | train acc: 8.683e-01 | val acc: 8.091e-01 | val graph: 5.780e-01 | test node: 7.825e-01 | test graph: 5.180e-01
1801 | 0.44s | train acc: 8.768e-01 | val acc: 7.921e-01 | val graph: 5.460e-01 | test node: 7.670e-01 | test graph: 5.010e-01
1901 | 0.44s | train acc: 8.964e-01 | val acc: 8.021e-01 | val graph: 5.420e-01 | test node: 7.830e-01 | test graph: 5.040e-01
2001 | 0.44s | train acc: 9.104e-01 | val acc: 7.976e-01 | val graph: 5.240e-01 | test node: 7.695e-01 | test graph: 4.960e-01
2101 | 0.44s | train acc: 9.244e-01 | val acc: 7.976e-01 | val graph: 5.040e-01 | test node: 7.770e-01 | test graph: 4.870e-01
2201 | 0.44s | train acc: 9.524e-01 | val acc: 7.906e-01 | val graph: 4.980e-01 | test node: 7.736e-01 | test graph: 4.830e-01
2301 | 0.44s | train acc: 9.860e-01 | val acc: 8.021e-01 | val graph: 5.080e-01 | test node: 7.843e-01 | test graph: 4.900e-01
2401 | 0.44s | train acc: 9.804e-01 | val acc: 7.910e-01 | val graph: 5.140e-01 | test node: 7.693e-01 | test graph: 4.740e-01
2501 | 0.44s | train acc: 9.944e-01 | val acc: 7.943e-01 | val graph: 5.020e-01 | test node: 7.658e-01 | test graph: 4.740e-01
2601 | 0.45s | train acc: 9.972e-01 | val acc: 7.973e-01 | val graph: 4.900e-01 | test node: 7.814e-01 | test graph: 4.770e-01
2701 | 0.44s | train acc: 9.972e-01 | val acc: 8.017e-01 | val graph: 5.080e-01 | test node: 7.882e-01 | test graph: 4.960e-01
2801 | 0.44s | train acc: 9.944e-01 | val acc: 7.965e-01 | val graph: 5.080e-01 | test node: 7.779e-01 | test graph: 4.840e-01
2901 | 0.44s | train acc: 9.944e-01 | val acc: 7.965e-01 | val graph: 5.060e-01 | test node: 7.709e-01 | test graph: 4.670e-01
3001 | 0.44s | train acc: 1.000e+00 | val acc: 8.039e-01 | val graph: 4.980e-01 | test node: 7.832e-01 | test graph: 4.880e-01
3101 | 0.44s | train acc: 1.000e+00 | val acc: 8.047e-01 | val graph: 5.120e-01 | test node: 7.839e-01 | test graph: 4.880e-01
3201 | 0.43s | train acc: 1.000e+00 | val acc: 8.054e-01 | val graph: 4.980e-01 | test node: 7.846e-01 | test graph: 4.880e-01
3301 | 0.44s | train acc: 1.000e+00 | val acc: 8.024e-01 | val graph: 4.860e-01 | test node: 7.800e-01 | test graph: 4.780e-01
3401 | 0.44s | train acc: 9.944e-01 | val acc: 7.880e-01 | val graph: 4.900e-01 | test node: 7.770e-01 | test graph: 4.760e-01
3501 | 0.44s | train acc: 9.972e-01 | val acc: 7.843e-01 | val graph: 4.700e-01 | test node: 7.683e-01 | test graph: 4.610e-01
3601 | 0.44s | train acc: 1.000e+00 | val acc: 8.050e-01 | val graph: 5.060e-01 | test node: 7.789e-01 | test graph: 4.820e-01
3701 | 0.44s | train acc: 1.000e+00 | val acc: 8.065e-01 | val graph: 4.980e-01 | test node: 7.802e-01 | test graph: 4.840e-01
3801 | 0.44s | train acc: 1.000e+00 | val acc: 7.991e-01 | val graph: 4.840e-01 | test node: 7.761e-01 | test graph: 4.750e-01
3901 | 0.44s | train acc: 1.000e+00 | val acc: 8.043e-01 | val graph: 5.020e-01 | test node: 7.864e-01 | test graph: 4.950e-01
4001 | 0.44s | train acc: 1.000e+00 | val acc: 8.061e-01 | val graph: 5.200e-01 | test node: 7.734e-01 | test graph: 4.880e-01
4101 | 0.44s | train acc: 1.000e+00 | val acc: 7.991e-01 | val graph: 4.820e-01 | test node: 7.734e-01 | test graph: 4.740e-01
4201 | 0.45s | train acc: 1.000e+00 | val acc: 8.024e-01 | val graph: 4.980e-01 | test node: 7.843e-01 | test graph: 4.860e-01
4301 | 0.44s | train acc: 1.000e+00 | val acc: 8.013e-01 | val graph: 4.900e-01 | test node: 7.818e-01 | test graph: 4.810e-01
4401 | 0.44s | train acc: 1.000e+00 | val acc: 8.058e-01 | val graph: 5.200e-01 | test node: 7.791e-01 | test graph: 4.900e-01
4501 | 0.44s | train acc: 1.000e+00 | val acc: 8.017e-01 | val graph: 4.940e-01 | test node: 7.784e-01 | test graph: 4.740e-01
4601 | 0.44s | train acc: 1.000e+00 | val acc: 8.073e-01 | val graph: 5.000e-01 | test node: 7.795e-01 | test graph: 4.780e-01
4701 | 0.44s | train acc: 1.000e+00 | val acc: 8.039e-01 | val graph: 5.140e-01 | test node: 7.702e-01 | test graph: 4.850e-01
4801 | 0.44s | train acc: 1.000e+00 | val acc: 8.043e-01 | val graph: 5.040e-01 | test node: 7.834e-01 | test graph: 4.800e-01
4901 | 0.44s | train acc: 1.000e+00 | val acc: 8.069e-01 | val graph: 5.100e-01 | test node: 7.802e-01 | test graph: 4.900e-01
5001 | 0.44s | train acc: 1.000e+00 | val acc: 8.084e-01 | val graph: 5.020e-01 | test node: 7.796e-01 | test graph: 4.780e-01
5101 | 0.43s | train acc: 1.000e+00 | val acc: 8.065e-01 | val graph: 4.940e-01 | test node: 7.780e-01 | test graph: 4.740e-01
5201 | 0.44s | train acc: 1.000e+00 | val acc: 8.039e-01 | val graph: 4.980e-01 | test node: 7.816e-01 | test graph: 4.820e-01
5301 | 0.44s | train acc: 1.000e+00 | val acc: 8.084e-01 | val graph: 5.200e-01 | test node: 7.736e-01 | test graph: 4.860e-01
5401 | 0.44s | train acc: 1.000e+00 | val acc: 8.036e-01 | val graph: 4.880e-01 | test node: 7.766e-01 | test graph: 4.710e-01
5501 | 0.44s | train acc: 1.000e+00 | val acc: 7.950e-01 | val graph: 4.900e-01 | test node: 7.743e-01 | test graph: 4.680e-01
5601 | 0.44s | train acc: 1.000e+00 | val acc: 7.973e-01 | val graph: 4.960e-01 | test node: 7.764e-01 | test graph: 4.750e-01
5701 | 0.44s | train acc: 1.000e+00 | val acc: 7.991e-01 | val graph: 4.860e-01 | test node: 7.780e-01 | test graph: 4.770e-01
5801 | 0.44s | train acc: 1.000e+00 | val acc: 8.032e-01 | val graph: 5.100e-01 | test node: 7.679e-01 | test graph: 4.800e-01
5901 | 0.45s | train acc: 1.000e+00 | val acc: 8.084e-01 | val graph: 5.040e-01 | test node: 7.805e-01 | test graph: 4.780e-01
6001 | 0.44s | train acc: 1.000e+00 | val acc: 8.032e-01 | val graph: 5.000e-01 | test node: 7.739e-01 | test graph: 4.730e-01
6101 | 0.44s | train acc: 1.000e+00 | val acc: 8.058e-01 | val graph: 5.020e-01 | test node: 7.759e-01 | test graph: 4.730e-01
6201 | 0.44s | train acc: 1.000e+00 | val acc: 8.032e-01 | val graph: 5.020e-01 | test node: 7.827e-01 | test graph: 4.940e-01
6301 | 0.44s | train acc: 1.000e+00 | val acc: 8.032e-01 | val graph: 4.960e-01 | test node: 7.775e-01 | test graph: 4.740e-01
6401 | 0.44s | train acc: 1.000e+00 | val acc: 8.054e-01 | val graph: 4.980e-01 | test node: 7.768e-01 | test graph: 4.780e-01
6501 | 0.44s | train acc: 1.000e+00 | val acc: 8.054e-01 | val graph: 5.040e-01 | test node: 7.731e-01 | test graph: 4.780e-01
6601 | 0.44s | train acc: 1.000e+00 | val acc: 7.991e-01 | val graph: 4.920e-01 | test node: 7.757e-01 | test graph: 4.750e-01
6701 | 0.44s | train acc: 1.000e+00 | val acc: 8.036e-01 | val graph: 5.060e-01 | test node: 7.693e-01 | test graph: 4.790e-01
6801 | 0.43s | train acc: 1.000e+00 | val acc: 7.995e-01 | val graph: 5.000e-01 | test node: 7.768e-01 | test graph: 4.710e-01
6901 | 0.44s | train acc: 1.000e+00 | val acc: 7.984e-01 | val graph: 4.940e-01 | test node: 7.786e-01 | test graph: 4.770e-01
7001 | 0.45s | train acc: 1.000e+00 | val acc: 8.002e-01 | val graph: 4.900e-01 | test node: 7.768e-01 | test graph: 4.710e-01
7101 | 0.44s | train acc: 1.000e+00 | val acc: 8.043e-01 | val graph: 4.960e-01 | test node: 7.608e-01 | test graph: 4.640e-01
7201 | 0.45s | train acc: 1.000e+00 | val acc: 8.021e-01 | val graph: 5.020e-01 | test node: 7.752e-01 | test graph: 4.820e-01
7301 | 0.44s | train acc: 1.000e+00 | val acc: 8.032e-01 | val graph: 5.060e-01 | test node: 7.652e-01 | test graph: 4.680e-01
7401 | 0.44s | train acc: 1.000e+00 | val acc: 8.017e-01 | val graph: 4.980e-01 | test node: 7.675e-01 | test graph: 4.660e-01
7501 | 0.44s | train acc: 1.000e+00 | val acc: 7.925e-01 | val graph: 4.860e-01 | test node: 7.725e-01 | test graph: 4.620e-01
7601 | 0.44s | train acc: 1.000e+00 | val acc: 7.962e-01 | val graph: 4.880e-01 | test node: 7.672e-01 | test graph: 4.550e-01
7701 | 0.44s | train acc: 1.000e+00 | val acc: 7.910e-01 | val graph: 5.020e-01 | test node: 7.551e-01 | test graph: 4.600e-01
7801 | 0.44s | train acc: 1.000e+00 | val acc: 7.947e-01 | val graph: 4.880e-01 | test node: 7.725e-01 | test graph: 4.550e-01
7901 | 0.43s | train acc: 1.000e+00 | val acc: 8.036e-01 | val graph: 4.940e-01 | test node: 7.734e-01 | test graph: 4.660e-01
8001 | 0.43s | train acc: 1.000e+00 | val acc: 7.965e-01 | val graph: 4.900e-01 | test node: 7.723e-01 | test graph: 4.620e-01
