Feb08-04:15:33
----------------------------------------------------------------------------------------------------
[pubmed]   seed=122
----------------------------------------------------------------------------------------------------
lr=0.001 schedule=True ema=0.999 weight_decay=0.003cat=False skip=Falseepochs=30000 reduce=False eps=1e-05
nhid=16 layers=2 linears=2
----------------------------------------------------------------------------------------------------
001 | 1.03s | train acc: 3.221e-01 | val acc: 1.835e-01 | val graph: 1.200e-01 | test node: 1.639e-01 | test graph: 8.900e-02
201 | 0.35s | train acc: 7.003e-01 | val acc: 6.926e-01 | val graph: 5.140e-01 | test node: 6.590e-01 | test graph: 4.990e-01
401 | 0.34s | train acc: 8.655e-01 | val acc: 8.243e-01 | val graph: 5.880e-01 | test node: 7.935e-01 | test graph: 5.360e-01
601 | 0.34s | train acc: 8.095e-01 | val acc: 7.806e-01 | val graph: 5.580e-01 | test node: 7.485e-01 | test graph: 5.060e-01
801 | 0.34s | train acc: 9.160e-01 | val acc: 7.984e-01 | val graph: 5.600e-01 | test node: 7.803e-01 | test graph: 5.210e-01
1001 | 0.33s | train acc: 9.384e-01 | val acc: 8.036e-01 | val graph: 5.480e-01 | test node: 7.622e-01 | test graph: 4.970e-01
1201 | 0.33s | train acc: 9.468e-01 | val acc: 8.058e-01 | val graph: 5.400e-01 | test node: 7.853e-01 | test graph: 5.140e-01
1401 | 0.34s | train acc: 9.580e-01 | val acc: 7.976e-01 | val graph: 5.400e-01 | test node: 7.747e-01 | test graph: 5.050e-01
1601 | 0.34s | train acc: 9.580e-01 | val acc: 7.936e-01 | val graph: 5.300e-01 | test node: 7.729e-01 | test graph: 4.950e-01
1801 | 0.33s | train acc: 9.580e-01 | val acc: 7.943e-01 | val graph: 5.400e-01 | test node: 7.713e-01 | test graph: 4.930e-01
2001 | 0.27s | train acc: 9.636e-01 | val acc: 7.884e-01 | val graph: 5.320e-01 | test node: 7.677e-01 | test graph: 4.960e-01
2201 | 0.28s | train acc: 9.636e-01 | val acc: 7.858e-01 | val graph: 5.300e-01 | test node: 7.656e-01 | test graph: 4.850e-01
2401 | 0.33s | train acc: 9.664e-01 | val acc: 7.862e-01 | val graph: 5.260e-01 | test node: 7.628e-01 | test graph: 4.810e-01
